506,2;505,1;502,1;
507,2;504,1;503,1;
508,3;501,1;506,2;
509,2;500,1;497,1;
510,3;499,1;509,2;
511,2;498,1;493,1;
512,2;496,1;316,1;
513,2;495,1;494,1;
514,2;492,1;491,1;
515,2;490,1;489,1;
516,3;488,1;514,2;
517,2;487,1;484,1;
518,2;486,1;470,1;
519,3;485,1;517,2;
520,4;483,1;519,3;
521,2;482,1;481,1;
522,2;480,1;472,1;
523,2;479,1;478,1;
524,2;477,1;392,1;
525,2;476,1;396,1;
526,2;475,1;467,1;
527,2;474,1;422,1;
528,3;473,1;521,2;
529,3;471,1;518,2;
530,2;469,1;468,1;
531,2;466,1;456,1;
532,2;465,1;464,1;
533,2;463,1;462,1;
534,2;461,1;452,1;
535,2;460,1;458,1;
536,3;459,1;534,2;
537,3;457,1;531,2;
538,2;455,1;433,1;
539,2;454,1;450,1;
540,2;453,1;451,1;
541,2;449,1;446,1;
542,2;448,1;447,1;
543,2;445,1;429,1;
544,2;443,1;441,1;
545,3;442,1;542,2;
546,2;440,1;403,1;
547,2;439,1;382,1;
548,2;438,1;437,1;
549,3;436,1;539,2;
550,3;435,1;543,2;
551,3;434,1;538,2;
552,2;432,1;430,1;
553,2;431,1;411,1;
554,4;428,1;551,3;
555,2;426,1;424,1;
556,3;425,1;548,2;
557,2;423,1;416,1;
558,3;421,1;541,2;
559,4;420,1;558,3;
560,4;419,1;550,3;
561,4;415,1;556,3;
562,3;408,1;526,2;
563,3;407,1;527,2;
564,2;406,1;386,1;
565,2;404,1;398,1;
566,3;402,1;544,2;
567,2;401,1;381,1;
568,2;400,1;378,1;
569,2;399,1;383,1;
570,2;397,1;390,1;
571,2;395,1;393,1;
572,3;394,1;570,2;
573,4;391,1;536,3;
574,3;389,1;547,2;
575,2;388,1;385,1;
576,3;387,1;575,2;
577,3;379,1;567,2;
578,2;377,1;376,1;
579,4;373,1;576,3;
580,2;372,1;363,1;
581,3;371,1;523,2;
582,2;370,1;369,1;
583,2;366,1;362,1;
584,2;361,1;359,1;
585,3;360,1;533,2;
586,2;358,1;357,1;
587,3;356,1;586,2;
588,2;355,1;354,1;
589,2;352,1;351,1;
590,2;350,1;349,1;
591,2;348,1;347,1;
592,2;346,1;345,1;
593,2;344,1;343,1;
594,2;342,1;330,1;
595,2;341,1;192,1;
596,2;340,1;337,1;
597,2;339,1;336,1;
598,3;338,1;597,2;
599,2;335,1;334,1;
600,3;333,1;599,2;
601,2;332,1;53,1;
602,3;331,1;601,2;
603,2;329,1;328,1;
604,2;327,1;322,1;
605,2;326,1;324,1;
606,3;325,1;605,2;
607,2;323,1;35,1;
608,2;321,1;320,1;
609,2;319,1;318,1;
610,2;317,1;207,1;
611,2;315,1;309,1;
612,2;314,1;313,1;
613,3;312,1;611,2;
614,2;311,1;215,1;
615,3;308,1;612,2;
616,2;307,1;305,1;
617,3;306,1;616,2;
618,2;304,1;275,1;
619,2;303,1;302,1;
620,2;301,1;239,1;
621,2;300,1;298,1;
622,3;299,1;621,2;
623,2;297,1;294,1;
624,2;296,1;295,1;
625,3;293,1;624,2;
626,2;292,1;290,1;
627,3;291,1;626,2;
628,2;289,1;287,1;
629,3;288,1;628,2;
630,2;286,1;56,1;
631,2;285,1;194,1;
632,2;284,1;256,1;
633,2;281,1;279,1;
634,3;278,1;618,2;
635,2;277,1;274,1;
636,3;276,1;635,2;
637,2;272,1;85,1;
638,2;271,1;82,1;
639,2;270,1;86,1;
640,2;269,1;208,1;
641,2;267,1;262,1;
642,2;266,1;263,1;
643,2;264,1;258,1;
644,3;261,1;643,2;
645,3;260,1;642,2;
646,4;259,1;644,3;
647,3;257,1;641,2;
648,2;255,1;254,1;
649,2;252,1;249,1;
650,2;251,1;250,1;
651,2;248,1;246,1;
652,2;247,1;244,1;
653,2;245,1;60,1;
654,2;243,1;238,1;
655,2;242,1;241,1;
656,3;240,1;620,2;
657,2;237,1;231,1;
658,2;236,1;222,1;
659,2;235,1;230,1;
660,3;234,1;658,2;
661,2;233,1;232,1;
662,2;229,1;175,1;
663,2;228,1;98,1;
664,3;227,1;657,2;
665,2;226,1;224,1;
666,3;225,1;665,2;
667,2;223,1;178,1;
668,2;221,1;210,1;
669,4;220,1;660,3;
670,2;219,1;218,1;
671,2;217,1;111,1;
672,2;216,1;212,1;
673,2;213,1;206,1;
674,2;211,1;209,1;
675,2;205,1;38,1;
676,2;204,1;203,1;
677,2;202,1;195,1;
678,2;201,1;66,1;
679,2;200,1;199,1;
680,2;198,1;196,1;
681,3;197,1;680,2;
682,3;193,1;631,2;
683,2;191,1;190,1;
684,2;189,1;187,1;
685,3;188,1;684,2;
686,2;186,1;99,1;
687,2;185,1;181,1;
688,2;184,1;172,1;
689,2;183,1;182,1;
690,2;180,1;97,1;
691,2;179,1;89,1;
692,2;177,1;173,1;
693,2;176,1;174,1;
694,2;171,1;164,1;
695,2;170,1;168,1;
696,3;169,1;695,2;
697,2;167,1;165,1;
698,2;166,1;161,1;
699,2;163,1;162,1;
700,2;159,1;150,1;
701,3;158,1;694,2;
702,3;157,1;698,2;
703,2;156,1;146,1;
704,2;153,1;151,1;
705,2;149,1;143,1;
706,2;148,1;147,1;
707,3;144,1;706,2;
708,2;140,1;138,1;
709,2;139,1;135,1;
710,2;137,1;128,1;
711,2;136,1;127,1;
712,3;133,1;711,2;
713,2;132,1;131,1;
714,3;130,1;713,2;
715,4;129,1;712,3;
716,2;126,1;123,1;
717,2;125,1;121,1;
718,2;124,1;122,1;
719,3;120,1;717,2;
720,2;119,1;116,1;
721,2;118,1;115,1;
722,2;117,1;114,1;
723,2;113,1;112,1;
724,3;110,1;511,2;
725,2;109,1;103,1;
726,2;108,1;104,1;
727,3;107,1;725,2;
728,2;106,1;105,1;
729,2;101,1;100,1;
730,2;96,1;90,1;
731,3;95,1;637,2;
732,2;94,1;92,1;
733,3;91,1;730,2;
734,3;88,1;689,2;
735,2;87,1;84,1;
736,3;83,1;638,2;
737,2;81,1;62,1;
738,4;80,1;736,3;
739,2;79,1;77,1;
740,2;78,1;75,1;
741,3;76,1;740,2;
742,2;74,1;73,1;
743,2;72,1;70,1;
744,3;71,1;743,2;
745,2;69,1;67,1;
746,3;68,1;745,2;
747,3;65,1;678,2;
748,3;63,1;651,2;
749,3;61,1;652,2;
750,2;59,1;58,1;
751,3;52,1;654,2;
752,3;51,1;655,2;
753,4;50,1;752,3;
754,2;49,1;47,1;
755,2;46,1;45,1;
756,3;44,1;755,2;
757,2;43,1;42,1;
758,3;41,1;757,2;
759,2;40,1;39,1;
760,3;37,1;675,2;
761,3;36,1;607,2;
762,2;34,1;27,1;
763,2;33,1;20,1;
764,2;31,1;21,1;
765,3;30,1;763,2;
766,2;29,1;28,1;
767,2;26,1;24,1;
768,3;25,1;762,2;
769,4;23,1;765,3;
770,3;22,1;767,2;
771,2;19,1;15,1;
772,4;17,1;770,3;
773,4;16,1;598,3;
774,3;14,1;764,2;
775,3;13,1;771,2;
776,2;12,1;6,1;
777,2;11,1;9,1;
778,2;10,1;7,1;
779,2;5,1;3,1;
780,3;4,1;779,2;
781,3;2,1;691,2;
782,4;1,1;733,3;
783,5;781,3;686,2;
784,7;774,3;772,4;
785,5;760,3;604,2;
786,5;750,2;748,3;
787,5;744,3;742,2;
788,5;741,3;739,2;
789,5;735,2;731,3;
790,5;728,2;727,3;
791,6;724,3;510,3;
792,4;723,2;721,2;
793,4;720,2;722,2;
794,6;715,4;709,2;
795,5;714,3;710,2;
796,8;708,2;794,6;
797,5;749,3;653,2;
798,4;693,2;659,2;
799,4;692,2;667,2;
800,6;687,2;782,4;
801,4;683,2;595,2;
802,4;677,2;676,2;
803,4;673,2;614,2;
804,4;778,2;777,2;
805,5;578,2;577,3;
806,5;569,2;574,3;
807,6;566,3;545,3;
808,5;671,2;615,3;
809,6;773,4;596,2;
810,5;756,3;639,2;
811,4;591,2;630,2;
812,5;627,3;759,2;
813,6;573,4;571,2;
814,8;525,2;813,6;
815,6;535,2;559,4;
816,4;650,2;649,2;
817,7;646,4;645,3;
818,5;522,2;529,3;
819,5;584,2;585,3;
820,6;609,2;803,4;
821,4;610,2;512,2;
822,5;718,2;719,3;
823,5;666,3;661,2;
824,5;619,2;751,3;
825,7;726,2;790,5;
826,12;790,5;825,7;
827,14;794,6;796,8;
828,10;803,4;820,6;
829,14;813,6;814,8;
830,5;592,2;746,3;
831,4;530,2;532,2;
832,7;608,2;789,5;
833,4;546,2;568,2;
834,3;632,2;57,1;
835,4;640,2;672,2;
836,2;268,1;280,1;
837,4;552,2;553,2;
838,6;648,2;811,4;
839,3;145,1;703,2;
840,3;564,2;384,1;
841,2;282,1;273,1;
842,3;590,2;64,1;
843,4;668,2;674,2;
844,5;580,2;587,3;
845,4;594,2;603,2;
846,3;310,1;513,2;
847,6;688,2;798,4;
848,3;368,1;583,2;
849,5;374,1;579,4;
850,3;670,2;160,1;
851,2;417,1;413,1;
852,2;427,1;410,1;
853,7;444,1;815,6;
854,5;409,1;837,4;
855,3;375,1;540,2;
856,2;353,1;55,1;
857,8;793,4;792,4;
858,2;154,1;152,1;
859,7;524,2;806,5;
860,6;561,4;557,2;
861,3;142,1;858,2;
862,15;134,1;827,14;
863,3;93,1;732,2;
864,8;758,3;787,5;
865,5;707,3;705,2;
866,7;734,3;799,4;
867,6;761,3;613,3;
868,2;48,1;8,1;
869,4;32,1;768,3;
870,5;780,3;737,2;
871,4;18,1;775,3;
872,6;682,3;622,3;
873,3;0,1;633,2;
874,5;507,2;508,3;
875,7;549,3;560,4;
876,5;593,2;629,3;
877,8;520,4;831,4;
878,8;528,3;818,5;
879,7;537,3;554,4;
880,6;563,3;581,3;
881,8;602,3;824,5;
882,7;783,5;690,2;
883,9;572,3;807,6;
884,9;600,3;809,6;
885,8;606,3;785,5;
886,6;617,3;634,3;
887,7;656,3;753,4;
888,5;697,2;696,3;
889,4;623,2;776,2;
890,10;664,3;882,7;
891,5;636,3;841,2;
892,4;729,2;766,2;
893,5;679,2;834,3;
894,7;685,3;801,4;
895,4;700,2;704,2;
896,8;701,3;888,5;
897,11;769,4;784,7;
898,12;800,6;847,6;
899,19;819,5;829,14;
900,28;899,19;883,9;
901,9;892,4;874,5;
902,17;884,9;885,8;
903,5;873,3;836,2;
904,4;214,1;846,3;
905,4;588,2;589,2;
906,3;141,1;515,2;
907,7;850,3;669,4;
908,4;155,1;861,3;
909,3;582,2;364,1;
910,5;253,1;816,4;
911,8;265,1;817,7;
912,2;405,1;380,1;
913,3;418,1;852,2;
914,3;414,1;851,2;
915,4;412,1;914,3;
916,2;367,1;365,1;
917,10;859,7;562,3;
918,5;102,1;869,4;
919,5;54,1;905,4;
920,15;897,11;821,4;
921,8;516,3;795,5;
922,9;555,2;879,7;
923,6;565,2;833,4;
924,7;822,5;716,2;
925,7;625,3;889,4;
926,9;802,4;893,5;
927,4;662,2;663,2;
928,9;681,3;872,6;
929,11;738,4;832,7;
930,9;747,3;838,6;
931,7;754,2;810,5;
932,10;786,5;830,5;
933,15;788,5;828,10;
934,14;791,6;857,8;
935,15;797,5;932,10;
936,6;804,4;868,2;
937,8;805,5;855,3;
938,12;808,5;866,7;
939,10;812,5;876,5;
940,13;860,6;875,7;
941,15;823,5;890,10;
942,27;826,12;920,15;
943,8;835,4;843,4;
944,8;840,3;849,5;
945,8;842,3;910,5;
946,11;845,4;925,7;
947,9;848,3;880,6;
948,35;853,7;900,28;
949,14;854,5;922,9;
950,11;856,2;930,9;
951,23;862,15;921,8;
952,18;863,3;933,15;
953,10;867,6;871,4;
954,16;870,5;929,11;
955,16;877,8;878,8;
956,15;881,8;887,7;
957,12;894,7;903,5;
958,24;898,12;938,12;
959,24;902,17;931,7;
960,43;948,35;937,8;
961,6;283,1;891,5;
962,11;702,3;896,8;
963,11;647,3;911,8;
964,9;699,2;907,7;
965,8;844,5;909,3;
966,7;839,3;895,4;
967,22;954,16;886,6;
968,12;864,8;927,4;
969,18;926,9;928,9;
970,12;865,5;966,7;
971,19;901,9;953,10;
972,18;904,4;934,14;
973,26;906,3;951,23;
974,7;913,3;915,4;
975,11;916,2;947,9;
976,21;917,10;975,11;
977,32;918,5;942,27;
978,16;919,5;950,11;
979,14;923,6;944,8;
980,33;924,7;973,26;
981,23;935,15;945,8;
982,17;936,6;946,11;
983,26;939,10;978,16;
984,27;940,13;949,14;
985,17;943,8;964,9;
986,42;952,18;959,24;
987,38;956,15;981,23;
988,43;958,24;971,19;
989,61;988,43;972,18;
990,54;968,12;986,42;
991,76;967,22;990,54;
992,130;990,54;991,76;
993,21;908,4;985,17;
994,16;912,2;979,14;
995,27;941,15;957,12;
996,59;955,16;960,43;
997,23;974,7;994,16;
998,27;961,6;993,21;
999,23;962,11;970,12;
1000,38;963,11;995,27;
1001,44;969,18;983,26;
1002,80;976,21;996,59;
1003,93;977,32;989,61;
1004,55;982,17;987,38;
1005,35;965,8;998,27;
1006,56;980,33;999,23;
1007,50;984,27;997,23;
1008,185;992,130;1004,55;
1009,223;1000,38;1008,185;
1010,316;1003,93;1009,223;
1011,360;1001,44;1010,316;
1012,130;1002,80;1007,50;
1013,395;1005,35;1011,360;
1014,186;1006,56;1012,130;
1015,581;1013,395;1014,186;
