569,2;546,1;226,1;
570,2;545,1;90,1;
571,2;522,1;425,1;
572,2;511,1;371,1;
573,2;497,1;107,1;
574,2;488,1;344,1;
575,2;481,1;149,1;
576,2;480,1;211,1;
577,2;477,1;298,1;
578,2;475,1;384,1;
579,2;463,1;367,1;
580,2;458,1;457,1;
581,2;454,1;195,1;
582,2;434,1;240,1;
583,2;406,1;133,1;
584,2;401,1;158,1;
585,2;399,1;74,1;
586,2;390,1;271,1;
587,2;364,1;125,1;
588,2;362,1;79,1;
589,2;346,1;334,1;
590,2;325,1;69,1;
591,2;317,1;6,1;
592,2;285,1;58,1;
593,2;268,1;84,1;
594,2;215,1;81,1;
595,2;120,1;98,1;
596,3;93,1;588,2;
597,3;569,2;333,1;
598,3;570,2;361,1;
599,4;572,2;582,2;
600,4;573,2;576,2;
601,3;574,2;519,1;
602,4;575,2;587,2;
603,3;577,2;387,1;
604,3;578,2;527,1;
605,3;579,2;143,1;
606,3;580,2;102,1;
607,3;581,2;374,1;
608,3;583,2;513,1;
609,3;584,2;324,1;
610,3;585,2;155,1;
611,4;586,2;595,2;
612,3;589,2;494,1;
613,3;590,2;187,1;
614,3;591,2;264,1;
615,3;592,2;350,1;
616,3;593,2;293,1;
617,4;596,3;483,1;
618,2;558,1;476,1;
619,2;554,1;452,1;
620,2;553,1;299,1;
621,3;552,1;619,2;
622,2;551,1;104,1;
623,2;549,1;427,1;
624,2;548,1;67,1;
625,2;547,1;524,1;
626,2;544,1;115,1;
627,2;543,1;377,1;
628,2;542,1;49,1;
629,2;541,1;36,1;
630,2;540,1;431,1;
631,2;536,1;99,1;
632,2;534,1;103,1;
633,2;533,1;95,1;
634,2;532,1;306,1;
635,2;531,1;526,1;
636,2;530,1;405,1;
637,2;529,1;48,1;
638,2;525,1;114,1;
639,2;523,1;204,1;
640,2;517,1;516,1;
641,2;515,1;394,1;
642,2;514,1;448,1;
643,2;512,1;47,1;
644,2;510,1;386,1;
645,2;508,1;148,1;
646,4;502,1;601,3;
647,2;501,1;7,1;
648,2;500,1;73,1;
649,2;499,1;487,1;
650,2;498,1;121,1;
651,2;496,1;482,1;
652,2;495,1;363,1;
653,2;493,1;404,1;
654,2;492,1;85,1;
655,2;490,1;135,1;
656,2;486,1;263,1;
657,2;478,1;249,1;
658,2;472,1;227,1;
659,2;470,1;420,1;
660,2;467,1;46,1;
661,2;464,1;224,1;
662,3;462,1;627,2;
663,2;453,1;123,1;
664,2;450,1;382,1;
665,2;449,1;18,1;
666,2;447,1;436,1;
667,2;445,1;88,1;
668,2;444,1;253,1;
669,2;442,1;309,1;
670,2;439,1;51,1;
671,2;438,1;357,1;
672,2;437,1;251,1;
673,2;435,1;39,1;
674,2;433,1;244,1;
675,2;429,1;360,1;
676,2;428,1;327,1;
677,2;426,1;341,1;
678,2;423,1;340,1;
679,3;422,1;657,2;
680,2;419,1;188,1;
681,2;418,1;312,1;
682,2;416,1;245,1;
683,3;415,1;641,2;
684,2;413,1;291,1;
685,2;411,1;142,1;
686,3;410,1;655,2;
687,2;409,1;289,1;
688,3;408,1;640,2;
689,3;403,1;666,2;
690,2;402,1;301,1;
691,2;397,1;284,1;
692,3;396,1;639,2;
693,3;395,1;671,2;
694,2;392,1;17,1;
695,2;385,1;100,1;
696,2;381,1;52,1;
697,2;380,1;342,1;
698,2;375,1;221,1;
699,2;373,1;365,1;
700,2;356,1;216,1;
701,2;348,1;234,1;
702,4;347,1;608,3;
703,3;338,1;685,2;
704,2;331,1;154,1;
705,2;328,1;131,1;
706,2;326,1;179,1;
707,3;322,1;637,2;
708,2;321,1;127,1;
709,3;320,1;630,2;
710,2;319,1;37,1;
711,2;316,1;241,1;
712,3;315,1;676,2;
713,2;313,1;140,1;
714,2;311,1;278,1;
715,4;310,1;616,3;
716,2;308,1;270,1;
717,2;307,1;175,1;
718,2;304,1;144,1;
719,4;303,1;703,3;
720,2;297,1;136,1;
721,2;295,1;294,1;
722,3;292,1;704,2;
723,3;287,1;716,2;
724,2;283,1;177,1;
725,2;282,1;254,1;
726,2;279,1;169,1;
727,2;276,1;153,1;
728,2;274,1;261,1;
729,2;273,1;206,1;
730,4;267,1;598,3;
731,2;266,1;160,1;
732,4;255,1;692,3;
733,4;246,1;612,3;
734,5;243,1;730,4;
735,4;235,1;693,3;
736,2;225,1;19,1;
737,2;223,1;43,1;
738,3;222,1;729,2;
739,3;220,1;681,2;
740,2;207,1;167,1;
741,2;205,1;378,1;
742,3;201,1;668,2;
743,3;200,1;667,2;
744,3;199,1;737,2;
745,3;189,1;718,2;
746,2;184,1;44,1;
747,2;182,1;16,1;
748,2;171,1;54,1;
749,3;170,1;736,2;
750,3;165,1;714,2;
751,3;159,1;711,2;
752,2;141,1;29,1;
753,4;137,1;610,3;
754,4;134,1;614,3;
755,3;130,1;697,2;
756,2;128,1;89,1;
757,3;126,1;746,2;
758,3;124,1;691,2;
759,3;117,1;694,2;
760,4;113,1;709,3;
761,3;92,1;670,2;
762,2;91,1;13,1;
763,2;80,1;66,1;
764,3;70,1;699,2;
765,2;65,1;64,1;
766,3;56,1;725,2;
767,3;55,1;672,2;
768,3;50,1;624,2;
769,2;41,1;106,1;
770,3;40,1;628,2;
771,3;20,1;698,2;
772,3;10,1;728,2;
773,4;669,2;706,2;
774,6;661,2;602,4;
775,4;634,2;721,2;
776,6;605,3;689,3;
777,5;607,3;696,2;
778,7;609,3;775,4;
779,5;615,3;675,2;
780,4;747,2;748,2;
781,6;780,4;695,2;
782,9;777,5;753,4;
783,5;772,3;652,2;
784,5;771,3;651,2;
785,8;770,3;734,5;
786,4;769,2;765,2;
787,7;768,3;733,4;
788,6;766,3;688,3;
789,5;764,3;665,2;
790,3;762,2;86,1;
791,4;759,3;118,1;
792,7;754,4;742,3;
793,6;751,3;712,3;
794,5;750,3;656,2;
795,5;749,3;663,2;
796,4;744,3;57,1;
797,5;743,3;626,2;
798,4;741,2;658,2;
799,4;740,2;708,2;
800,4;739,3;336,1;
801,5;738,3;660,2;
802,11;735,4;787,7;
803,6;732,4;678,2;
804,4;731,2;700,2;
805,3;724,2;330,1;
806,9;723,3;793,6;
807,4;722,3;383,1;
808,4;720,2;636,2;
809,6;719,4;680,2;
810,4;717,2;727,2;
811,3;713,2;398,1;
812,4;710,2;653,2;
813,7;597,3;810,4;
814,6;599,4;726,2;
815,8;600,4;617,4;
816,9;603,3;774,6;
817,4;604,3;209,1;
818,6;606,3;662,3;
819,7;611,4;707,3;
820,6;613,3;767,3;
821,3;618,2;466,1;
822,3;620,2;556,1;
823,4;621,3;459,1;
824,4;622,2;659,2;
825,6;623,2;824,4;
826,4;625,2;701,2;
827,4;629,2;684,2;
828,6;631,2;827,4;
829,3;632,2;163,1;
830,4;633,2;654,2;
831,3;635,2;506,1;
832,3;638,2;59,1;
833,3;642,2;228,1;
834,4;643,2;594,2;
835,6;644,2;800,4;
836,6;645,2;702,4;
837,7;646,4;755,3;
838,3;647,2;229,1;
839,3;648,2;518,1;
840,3;649,2;535,1;
841,4;650,2;752,2;
842,3;664,2;286,1;
843,6;673,2;796,4;
844,3;674,2;156,1;
845,3;677,2;474,1;
846,10;679,3;819,7;
847,3;682,2;61,1;
848,7;683,3;715,4;
849,4;686,3;248,1;
850,3;687,2;305,1;
851,3;690,2;217,1;
852,3;705,2;132,1;
853,8;745,3;779,5;
854,3;756,2;421,1;
855,4;758,3;183,1;
856,5;760,4;269,1;
857,12;761,3;816,9;
858,3;763,2;97,1;
859,5;773,4;166,1;
860,15;776,6;782,9;
861,12;778,7;859,5;
862,3;571,2;412,1;
863,2;568,1;550,1;
864,2;567,1;181,1;
865,2;566,1;441,1;
866,2;565,1;335,1;
867,2;564,1;339,1;
868,2;563,1;302,1;
869,2;562,1;15,1;
870,2;561,1;473,1;
871,2;560,1;455,1;
872,2;559,1;555,1;
873,3;557,1;870,2;
874,2;539,1;151,1;
875,2;538,1;391,1;
876,2;537,1;469,1;
877,2;528,1;275,1;
878,2;521,1;369,1;
879,2;509,1;62,1;
880,2;507,1;145,1;
881,2;503,1;272,1;
882,2;491,1;277,1;
883,2;489,1;186,1;
884,2;485,1;318,1;
885,7;484,1;836,6;
886,2;479,1;194,1;
887,3;471,1;871,2;
888,2;465,1;247,1;
889,2;460,1;353,1;
890,3;456,1;872,2;
891,2;451,1;27,1;
892,2;446,1;260,1;
893,2;443,1;174,1;
894,2;440,1;111,1;
895,2;432,1;2,1;
896,3;430,1;879,2;
897,2;424,1;60,1;
898,2;417,1;300,1;
899,2;414,1;232,1;
900,2;407,1;147,1;
901,2;393,1;162,1;
902,2;389,1;366,1;
903,2;379,1;14,1;
904,4;372,1;840,3;
905,2;370,1;35,1;
906,2;359,1;96,1;
907,2;358,1;354,1;
908,5;355,1;855,4;
909,2;352,1;180,1;
910,2;349,1;150,1;
911,2;345,1;110,1;
912,5;343,1;830,4;
913,2;337,1;198,1;
914,2;332,1;185,1;
915,5;296,1;812,4;
916,3;281,1;907,2;
917,3;280,1;892,2;
918,2;262,1;197,1;
919,2;257,1;105,1;
920,2;256,1;30,1;
921,2;252,1;72,1;
922,3;250,1;868,2;
923,4;238,1;887,3;
924,6;237,1;789,5;
925,3;236,1;878,2;
926,2;233,1;219,1;
927,2;231,1;178,1;
928,2;230,1;94,1;
929,6;218,1;912,5;
930,3;210,1;902,2;
931,7;208,1;843,6;
932,2;203,1;8,1;
933,3;196,1;876,2;
934,4;193,1;838,3;
935,3;191,1;900,2;
936,3;173,1;911,2;
937,3;172,1;928,2;
938,3;168,1;898,2;
939,2;164,1;23,1;
940,2;161,1;4,1;
941,9;157,1;785,8;
942,2;139,1;21,1;
943,2;129,1;32,1;
944,5;109,1;849,4;
945,3;87,1;913,2;
946,2;77,1;45,1;
947,3;75,1;891,2;
948,5;53,1;841,4;
949,2;34,1;11,1;
950,2;33,1;28,1;
951,2;31,1;5,1;
952,3;26,1;949,2;
953,7;24,1;788,6;
954,7;1,1;924,6;
955,4;942,2;906,2;
956,6;937,3;805,3;
957,11;931,7;834,4;
958,8;927,2;818,6;
959,7;914,2;801,5;
960,6;904,4;895,2;
961,7;894,2;856,5;
962,12;885,7;795,5;
963,17;857,12;794,5;
964,9;850,3;825,6;
965,8;839,3;784,5;
966,6;833,3;821,3;
967,9;831,3;803,6;
968,8;829,3;797,5;
969,10;817,4;814,6;
970,10;813,7;811,3;
971,11;783,5;781,6;
972,8;948,5;844,3;
973,4;951,2;932,2;
974,17;967,9;965,8;
975,13;968,8;944,5;
976,8;923,4;823,4;
977,5;922,3;920,2;
978,4;921,2;950,2;
979,3;919,2;400,1;
980,5;917,3;943,2;
981,3;905,2;214,1;
982,8;901,2;960,6;
983,10;899,2;976,8;
984,5;889,2;947,3;
985,9;883,2;792,7;
986,6;882,2;799,4;
987,5;881,2;925,3;
988,3;877,2;76,1;
989,5;873,3;863,2;
990,7;866,2;984,5;
991,22;861,12;969,10;
992,23;860,15;815,8;
993,5;854,3;886,2;
994,13;848,7;820,6;
995,6;847,3;858,3;
996,12;828,6;966,6;
997,17;806,9;853,8;
998,7;791,4;979,3;
999,8;786,4;934,4;
1000,5;790,3;865,2;
1001,10;798,4;835,6;
1002,14;802,11;862,3;
1003,11;804,4;961,7;
1004,11;807,4;837,7;
1005,8;808,4;955,4;
1006,19;809,6;994,13;
1007,5;822,3;893,2;
1008,11;826,4;959,7;
1009,4;832,3;101,1;
1010,4;842,3;388,1;
1011,14;845,3;1004,11;
1012,24;846,10;1011,14;
1013,6;851,3;935,3;
1014,12;852,3;985,9;
1015,3;864,2;202,1;
1016,7;867,2;987,5;
1017,4;869,2;903,2;
1018,3;874,2;242,1;
1019,8;875,2;995,6;
1020,3;880,2;520,1;
1021,3;884,2;376,1;
1022,3;888,2;112,1;
1023,13;890,3;983,10;
1024,4;896,3;468,1;
1025,4;897,2;910,2;
1026,11;908,5;1013,6;
1027,3;909,2;82,1;
1028,22;915,5;997,17;
1029,4;916,3;63,1;
1030,7;918,2;1000,5;
1031,4;926,2;939,2;
1032,14;929,6;972,8;
1033,5;930,3;940,2;
1034,4;933,3;329,1;
1035,4;936,3;116,1;
1036,8;938,3;977,5;
1037,17;941,9;958,8;
1038,10;945,3;953,7;
1039,3;946,2;22,1;
1040,14;952,3;957,11;
1041,11;954,7;1031,4;
1042,11;956,6;993,5;
1043,14;964,9;1007,5;
1044,14;971,11;757,3;
1045,2;505,1;504,1;
1046,2;368,1;265,1;
1047,2;351,1;146,1;
1048,2;323,1;25,1;
1049,2;290,1;176,1;
1050,2;259,1;239,1;
1051,2;258,1;0,1;
1052,6;138,1;1033,5;
1053,7;119,1;986,6;
1054,3;108,1;1051,2;
1055,2;78,1;42,1;
1056,3;71,1;1049,2;
1057,5;9,1;1017,4;
1058,7;1050,2;980,5;
1059,5;1048,2;1039,3;
1060,26;1044,14;996,12;
1061,18;1038,10;982,8;
1062,12;1034,4;999,8;
1063,7;1020,3;1009,4;
1064,11;998,7;973,4;
1065,41;974,17;1012,24;
1066,14;1023,13;38,1;
1067,21;1032,14;990,7;
1068,32;975,13;1006,19;
1069,11;978,4;1058,7;
1070,5;981,3;1047,2;
1071,11;988,3;1005,8;
1072,6;989,5;192,1;
1073,45;991,22;992,23;
1074,22;1001,10;962,12;
1075,36;1002,14;1028,22;
1076,12;1003,11;288,1;
1077,21;1008,11;970,10;
1078,15;1010,4;1026,11;
1079,19;1014,12;1053,7;
1080,11;1015,3;1036,8;
1081,9;1016,7;1046,2;
1082,6;1018,3;1021,3;
1083,9;1019,8;314,1;
1084,7;1022,3;1024,4;
1085,8;1025,4;1029,4;
1086,12;1027,3;1081,9;
1087,8;1030,7;83,1;
1088,16;1035,4;1076,12;
1089,34;1037,17;963,17;
1090,25;1040,14;1042,11;
1091,29;1041,11;1061,18;
1092,22;1043,14;1085,8;
1093,9;1045,2;1063,7;
1094,27;1052,6;1067,21;
1095,5;1054,3;1055,2;
1096,9;1056,3;1082,6;
1097,6;1057,5;190,1;
1098,10;1059,5;1070,5;
1099,34;1060,26;1087,8;
1100,37;1062,12;1090,25;
1101,48;1064,11;1100,37;
1102,2;461,1;212,1;
1103,2;152,1;68,1;
1104,6;122,1;1095,5;
1105,7;12,1;1104,6;
1106,7;3,1;1097,6;
1107,53;1099,34;1079,19;
1108,43;1092,22;1077,21;
1109,70;1089,34;1075,36;
1110,27;1088,16;1071,11;
1111,67;1074,22;1073,45;
1112,20;1072,6;1066,14;
1113,75;1068,32;1108,43;
1114,108;1065,41;1111,67;
1115,40;1069,11;1091,29;
1116,42;1078,15;1110,27;
1117,23;1080,11;1086,12;
1118,84;1083,9;1113,75;
1119,8;1084,7;213,1;
1120,51;1093,9;1116,42;
1121,67;1094,27;1115,40;
1122,17;1096,9;1119,8;
1123,58;1098,10;1101,48;
1124,19;1103,2;1122,17;
1125,65;1106,7;1123,58;
1126,90;1109,70;1112,20;
1127,135;1120,51;1118,84;
1128,243;1114,108;1127,135;
1129,30;1117,23;1105,7;
1130,120;1121,67;1107,53;
1131,84;1124,19;1125,65;
1132,333;1126,90;1128,243;
1133,32;1102,2;1129,30;
1134,152;1130,120;1133,32;
1135,236;1131,84;1134,152;
1136,569;1135,236;1132,333;
