3000,2;2999,1;468,1;
3001,2;2998,1;1749,1;
3002,2;2997,1;1634,1;
3003,2;2996,1;2210,1;
3004,2;2995,1;2316,1;
3005,2;2993,1;2836,1;
3006,2;2992,1;1403,1;
3007,2;2991,1;699,1;
3008,3;2990,1;3002,2;
3009,2;2989,1;526,1;
3010,2;2988,1;2106,1;
3011,2;2987,1;2480,1;
3012,2;2986,1;970,1;
3013,2;2985,1;1483,1;
3014,2;2984,1;2767,1;
3015,2;2983,1;536,1;
3016,2;2981,1;1534,1;
3017,2;2980,1;2031,1;
3018,3;2979,1;3001,2;
3019,2;2978,1;2229,1;
3020,2;2977,1;569,1;
3021,2;2976,1;1497,1;
3022,2;2975,1;1430,1;
3023,2;2974,1;1914,1;
3024,2;2973,1;1111,1;
3025,2;2972,1;1125,1;
3026,2;2970,1;2135,1;
3027,2;2969,1;1532,1;
3028,2;2968,1;576,1;
3029,2;2967,1;986,1;
3030,2;2966,1;1676,1;
3031,2;2965,1;895,1;
3032,3;2964,1;3029,2;
3033,2;2963,1;940,1;
3034,2;2962,1;867,1;
3035,3;2960,1;3023,2;
3036,2;2959,1;1900,1;
3037,2;2958,1;2924,1;
3038,2;2957,1;1618,1;
3039,2;2955,1;656,1;
3040,2;2954,1;1743,1;
3041,2;2953,1;595,1;
3042,2;2952,1;1764,1;
3043,2;2950,1;1693,1;
3044,2;2948,1;2646,1;
3045,2;2947,1;120,1;
3046,2;2944,1;2025,1;
3047,2;2943,1;244,1;
3048,2;2942,1;1874,1;
3049,2;2941,1;1267,1;
3050,2;2940,1;2037,1;
3051,2;2938,1;2536,1;
3052,2;2937,1;1712,1;
3053,2;2936,1;2829,1;
3054,2;2935,1;1970,1;
3055,2;2933,1;377,1;
3056,2;2931,1;2454,1;
3057,2;2930,1;482,1;
3058,2;2929,1;1889,1;
3059,2;2927,1;1701,1;
3060,2;2926,1;2137,1;
3061,3;2923,1;3054,2;
3062,2;2922,1;1235,1;
3063,2;2921,1;1895,1;
3064,3;2919,1;3043,2;
3065,2;2918,1;1586,1;
3066,2;2917,1;322,1;
3067,2;2916,1;2837,1;
3068,3;2915,1;3033,2;
3069,2;2914,1;1213,1;
3070,3;2913,1;3012,2;
3071,2;2912,1;1719,1;
3072,2;2911,1;893,1;
3073,2;2909,1;1896,1;
3074,3;2908,1;3013,2;
3075,2;2906,1;794,1;
3076,2;2905,1;2315,1;
3077,2;2904,1;1073,1;
3078,2;2903,1;1770,1;
3079,2;2902,1;2531,1;
3080,2;2901,1;347,1;
3081,2;2900,1;2704,1;
3082,2;2899,1;325,1;
3083,2;2898,1;605,1;
3084,2;2897,1;1186,1;
3085,3;2896,1;3051,2;
3086,2;2893,1;792,1;
3087,2;2892,1;273,1;
3088,3;2889,1;3056,2;
3089,2;2888,1;1840,1;
3090,2;2887,1;112,1;
3091,3;2886,1;3062,2;
3092,2;2884,1;2783,1;
3093,2;2882,1;42,1;
3094,2;2881,1;2847,1;
3095,2;2880,1;1436,1;
3096,2;2879,1;216,1;
3097,2;2877,1;1158,1;
3098,3;2873,1;3066,2;
3099,2;2870,1;2526,1;
3100,2;2869,1;1322,1;
3101,2;2868,1;518,1;
3102,2;2867,1;1713,1;
3103,4;2866,1;3032,3;
3104,2;2865,1;1487,1;
3105,4;2864,1;3008,3;
3106,2;2861,1;387,1;
3107,3;2860,1;3082,2;
3108,2;2859,1;190,1;
3109,3;2858,1;3084,2;
3110,2;2855,1;1560,1;
3111,2;2854,1;850,1;
3112,2;2853,1;1969,1;
3113,3;2852,1;3077,2;
3114,2;2851,1;578,1;
3115,2;2849,1;2939,1;
3116,3;2843,1;3106,2;
3117,2;2841,1;80,1;
3118,2;2840,1;1051,1;
3119,2;2839,1;2469,1;
3120,3;2838,1;3104,2;
3121,3;2834,1;3053,2;
3122,2;2833,1;721,1;
3123,4;2832,1;3035,3;
3124,2;2831,1;547,1;
3125,2;2830,1;2442,1;
3126,2;2828,1;12,1;
3127,2;2827,1;2389,1;
3128,2;2823,1;440,1;
3129,2;2822,1;1028,1;
3130,2;2821,1;1124,1;
3131,3;2819,1;3076,2;
3132,2;2818,1;514,1;
3133,2;2817,1;487,1;
3134,2;2816,1;2283,1;
3135,4;2815,1;3091,3;
3136,3;2813,1;3045,2;
3137,2;2812,1;71,1;
3138,3;2811,1;3048,2;
3139,3;2810,1;3009,2;
3140,2;2803,1;2276,1;
3141,2;2802,1;1546,1;
3142,2;2801,1;2874,1;
3143,2;2794,1;415,1;
3144,2;2793,1;1393,1;
3145,2;2792,1;1904,1;
3146,2;2791,1;2774,1;
3147,2;2789,1;564,1;
3148,2;2788,1;59,1;
3149,2;2786,1;2035,1;
3150,3;2784,1;3147,2;
3151,2;2780,1;1948,1;
3152,2;2779,1;2710,1;
3153,3;2778,1;3072,2;
3154,3;2776,1;3059,2;
3155,4;2773,1;3116,3;
3156,5;2772,1;3155,4;
3157,2;2771,1;1208,1;
3158,4;2770,1;3068,3;
3159,2;2768,1;466,1;
3160,3;2765,1;3134,2;
3161,2;2762,1;453,1;
3162,2;2760,1;2230,1;
3163,2;2758,1;118,1;
3164,4;2757,1;3107,3;
3165,6;2754,1;3156,5;
3166,3;2753,1;3163,2;
3167,2;2750,1;1362,1;
3168,2;2747,1;1691,1;
3169,3;2743,1;3052,2;
3170,3;2740,1;3044,2;
3171,2;2739,1;642,1;
3172,3;2735,1;3149,2;
3173,3;2729,1;3114,2;
3174,2;2725,1;1417,1;
3175,2;2721,1;711,1;
3176,2;2720,1;1144,1;
3177,2;2719,1;731,1;
3178,2;2718,1;2001,1;
3179,4;2715,1;3131,3;
3180,2;2714,1;2668,1;
3181,2;2713,1;465,1;
3182,2;2712,1;2070,1;
3183,2;2711,1;1908,1;
3184,2;2708,1;277,1;
3185,2;2705,1;1309,1;
3186,4;2703,1;3113,3;
3187,2;2702,1;549,1;
3188,2;2701,1;1811,1;
3189,4;2700,1;3169,3;
3190,2;2699,1;2602,1;
3191,2;2697,1;283,1;
3192,3;2689,1;3046,2;
3193,2;2687,1;2064,1;
3194,3;2686,1;3031,2;
3195,2;2684,1;2043,1;
3196,2;2683,1;1389,1;
3197,2;2680,1;2014,1;
3198,2;2679,1;2624,1;
3199,2;2677,1;385,1;
3200,3;2676,1;3108,2;
3201,3;2675,1;3184,2;
3202,5;2672,1;3123,4;
3203,2;2669,1;2775,1;
3204,2;2666,1;68,1;
3205,2;2664,1;1520,1;
3206,2;2661,1;297,1;
3207,3;2659,1;3080,2;
3208,3;2656,1;3099,2;
3209,2;2653,1;1817,1;
3210,2;2652,1;83,1;
3211,2;2651,1;2309,1;
3212,2;2650,1;86,1;
3213,7;2649,1;3165,6;
3214,2;2647,1;984,1;
3215,2;2638,1;868,1;
3216,2;2637,1;1688,1;
3217,2;2636,1;508,1;
3218,3;2633,1;3093,2;
3219,2;2631,1;630,1;
3220,4;2630,1;3139,3;
3221,3;2629,1;3148,2;
3222,2;2627,1;1705,1;
3223,2;2626,1;1564,1;
3224,2;2625,1;632,1;
3225,3;2623,1;3014,2;
3226,5;2622,1;3189,4;
3227,2;2621,1;544,1;
3228,3;2619,1;3006,2;
3229,3;2618,1;3081,2;
3230,2;2617,1;470,1;
3231,3;2615,1;3227,2;
3232,4;2614,1;3074,3;
3233,2;2613,1;1381,1;
3234,3;2612,1;3119,2;
3235,2;2611,1;2485,1;
3236,2;2608,1;2501,1;
3237,3;2606,1;3185,2;
3238,2;2605,1;2736,1;
3239,2;2604,1;1608,1;
3240,2;2603,1;1327,1;
3241,2;2599,1;2085,1;
3242,4;2595,1;3225,3;
3243,2;2594,1;1553,1;
3244,2;2592,1;904,1;
3245,2;2591,1;858,1;
3246,3;2590,1;3005,2;
3247,4;2588,1;3172,3;
3248,2;2587,1;69,1;
3249,2;2585,1;1664,1;
3250,3;2581,1;3083,2;
3251,2;2580,1;1178,1;
3252,2;2578,1;835,1;
3253,2;2574,1;398,1;
3254,2;2573,1;2261,1;
3255,2;2572,1;2549,1;
3256,2;2566,1;2077,1;
3257,5;2564,1;3164,4;
3258,3;2562,1;3241,2;
3259,3;2561,1;3004,2;
3260,3;2559,1;3060,2;
3261,5;2554,1;3105,4;
3262,2;2550,1;348,1;
3263,3;2548,1;3198,2;
3264,4;2546,1;3237,3;
3265,2;2545,1;2333,1;
3266,3;2543,1;3000,2;
3267,2;2540,1;575,1;
3268,4;2539,1;3070,3;
3269,4;2538,1;3170,3;
3270,2;2534,1;2824,1;
3271,2;2528,1;346,1;
3272,2;2527,1;1595,1;
3273,3;2525,1;3041,2;
3274,2;2524,1;2140,1;
3275,2;2523,1;707,1;
3276,4;2522,1;3098,3;
3277,4;2521,1;3153,3;
3278,2;2516,1;990,1;
3279,3;2515,1;3171,2;
3280,2;2513,1;2163,1;
3281,3;2510,1;3244,2;
3282,2;2509,1;1692,1;
3283,4;2508,1;3138,3;
3284,4;2507,1;3207,3;
3285,2;2506,1;48,1;
3286,2;2504,1;2041,1;
3287,2;2502,1;2089,1;
3288,2;2500,1;507,1;
3289,4;2499,1;3173,3;
3290,3;2498,1;3111,2;
3291,5;2497,1;3264,4;
3292,5;2495,1;3269,4;
3293,4;2493,1;3259,3;
3294,4;2491,1;3120,3;
3295,2;2481,1;1106,1;
3296,3;2479,1;3249,2;
3297,4;2478,1;3266,3;
3298,2;2475,1;2308,1;
3299,3;2473,1;3278,2;
3300,2;2472,1;430,1;
3301,3;2470,1;3071,2;
3302,5;2464,1;3135,4;
3303,2;2458,1;2272,1;
3304,5;2457,1;3289,4;
3305,2;2453,1;734,1;
3306,3;2452,1;3191,2;
3307,3;2450,1;3003,2;
3308,2;2449,1;1253,1;
3309,3;2448,1;3137,2;
3310,3;2440,1;3219,2;
3311,2;2439,1;1460,1;
3312,3;2434,1;3140,2;
3313,2;2432,1;411,1;
3314,2;2431,1;321,1;
3315,6;2428,1;3302,5;
3316,3;2426,1;3243,2;
3317,2;2424,1;1012,1;
3318,3;2422,1;3118,2;
3319,3;2420,1;3028,2;
3320,4;2418,1;3234,3;
3321,3;2417,1;3087,2;
3322,4;2413,1;3229,3;
3323,2;2410,1;1524,1;
3324,4;2406,1;3231,3;
3325,4;2403,1;3309,3;
3326,4;2401,1;3318,3;
3327,2;2399,1;81,1;
3328,2;2395,1;2171,1;
3329,2;2392,1;1101,1;
3330,5;2391,1;3294,4;
3331,4;2387,1;3218,3;
3332,2;2384,1;777,1;
3333,3;2380,1;3311,2;
3334,2;2377,1;497,1;
3335,4;2374,1;3319,3;
3336,2;2371,1;330,1;
3337,2;2368,1;1433,1;
3338,4;2366,1;3064,3;
3339,3;2364,1;3248,2;
3340,4;2360,1;3208,3;
3341,2;2359,1;956,1;
3342,2;2357,1;1170,1;
3343,2;2353,1;1081,1;
3344,2;2346,1;1128,1;
3345,4;2345,1;3312,3;
3346,3;2343,1;3015,2;
3347,2;2342,1;2372,1;
3348,2;2338,1;202,1;
3349,2;2336,1;450,1;
3350,2;2335,1;810,1;
3351,2;2325,1;2570,1;
3352,2;2322,1;1548,1;
3353,6;2321,1;3292,5;
3354,2;2318,1;115,1;
3355,3;2317,1;3175,2;
3356,2;2314,1;2097,1;
3357,2;2313,1;2517,1;
3358,2;2306,1;1099,1;
3359,3;2304,1;3058,2;
3360,5;2300,1;3284,4;
3361,3;2297,1;3069,2;
3362,4;2295,1;3166,3;
3363,2;2294,1;869,1;
3364,2;2293,1;1333,1;
3365,2;2290,1;1236,1;
3366,2;2284,1;410,1;
3367,3;2282,1;3204,2;
3368,3;2280,1;3079,2;
3369,2;2277,1;2488,1;
3370,3;2275,1;3067,2;
3371,7;2271,1;3315,6;
3372,4;2270,1;3228,3;
3373,2;2268,1;1088,1;
3374,5;2264,1;3186,4;
3375,4;2262,1;3221,3;
3376,2;2257,1;79,1;
3377,2;2256,1;1452,1;
3378,2;2255,1;2104,1;
3379,2;2254,1;1763,1;
3380,2;2250,1;1398,1;
3381,5;2248,1;3268,4;
3382,3;2245,1;3130,2;
3383,3;2243,1;3176,2;
3384,2;2241,1;93,1;
3385,5;2239,1;3372,4;
3386,2;2228,1;2231,1;
3387,3;2227,1;3203,2;
3388,2;2225,1;184,1;
3389,4;2222,1;3246,3;
3390,2;2217,1;170,1;
3391,5;2213,1;3277,4;
3392,4;2211,1;3359,3;
3393,6;2209,1;3202,5;
3394,3;2208,1;3352,2;
3395,2;2207,1;716,1;
3396,3;2206,1;3206,2;
3397,4;2205,1;3273,3;
3398,3;2204,1;3349,2;
3399,6;2202,1;3381,5;
3400,4;2199,1;3339,3;
3401,3;2197,1;3314,2;
3402,3;2193,1;3016,2;
3403,2;2191,1;1654,1;
3404,2;2186,1;1563,1;
3405,2;2185,1;1459,1;
3406,4;2183,1;3194,3;
3407,6;2180,1;3304,5;
3408,4;2179,1;3387,3;
3409,2;2178,1;748,1;
3410,2;2177,1;1217,1;
3411,2;2175,1;1377,1;
3412,5;2170,1;3397,4;
3413,5;2169,1;3331,4;
3414,4;2166,1;3281,3;
3415,5;2161,1;3326,4;
3416,2;2160,1;1730,1;
3417,3;2156,1;3251,2;
3418,5;2155,1;3325,4;
3419,2;2154,1;1110,1;
3420,3;2153,1;3328,2;
3421,2;2152,1;104,1;
3422,2;2148,1;618,1;
3423,2;2147,1;1167,1;
3424,6;2144,1;3391,5;
3425,5;2143,1;3324,4;
3426,6;2142,1;3415,5;
3427,4;2136,1;3061,3;
3428,2;2132,1;1400,1;
3429,2;2129,1;840,1;
3430,3;2128,1;3007,2;
3431,3;2127,1;3144,2;
3432,3;2124,1;3282,2;
3433,2;2123,1;1339,1;
3434,2;2117,1;2299,1;
3435,4;2115,1;3367,3;
3436,3;2114,1;3089,2;
3437,3;2110,1;3125,2;
3438,2;2109,1;333,1;
3439,2;2105,1;1136,1;
3440,4;2103,1;3361,3;
3441,5;2099,1;3400,4;
3442,3;2096,1;3143,2;
3443,3;2091,1;3182,2;
3444,3;2087,1;3379,2;
3445,3;2078,1;3272,2;
3446,2;2076,1;174,1;
3447,3;2075,1;3390,2;
3448,4;2073,1;3307,3;
3449,6;2071,1;3425,5;
3450,2;2068,1;1987,1;
3451,2;2067,1;938,1;
3452,2;2066,1;969,1;
3453,4;2065,1;3109,3;
3454,2;2063,1;381,1;
3455,2;2061,1;301,1;
3456,4;2059,1;3260,3;
3457,2;2058,1;1168,1;
3458,2;2055,1;16,1;
3459,3;2054,1;3151,2;
3460,2;2050,1;23,1;
3461,2;2049,1;1467,1;
3462,4;2047,1;3402,3;
3463,6;2045,1;3412,5;
3464,3;2036,1;3141,2;
3465,2;2030,1;1837,1;
3466,3;2029,1;3122,2;
3467,2;2027,1;1670,1;
3468,3;2020,1;3124,2;
3469,4;2019,1;3296,3;
3470,4;2015,1;3431,3;
3471,3;2009,1;3356,2;
3472,8;2007,1;3371,7;
3473,4;2006,1;3417,3;
3474,2;2005,1;1827,1;
3475,4;2002,1;3383,3;
3476,6;2000,1;3418,5;
3477,7;1997,1;3463,6;
3478,2;1995,1;639,1;
3479,3;1992,1;3025,2;
3480,4;1990,1;3420,3;
3481,2;1983,1;1330,1;
3482,3;1982,1;3446,2;
3483,5;1980,1;3406,4;
3484,2;1974,1;1386,1;
3485,5;1973,1;3435,4;
3486,3;1972,1;3369,2;
3487,2;1968,1;1736,1;
3488,4;1966,1;3154,3;
3489,6;1965,1;3374,5;
3490,6;1963,1;3485,5;
3491,6;1959,1;3330,5;
3492,4;1958,1;3200,3;
3493,4;1954,1;3401,3;
3494,3;1950,1;3461,2;
3495,4;1940,1;3394,3;
3496,4;1936,1;3482,3;
3497,5;1935,1;3320,4;
3498,3;1929,1;3090,2;
3499,3;1928,1;3422,2;
3500,7;1925,1;3449,6;
3501,3;1921,1;3047,2;
3502,6;1918,1;3483,5;
3503,5;1916,1;3345,4;
3504,5;1911,1;3475,4;
3505,8;1901,1;3477,7;
3506,6;1897,1;3257,5;
3507,2;1893,1;1211,1;
3508,3;1887,1;3357,2;
3509,2;1884,1;1190,1;
3510,4;1879,1;3445,3;
3511,3;1878,1;3117,2;
3512,5;1873,1;3362,4;
3513,2;1872,1;498,1;
3514,2;1871,1;1427,1;
3515,4;1862,1;3088,3;
3516,7;1858,1;3489,6;
3517,2;1853,1;1135,1;
3518,2;1846,1;154,1;
3519,3;1843,1;3409,2;
3520,2;1842,1;1629,1;
3521,3;1841,1;3235,2;
3522,7;1836,1;3506,6;
3523,5;1835,1;3179,4;
3524,2;1831,1;1493,1;
3525,5;1830,1;3456,4;
3526,4;1829,1;3444,3;
3527,3;1824,1;3101,2;
3528,2;1823,1;1762,1;
3529,3;1822,1;3075,2;
3530,3;1818,1;3334,2;
3531,3;1815,1;3040,2;
3532,6;1814,1;3385,5;
3533,3;1813,1;3327,2;
3534,4;1810,1;3466,3;
3535,3;1808,1;3187,2;
3536,4;1807,1;3258,3;
3537,3;1806,1;3450,2;
3538,3;1805,1;3195,2;
3539,3;1804,1;3177,2;
3540,3;1802,1;3020,2;
3541,2;1801,1;1063,1;
3542,2;1791,1;570,1;
3543,5;1789,1;3427,4;
3544,4;1787,1;3531,3;
3545,5;1777,1;3247,4;
3546,4;1776,1;3018,3;
3547,2;1773,1;128,1;
3548,3;1771,1;3308,2;
3549,5;1769,1;3103,4;
3550,3;1768,1;3487,2;
3551,5;1766,1;3392,4;
3552,5;1765,1;3470,4;
3553,2;1759,1;1392,1;
3554,2;1757,1;327,1;
3555,3;1755,1;3037,2;
3556,5;1754,1;3414,4;
3557,5;1745,1;3408,4;
3558,3;1738,1;3146,2;
3559,2;1735,1;19,1;
3560,2;1733,1;1410,1;
3561,4;1732,1;3558,3;
3562,7;1727,1;3490,6;
3563,6;1726,1;3360,5;
3564,3;1721,1;3180,2;
3565,3;1718,1;3215,2;
3566,4;1717,1;3201,3;
3567,2;1716,1;1239,1;
3568,9;1715,1;3505,8;
3569,2;1710,1;307,1;
3570,4;1707,1;3535,3;
3571,2;1700,1;1261,1;
3572,4;1699,1;3521,3;
3573,4;1695,1;3333,3;
3574,6;1690,1;3503,5;
3575,5;1686,1;3510,4;
3576,4;1683,1;3533,3;
3577,2;1682,1;2742,1;
3578,2;1680,1;1142,1;
3579,4;1677,1;3346,3;
3580,5;1674,1;3515,4;
3581,2;1673,1;623,1;
3582,3;1667,1;3288,2;
3583,3;1665,1;3127,2;
3584,2;1662,1;2369,1;
3585,2;1655,1;532,1;
3586,5;1651,1;3572,4;
3587,7;1647,1;3476,6;
3588,3;1645,1;3055,2;
3589,6;1643,1;3557,5;
3590,2;1638,1;676,1;
3591,4;1637,1;3150,3;
3592,3;1636,1;3133,2;
3593,5;1635,1;3473,4;
3594,8;1632,1;3213,7;
3595,2;1627,1;1348,1;
3596,4;1623,1;3530,3;
3597,5;1622,1;3158,4;
3598,3;1619,1;3019,2;
3599,8;1617,1;3500,7;
3600,2;1614,1;2375,1;
3601,3;1612,1;3524,2;
3602,5;1609,1;3448,4;
3603,2;1603,1;51,1;
3604,2;1601,1;414,1;
3605,8;1600,1;3522,7;
3606,3;1598,1;3287,2;
3607,3;1594,1;3300,2;
3608,2;1592,1;530,1;
3609,3;1591,1;3027,2;
3610,3;1582,1;3211,2;
3611,2;1579,1;2435,1;
3612,4;1577,1;3565,3;
3613,5;1576,1;3462,4;
3614,6;1572,1;3497,5;
3615,2;1571,1;571,1;
3616,6;1570,1;3504,5;
3617,3;1569,1;3157,2;
3618,7;1561,1;3491,6;
3619,3;1559,1;3514,2;
3620,3;1557,1;3559,2;
3621,5;1543,1;3576,4;
3622,3;1540,1;3214,2;
3623,5;1533,1;3375,4;
3624,2;1529,1;2456,1;
3625,3;1526,1;3086,2;
3626,7;1523,1;3502,6;
3627,3;1522,1;3168,2;
3628,3;1521,1;3590,2;
3629,3;1516,1;3584,2;
3630,4;1515,1;3499,3;
3631,2;1513,1;1542,1;
3632,4;1511,1;3306,3;
3633,7;1508,1;3574,6;
3634,2;1505,1;2022,1;
3635,9;1502,1;3472,8;
3636,3;1499,1;3467,2;
3637,5;1494,1;3440,4;
3638,4;1492,1;3601,3;
3639,5;1482,1;3630,4;
3640,6;1481,1;3261,5;
3641,6;1477,1;3543,5;
3642,6;1475,1;3556,5;
3643,4;1464,1;3430,3;
3644,3;1458,1;3604,2;
3645,2;1455,1;1355,1;
3646,3;1453,1;3021,2;
3647,2;1451,1;245,1;
3648,5;1438,1;3566,4;
3649,7;1435,1;3399,6;
3650,4;1426,1;3550,3;
3651,6;1425,1;3545,5;
3652,3;1422,1;3024,2;
3653,2;1421,1;704,1;
3654,3;1420,1;3541,2;
3655,2;1414,1;1083,1;
3656,10;1411,1;3568,9;
3657,5;1407,1;3612,4;
3658,4;1406,1;3355,3;
3659,2;1405,1;177,1;
3660,5;1396,1;3469,4;
3661,6;1382,1;3586,5;
3662,2;1379,1;992,1;
3663,2;1378,1;1399,1;
3664,5;1372,1;3493,4;
3665,7;1368,1;3532,6;
3666,5;1367,1;3293,4;
3667,2;1358,1;828,1;
3668,2;1354,1;997,1;
3669,2;1342,1;420,1;
3670,6;1338,1;3602,5;
3671,2;1337,1;375,1;
3672,2;1336,1;2535,1;
3673,2;1335,1;2162,1;
3674,2;1328,1;9,1;
3675,2;1326,1;1109,1;
3676,2;1323,1;1993,1;
3677,3;1318,1;3344,2;
3678,8;1316,1;3516,7;
3679,4;1315,1;3160,3;
3680,4;1310,1;3263,3;
3681,2;1308,1;814,1;
3682,3;1307,1;3092,2;
3683,3;1300,1;3323,2;
3684,9;1294,1;3605,8;
3685,2;1288,1;1046,1;
3686,6;1287,1;3552,5;
3687,3;1286,1;3199,2;
3688,2;1283,1;1202,1;
3689,2;1281,1;1027,1;
3690,6;1280,1;3580,5;
3691,4;1279,1;3301,3;
3692,4;1278,1;3382,3;
3693,3;1277,1;3159,2;
3694,3;1275,1;3458,2;
3695,6;1271,1;3549,5;
3696,5;1268,1;3643,4;
3697,3;1265,1;3481,2;
3698,3;1264,1;3608,2;
3699,5;1262,1;3232,4;
3700,2;1259,1;2101,1;
3701,4;1258,1;3471,3;
3702,6;1256,1;3666,5;
3703,3;1255,1;3017,2;
3704,3;1245,1;3100,2;
3705,5;1244,1;3220,4;
3706,5;1241,1;3242,4;
3707,6;1240,1;3696,5;
3708,2;1237,1;1847,1;
3709,7;1224,1;3353,6;
3710,2;1215,1;189,1;
3711,4;1209,1;3443,3;
3712,5;1205,1;3701,4;
3713,8;1203,1;3618,7;
3714,9;1200,1;3599,8;
3715,2;1197,1;2727,1;
3716,5;1192,1;3536,4;
3717,2;1191,1;89,1;
3718,10;1189,1;3635,9;
3719,3;1188,1;3429,2;
3720,2;1183,1;758,1;
3721,6;1180,1;3613,5;
3722,2;1179,1;724,1;
3723,7;1174,1;3393,6;
3724,5;1166,1;3546,4;
3725,6;1162,1;3657,5;
3726,7;1157,1;3589,6;
3727,4;1156,1;3508,3;
3728,6;1154,1;3512,5;
3729,4;1153,1;3592,3;
3730,9;1152,1;3713,8;
3731,4;1149,1;3527,3;
3732,2;1147,1;2665,1;
3733,6;1145,1;3716,5;
3734,3;1141,1;3675,2;
3735,6;1140,1;3712,5;
3736,4;1138,1;3529,3;
3737,6;1133,1;3623,5;
3738,5;1127,1;3729,4;
3739,5;1126,1;3680,4;
3740,7;1122,1;3725,6;
3741,3;1120,1;3254,2;
3742,2;1119,1;874,1;
3743,8;1118,1;3665,7;
3744,4;1116,1;3625,3;
3745,3;1114,1;3395,2;
3746,6;1112,1;3724,5;
3747,5;1104,1;3322,4;
3748,10;1103,1;3714,9;
3749,3;1092,1;3732,2;
3750,11;1082,1;3748,10;
3751,5;1079,1;3561,4;
3752,2;1076,1;2253,1;
3753,2;1075,1;2332,1;
3754,2;1069,1;2547,1;
3755,10;1064,1;3730,9;
3756,7;1062,1;3735,6;
3757,2;1055,1;437,1;
3758,5;1053,1;3632,4;
3759,4;1049,1;3704,3;
3760,6;1044,1;3648,5;
3761,8;1035,1;3633,7;
3762,4;1030,1;3468,3;
3763,4;1029,1;3677,3;
3764,2;1021,1;2421,1;
3765,2;1020,1;1658,1;
3766,7;1018,1;3651,6;
3767,3;1006,1;3126,2;
3768,2;1003,1;426,1;
3769,8;1001,1;3626,7;
3770,2;1000,1;1920,1;
3771,3;988,1;3615,2;
3772,4;987,1;3370,3;
3773,4;979,1;3741,3;
3774,4;978,1;3617,3;
3775,12;975,1;3750,11;
3776,2;972,1;919,1;
3777,8;966,1;3740,7;
3778,7;961,1;3707,6;
3779,2;951,1;337,1;
3780,4;948,1;3682,3;
3781,10;945,1;3684,9;
3782,2;941,1;1057,1;
3783,4;936,1;3479,3;
3784,6;933,1;3660,5;
3785,4;931,1;3501,3;
3786,2;928,1;876,1;
3787,9;926,1;3743,8;
3788,4;924,1;3698,3;
3789,4;923,1;3538,3;
3790,3;922,1;3681,2;
3791,4;921,1;3537,3;
3792,11;920,1;3781,10;
3793,7;914,1;3642,6;
3794,8;908,1;3723,7;
3795,2;907,1;1302,1;
3796,3;902,1;3377,2;
3797,9;899,1;3678,8;
3798,3;898,1;3474,2;
3799,7;897,1;3733,6;
3800,4;891,1;3697,3;
3801,9;890,1;3794,8;
3802,2;885,1;629,1;
3803,5;882,1;3544,4;
3804,4;881,1;3703,3;
3805,7;878,1;3424,6;
3806,5;871,1;3804,4;
3807,2;870,1;2871,1;
3808,6;864,1;3803,5;
3809,5;852,1;3711,4;
3810,2;848,1;488,1;
3811,2;846,1;593,1;
3812,5;843,1;3727,4;
3813,3;838,1;3722,2;
3814,6;834,1;3551,5;
3815,12;833,1;3792,11;
3816,3;832,1;3252,2;
3817,4;830,1;3790,3;
3818,8;829,1;3805,7;
3819,4;811,1;3636,3;
3820,3;806,1;3317,2;
3821,3;803,1;3034,2;
3822,4;797,1;3734,3;
3823,7;787,1;3808,6;
3824,2;782,1;655,1;
3825,9;781,1;3594,8;
3826,6;780,1;3226,5;
3827,2;772,1;617,1;
3828,2;762,1;20,1;
3829,13;761,1;3815,12;
3830,2;749,1;1898,1;
3831,2;746,1;1227,1;
3832,3;744,1;3689,2;
3833,7;741,1;3814,6;
3834,2;737,1;512,1;
3835,4;735,1;3192,3;
3836,6;730,1;3413,5;
3837,9;722,1;3777,8;
3838,5;718,1;3480,4;
3839,6;715,1;3838,5;
3840,2;706,1;559,1;
3841,5;705,1;3783,4;
3842,7;703,1;3695,6;
3843,2;702,1;865,1;
3844,8;698,1;3842,7;
3845,6;697,1;3812,5;
3846,3;696,1;3779,2;
3847,5;691,1;3822,4;
3848,4;688,1;3085,3;
3849,3;685,1;3460,2;
3850,7;674,1;3690,6;
3851,3;673,1;3685,2;
3852,2;670,1;391,1;
3853,5;669,1;3276,4;
3854,11;668,1;3656,10;
3855,4;667,1;3486,3;
3856,5;666,1;3835,4;
3857,12;663,1;3854,11;
3858,4;661,1;3606,3;
3859,4;658,1;3598,3;
3860,7;657,1;3737,6;
3861,2;654,1;1457,1;
3862,2;651,1;2337,1;
3863,2;648,1;583,1;
3864,8;646,1;3726,7;
3865,3;643,1;3811,2;
3866,6;640,1;3739,5;
3867,3;635,1;3404,2;
3868,2;634,1;598,1;
3869,3;627,1;3852,2;
3870,2;625,1;2116,1;
3871,3;624,1;3752,2;
3872,9;622,1;3864,8;
3873,6;619,1;3523,5;
3874,2;616,1;2358,1;
3875,4;615,1;3447,3;
3876,3;613,1;3212,2;
3877,8;608,1;3850,7;
3878,3;607,1;3110,2;
3879,7;606,1;3426,6;
3880,3;602,1;3569,2;
3881,6;596,1;3747,5;
3882,10;590,1;3872,9;
3883,2;588,1;258,1;
3884,11;585,1;3718,10;
3885,7;581,1;3866,6;
3886,5;579,1;3389,4;
3887,6;577,1;3847,5;
3888,4;574,1;3867,3;
3889,5;572,1;3591,4;
3890,7;563,1;3686,6;
3891,5;560,1;3855,4;
3892,4;557,1;3683,3;
3893,6;556,1;3593,5;
3894,6;551,1;3809,5;
3895,7;538,1;3661,6;
3896,3;529,1;3423,2;
3897,2;517,1;2024,1;
3898,9;513,1;3818,8;
3899,3;511,1;3230,2;
3900,8;500,1;3562,7;
3901,13;495,1;3775,12;
3902,12;491,1;3884,11;
3903,10;490,1;3797,9;
3904,4;485,1;3646,3;
3905,3;479,1;3786,2;
3906,2;477,1;2249,1;
3907,2;475,1;1756,1;
3908,3;474,1;3870,2;
3909,2;469,1;27,1;
3910,8;467,1;3885,7;
3911,2;464,1;525,1;
3912,2;455,1;293,1;
3913,5;451,1;3888,4;
3914,13;448,1;3857,12;
3915,5;446,1;3638,4;
3916,14;436,1;3914,13;
3917,7;434,1;3670,6;
3918,2;423,1;1883,1;
3919,2;422,1;269,1;
3920,11;419,1;3903,10;
3921,3;412,1;3667,2;
3922,2;409,1;2609,1;
3923,3;401,1;3671,2;
3924,3;400,1;3386,2;
3925,8;392,1;3587,7;
3926,2;390,1;275,1;
3927,6;382,1;3891,5;
3928,3;378,1;3336,2;
3929,2;367,1;183,1;
3930,3;366,1;3457,2;
3931,4;362,1;3321,3;
3932,3;359,1;3262,2;
3933,9;355,1;3900,8;
3934,5;354,1;3691,4;
3935,4;349,1;3644,3;
3936,8;339,1;3890,7;
3937,9;338,1;3910,8;
3938,7;334,1;3881,6;
3939,5;324,1;3762,4;
3940,2;323,1;1864,1;
3941,10;315,1;3837,9;
3942,15;312,1;3916,14;
3943,2;305,1;541,1;
3944,8;299,1;3799,7;
3945,4;298,1;3749,3;
3946,5;290,1;3573,4;
3947,2;289,1;738,1;
3948,6;287,1;3441,5;
3949,2;285,1;1490,1;
3950,9;280,1;3944,8;
3951,2;272,1;521,1;
3952,2;271,1;1986,1;
3953,7;268,1;3836,6;
3954,3;267,1;3267,2;
3955,9;262,1;3925,8;
3956,6;259,1;3886,5;
3957,4;255,1;3629,3;
3958,6;233,1;3939,5;
3959,8;232,1;3778,7;
3960,2;230,1;1949,1;
3961,3;225,1;3063,2;
3962,4;218,1;3849,3;
3963,3;214,1;3943,2;
3964,6;207,1;3915,5;
3965,3;201,1;3112,2;
3966,5;200,1;3892,4;
3967,2;197,1;2292,1;
3968,5;188,1;3859,4;
3969,3;187,1;3567,2;
3970,4;175,1;3869,3;
3971,7;167,1;3616,6;
3972,3;165,1;3178,2;
3973,8;163,1;3971,7;
3974,7;162,1;3784,6;
3975,9;159,1;3761,8;
3976,4;158,1;3437,3;
3977,5;157,1;3340,4;
3978,2;155,1;2598,1;
3979,4;145,1;3436,3;
3980,4;142,1;3432,3;
3981,4;141,1;3771,3;
3982,8;139,1;3833,7;
3983,8;138,1;3649,7;
3984,7;135,1;3721,6;
3985,5;124,1;3817,4;
3986,10;116,1;3801,9;
3987,5;113,1;3931,4;
3988,9;98,1;3983,8;
3989,6;90,1;3738,5;
3990,4;85,1;3607,3;
3991,9;82,1;3936,8;
3992,5;76,1;3453,4;
3993,13;75,1;3902,12;
3994,7;70,1;3948,6;
3995,4;66,1;3832,3;
3996,8;65,1;3860,7;
3997,2;63,1;516,1;
3998,5;62,1;3904,4;
3999,4;60,1;3442,3;
4000,4;56,1;3961,3;
4001,9;55,1;3973,8;
4002,7;49,1;3893,6;
4003,9;41,1;3982,8;
4004,3;40,1;3245,2;
4005,8;37,1;3793,7;
4006,6;36,1;3699,5;
4007,2;35,1;2263,1;
4008,8;32,1;3823,7;
4009,4;31,1;4004,3;
4010,3;28,1;4007,2;
4011,16;24,1;3942,15;
4012,2;21,1;690,1;
4013,14;14,1;3993,13;
4014,4;13,1;3923,3;
4015,4;4,1;3865,3;
4016,8;3,1;3895,7;
4017,9;4002,7;3190,2;
4018,12;3991,9;3687,3;
4019,18;3981,4;4013,14;
4020,11;3970,4;3756,7;
4021,14;3955,9;3706,5;
4022,4;3912,2;3827,2;
4023,11;3908,3;3769,8;
4024,10;3877,8;3129,2;
4025,3;3868,2;1803,1;
4026,17;3851,3;4021,14;
4027,4;3840,2;3216,2;
4028,3;3810,2;1193,1;
4029,6;3798,3;3767,3;
4030,5;3224,2;3459,3;
4031,6;3183,2;3526,4;
4032,3;3167,2;1747,1;
4033,4;3102,2;3128,2;
4034,4;3351,2;3947,2;
4035,7;3354,2;3597,5;
4036,11;3366,2;3950,9;
4037,6;3455,2;4022,4;
4038,7;3464,3;3596,4;
4039,5;3570,4;1748,1;
4040,5;4027,4;2505,1;
4041,11;4040,5;4037,6;
4042,17;4036,11;3927,6;
4043,11;4035,7;3979,4;
4044,8;4034,4;4015,4;
4045,13;4033,4;3933,9;
4046,9;4032,3;3407,6;
4047,10;4031,6;3780,4;
4048,10;4030,5;3977,5;
4049,9;4029,6;3813,3;
4050,4;4028,3;1575,1;
4051,20;4026,17;3930,3;
4052,12;4025,3;4049,9;
4053,12;4024,10;3253,2;
4054,25;4018,12;3829,13;
4055,15;4017,9;3563,6;
4056,17;4016,8;3937,9;
4057,7;4014,4;4010,3;
4058,19;4011,16;3816,3;
4059,9;4009,4;3841,5;
4060,12;4008,8;3488,4;
4061,14;4005,8;3641,6;
4062,21;4000,4;4056,17;
4063,6;3999,4;3742,2;
4064,11;3998,5;3614,6;
4065,7;3997,2;3966,5;
4066,15;3995,4;3920,11;
4067,12;3994,7;3664,5;
4068,17;3992,5;4067,12;
4069,10;3988,9;7,1;
4070,12;3987,5;3984,7;
4071,9;3985,5;3534,4;
4072,8;3980,4;3297,4;
4073,4;3978,2;3560,2;
4074,7;3976,4;3871,3;
4075,18;3975,9;4071,9;
4076,10;3974,7;3622,3;
4077,13;3972,3;4076,10;
4078,11;3969,3;4072,8;
4079,9;3968,5;3957,4;
4080,15;3965,3;4060,12;
4081,10;3964,6;3744,4;
4082,10;3963,3;3953,7;
4083,8;3962,4;3492,4;
4084,3;3960,2;681,1;
4085,28;3959,8;4051,20;
4086,13;3956,6;3938,7;
4087,5;3954,3;3669,2;
4088,6;3952,2;3773,4;
4089,4;3951,2;3700,2;
4090,13;3949,2;4023,11;
4091,10;3945,4;3826,6;
4092,15;3941,10;3913,5;
4093,13;3935,4;3825,9;
4094,7;3934,5;3403,2;
4095,8;3932,3;3705,5;
4096,19;3929,2;4042,17;
4097,11;3928,3;3844,8;
4098,5;3926,2;3511,3;
4099,4;3922,2;3753,2;
4100,22;3921,3;4096,19;
4101,4;3919,2;3233,2;
4102,8;3918,2;3728,6;
4103,14;3917,7;4065,7;
4104,3;3909,2;1833,1;
4105,23;3901,13;4082,10;
4106,9;3899,3;4006,6;
4107,21;3898,9;4052,12;
4108,21;3896,3;4019,18;
4109,10;3889,5;3853,5;
4110,10;3887,6;3990,4;
4111,5;3880,3;3332,2;
4112,6;3874,2;3658,4;
4113,14;3873,6;3996,8;
4114,4;3862,2;3095,2;
4115,12;3861,2;4069,10;
4116,8;3858,4;4099,4;
4117,17;3856,5;4070,12;
4118,6;3846,3;3290,3;
4119,12;3845,6;3702,6;
4120,3;3843,2;1845,1;
4121,6;3834,2;3679,4;
4122,6;3831,2;4089,4;
4123,10;3830,2;4116,8;
4124,12;3828,2;3882,10;
4125,3;3824,2;64,1;
4126,7;3821,3;3785,4;
4127,5;3820,3;3720,2;
4128,14;3819,4;4109,10;
4129,3;3807,2;220,1;
4130,7;3806,5;3764,2;
4131,10;3802,2;4083,8;
4132,16;3800,4;4124,12;
4133,9;3796,3;4112,6;
4134,15;3795,2;4086,13;
4135,13;3791,4;4001,9;
4136,9;3789,4;4098,5;
4137,5;3788,4;166,1;
4138,5;3782,2;3719,3;
4139,11;3776,2;4133,9;
4140,6;3774,4;3542,2;
4141,17;3772,4;4090,13;
4142,5;3770,2;3121,3;
4143,27;3768,2;4054,25;
4144,10;3766,7;3694,3;
4145,9;3765,2;3879,7;
4146,14;3763,4;3986,10;
4147,12;3760,6;3640,6;
4148,18;3759,4;4061,14;
4149,3;3757,2;859,1;
4150,21;3755,10;4139,11;
4151,3;3754,2;2685,1;
4152,7;3751,5;3454,2;
4153,13;3746,6;4094,7;
4154,6;3736,4;3236,2;
4155,11;3731,4;4130,7;
4156,7;3715,2;4111,5;
4157,4;3710,2;3452,2;
4158,22;3709,7;4092,15;
4159,7;3708,2;3946,5;
4160,5;3693,3;3343,2;
4161,5;3692,4;1952,1;
4162,13;3688,2;4043,11;
4163,15;3676,2;4045,13;
4164,12;3673,2;4131,10;
4165,8;3672,2;4154,6;
4166,5;3668,2;3628,3;
4167,4;3663,2;3022,2;
4168,7;3655,2;3525,5;
4169,5;3654,3;3358,2;
4170,4;3653,2;3518,2;
4171,13;3652,3;4047,10;
4172,6;3650,4;3376,2;
4173,4;3647,2;3645,2;
4174,7;3637,5;3038,2;
4175,8;3634,2;4140,6;
4176,4;3631,2;3405,2;
4177,5;3627,3;3274,2;
4178,15;3621,5;4123,10;
4179,6;3611,2;4050,4;
4180,5;3610,3;3026,2;
4181,12;3609,3;4136,9;
4182,9;3603,2;4156,7;
4183,12;3600,2;4110,10;
4184,11;3595,2;3787,9;
4185,4;3588,3;769,1;
4186,6;3585,2;4073,4;
4187,18;3583,3;4163,15;
4188,9;3582,3;4179,6;
4189,3;3581,2;266,1;
4190,6;3579,4;3378,2;
4191,4;3578,2;3152,2;
4192,9;3577,2;4126,7;
4193,8;3575,5;3299,3;
4194,19;3571,2;4068,17;
4195,9;3564,3;4122,6;
4196,17;3554,2;4055,15;
4197,17;3553,2;4178,15;
4198,24;3548,3;4107,21;
4199,30;3547,2;4085,28;
4200,10;3540,3;4159,7;
4201,5;3528,2;4084,3;
4202,12;3520,2;4091,10;
4203,15;3519,3;4119,12;
4204,11;3517,2;4059,9;
4205,4;3513,2;3507,2;
4206,32;3509,2;4199,30;
4207,5;3498,3;3197,2;
4208,8;3496,4;4191,4;
4209,7;3495,4;3905,3;
4210,9;3494,3;3839,6;
4211,17;3484,2;4080,15;
4212,12;3478,2;4144,10;
4213,19;3465,2;4196,17;
4214,17;3451,2;4203,15;
4215,3;3439,2;213,1;
4216,12;3438,2;4081,10;
4217,5;3434,2;4215,3;
4218,3;3433,2;441,1;
4219,18;3428,2;4132,16;
4220,7;3421,2;4169,5;
4221,4;3419,2;3132,2;
4222,7;3416,2;4201,5;
4223,6;3410,2;4221,4;
4224,24;3398,3;4108,21;
4225,4;3396,3;1698,1;
4226,3;3388,2;1697,1;
4227,7;3384,2;4217,5;
4228,10;3380,2;4044,8;
4229,5;3373,2;3310,3;
4230,12;3368,3;4188,9;
4231,13;3365,2;4078,11;
4232,3;3364,2;1816,1;
4233,24;3363,2;4100,22;
4234,9;3350,2;4209,7;
4235,15;3348,2;4171,13;
4236,3;3347,2;1555,1;
4237,4;3342,2;3010,2;
4238,3;3341,2;2759,1;
4239,8;3338,4;4176,4;
4240,11;3337,2;4182,9;
4241,12;3335,4;4239,8;
4242,5;3316,3;3096,2;
4243,12;3313,2;4228,10;
4244,4;3305,2;3275,2;
4245,11;3303,2;4210,9;
4246,3;3298,2;1401,1;
4247,11;3291,5;3989,6;
4248,14;3286,2;4183,12;
4249,25;3285,2;4105,23;
4250,16;3283,4;4202,12;
4251,7;3279,3;4244,4;
4252,16;3271,2;4248,14;
4253,3;3270,2;2596,1;
4254,3;3265,2;1086,1;
4255,5;3256,2;4104,3;
4256,4;3255,2;3073,2;
4257,4;3250,3;2286,1;
4258,10;3240,2;4095,8;
4259,3;3239,2;2252,1;
4260,7;3238,2;4229,5;
4261,3;3223,2;1775,1;
4262,9;3222,2;4260,7;
4263,3;3217,2;87,1;
4264,16;3210,2;4103,14;
4265,3;3209,2;2334,1;
4266,9;3011,2;4152,7;
4267,17;3030,2;4066,15;
4268,26;3036,2;4198,24;
4269,11;3039,2;4266,9;
4270,7;3042,2;4087,5;
4271,3;3049,2;2119,1;
4272,17;3050,2;4235,15;
4273,3;3057,2;1491,1;
4274,24;3065,2;4158,22;
4275,5;3078,2;3924,3;
4276,4;3094,2;3161,2;
4277,12;3097,2;4258,10;
4278,7;3115,2;4166,5;
4279,12;3136,3;4003,9;
4280,6;3142,2;4114,4;
4281,8;3145,2;4186,6;
4282,10;3162,2;4175,8;
4283,14;3174,2;4115,12;
4284,20;3181,2;4219,18;
4285,23;3188,2;4150,21;
4286,6;3193,2;4167,4;
4287,3;3196,2;1851,1;
4288,3;3205,2;1013,1;
4289,8;3280,2;4172,6;
4290,14;3295,2;4216,12;
4291,28;3329,2;4268,26;
4292,12;3411,2;4048,10;
4293,15;3539,3;4053,12;
4294,13;3555,3;4282,10;
4295,6;3619,3;4271,3;
4296,4;3620,3;5,1;
4297,3;3624,2;1194,1;
4298,6;3639,5;1860,1;
4299,3;3659,2;910,1;
4300,3;3662,2;291,1;
4301,3;3674,2;2242,1;
4302,8;3717,2;4118,6;
4303,14;3745,3;4064,11;
4304,6;3758,5;709,1;
4305,5;3848,4;1498,1;
4306,19;3863,2;4197,17;
4307,5;3875,4;2269,1;
4308,4;3876,3;1653,1;
4309,10;3878,3;4074,7;
4310,15;3883,2;4294,13;
4311,30;3894,6;4224,24;
4312,3;3897,2;1187,1;
4313,3;3906,2;884,1;
4314,9;3907,2;4270,7;
4315,3;3911,2;1734,1;
4316,10;3940,2;4302,8;
4317,7;3958,6;2907,1;
4318,3;3967,2;237,1;
4319,8;4012,2;4088,6;
4320,17;4020,11;4295,6;
4321,8;4038,7;1999,1;
4322,6;4039,5;1484,1;
4323,2;2994,1;1685,1;
4324,2;2982,1;912,1;
4325,4;2971,1;4253,3;
4326,5;2961,1;4257,4;
4327,4;2956,1;4273,3;
4328,2;2951,1;2945,1;
4329,8;2949,1;4174,7;
4330,8;2946,1;4278,7;
4331,6;2934,1;4127,5;
4332,2;2932,1;1554,1;
4333,2;2928,1;1023,1;
4334,2;2925,1;1130,1;
4335,2;2920,1;95,1;
4336,4;2910,1;4259,3;
4337,2;2895,1;1518,1;
4338,12;2894,1;4247,11;
4339,6;2891,1;4142,5;
4340,9;2890,1;4281,8;
4341,4;2885,1;4287,3;
4342,6;2883,1;4255,5;
4343,7;2878,1;4280,6;
4344,6;2876,1;4275,5;
4345,9;2875,1;4330,8;
4346,2;2872,1;29,1;
4347,2;2863,1;1556,1;
4348,13;2862,1;4338,12;
4349,15;2857,1;4113,14;
4350,8;2856,1;4227,7;
4351,9;2850,1;4350,8;
4352,2;2848,1;1078,1;
4353,7;2846,1;4298,6;
4354,2;2845,1;925,1;
4355,8;2844,1;4222,7;
4356,4;2842,1;4301,3;
4357,2;2835,1;562,1;
4358,11;2826,1;4316,10;
4359,3;2825,1;4332,2;
4360,2;2820,1;1626,1;
4361,2;2814,1;980,1;
4362,2;2809,1;1108,1;
4363,4;2808,1;4236,3;
4364,29;2807,1;4291,28;
4365,4;2806,1;4297,3;
4366,4;2805,1;4254,3;
4367,2;2804,1;861,1;
4368,11;2800,1;4309,10;
4369,3;2799,1;4367,2;
4370,9;2798,1;4319,8;
4371,3;2797,1;4337,2;
4372,10;2796,1;4314,9;
4373,12;2795,1;4368,11;
4374,10;2790,1;4046,9;
4375,6;2787,1;4137,5;
4376,2;2785,1;523,1;
4377,2;2782,1;911,1;
4378,2;2781,1;2224,1;
4379,17;2777,1;4250,16;
4380,4;2769,1;4318,3;
4381,2;2766,1;1994,1;
4382,16;2764,1;4349,15;
4383,30;2763,1;4364,29;
4384,3;2761,1;4360,2;
4385,9;2756,1;4321,8;
4386,2;2755,1;30,1;
4387,10;2752,1;4340,9;
4388,15;2751,1;4146,14;
4389,2;2749,1;2218,1;
4390,6;2748,1;4242,5;
4391,2;2746,1;2233,1;
4392,2;2745,1;251,1;
4393,3;2744,1;4346,2;
4394,2;2741,1;1947,1;
4395,5;2738,1;4356,4;
4396,7;2737,1;4190,6;
4397,18;2734,1;4320,17;
4398,13;2733,1;4279,12;
4399,2;2732,1;1273,1;
4400,6;2731,1;4326,5;
4401,3;2730,1;4391,2;
4402,2;2728,1;609,1;
4403,2;2726,1;1218,1;
4404,2;2724,1;1171,1;
4405,14;2723,1;4231,13;
4406,2;2722,1;2350,1;
4407,2;2717,1;684,1;
4408,21;2716,1;4284,20;
4409,9;2709,1;4165,8;
4410,7;2707,1;4400,6;
4411,2;2706,1;2551,1;
4412,10;2698,1;4079,9;
4413,5;2696,1;4237,4;
4414,2;2695,1;675,1;
4415,19;2694,1;4075,18;
4416,2;2693,1;790,1;
4417,3;2692,1;4392,2;
4418,8;2691,1;4317,7;
4419,2;2690,1;1031,1;
4420,2;2688,1;1796,1;
4421,4;2682,1;4125,3;
4422,26;2681,1;4249,25;
4423,20;2678,1;4415,19;
4424,2;2674,1;2378,1;
4425,5;2673,1;4363,4;
4426,2;2671,1;587,1;
4427,12;2670,1;4184,11;
4428,2;2667,1;1723,1;
4429,2;2663,1;1313,1;
4430,3;2662,1;4402,2;
4431,8;2660,1;4343,7;
4432,4;2658,1;4430,3;
4433,7;2657,1;4375,6;
4434,5;2655,1;4276,4;
4435,5;2654,1;4157,4;
4436,15;2648,1;4405,14;
4437,6;2645,1;4160,5;
4438,2;2644,1;1412,1;
4439,12;2643,1;4245,11;
4440,5;2642,1;4365,4;
4441,22;2641,1;4408,21;
4442,4;2640,1;4226,3;
4443,2;2639,1;2237,1;
4444,7;2635,1;4286,6;
4445,2;2634,1;2013,1;
4446,7;2632,1;4390,6;
4447,2;2628,1;1226,1;
4448,11;2620,1;4374,10;
4449,5;2616,1;4101,4;
4450,11;2610,1;4387,10;
4451,33;2607,1;4206,32;
4452,10;2601,1;4262,9;
4453,9;2600,1;4208,8;
4454,2;2597,1;1107,1;
4455,10;2593,1;4453,9;
4456,10;2589,1;4192,9;
4457,7;2586,1;4342,6;
4458,7;2584,1;4437,6;
4459,24;2583,1;4285,23;
4460,5;2582,1;4366,4;
4461,13;2579,1;4230,12;
4462,18;2577,1;4267,17;
4463,6;2576,1;4440,5;
4464,2;2575,1;1892,1;
4465,9;2571,1;4418,8;
4466,3;2569,1;4443,2;
4467,16;2568,1;4436,15;
4468,15;2567,1;4283,14;
4469,2;2565,1;539,1;
4470,2;2563,1;264,1;
4471,4;2560,1;4232,3;
4472,15;2558,1;4128,14;
4473,2;2557,1;1537,1;
4474,8;2556,1;4353,7;
4475,7;2555,1;4339,6;
4476,3;2553,1;4424,2;
4477,2;2552,1;463,1;
4478,10;2544,1;4370,9;
4479,11;2542,1;4412,10;
4480,10;2541,1;4195,9;
4481,2;2537,1;552,1;
4482,20;2533,1;4058,19;
4483,2;2532,1;1509,1;
4484,2;2530,1;1087,1;
4485,2;2529,1;2003,1;
4486,4;2520,1;4466,3;
4487,7;2519,1;4223,6;
4488,7;2518,1;4344,6;
4489,13;2514,1;4277,12;
4490,2;2512,1;815,1;
4491,2;2511,1;92,1;
4492,18;2503,1;4214,17;
4493,3;2496,1;4362,2;
4494,4;2494,1;4384,3;
4495,3;2492,1;4411,2;
4496,2;2490,1;1210,1;
4497,31;2489,1;4383,30;
4498,3;2487,1;4394,2;
4499,7;2486,1;4121,6;
4500,2;2484,1;1185,1;
4501,3;2483,1;4381,2;
4502,10;2482,1;4345,9;
4503,6;2477,1;4177,5;
4504,4;2476,1;4498,3;
4505,4;2474,1;4371,3;
4506,2;2471,1;1214,1;
4507,8;2468,1;4057,7;
4508,5;2467,1;4173,4;
4509,3;2466,1;4481,2;
4510,4;2465,1;4501,3;
4511,25;2463,1;4233,24;
4512,3;2462,1;4328,2;
4513,3;2461,1;4354,2;
4514,3;2460,1;4438,2;
4515,4;2459,1;4509,3;
4516,5;2455,1;4325,4;
4517,2;2451,1;2150,1;
4518,3;2447,1;4484,2;
4519,7;2446,1;4463,6;
4520,2;2445,1;67,1;
4521,14;2444,1;4489,13;
4522,2;2443,1;1131,1;
4523,18;2441,1;4272,17;
4524,8;2438,1;4488,7;
4525,5;2437,1;4380,4;
4526,2;2436,1;1875,1;
4527,6;2433,1;4161,5;
4528,3;2430,1;4491,2;
4529,2;2429,1;934,1;
4530,17;2427,1;4264,16;
4531,5;2425,1;4486,4;
4532,4;2423,1;4265,3;
4533,23;2419,1;4441,22;
4534,18;2416,1;4117,17;
4535,3;2415,1;4378,2;
4536,3;2414,1;4469,2;
4537,2;2412,1;181,1;
4538,16;2411,1;4472,15;
4539,18;2409,1;4530,17;
4540,14;2408,1;4135,13;
4541,11;2407,1;4478,10;
4542,19;2405,1;4534,18;
4543,5;2404,1;4515,4;
4544,3;2402,1;4526,2;
4545,2;2400,1;750,1;
4546,14;2398,1;4348,13;
4547,9;2397,1;4507,8;
4548,2;2396,1;968,1;
4549,4;2394,1;4514,3;
4550,20;2393,1;4194,19;
4551,12;2390,1;4240,11;
4552,25;2388,1;4459,24;
4553,4;2386,1;4401,3;
4554,2;2385,1;753,1;
4555,31;2383,1;4311,30;
4556,2;2382,1;1565,1;
4557,5;2381,1;4432,4;
4558,2;2379,1;1957,1;
4559,8;2376,1;4220,7;
4560,14;2373,1;4093,13;
4561,16;2370,1;4388,15;
4562,6;2367,1;4508,5;
4563,2;2365,1;1139,1;
4564,8;2363,1;4458,7;
4565,2;2362,1;164,1;
4566,2;2361,1;1454,1;
4567,5;2356,1;4504,4;
4568,3;2355,1;4565,2;
4569,10;2354,1;4465,9;
4570,2;2352,1;72,1;
4571,2;2351,1;2038,1;
4572,11;2349,1;4480,10;
4573,3;2348,1;4403,2;
4574,7;2347,1;4331,6;
4575,9;2344,1;4193,8;
4576,9;2341,1;4329,8;
4577,3;2340,1;4347,2;
4578,2;2339,1;2274,1;
4579,2;2331,1;2130,1;
4580,3;2330,1;4454,2;
4581,9;2329,1;4355,8;
4582,3;2328,1;4548,2;
4583,14;2327,1;4153,13;
4584,11;2326,1;4200,10;
4585,21;2324,1;4482,20;
4586,6;2323,1;4449,5;
4587,17;2320,1;4538,16;
4588,4;2319,1;4495,3;
4589,4;2312,1;4261,3;
4590,2;2311,1;313,1;
4591,4;2310,1;4359,3;
4592,3;2307,1;4590,2;
4593,9;2305,1;4524,8;
4594,4;2303,1;4513,3;
4595,2;2302,1;320,1;
4596,25;2301,1;4274,24;
4597,4;2298,1;4512,3;
4598,3;2296,1;4470,2;
4599,8;2291,1;4396,7;
4600,16;2289,1;4468,15;
4601,2;2288,1;1781,1;
4602,2;2287,1;826,1;
4603,7;2285,1;4503,6;
4604,12;2281,1;4041,11;
4605,8;2279,1;4499,7;
4606,9;2278,1;4102,8;
4607,2;2273,1;510,1;
4608,18;2267,1;4379,17;
4609,13;2266,1;4212,12;
4610,6;2265,1;4207,5;
4611,2;2260,1;1097,1;
4612,3;2259,1;4571,2;
4613,15;2258,1;4303,14;
4614,2;2251,1;943,1;
4615,2;2247,1;866,1;
4616,2;2246,1;555,1;
4617,11;2244,1;4456,10;
4618,2;2240,1;2173,1;
4619,2;2238,1;1117,1;
4620,8;2236,1;4446,7;
4621,4;2235,1;4568,3;
4622,26;2234,1;4552,25;
4623,3;2232,1;4429,2;
4624,12;2226,1;4155,11;
4625,6;2223,1;4516,5;
4626,13;2221,1;4551,12;
4627,3;2220,1;4334,2;
4628,4;2219,1;4313,3;
4629,8;2216,1;4519,7;
4630,10;2215,1;4145,9;
4631,2;2214,1;335,1;
4632,10;2212,1;4576,9;
4633,6;2203,1;4413,5;
4634,6;2201,1;4434,5;
4635,2;2200,1;384,1;
4636,3;2198,1;4554,2;
4637,8;2196,1;4603,7;
4638,5;2195,1;4170,4;
4639,6;2194,1;4638,5;
4640,2;2192,1;1397,1;
4641,2;2190,1;1340,1;
4642,12;2189,1;4479,11;
4643,13;2188,1;4642,12;
4644,26;2187,1;4511,25;
4645,2;2184,1;853,1;
4646,32;2182,1;4555,31;
4647,14;2181,1;4077,13;
4648,9;2176,1;4474,8;
4649,6;2174,1;4395,5;
4650,7;2172,1;4649,6;
4651,16;2168,1;4613,15;
4652,4;2167,1;4288,3;
4653,6;2165,1;4180,5;
4654,2;2164,1;818,1;
4655,14;2159,1;4162,13;
4656,7;2158,1;4653,6;
4657,2;2157,1;845,1;
4658,6;2151,1;4557,5;
4659,17;2149,1;4467,16;
4660,9;2146,1;4637,8;
4661,2;2145,1;1531,1;
4662,10;2141,1;4106,9;
4663,4;2139,1;4299,3;
4664,17;2138,1;4382,16;
4665,2;2134,1;358,1;
4666,4;2133,1;4300,3;
4667,6;2131,1;4525,5;
4668,5;2126,1;4553,4;
4669,2;2125,1;900,1;
4670,7;2122,1;4610,6;
4671,7;2121,1;4634,6;
4672,17;2120,1;4252,16;
4673,2;2118,1;610,1;
4674,8;2113,1;4433,7;
4675,10;2112,1;4606,9;
4676,9;2111,1;4599,8;
4677,4;2108,1;4369,3;
4678,3;2107,1;4611,2;
4679,5;2102,1;4591,4;
4680,9;2100,1;4431,8;
4681,2;2098,1;1933,1;
4682,5;2095,1;4225,4;
4683,9;2094,1;4559,8;
4684,3;2093,1;4445,2;
4685,15;2092,1;4560,14;
4686,20;2090,1;4542,19;
4687,8;2088,1;4574,7;
4688,4;2086,1;4684,3;
4689,2;2084,1;1094,1;
4690,4;2083,1;4315,3;
4691,8;2082,1;4475,7;
4692,10;2081,1;4575,9;
4693,5;2080,1;4532,4;
4694,9;2079,1;4620,8;
4695,4;2074,1;4129,3;
4696,15;2072,1;4546,14;
4697,10;2069,1;4234,9;
4698,3;2062,1;4447,2;
4699,10;2060,1;4680,9;
4700,2;2057,1;700,1;
4701,2;2056,1;217,1;
4702,2;2053,1;1486,1;
4703,2;2052,1;727,1;
4704,2;2051,1;1480,1;
4705,11;2048,1;4630,10;
4706,3;2046,1;4399,2;
4707,2;2044,1;1456,1;
4708,12;2042,1;4450,11;
4709,2;2040,1;1346,1;
4710,11;2039,1;4502,10;
4711,2;2034,1;1474,1;
4712,4;2033,1;4518,3;
4713,4;2032,1;4263,3;
4714,9;2028,1;4674,8;
4715,2;2026,1;421,1;
4716,4;2023,1;4535,3;
4717,19;2021,1;4148,18;
4718,3;2018,1;4496,2;
4719,18;2017,1;4587,17;
4720,11;2016,1;4662,10;
4721,14;2012,1;4398,13;
4722,12;2011,1;4572,11;
4723,10;2010,1;4593,9;
4724,6;2008,1;4435,5;
4725,2;2004,1;1471,1;
4726,10;1998,1;4409,9;
4727,2;1996,1;756,1;
4728,9;1991,1;4687,8;
4729,13;1989,1;4181,12;
4730,11;1988,1;4675,10;
4731,11;1985,1;4455,10;
4732,9;1984,1;4605,8;
4733,9;1981,1;4629,8;
4734,19;1979,1;4397,18;
4735,8;1978,1;4457,7;
4736,5;1977,1;4510,4;
4737,6;1976,1;4531,5;
4738,10;1975,1;4714,9;
4739,11;1971,1;4723,10;
4740,15;1967,1;4290,14;
4741,5;1964,1;4688,4;
4742,2;1962,1;1751,1;
4743,11;1961,1;4372,10;
4744,2;1960,1;1150,1;
4745,4;1956,1;4151,3;
4746,4;1955,1;4528,3;
4747,18;1953,1;4141,17;
4748,2;1951,1;1760,1;
4749,5;1946,1;4695,4;
4750,3;1945,1;4601,2;
4751,3;1944,1;4361,2;
4752,6;1943,1;4749,5;
4753,19;1942,1;4539,18;
4754,8;1941,1;4168,7;
4755,34;1939,1;4451,33;
4756,3;1938,1;4635,2;
4757,10;1937,1;4728,9;
4758,2;1934,1;1583,1;
4759,8;1932,1;4671,7;
4760,4;1931,1;4493,3;
4761,7;1930,1;4633,6;
4762,33;1927,1;4646,32;
4763,4;1926,1;4706,3;
4764,12;1924,1;4731,11;
4765,18;1923,1;4664,17;
4766,8;1922,1;4761,7;
4767,2;1919,1;1485,1;
4768,7;1917,1;4724,6;
4769,6;1915,1;4693,5;
4770,10;1913,1;4385,9;
4771,3;1912,1;4352,2;
4772,2;1910,1;959,1;
4773,2;1909,1;802,1;
4774,5;1907,1;4628,4;
4775,2;1906,1;1102,1;
4776,19;1905,1;4747,18;
4777,2;1903,1;631,1;
4778,6;1902,1;4543,5;
4779,3;1899,1;4725,2;
4780,14;1894,1;4729,13;
4781,22;1891,1;4062,21;
4782,11;1890,1;4632,10;
4783,2;1888,1;1212,1;
4784,5;1886,1;4663,4;
4785,21;1885,1;4550,20;
4786,2;1882,1;1105,1;
4787,23;1881,1;4781,22;
4788,2;1880,1;1779,1;
4789,13;1877,1;4722,12;
4790,3;1876,1;4767,2;
4791,8;1870,1;4656,7;
4792,4;1869,1;4779,3;
4793,10;1868,1;4660,9;
4794,2;1867,1;816,1;
4795,8;1866,1;4487,7;
4796,4;1865,1;4636,3;
4797,12;1863,1;4584,11;
4798,3;1861,1;4386,2;
4799,4;1859,1;4573,3;
4800,10;1857,1;4676,9;
4801,10;1856,1;4732,9;
4802,3;1855,1;4788,2;
4803,10;1854,1;4683,9;
4804,5;1852,1;4799,4;
4805,4;1850,1;4718,3;
4806,34;1849,1;4762,33;
4807,12;1848,1;4743,11;
4808,5;1844,1;4621,4;
4809,22;1839,1;4785,21;
4810,2;1838,1;442,1;
4811,6;1834,1;4460,5;
4812,13;1832,1;4147,12;
4813,2;1828,1;1527,1;
4814,27;1826,1;4422,26;
4815,9;1825,1;4564,8;
4816,12;1821,1;4705,11;
4817,2;1820,1;1043,1;
4818,7;1819,1;4658,6;
4819,9;1812,1;4759,8;
4820,2;1809,1;1098,1;
4821,3;1800,1;4772,2;
4822,12;1799,1;4710,11;
4823,5;1798,1;4652,4;
4824,3;1797,1;4794,2;
4825,2;1795,1;584,1;
4826,10;1794,1;4733,9;
4827,10;1793,1;4694,9;
4828,12;1792,1;4358,11;
4829,3;1790,1;4522,2;
4830,2;1788,1;983,1;
4831,11;1786,1;4827,10;
4832,4;1785,1;4798,3;
4833,2;1784,1;1054,1;
4834,5;1783,1;4549,4;
4835,5;1782,1;4666,4;
4836,2;1780,1;311,1;
4837,11;1778,1;4692,10;
4838,5;1774,1;4308,4;
4839,12;1772,1;4837,11;
4840,11;1767,1;4452,10;
4841,5;1761,1;4713,4;
4842,9;1758,1;4754,8;
4843,4;1753,1;4790,3;
4844,3;1752,1;4665,2;
4845,17;1750,1;4651,16;
4846,3;1746,1;4414,2;
4847,2;1744,1;995,1;
4848,3;1742,1;4595,2;
4849,5;1741,1;4712,4;
4850,10;1740,1;4842,9;
4851,18;1739,1;4211,17;
4852,7;1737,1;4811,6;
4853,4;1731,1;4544,3;
4854,8;1729,1;4768,7;
4855,6;1728,1;4567,5;
4856,9;1725,1;4735,8;
4857,4;1724,1;4536,3;
4858,2;1722,1;203,1;
4859,2;1720,1;1696,1;
4860,15;1714,1;4721,14;
4861,8;1711,1;4852,7;
4862,11;1709,1;4738,10;
4863,10;1708,1;4648,9;
4864,19;1706,1;4492,18;
4865,11;1704,1;4801,10;
4866,4;1703,1;4848,3;
4867,9;1702,1;4691,8;
4868,16;1694,1;4860,15;
4869,4;1689,1;4756,3;
4870,10;1687,1;4867,9;
4871,3;1684,1;4407,2;
4872,4;1681,1;4612,3;
4873,5;1679,1;4185,4;
4874,7;1678,1;4063,6;
4875,2;1675,1;1074,1;
4876,2;1672,1;261,1;
4877,15;1671,1;4647,14;
4878,3;1669,1;4689,2;
4879,2;1668,1;38,1;
4880,3;1666,1;4426,2;
4881,6;1663,1;4774,5;
4882,11;1661,1;4850,10;
4883,2;1660,1;534,1;
4884,5;1659,1;4805,4;
4885,6;1657,1;4679,5;
4886,13;1656,1;4816,12;
4887,11;1652,1;4863,10;
4888,11;1650,1;4826,10;
4889,3;1649,1;4711,2;
4890,7;1648,1;4562,6;
4891,12;1646,1;4888,11;
4892,3;1644,1;4783,2;
4893,21;1642,1;4423,20;
4894,5;1641,1;4256,4;
4895,13;1640,1;4292,12;
4896,3;1639,1;4607,2;
4897,7;1633,1;4527,6;
4898,5;1631,1;4205,4;
4899,2;1630,1;503,1;
4900,20;1628,1;4734,19;
4901,15;1625,1;4521,14;
4902,2;1624,1;860,1;
4903,4;1621,1;4844,3;
4904,5;1620,1;4869,4;
4905,7;1616,1;4304,6;
4906,8;1615,1;4905,7;
4907,2;1613,1;45,1;
4908,7;1611,1;4667,6;
4909,19;1610,1;4523,18;
4910,5;1607,1;4594,4;
4911,6;1606,1;4910,5;
4912,9;1605,1;4906,8;
4913,6;1604,1;4838,5;
4914,28;1602,1;4143,27;
4915,9;1599,1;4854,8;
4916,6;1597,1;4741,5;
4917,3;1596,1;4773,2;
4918,19;1593,1;4462,18;
4919,3;1590,1;4875,2;
4920,7;1589,1;4916,6;
4921,28;1588,1;4814,27;
4922,2;1587,1;740,1;
4923,29;1585,1;4921,28;
4924,4;1584,1;4698,3;
4925,11;1581,1;4870,10;
4926,15;1580,1;4540,14;
4927,2;1578,1;1447,1;
4928,4;1574,1;4889,3;
4929,22;1573,1;4585,21;
4930,8;1568,1;4670,7;
4931,9;1567,1;4930,8;
4932,2;1566,1;1232,1;
4933,2;1562,1;253,1;
4934,4;1558,1;4771,3;
4935,2;1552,1;1058,1;
4936,4;1551,1;4880,3;
4937,10;1550,1;4581,9;
4938,8;1549,1;4650,7;
4939,11;1547,1;4699,10;
4940,13;1545,1;4708,12;
4941,3;1544,1;4579,2;
4942,5;1541,1;4505,4;
4943,3;1539,1;4631,2;
4944,11;1538,1;4757,10;
4945,2;1536,1;1395,1;
4946,5;1535,1;4843,4;
4947,11;1530,1;4800,10;
4948,10;1528,1;4351,9;
4949,11;1525,1;4948,10;
4950,2;1519,1;294,1;
4951,24;1517,1;4533,23;
4952,2;1514,1;808,1;
4953,12;1512,1;4730,11;
4954,4;1510,1;4751,3;
4955,8;1507,1;4251,7;
4956,6;1506,1;4784,5;
4957,12;1504,1;4865,11;
4958,9;1503,1;4955,8;
4959,10;1501,1;4958,9;
4960,16;1500,1;4685,15;
4961,12;1496,1;4949,11;
4962,14;1495,1;4626,13;
4963,5;1489,1;4471,4;
4964,20;1488,1;4864,19;
4965,13;1479,1;4604,12;
4966,6;1478,1;4963,5;
4967,17;1476,1;4960,16;
4968,16;1473,1;4293,15;
4969,4;1472,1;4846,3;
4970,7;1470,1;4769,6;
4971,2;1469,1;695,1;
4972,2;1468,1;599,1;
4973,14;1466,1;4965,13;
4974,32;1465,1;4497,31;
4975,33;1463,1;4974,32;
4976,6;1462,1;4849,5;
4977,10;1461,1;4915,9;
4978,18;1450,1;4672,17;
4979,5;1449,1;4442,4;
4980,15;1448,1;4973,14;
4981,3;1446,1;4813,2;
4982,2;1445,1;132,1;
4983,2;1444,1;586,1;
4984,6;1443,1;4307,5;
4985,4;1442,1;4120,3;
4986,16;1441,1;4901,15;
4987,3;1440,1;4825,2;
4988,3;1439,1;4935,2;
4989,2;1437,1;1252,1;
4990,13;1434,1;4427,12;
4991,2;1432,1;1072,1;
4992,18;1431,1;4845,17;
4993,2;1429,1;974,1;
4994,4;1428,1;4623,3;
4995,6;1424,1;4979,5;
4996,19;1423,1;4851,18;
4997,2;1419,1;851,1;
4998,3;1418,1;4972,2;
4999,11;1416,1;4770,10;
5000,9;1415,1;4289,8;
5001,4;1413,1;4678,3;
5002,5;1409,1;4936,4;
5003,2;1408,1;78,1;
5004,4;1404,1;4998,3;
5005,4;1402,1;4871,3;
5006,5;1394,1;5001,4;
5007,19;1391,1;4992,18;
5008,19;1390,1;4978,18;
5009,11;1388,1;4726,10;
5010,7;1387,1;4737,6;
5011,2;1385,1;407,1;
5012,5;1384,1;4928,4;
5013,20;1383,1;4213,19;
5014,6;1380,1;5002,5;
5015,2;1376,1;185,1;
5016,16;1375,1;4696,15;
5017,2;1374,1;1019,1;
5018,2;1373,1;25,1;
5019,35;1371,1;4755,34;
5020,6;1370,1;4834,5;
5021,20;1369,1;4909,19;
5022,11;1366,1;4793,10;
5023,12;1365,1;4782,11;
5024,6;1364,1;4736,5;
5025,10;1363,1;4547,9;
5026,12;1361,1;4925,11;
5027,17;1360,1;4986,16;
5028,4;1359,1;4943,3;
5029,25;1357,1;4951,24;
5030,9;1356,1;4766,8;
5031,5;1353,1;4872,4;
5032,19;1352,1;4719,18;
5033,2;1351,1;1292,1;
5034,4;1350,1;4189,3;
5035,6;1349,1;4894,5;
5036,2;1347,1;1331,1;
5037,4;1345,1;4981,3;
5038,8;1344,1;4897,7;
5039,12;1343,1;4831,11;
5040,4;1341,1;4987,3;
5041,8;1334,1;4818,7;
5042,27;1332,1;4622,26;
5043,20;1329,1;4918,19;
5044,28;1325,1;5042,27;
5045,6;1324,1;4682,5;
5046,2;1321,1;205,1;
5047,7;1320,1;5035,6;
5048,2;1319,1;717,1;
5049,4;1317,1;4580,3;
5050,3;1314,1;4993,2;
5051,34;1312,1;4975,33;
5052,11;1311,1;4959,10;
5053,10;1306,1;5030,9;
5054,3;1305,1;4537,2;
5055,4;1304,1;4896,3;
5056,5;1303,1;5055,4;
5057,7;1301,1;4855,6;
5058,8;1299,1;5047,7;
5059,2;1298,1;856,1;
5060,21;1297,1;4964,20;
5061,9;1296,1;4791,8;
5062,2;1295,1;527,1;
5063,5;1293,1;4760,4;
5064,5;1291,1;4857,4;
5065,6;1290,1;5006,5;
5066,3;1289,1;4376,2;
5067,9;1285,1;5038,8;
5068,10;1284,1;5061,9;
5069,4;1282,1;4312,3;
5070,19;1276,1;4765,18;
5071,20;1274,1;4306,19;
5072,16;1272,1;4980,15;
5073,3;1270,1;5017,2;
5074,5;1269,1;4866,4;
5075,4;1266,1;4919,3;
5076,5;1263,1;4716,4;
5077,13;1260,1;5039,12;
5078,3;1257,1;4645,2;
5079,10;1254,1;4931,9;
5080,7;1251,1;4966,6;
5081,6;1250,1;4942,5;
5082,2;1249,1;416,1;
5083,13;1248,1;4953,12;
5084,13;1247,1;4839,12;
5085,9;1246,1;4795,8;
5086,11;1243,1;4697,10;
5087,12;1242,1;4947,11;
5088,17;1238,1;4561,16;
5089,11;1234,1;5079,10;
5090,6;1233,1;5064,5;
5091,2;1231,1;161,1;
5092,6;1230,1;4835,5;
5093,8;1229,1;5010,7;
5094,12;1228,1;4541,11;
5095,9;1225,1;4861,8;
5096,3;1223,1;4490,2;
5097,7;1222,1;4881,6;
5098,8;1221,1;5097,7;
5099,5;1220,1;5034,4;
5100,5;1219,1;4296,4;
5101,10;1216,1;5000,9;
5102,18;1207,1;4967,17;
5103,2;1206,1;429,1;
5104,11;1204,1;5025,10;
5105,12;1201,1;5089,11;
5106,13;1199,1;4243,12;
5107,11;1198,1;5101,10;
5108,6;1196,1;5063,5;
5109,20;1195,1;4776,19;
5110,5;1184,1;4994,4;
5111,19;1182,1;5102,18;
5112,2;1181,1;540,1;
5113,4;1177,1;4582,3;
5114,7;1176,1;5045,6;
5115,11;1175,1;4937,10;
5116,23;1173,1;4809,22;
5117,5;1172,1;4494,4;
5118,6;1169,1;5117,5;
5119,2;1165,1;84,1;
5120,10;1164,1;5085,9;
5121,26;1163,1;4596,25;
5122,16;1161,1;4926,15;
5123,18;1160,1;5088,17;
5124,11;1159,1;5053,10;
5125,6;1155,1;5056,5;
5126,11;1151,1;4803,10;
5127,7;1148,1;5118,6;
5128,7;1146,1;4913,6;
5129,3;1143,1;4702,2;
5130,20;1137,1;4717,19;
5131,21;1134,1;5130,20;
5132,5;1132,1;5028,4;
5133,2;1129,1;565,1;
5134,7;1123,1;5014,6;
5135,11;1121,1;5068,10;
5136,5;1115,1;4969,4;
5137,22;1113,1;4893,21;
5138,5;1100,1;4924,4;
5139,6;1096,1;4841,5;
5140,2;1095,1;1014,1;
5141,2;1093,1;650,1;
5142,4;1091,1;4821,3;
5143,8;1090,1;4970,7;
5144,4;1089,1;4988,3;
5145,3;1085,1;4876,2;
5146,9;1084,1;5058,8;
5147,24;1080,1;5116,23;
5148,8;1077,1;5057,7;
5149,17;1071,1;5122,16;
5150,12;1070,1;4887,11;
5151,17;1068,1;5072,16;
5152,11;1067,1;4977,10;
5153,10;1066,1;5095,9;
5154,7;1065,1;4911,6;
5155,20;1061,1;5070,19;
5156,10;1060,1;5146,9;
5157,3;1059,1;4506,2;
5158,9;1056,1;5148,8;
5159,2;1052,1;404,1;
5160,3;1050,1;4952,2;
5161,14;1048,1;5106,13;
5162,3;1047,1;4641,2;
5163,12;1045,1;4739,11;
5164,22;1042,1;5131,21;
5165,3;1041,1;5033,2;
5166,7;1040,1;4322,6;
5167,13;1039,1;4891,12;
5168,2;1038,1;973,1;
5169,5;1037,1;4763,4;
5170,12;1036,1;5126,11;
5171,7;1034,1;5125,6;
5172,4;1033,1;4393,3;
5173,5;1032,1;4341,4;
5174,6;1026,1;4138,5;
5175,12;1025,1;4999,11;
5176,9;1024,1;4938,8;
5177,4;1022,1;5145,3;
5178,7;1017,1;4752,6;
5179,3;1016,1;4777,2;
5180,13;1015,1;5105,12;
5181,5;1011,1;4903,4;
5182,5;1010,1;5142,4;
5183,4;1009,1;4238,3;
5184,13;1008,1;5170,12;
5185,6;1007,1;4946,5;
5186,7;1005,1;4976,6;
5187,11;1004,1;5156,10;
5188,4;1002,1;5054,3;
5189,4;999,1;5129,3;
5190,5;998,1;5177,4;
5191,2;996,1;148,1;
5192,8;994,1;5080,7;
5193,3;993,1;5191,2;
5194,7;991,1;4586,6;
5195,14;989,1;4886,13;
5196,3;985,1;4933,2;
5197,10;982,1;5176,9;
5198,7;981,1;4625,6;
5199,2;977,1;433,1;
5200,3;976,1;4640,2;
5201,8;971,1;4890,7;
5202,15;967,1;5195,14;
5203,6;965,1;4898,5;
5204,5;964,1;4589,4;
5205,3;963,1;4419,2;
5206,27;962,1;5121,26;
5207,12;960,1;5124,11;
5208,11;958,1;5120,10;
5209,5;957,1;5183,4;
5210,6;955,1;5031,5;
5211,6;954,1;5100,5;
5212,10;953,1;5067,9;
5213,2;952,1;671,1;
5214,5;950,1;5040,4;
5215,3;949,1;4820,2;
5216,11;947,1;5197,10;
5217,21;946,1;5043,20;
5218,20;944,1;5111,19;
5219,6;942,1;5204,5;
5220,22;939,1;5217,21;
5221,21;937,1;5155,20;
5222,18;932,1;5027,17;
5223,23;930,1;5220,22;
5224,2;929,1;823,1;
5225,8;927,1;5134,7;
5226,5;918,1;4934,4;
5227,5;917,1;4746,4;
5228,3;916,1;4836,2;
5229,7;915,1;4639,6;
5230,7;913,1;4778,6;
5231,8;909,1;5230,7;
5232,18;906,1;5151,17;
5233,2;905,1;535,1;
5234,6;903,1;5074,5;
5235,2;901,1;117,1;
5236,7;896,1;4984,6;
5237,5;894,1;5189,4;
5238,8;892,1;5114,7;
5239,5;889,1;4597,4;
5240,7;887,1;5108,6;
5241,8;886,1;4874,7;
5242,8;883,1;5154,7;
5243,6;880,1;5012,5;
5244,8;879,1;4908,7;
5245,2;877,1;589,1;
5246,30;875,1;4923,29;
5247,9;873,1;5231,8;
5248,6;872,1;4823,5;
5249,8;863,1;5127,7;
5250,4;862,1;4917,3;
5251,7;857,1;5185,6;
5252,6;855,1;5237,5;
5253,2;854,1;180,1;
5254,3;849,1;4563,2;
5255,8;847,1;5128,7;
5256,7;844,1;5203,6;
5257,3;842,1;4833,2;
5258,31;841,1;5246,30;
5259,10;839,1;5247,9;
5260,11;837,1;5259,10;
5261,23;836,1;5137,22;
5262,4;827,1;4476,3;
5263,4;825,1;4149,3;
5264,9;824,1;5201,8;
5265,27;822,1;4644,26;
5266,3;821,1;4483,2;
5267,2;820,1;659,1;
5268,9;819,1;5241,8;
5269,14;817,1;4940,13;
5270,3;813,1;4520,2;
5271,4;812,1;5078,3;
5272,3;809,1;5119,2;
5273,2;807,1;413,1;
5274,3;805,1;4922,2;
5275,6;804,1;5136,5;
5276,6;801,1;5110,5;
5277,3;800,1;4500,2;
5278,29;799,1;5044,28;
5279,3;798,1;4333,2;
5280,4;796,1;5274,3;
5281,20;795,1;5007,19;
5282,7;793,1;4956,6;
5283,2;791,1;501,1;
5284,6;789,1;5190,5;
5285,9;788,1;5192,8;
5286,8;786,1;5240,7;
5287,25;785,1;5147,24;
5288,5;784,1;4792,4;
5289,8;783,1;5186,7;
5290,20;779,1;4996,19;
5291,9;778,1;5225,8;
5292,2;776,1;662,1;
5293,5;775,1;5049,4;
5294,4;774,1;5257,3;
5295,13;773,1;4797,12;
5296,7;771,1;5252,6;
5297,10;770,1;4912,9;
5298,17;768,1;5016,16;
5299,5;767,1;4745,4;
5300,4;766,1;4246,3;
5301,7;765,1;5065,6;
5302,21;764,1;5013,20;
5303,18;763,1;5298,17;
5304,2;760,1;621,1;
5305,2;759,1;308,1;
5306,6;757,1;5138,5;
5307,7;755,1;5306,6;
5308,2;754,1;408,1;
5309,3;752,1;4416,2;
5310,4;751,1;4627,3;
5311,9;747,1;5286,8;
5312,2;745,1;454,1;
5313,32;743,1;5258,31;
5314,5;742,1;5005,4;
5315,7;739,1;5174,6;
5316,5;736,1;4421,4;
5317,12;733,1;5009,11;
5318,7;732,1;5020,6;
5319,15;728,1;4655,14;
5320,4;726,1;5066,3;
5321,6;725,1;5316,5;
5322,17;723,1;4968,16;
5323,7;720,1;5243,6;
5324,14;719,1;4990,13;
5325,3;714,1;5103,2;
5326,4;713,1;5272,3;
5327,3;712,1;5141,2;
5328,6;710,1;5239,5;
5329,2;708,1;101,1;
5330,12;701,1;4840,11;
5331,11;694,1;5297,10;
5332,3;693,1;4615,2;
5333,14;692,1;4461,13;
5334,8;689,1;5229,7;
5335,12;687,1;5208,11;
5336,6;686,1;5227,5;
5337,7;683,1;5219,6;
5338,3;682,1;5018,2;
5339,10;680,1;5268,9;
5340,2;679,1;611,1;
5341,21;678,1;5071,20;
5342,8;677,1;5171,7;
5343,4;672,1;5200,3;
5344,22;665,1;5221,21;
5345,13;664,1;4439,12;
5346,13;660,1;5026,12;
5347,5;653,1;5075,4;
5348,9;652,1;5242,8;
5349,19;649,1;5123,18;
5350,19;647,1;5232,18;
5351,7;645,1;5248,6;
5352,21;644,1;4900,20;
5353,9;641,1;5098,8;
5354,6;638,1;4873,5;
5355,26;637,1;5287,25;
5356,7;636,1;5321,6;
5357,3;633,1;4950,2;
5358,15;628,1;4962,14;
5359,2;626,1;223,1;
5360,3;620,1;5091,2;
5361,5;614,1;4832,4;
5362,13;612,1;5335,12;
5363,3;604,1;5283,2;
5364,2;603,1;357,1;
5365,16;601,1;4310,15;
5366,8;600,1;4444,7;
5367,13;597,1;5094,12;
5368,16;594,1;5358,15;
5369,7;592,1;5024,6;
5370,11;591,1;5153,10;
5371,2;582,1;352,1;
5372,7;580,1;5211,6;
5373,22;573,1;5060,21;
5374,18;568,1;5149,17;
5375,13;567,1;4807,12;
5376,19;566,1;4608,18;
5377,22;561,1;5302,21;
5378,2;558,1;153,1;
5379,2;554,1;480,1;
5380,7;553,1;5328,6;
5381,9;550,1;5143,8;
5382,19;548,1;4187,18;
5383,7;546,1;4885,6;
5384,2;545,1;196,1;
5385,15;543,1;5324,14;
5386,33;542,1;5313,32;
5387,8;537,1;5307,7;
5388,8;533,1;5337,7;
5389,9;531,1;5255,8;
5390,15;528,1;4583,14;
5391,9;524,1;5334,8;
5392,6;522,1;5347,5;
5393,3;520,1;5253,2;
5394,11;519,1;5212,10;
5395,10;515,1;5291,9;
5396,7;509,1;5092,6;
5397,9;506,1;5366,8;
5398,10;505,1;5389,9;
5399,7;504,1;5210,6;
5400,24;502,1;5261,23;
5401,4;499,1;4417,3;
5402,3;496,1;4619,2;
5403,14;493,1;5346,13;
5404,24;492,1;4787,23;
5405,21;489,1;5109,20;
5406,22;486,1;5405,21;
5407,11;484,1;4569,10;
5408,8;483,1;4920,7;
5409,20;481,1;5008,19;
5410,14;478,1;5180,13;
5411,7;476,1;5276,6;
5412,7;473,1;5139,6;
5413,23;472,1;4929,22;
5414,10;471,1;5391,9;
5415,7;462,1;5090,6;
5416,8;461,1;5415,7;
5417,6;460,1;5173,5;
5418,6;459,1;5361,5;
5419,2;458,1;296,1;
5420,5;457,1;5188,4;
5421,10;456,1;5353,9;
5422,8;452,1;5412,7;
5423,21;449,1;4686,20;
5424,10;447,1;4815,9;
5425,2;445,1;260,1;
5426,13;444,1;4961,12;
5427,12;439,1;4097,11;
5428,3;438,1;4744,2;
5429,9;435,1;5387,8;
5430,8;432,1;5251,7;
5431,9;431,1;5430,8;
5432,13;428,1;5150,12;
5433,10;427,1;5431,9;
5434,3;425,1;4932,2;
5435,4;424,1;5205,3;
5436,8;418,1;5236,7;
5437,8;417,1;5166,7;
5438,23;406,1;5373,22;
5439,3;405,1;4858,2;
5440,5;403,1;4327,4;
5441,4;402,1;5338,3;
5442,8;399,1;5194,7;
5443,24;397,1;5438,23;
5444,8;396,1;5369,7;
5445,5;395,1;5441,4;
5446,8;394,1;5296,7;
5447,12;393,1;5052,11;
5448,7;389,1;4995,6;
5449,5;388,1;5037,4;
5450,17;386,1;4600,16;
5451,26;383,1;5029,25;
5452,3;380,1;5340,2;
5453,20;379,1;5382,19;
5454,3;376,1;4669,2;
5455,14;374,1;5345,13;
5456,4;373,1;4829,3;
5457,9;372,1;5289,8;
5458,12;371,1;5407,11;
5459,7;370,1;5081,6;
5460,14;369,1;4789,13;
5461,4;368,1;4892,3;
5462,14;365,1;5077,13;
5463,8;364,1;5256,7;
5464,6;363,1;5226,5;
5465,7;361,1;5464,6;
5466,8;360,1;5356,7;
5467,11;356,1;5433,10;
5468,20;353,1;4753,19;
5469,16;351,1;4877,15;
5470,5;350,1;4985,4;
5471,15;345,1;4780,14;
5472,4;344,1;5439,3;
5473,6;343,1;5293,5;
5474,11;342,1;5339,10;
5475,4;341,1;5193,3;
5476,14;340,1;5184,13;
5477,2;336,1;130,1;
5478,9;332,1;5244,8;
5479,4;331,1;4802,3;
5480,2;329,1;279,1;
5481,14;328,1;5432,13;
5482,5;326,1;5479,4;
5483,12;319,1;5474,11;
5484,15;318,1;5460,14;
5485,9;317,1;5466,8;
5486,3;316,1;4742,2;
5487,12;314,1;4720,11;
5488,6;309,1;4804,5;
5489,3;306,1;5046,2;
5490,12;304,1;4882,11;
5491,10;303,1;5485,9;
5492,2;300,1;15,1;
5493,13;295,1;5447,12;
5494,8;292,1;5448,7;
5495,12;288,1;4617,11;
5496,14;286,1;5295,13;
5497,7;284,1;5417,6;
5498,3;282,1;4529,2;
5499,9;278,1;5342,8;
5500,9;276,1;5093,8;
5501,10;274,1;5285,9;
5502,21;270,1;5290,20;
5503,5;265,1;5300,4;
5504,22;263,1;5502,21;
5505,13;257,1;5330,12;
5506,12;256,1;4269,11;
5507,12;254,1;5022,11;
5508,9;252,1;5422,8;
5509,6;250,1;4808,5;
5510,13;249,1;4164,12;
5511,10;248,1;5500,9;
5512,29;247,1;4914,28;
5513,5;246,1;5461,4;
5514,13;243,1;5163,12;
5515,6;242,1;5288,5;
5516,4;241,1;5096,3;
5517,11;240,1;5424,10;
5518,7;239,1;5234,6;
5519,8;238,1;5372,7;
5520,19;236,1;5303,18;
5521,10;235,1;5508,9;
5522,6;234,1;5314,5;
5523,8;231,1;5301,7;
5524,14;229,1;4643,13;
5525,3;228,1;4485,2;
5526,22;226,1;5423,21;
5527,6;224,1;5181,5;
5528,2;222,1;11,1;
5529,3;221,1;5528,2;
5530,8;219,1;4410,7;
5531,3;215,1;4661,2;
5532,10;212,1;5381,9;
5533,7;211,1;5284,6;
5534,13;210,1;5483,12;
5535,8;209,1;5533,7;
5536,9;208,1;5535,8;
5537,14;206,1;5514,13;
5538,4;204,1;5215,3;
5539,5;199,1;5456,4;
5540,30;198,1;5512,29;
5541,23;195,1;5526,22;
5542,10;194,1;5397,9;
5543,6;193,1;5182,5;
5544,4;192,1;5402,3;
5545,3;191,1;4775,2;
5546,6;186,1;5440,5;
5547,8;182,1;5380,7;
5548,6;179,1;5482,5;
5549,25;178,1;5404,24;
5550,4;176,1;5179,3;
5551,4;173,1;5363,3;
5552,6;172,1;5449,5;
5553,11;171,1;5491,10;
5554,7;169,1;5543,6;
5555,12;168,1;5517,11;
5556,12;160,1;4204,11;
5557,3;156,1;4899,2;
5558,13;152,1;5458,12;
5559,6;151,1;5299,5;
5560,2;150,1;1,1;
5561,17;149,1;4868,16;
5562,12;147,1;5104,11;
5563,5;146,1;5294,4;
5564,3;144,1;4701,2;
5565,27;143,1;5451,26;
5566,3;140,1;5384,2;
5567,21;137,1;5281,20;
5568,12;136,1;4939,11;
5569,13;134,1;5087,12;
5570,15;133,1;5524,14;
5571,11;131,1;5395,10;
5572,7;129,1;5473,6;
5573,23;127,1;5504,22;
5574,2;126,1;123,1;
5575,4;125,1;5196,3;
5576,11;122,1;5521,10;
5577,12;121,1;5331,11;
5578,8;119,1;5323,7;
5579,15;114,1;5537,14;
5580,10;111,1;4819,9;
5581,17;110,1;5368,16;
5582,13;109,1;5317,12;
5583,9;108,1;5388,8;
5584,6;107,1;4884,5;
5585,9;106,1;5578,8;
5586,3;105,1;5159,2;
5587,9;103,1;5238,8;
5588,4;102,1;5525,3;
5589,7;100,1;5515,6;
5590,13;99,1;5495,12;
5591,3;97,1;4945,2;
5592,10;96,1;5311,9;
5593,14;94,1;5493,13;
5594,24;91,1;5573,23;
5595,5;88,1;5550,4;
5596,9;77,1;5249,8;
5597,19;74,1;5374,18;
5598,4;73,1;5332,3;
5599,5;61,1;5069,4;
5600,28;58,1;5265,27;
5601,4;57,1;5452,3;
5602,8;54,1;5282,7;
5603,4;53,1;5254,3;
5604,11;50,1;5592,10;
5605,3;47,1;5082,2;
5606,8;46,1;5178,7;
5607,10;44,1;5583,9;
5608,25;43,1;5594,24;
5609,3;39,1;4673,2;
5610,7;34,1;5552,6;
5611,22;33,1;5341,21;
5612,4;26,1;5557,3;
5613,34;22,1;5386,33;
5614,15;18,1;5333,14;
5615,26;17,1;5549,25;
5616,3;10,1;5233,2;
5617,4;8,1;5616,3;
5618,5;2,1;5435,4;
5619,13;0,1;5507,12;
5620,28;5619,13;5579,15;
5621,25;5618,5;5021,20;
5622,17;5617,4;5510,13;
5623,34;5615,26;5444,8;
5624,40;5614,15;5608,25;
5625,37;5613,34;5277,3;
5626,6;5612,4;4810,2;
5627,30;5611,22;5446,8;
5628,15;5610,7;5519,8;
5629,16;5609,3;4609,13;
5630,30;5607,10;5468,20;
5631,30;5606,8;5377,22;
5632,33;5605,3;5630,30;
5633,18;5604,11;5396,7;
5634,22;5603,4;5633,18;
5635,15;5602,8;5198,7;
5636,6;5601,4;4997,2;
5637,43;5600,28;5628,15;
5638,10;5599,5;5076,5;
5639,6;5598,4;5379,2;
5640,30;5597,19;5576,11;
5641,14;5596,9;5132,5;
5642,13;5595,5;5041,8;
5643,17;5593,14;5228,3;
5644,14;5591,3;5260,11;
5645,18;5590,13;5445,5;
5646,36;5589,7;5278,29;
5647,27;5588,4;5413,23;
5648,14;5587,9;5209,5;
5649,8;5586,3;5470,5;
5650,12;5585,9;5393,3;
5651,32;5584,6;5355,26;
5652,15;5582,13;4406,2;
5653,27;5581,17;5542,10;
5654,12;5580,10;5199,2;
5655,40;5577,12;5620,28;
5656,19;5575,4;4740,15;
5657,17;5574,2;5471,15;
5658,13;5572,7;5275,6;
5659,15;5571,11;5263,4;
5660,34;5570,15;5376,19;
5661,22;5569,13;5499,9;
5662,20;5568,12;5649,8;
5663,30;5567,21;4856,9;
5664,5;5566,3;5015,2;
5665,37;5565,27;5398,10;
5666,8;5564,3;5169,5;
5667,13;5563,5;5408,8;
5668,30;5562,12;5222,18;
5669,21;5561,17;5516,4;
5670,10;5559,6;5004,4;
5671,35;5558,13;5164,22;
5672,16;5556,12;5113,4;
5673,42;5555,12;5627,30;
5674,42;5554,7;5671,35;
5675,48;5553,11;5625,37;
5676,17;5551,4;5367,13;
5677,18;5548,6;5654,12;
5678,25;5547,8;5657,17;
5679,33;5546,6;5653,27;
5680,45;5545,3;5674,42;
5681,10;5544,4;5418,6;
5682,25;5541,23;4883,2;
5683,33;5540,30;5357,3;
5684,7;5539,5;5312,2;
5685,34;5538,4;5640,30;
5686,34;5536,9;5678,25;
5687,47;5534,13;5660,34;
5688,20;4134,15;5503,5;
5689,11;4218,3;5442,8;
5690,15;4241,12;5279,3;
5691,20;4305,5;5690,15;
5692,17;4323,2;5202,15;
5693,9;4324,2;5383,7;
5694,17;4335,2;5319,15;
5695,51;4336,4;5687,47;
5696,16;4357,2;5641,14;
5697,22;4373,12;5681,10;
5698,22;4377,2;5218,20;
5699,4;4389,2;4707,2;
5700,37;4420,2;5019,35;
5701,27;4425,5;5697,22;
5702,10;4428,2;5523,8;
5703,20;4448,11;5158,9;
5704,38;4464,2;5646,36;
5705,8;4473,2;5636,6;
5706,44;4477,2;5673,42;
5707,19;4545,2;5643,17;
5708,29;4556,2;5701,27;
5709,15;4558,2;5167,13;
5710,9;4566,2;5518,7;
5711,21;4570,2;5349,19;
5712,22;4577,3;5520,19;
5713,35;4578,2;5632,33;
5714,12;4588,4;5463,8;
5715,20;4592,3;5622,17;
5716,15;4598,3;5487,12;
5717,4;4602,2;5267,2;
5718,10;4614,2;5436,8;
5719,9;4616,2;5465,7;
5720,16;4618,2;5455,14;
5721,21;4624,12;5348,9;
5722,16;4654,2;5403,14;
5723,10;4657,2;5530,8;
5724,23;4659,17;5336,6;
5725,18;4668,5;4812,13;
5726,25;4677,4;5711,21;
5727,12;4681,2;5532,10;
5728,6;4690,4;4748,2;
5729,4;4700,2;4982,2;
5730,14;4703,2;5727,12;
5731,15;4709,2;5667,13;
5732,32;4715,2;5663,30;
5733,14;4727,2;4822,12;
5734,28;4750,3;5621,25;
5735,6;4758,2;5320,4;
5736,16;4764,12;5729,4;
5737,12;4786,2;5414,10;
5738,20;4796,4;5696,16;
5739,53;4806,34;5656,19;
5740,4;4817,2;5235,2;
5741,27;4824,3;5443,24;
5742,45;4828,12;5683,33;
5743,6;4830,2;5740,4;
5744,8;4847,2;5728,6;
5745,21;4853,4;5322,17;
5746,27;4859,2;5682,25;
5747,45;4862,11;5686,34;
5748,13;4878,3;5723,10;
5749,12;4879,2;5511,10;
5750,21;4895,13;5744,8;
5751,21;4902,2;5032,19;
5752,9;4904,5;5699,4;
5753,30;4907,2;5734,28;
5754,13;4927,2;5152,11;
5755,18;4941,3;5652,15;
5756,13;4944,11;5364,2;
5757,55;4954,4;5695,51;
5758,25;4957,12;5658,13;
5759,24;4971,2;5634,22;
5760,5;4983,2;5165,3;
5761,25;4989,2;5724,23;
5762,14;4991,2;5490,12;
5763,57;5003,2;5757,55;
5764,11;5011,2;5719,9;
5765,19;5023,12;5497,7;
5766,32;5048,2;5631,30;
5767,8;5050,3;5214,5;
5768,54;5051,34;5662,20;
5769,23;5059,2;5721,21;
5770,22;5062,2;5703,20;
5771,16;5073,3;5748,13;
5772,47;5083,13;5685,34;
5773,31;5084,13;5645,18;
5774,29;5086,11;5755,18;
5775,25;5099,5;5409,20;
5776,13;5107,11;5112,2;
5777,30;5115,11;5707,19;
5778,15;5135,11;5262,4;
5779,4;5140,2;5492,2;
5780,10;5144,4;5639,6;
5781,50;5157,3;5772,47;
5782,12;5160,3;5752,9;
5783,17;5161,14;5531,3;
5784,13;5162,3;5718,10;
5785,17;5168,2;5390,15;
5786,20;5172,4;5771,16;
5787,19;5175,12;5411,7;
5788,32;5187,11;5669,21;
5789,54;5206,27;5741,27;
5790,52;5207,12;5624,40;
5791,16;5213,2;5648,14;
5792,17;5216,11;5392,6;
5793,68;5223,23;5747,45;
5794,8;5224,2;5626,6;
5795,56;5245,2;5768,54;
5796,56;5250,4;5790,52;
5797,13;5264,9;5401,4;
5798,6;5266,3;5529,3;
5799,24;5269,14;5780,10;
5800,12;5270,3;5710,9;
5801,23;5271,4;5765,19;
5802,7;5273,2;5664,5;
5803,15;5280,4;5394,11;
5804,47;5292,2;5680,45;
5805,22;5304,2;5715,20;
5806,29;5305,2;5647,27;
5807,25;5308,2;5769,23;
5808,6;5309,3;5327,3;
5809,10;5310,4;5808,6;
5810,29;5315,7;5805,22;
5811,11;5318,7;5326,4;
5812,10;5325,3;5399,7;
5813,16;5329,2;5476,14;
5814,32;5344,22;5670,10;
5815,33;5350,19;5644,14;
5816,60;5351,7;5739,53;
5817,30;5352,21;5429,9;
5818,49;5354,6;5637,43;
5819,46;5359,2;5706,44;
5820,18;5360,3;5385,15;
5821,15;5362,13;5378,2;
5822,48;5365,16;5651,32;
5823,65;5370,11;5789,54;
5824,19;5375,13;5488,6;
5825,80;5400,24;5796,56;
5826,52;5406,22;5817,30;
5827,44;5410,14;5753,30;
5828,53;5416,8;5742,45;
5829,19;5419,2;5792,17;
5830,19;5420,5;5496,14;
5831,12;5421,10;5371,2;
5832,31;5426,13;5677,18;
5833,36;5427,12;5759,24;
5834,16;5428,3;5756,13;
5835,55;5434,3;5826,52;
5836,40;5437,8;5814,32;
5837,24;5450,17;5802,7;
5838,30;5453,20;5638,10;
5839,32;5454,3;5806,29;
5840,64;5457,9;5835,55;
5841,19;5459,7;5831,12;
5842,31;5462,14;5783,17;
5843,57;5467,11;5819,46;
5844,46;5469,16;5668,30;
5845,23;5472,4;5824,19;
5846,25;5477,2;5845,23;
5847,29;5478,9;5786,20;
5848,26;5480,2;5837,24;
5849,29;5481,14;5635,15;
5850,61;5484,15;5844,46;
5851,14;5494,8;5735,6;
5852,36;5498,3;5815,33;
5853,16;5501,10;5527,6;
5854,43;5505,13;5777,30;
5855,22;5506,12;5702,10;
5856,54;5509,6;5822,48;
5857,73;5513,5;5793,68;
5858,12;5522,6;5743,6;
5859,37;5623,34;5489,3;
5860,35;5629,16;5841,19;
5861,35;5642,13;5770,22;
5862,49;5655,40;5693,9;
5863,52;5659,15;5665,37;
5864,32;5661,22;5809,10;
5865,24;5672,16;5705,8;
5866,50;5675,48;5425,2;
5867,49;5676,17;5864,32;
5868,65;5679,33;5839,32;
5869,42;5684,7;5713,35;
5870,77;5688,20;5843,57;
5871,46;5689,11;5861,35;
5872,45;5691,20;5775,25;
5873,82;5692,17;5868,65;
5874,25;5694,17;5666,8;
5875,62;5698,22;5836,40;
5876,83;5700,37;5871,46;
5877,53;5704,38;5821,15;
5878,112;5708,29;5876,83;
5879,72;5709,15;5763,57;
5880,89;5714,12;5870,77;
5881,65;5716,15;5866,50;
5882,40;5717,4;5833,36;
5883,41;5720,16;5726,25;
5884,78;5722,16;5875,62;
5885,43;5725,18;5807,25;
5886,30;5730,14;5834,16;
5887,75;5731,15;5816,60;
5888,42;5732,32;5812,10;
5889,39;5733,14;5846,25;
5890,37;5736,16;5751,21;
5891,20;5737,12;5767,8;
5892,51;5738,20;5773,31;
5893,23;5745,21;5133,2;
5894,71;5746,27;5827,44;
5895,15;5749,12;5486,3;
5896,96;5750,21;5887,75;
5897,15;5754,13;4517,2;
5898,56;5758,25;5842,31;
5899,37;5760,5;5788,32;
5900,64;5764,11;5877,53;
5901,114;5766,32;5873,82;
5902,94;5774,29;5881,65;
5903,62;5776,13;5818,49;
5904,66;5779,4;5903,62;
5905,87;5781,50;5859,37;
5906,106;5782,12;5902,94;
5907,17;5784,13;5475,4;
5908,83;5785,17;5904,66;
5909,72;5787,19;5828,53;
5910,99;5791,16;5908,83;
5911,80;5794,8;5879,72;
5912,78;5795,56;5855,22;
5913,111;5799,24;5905,87;
5914,123;5800,12;5913,111;
5915,87;5801,23;5840,64;
5916,67;5803,15;5863,52;
5917,64;5804,47;5907,17;
5918,102;5810,29;5857,73;
5919,40;5811,11;5849,29;
5920,88;5813,16;5909,72;
5921,86;5825,80;5798,6;
5922,73;5829,19;5856,54;
5923,97;5830,19;5912,78;
5924,127;5832,31;5896,96;
5925,31;5838,30;6,1;
5926,115;5847,29;5921,86;
5927,114;5848,26;5920,88;
5928,101;5850,61;5882,40;
5929,94;5851,14;5911,80;
5930,150;5852,36;5927,114;
5931,118;5853,16;5918,102;
5932,107;5854,43;5917,64;
5933,148;5862,49;5910,99;
5934,28;5865,24;5343,4;
5935,150;5867,49;5928,101;
5936,120;5869,42;5884,78;
5937,132;5872,45;5915,87;
5938,148;5874,25;5914,123;
5939,149;5878,112;5890,37;
5940,126;5880,89;5899,37;
5941,150;5886,30;5936,120;
5942,148;5888,42;5906,106;
5943,110;5889,39;5894,71;
5944,134;5891,20;5901,114;
5945,150;5893,23;5924,127;
5946,147;5895,15;5937,132;
5947,71;5898,56;5897,15;
5948,137;5900,64;5922,73;
5949,150;5919,40;5943,110;
5950,125;5925,31;5929,94;
5951,120;5931,118;5036,2;
5952,136;5947,71;5823,65;
5953,150;5948,137;5797,13;
5954,138;5951,120;5820,18;
5955,150;5560,2;5933,148;
5956,148;5650,12;5952,136;
5957,24;5712,22;4404,2;
5958,150;5761,25;5950,125;
5959,149;5778,15;5944,134;
5960,53;5892,51;4704,2;
5961,150;5923,97;5960,53;
5962,149;5942,148;52,1;
5963,148;935,1;5946,147;
5964,149;888,1;5963,148;
5965,150;443,1;5964,149;
5966,150;5957,24;5940,126;
5967,149;5956,148;227,1;
5968,150;5962,149;281,1;
5969,42;5762,14;5934,28;
5970,83;5883,41;5969,42;
5971,150;5939,149;302,1;
5972,151;5968,150;310,1;
5973,84;5970,83;494,1;
5974,151;5971,150;729,1;
5975,151;5955,150;831,1;
5976,96;5858,12;5973,84;
5977,234;5976,96;5954,138;
5978,258;5972,151;5932,107;
5979,385;5974,151;5977,234;
5980,266;5975,151;5926,115;
5981,217;5958,150;5916,67;
5982,192;5959,149;5885,43;
5983,185;5961,150;5860,35;
5984,335;5965,150;5983,185;
5985,485;5966,150;5984,335;
5986,634;5967,149;5985,485;
5987,367;5930,150;5981,217;
5988,517;5935,150;5987,367;
5989,665;5938,148;5988,517;
5990,815;5941,150;5989,665;
5991,416;5945,150;5980,266;
5992,566;5949,150;5991,416;
5993,716;5953,150;5992,566;
5994,1101;5993,716;5979,385;
5995,1916;5990,815;5994,1101;
5996,2550;5986,634;5995,1916;
5997,450;5982,192;5978,258;
5998,3000;5996,2550;5997,450;
