1797,2;1648,1;1585,1;
1798,2;1250,1;1247,1;
1799,3;1797,2;1640,1;
1800,3;1798,2;1227,1;
1801,2;1796,1;1781,1;
1802,2;1795,1;254,1;
1803,2;1794,1;148,1;
1804,2;1793,1;160,1;
1805,2;1792,1;1698,1;
1806,2;1791,1;817,1;
1807,2;1790,1;846,1;
1808,2;1788,1;1171,1;
1809,2;1787,1;1776,1;
1810,2;1786,1;149,1;
1811,2;1785,1;1653,1;
1812,2;1784,1;1692,1;
1813,2;1783,1;470,1;
1814,2;1782,1;501,1;
1815,2;1780,1;1465,1;
1816,2;1779,1;1174,1;
1817,2;1778,1;900,1;
1818,2;1777,1;4,1;
1819,2;1775,1;597,1;
1820,2;1774,1;1766,1;
1821,2;1773,1;1421,1;
1822,2;1772,1;1736,1;
1823,2;1771,1;88,1;
1824,2;1770,1;193,1;
1825,2;1769,1;1672,1;
1826,2;1768,1;1598,1;
1827,2;1767,1;97,1;
1828,2;1765,1;1670,1;
1829,3;1764,1;1808,2;
1830,2;1762,1;620,1;
1831,2;1761,1;624,1;
1832,2;1760,1;298,1;
1833,3;1759,1;1822,2;
1834,2;1758,1;749,1;
1835,2;1757,1;1071,1;
1836,2;1756,1;1246,1;
1837,2;1755,1;195,1;
1838,2;1754,1;1735,1;
1839,2;1753,1;1719,1;
1840,2;1752,1;397,1;
1841,2;1751,1;668,1;
1842,2;1749,1;58,1;
1843,2;1748,1;157,1;
1844,3;1747,1;1820,2;
1845,2;1746,1;1687,1;
1846,2;1745,1;1541,1;
1847,2;1743,1;138,1;
1848,3;1741,1;1812,2;
1849,2;1740,1;1686,1;
1850,2;1739,1;266,1;
1851,2;1737,1;823,1;
1852,2;1734,1;212,1;
1853,2;1733,1;1701,1;
1854,2;1732,1;188,1;
1855,2;1730,1;1680,1;
1856,2;1727,1;1726,1;
1857,2;1725,1;1683,1;
1858,2;1722,1;416,1;
1859,2;1721,1;1499,1;
1860,2;1720,1;274,1;
1861,2;1718,1;1469,1;
1862,2;1717,1;184,1;
1863,2;1716,1;1029,1;
1864,2;1715,1;229,1;
1865,2;1714,1;647,1;
1866,4;1713,1;1848,3;
1867,2;1712,1;1202,1;
1868,2;1711,1;698,1;
1869,2;1709,1;615,1;
1870,2;1706,1;1507,1;
1871,2;1705,1;654,1;
1872,3;1703,1;1804,2;
1873,2;1700,1;1054,1;
1874,2;1699,1;1682,1;
1875,2;1697,1;1365,1;
1876,2;1696,1;785,1;
1877,2;1694,1;602,1;
1878,3;1693,1;1853,2;
1879,2;1691,1;1681,1;
1880,3;1688,1;1832,2;
1881,2;1684,1;52,1;
1882,2;1679,1;142,1;
1883,2;1678,1;716,1;
1884,2;1677,1;435,1;
1885,2;1676,1;425,1;
1886,3;1674,1;1877,2;
1887,4;1673,1;1878,3;
1888,2;1669,1;1466,1;
1889,3;1668,1;1869,2;
1890,3;1667,1;1850,2;
1891,2;1666,1;1664,1;
1892,2;1665,1;1633,1;
1893,2;1663,1;1359,1;
1894,2;1662,1;1575,1;
1895,2;1661,1;1584,1;
1896,2;1659,1;1568,1;
1897,2;1658,1;1346,1;
1898,2;1656,1;1560,1;
1899,2;1655,1;1234,1;
1900,2;1652,1;1567,1;
1901,2;1651,1;1559,1;
1902,2;1649,1;273,1;
1903,2;1647,1;6,1;
1904,2;1646,1;105,1;
1905,2;1645,1;1609,1;
1906,2;1644,1;1639,1;
1907,2;1642,1;718,1;
1908,2;1641,1;1549,1;
1909,2;1638,1;377,1;
1910,2;1637,1;1583,1;
1911,2;1636,1;323,1;
1912,2;1634,1;1097,1;
1913,2;1632,1;1624,1;
1914,4;1631,1;1799,3;
1915,2;1630,1;1548,1;
1916,2;1629,1;34,1;
1917,2;1628,1;1611,1;
1918,2;1626,1;1213,1;
1919,2;1625,1;778,1;
1920,2;1623,1;1601,1;
1921,3;1622,1;1811,2;
1922,2;1621,1;1329,1;
1923,2;1620,1;565,1;
1924,2;1619,1;253,1;
1925,2;1617,1;102,1;
1926,2;1616,1;287,1;
1927,2;1615,1;179,1;
1928,2;1614,1;763,1;
1929,3;1613,1;1912,2;
1930,2;1612,1;375,1;
1931,3;1610,1;1920,2;
1932,2;1608,1;1577,1;
1933,3;1607,1;1900,2;
1934,2;1604,1;1587,1;
1935,2;1603,1;1588,1;
1936,2;1599,1;1564,1;
1937,2;1596,1;1410,1;
1938,2;1594,1;953,1;
1939,2;1592,1;1128,1;
1940,2;1591,1;1323,1;
1941,3;1590,1;1922,2;
1942,2;1589,1;204,1;
1943,2;1586,1;299,1;
1944,2;1579,1;1307,1;
1945,3;1573,1;1940,2;
1946,2;1570,1;894,1;
1947,3;1569,1;1905,2;
1948,2;1566,1;1376,1;
1949,3;1563,1;1893,2;
1950,4;1561,1;1931,3;
1951,2;1558,1;316,1;
1952,2;1556,1;1107,1;
1953,2;1555,1;1545,1;
1954,2;1554,1;738,1;
1955,3;1550,1;1928,2;
1956,2;1547,1;22,1;
1957,2;1546,1;1076,1;
1958,2;1544,1;1453,1;
1959,2;1543,1;1452,1;
1960,2;1542,1;1529,1;
1961,2;1539,1;1502,1;
1962,2;1538,1;1537,1;
1963,2;1536,1;1429,1;
1964,2;1535,1;625,1;
1965,2;1534,1;455,1;
1966,2;1533,1;1523,1;
1967,2;1532,1;531,1;
1968,2;1531,1;1472,1;
1969,2;1530,1;1362,1;
1970,2;1528,1;1492,1;
1971,2;1527,1;1476,1;
1972,2;1526,1;584,1;
1973,3;1525,1;1961,2;
1974,2;1524,1;930,1;
1975,2;1522,1;1485,1;
1976,2;1521,1;65,1;
1977,2;1520,1;1484,1;
1978,2;1519,1;1510,1;
1979,2;1518,1;1498,1;
1980,2;1517,1;618,1;
1981,2;1516,1;1445,1;
1982,2;1515,1;1439,1;
1983,2;1514,1;1462,1;
1984,2;1513,1;1475,1;
1985,3;1512,1;1963,2;
1986,2;1511,1;1455,1;
1987,2;1509,1;1458,1;
1988,2;1508,1;1426,1;
1989,2;1506,1;1460,1;
1990,2;1505,1;1436,1;
1991,2;1504,1;319,1;
1992,3;1503,1;1978,2;
1993,2;1501,1;820,1;
1994,2;1500,1;1416,1;
1995,2;1497,1;1007,1;
1996,3;1496,1;1987,2;
1997,3;1495,1;1975,2;
1998,2;1494,1;1464,1;
1999,2;1493,1;1470,1;
2000,3;1491,1;1986,2;
2001,3;1490,1;1970,2;
2002,2;1487,1;396,1;
2003,2;1486,1;1450,1;
2004,4;1483,1;1973,3;
2005,3;1482,1;1821,2;
2006,2;1481,1;921,1;
2007,2;1480,1;1005,1;
2008,4;1479,1;1985,3;
2009,2;1478,1;1477,1;
2010,2;1474,1;315,1;
2011,3;1473,1;1995,2;
2012,4;1471,1;1997,3;
2013,2;1468,1;829,1;
2014,3;1463,1;1998,2;
2015,3;1461,1;1980,2;
2016,3;1457,1;1983,2;
2017,2;1456,1;1254,1;
2018,2;1454,1;1446,1;
2019,4;1451,1;2014,3;
2020,2;1449,1;967,1;
2021,2;1448,1;1420,1;
2022,3;1447,1;2003,2;
2023,2;1444,1;1424,1;
2024,2;1443,1;1026,1;
2025,2;1442,1;1422,1;
2026,2;1441,1;1431,1;
2027,2;1440,1;291,1;
2028,2;1438,1;865,1;
2029,4;1437,1;2001,3;
2030,2;1435,1;806,1;
2031,2;1434,1;1282,1;
2032,3;1433,1;2024,2;
2033,3;1432,1;2025,2;
2034,4;1430,1;2022,3;
2035,3;1428,1;2009,2;
2036,2;1425,1;49,1;
2037,4;1423,1;2032,3;
2038,2;1419,1;520,1;
2039,2;1418,1;259,1;
2040,2;1417,1;833,1;
2041,2;1415,1;925,1;
2042,2;1414,1;1315,1;
2043,3;1413,1;1953,2;
2044,2;1411,1;1355,1;
2045,2;1409,1;1327,1;
2046,2;1408,1;1398,1;
2047,2;1406,1;1392,1;
2048,2;1405,1;764,1;
2049,2;1404,1;1358,1;
2050,2;1403,1;1051,1;
2051,2;1402,1;1084,1;
2052,2;1401,1;1325,1;
2053,3;1399,1;1868,2;
2054,3;1397,1;2046,2;
2055,2;1396,1;1322,1;
2056,2;1395,1;112,1;
2057,4;1394,1;1941,3;
2058,2;1390,1;1160,1;
2059,3;1388,1;1944,2;
2060,2;1387,1;124,1;
2061,5;1386,1;2057,4;
2062,2;1385,1;705,1;
2063,2;1384,1;1351,1;
2064,3;1383,1;2052,2;
2065,2;1382,1;146,1;
2066,4;1381,1;1996,3;
2067,2;1380,1;349,1;
2068,2;1377,1;777,1;
2069,2;1375,1;1313,1;
2070,3;1374,1;2044,2;
2071,2;1373,1;819,1;
2072,2;1372,1;787,1;
2073,3;1371,1;2050,2;
2074,2;1370,1;1332,1;
2075,3;1369,1;2065,2;
2076,2;1368,1;1164,1;
2077,2;1367,1;1168,1;
2078,2;1366,1;1335,1;
2079,3;1363,1;1803,2;
2080,2;1361,1;583,1;
2081,2;1360,1;635,1;
2082,2;1357,1;1334,1;
2083,3;1356,1;1926,2;
2084,2;1354,1;1345,1;
2085,2;1353,1;1352,1;
2086,3;1350,1;2062,2;
2087,2;1349,1;708,1;
2088,4;1347,1;2086,3;
2089,2;1344,1;1338,1;
2090,3;1343,1;2077,2;
2091,2;1342,1;464,1;
2092,2;1341,1;1299,1;
2093,2;1340,1;1295,1;
2094,2;1339,1;1314,1;
2095,2;1337,1;1104,1;
2096,4;1336,1;2043,3;
2097,2;1333,1;1312,1;
2098,3;1331,1;2048,2;
2099,5;1330,1;2066,4;
2100,3;1328,1;2063,2;
2101,2;1326,1;621,1;
2102,2;1324,1;1318,1;
2103,3;1320,1;2097,2;
2104,3;1317,1;1999,2;
2105,2;1316,1;1188,1;
2106,2;1311,1;1301,1;
2107,2;1309,1;205,1;
2108,2;1308,1;151,1;
2109,6;1304,1;2099,5;
2110,2;1303,1;1252,1;
2111,2;1300,1;1087,1;
2112,2;1298,1;1204,1;
2113,4;1297,1;2059,3;
2114,4;1291,1;2100,3;
2115,2;1289,1;1081,1;
2116,2;1287,1;1049,1;
2117,4;1286,1;2064,3;
2118,2;1285,1;293,1;
2119,5;1284,1;2117,4;
2120,2;1283,1;1235,1;
2121,2;1281,1;110,1;
2122,2;1280,1;40,1;
2123,3;1278,1;2017,2;
2124,2;1276,1;1230,1;
2125,2;1274,1;766,1;
2126,2;1272,1;1211,1;
2127,2;1270,1;830,1;
2128,4;1269,1;2053,3;
2129,3;1267,1;1879,2;
2130,2;1266,1;165,1;
2131,2;1265,1;1238,1;
2132,2;1263,1;1191,1;
2133,3;1262,1;2124,2;
2134,3;1261,1;2084,2;
2135,2;1258,1;335,1;
2136,2;1257,1;353,1;
2137,2;1256,1;1126,1;
2138,2;1255,1;859,1;
2139,2;1251,1;1209,1;
2140,2;1249,1;1196,1;
2141,2;1245,1;1222,1;
2142,4;1244,1;2123,3;
2143,2;1243,1;628,1;
2144,3;1242,1;2112,2;
2145,2;1241,1;340,1;
2146,2;1240,1;91,1;
2147,3;1239,1;2141,2;
2148,3;1237,1;2068,2;
2149,2;1236,1;1187,1;
2150,2;1232,1;278,1;
2151,2;1231,1;1189,1;
2152,3;1229,1;2120,2;
2153,2;1228,1;692,1;
2154,2;1226,1;199,1;
2155,2;1225,1;1148,1;
2156,2;1224,1;1223,1;
2157,2;1220,1;13,1;
2158,2;1219,1;23,1;
2159,2;1218,1;568,1;
2160,2;1217,1;385,1;
2161,2;1216,1;1180,1;
2162,2;1214,1;331,1;
2163,3;1212,1;2149,2;
2164,2;1208,1;762,1;
2165,2;1205,1;1206,1;
2166,2;1203,1;717,1;
2167,3;1201,1;2076,2;
2168,3;1200,1;2131,2;
2169,2;1199,1;875,1;
2170,2;1198,1;909,1;
2171,3;1194,1;1870,2;
2172,2;1193,1;831,1;
2173,2;1192,1;781,1;
2174,2;1190,1;893,1;
2175,2;1186,1;251,1;
2176,2;1184,1;577,1;
2177,2;1183,1;989,1;
2178,2;1181,1;557,1;
2179,4;1178,1;2144,3;
2180,3;1177,1;2135,2;
2181,2;1175,1;1279,1;
2182,3;1173,1;1830,2;
2183,2;1172,1;748,1;
2184,3;1170,1;2111,2;
2185,2;1169,1;959,1;
2186,3;1167,1;1875,2;
2187,3;1166,1;2175,2;
2188,2;1163,1;931,1;
2189,2;1162,1;289,1;
2190,3;1161,1;2060,2;
2191,3;1159,1;1919,2;
2192,4;1158,1;2090,3;
2193,2;1157,1;935,1;
2194,2;1156,1;1057,1;
2195,2;1155,1;125,1;
2196,2;1153,1;552,1;
2197,2;1151,1;1124,1;
2198,2;1147,1;1136,1;
2199,3;1144,1;1896,2;
2200,2;1142,1;1041,1;
2201,3;1139,1;1943,2;
2202,2;1138,1;1091,1;
2203,5;1137,1;2142,4;
2204,4;1134,1;1800,3;
2205,4;1133,1;1992,3;
2206,2;1131,1;26,1;
2207,2;1130,1;1090,1;
2208,3;1127,1;2155,2;
2209,2;1125,1;1110,1;
2210,2;1123,1;1103,1;
2211,3;1122,1;1911,2;
2212,2;1120,1;797,1;
2213,2;1119,1;1066,1;
2214,3;1117,1;1835,2;
2215,3;1116,1;2209,2;
2216,2;1115,1;1092,1;
2217,2;1114,1;1053,1;
2218,2;1112,1;1050,1;
2219,2;1111,1;977,1;
2220,3;1106,1;1923,2;
2221,4;1105,1;2220,3;
2222,2;1102,1;398,1;
2223,2;1101,1;679,1;
2224,2;1099,1;1059,1;
2225,3;1098,1;2198,2;
2226,2;1096,1;1048,1;
2227,3;1094,1;2132,2;
2228,4;1093,1;2147,3;
2229,2;1085,1;468,1;
2230,3;1083,1;2137,2;
2231,5;1082,1;2221,4;
2232,2;1080,1;1047,1;
2233,2;1077,1;1065,1;
2234,2;1075,1;365,1;
2235,4;1074,1;2184,3;
2236,2;1064,1;1061,1;
2237,2;1063,1;223,1;
2238,2;1060,1;1068,1;
2239,2;1055,1;939,1;
2240,2;1052,1;1032,1;
2241,2;1046,1;1013,1;
2242,3;1045,1;2026,2;
2243,3;1042,1;2240,2;
2244,4;1040,1;1880,3;
2245,3;1039,1;1884,2;
2246,2;1036,1;983,1;
2247,2;1035,1;741,1;
2248,2;1031,1;84,1;
2249,4;1030,1;1844,3;
2250,2;1028,1;943,1;
2251,2;1027,1;924,1;
2252,2;1025,1;974,1;
2253,2;1020,1;936,1;
2254,3;1019,1;2246,2;
2255,2;1018,1;1010,1;
2256,3;1016,1;2051,2;
2257,2;1015,1;933,1;
2258,3;1011,1;2170,2;
2259,2;1008,1;958,1;
2260,2;1006,1;934,1;
2261,2;1004,1;965,1;
2262,3;1002,1;2091,2;
2263,2;1000,1;972,1;
2264,2;999,1;962,1;
2265,3;996,1;2239,2;
2266,2;995,1;963,1;
2267,2;993,1;942,1;
2268,2;991,1;982,1;
2269,2;990,1;908,1;
2270,2;987,1;906,1;
2271,2;984,1;911,1;
2272,3;981,1;1981,2;
2273,2;980,1;776,1;
2274,2;979,1;956,1;
2275,2;978,1;768,1;
2276,2;976,1;937,1;
2277,2;975,1;971,1;
2278,2;973,1;938,1;
2279,2;970,1;929,1;
2280,3;969,1;2271,2;
2281,4;968,1;2265,3;
2282,3;961,1;1979,2;
2283,4;960,1;2280,3;
2284,2;957,1;855,1;
2285,2;955,1;923,1;
2286,2;954,1;922,1;
2287,3;952,1;2268,2;
2288,3;948,1;2241,2;
2289,3;947,1;2263,2;
2290,2;945,1;426,1;
2291,3;944,1;1876,2;
2292,3;941,1;2041,2;
2293,3;932,1;2266,2;
2294,4;928,1;2035,3;
2295,3;927,1;1938,2;
2296,3;920,1;2276,2;
2297,3;918,1;2264,2;
2298,3;917,1;1859,2;
2299,3;916,1;2270,2;
2300,4;915,1;2292,3;
2301,3;914,1;2277,2;
2302,3;913,1;2250,2;
2303,3;910,1;1964,2;
2304,3;907,1;2150,2;
2305,2;905,1;872,1;
2306,2;904,1;395,1;
2307,2;903,1;890,1;
2308,3;902,1;1939,2;
2309,2;901,1;895,1;
2310,2;899,1;449,1;
2311,3;898,1;2307,2;
2312,2;896,1;801,1;
2313,3;892,1;2164,2;
2314,2;889,1;851,1;
2315,2;888,1;837,1;
2316,3;887,1;1806,2;
2317,2;886,1;844,1;
2318,3;885,1;2312,2;
2319,3;884,1;2315,2;
2320,2;883,1;753,1;
2321,5;882,1;2283,4;
2322,2;881,1;167,1;
2323,3;880,1;1916,2;
2324,3;879,1;1906,2;
2325,2;878,1;495,1;
2326,2;877,1;0,1;
2327,4;874,1;2282,3;
2328,5;871,1;2205,4;
2329,3;870,1;2071,2;
2330,5;869,1;2204,4;
2331,2;868,1;128,1;
2332,5;867,1;2327,4;
2333,6;866,1;2330,5;
2334,3;864,1;2085,2;
2335,4;863,1;1829,3;
2336,3;862,1;1816,2;
2337,2;861,1;257,1;
2338,3;858,1;1857,2;
2339,4;857,1;2319,3;
2340,2;856,1;657,1;
2341,4;854,1;1872,3;
2342,2;852,1;424,1;
2343,3;849,1;1802,2;
2344,5;848,1;2341,4;
2345,2;845,1;644,1;
2346,2;842,1;810,1;
2347,2;841,1;490,1;
2348,5;840,1;2004,4;
2349,2;836,1;835,1;
2350,4;834,1;2134,3;
2351,4;832,1;2299,3;
2352,2;828,1;216,1;
2353,2;827,1;853,1;
2354,2;826,1;214,1;
2355,2;825,1;334,1;
2356,2;822,1;503,1;
2357,3;821,1;2349,2;
2358,5;818,1;2249,4;
2359,3;815,1;1805,2;
2360,5;814,1;2037,4;
2361,3;812,1;2030,2;
2362,3;809,1;2356,2;
2363,3;805,1;2345,2;
2364,2;803,1;610,1;
2365,4;802,1;2334,3;
2366,2;799,1;789,1;
2367,3;798,1;2127,2;
2368,2;796,1;286,1;
2369,2;793,1;182,1;
2370,3;790,1;2317,2;
2371,2;788,1;372,1;
2372,6;786,1;2231,5;
2373,3;783,1;1993,2;
2374,2;782,1;232,1;
2375,2;779,1;737,1;
2376,3;775,1;1937,2;
2377,2;774,1;715,1;
2378,2;773,1;674,1;
2379,2;772,1;694,1;
2380,2;771,1;655,1;
2381,2;761,1;759,1;
2382,2;758,1;754,1;
2383,2;752,1;750,1;
2384,3;747,1;2078,2;
2385,3;745,1;1883,2;
2386,3;744,1;2375,2;
2387,2;743,1;616,1;
2388,3;740,1;2382,2;
2389,4;739,1;2385,3;
2390,2;735,1;706,1;
2391,2;733,1;714,1;
2392,3;729,1;2390,2;
2393,2;728,1;662,1;
2394,5;727,1;2128,4;
2395,2;726,1;702,1;
2396,2;725,1;328,1;
2397,6;724,1;2344,5;
2398,2;723,1;658,1;
2399,2;721,1;697,1;
2400,3;720,1;2166,2;
2401,3;713,1;2006,2;
2402,2;712,1;672,1;
2403,3;711,1;2007,2;
2404,2;710,1;687,1;
2405,3;709,1;1991,2;
2406,6;707,1;2394,5;
2407,2;704,1;67,1;
2408,2;703,1;700,1;
2409,3;701,1;1907,2;
2410,2;699,1;684,1;
2411,3;696,1;2399,2;
2412,4;695,1;1949,3;
2413,2;693,1;688,1;
2414,3;686,1;2410,2;
2415,2;685,1;665,1;
2416,2;682,1;202,1;
2417,2;680,1;197,1;
2418,3;677,1;2415,2;
2419,4;676,1;2180,3;
2420,3;671,1;2153,2;
2421,2;669,1;339,1;
2422,3;667,1;2340,2;
2423,7;666,1;2397,6;
2424,3;663,1;2176,2;
2425,2;660,1;650,1;
2426,2;659,1;649,1;
2427,4;656,1;2152,3;
2428,2;653,1;533,1;
2429,3;652,1;2402,2;
2430,8;646,1;2423,7;
2431,2;645,1;554,1;
2432,2;643,1;612,1;
2433,2;642,1;512,1;
2434,3;640,1;2387,2;
2435,3;639,1;2432,2;
2436,3;638,1;2431,2;
2437,3;637,1;2038,2;
2438,3;636,1;2021,2;
2439,3;634,1;2428,2;
2440,2;631,1;310,1;
2441,2;627,1;580,1;
2442,2;622,1;582,1;
2443,2;619,1;614,1;
2444,2;617,1;536,1;
2445,5;613,1;2008,4;
2446,2;611,1;522,1;
2447,2;608,1;555,1;
2448,2;607,1;579,1;
2449,2;604,1;574,1;
2450,4;603,1;2437,3;
2451,2;601,1;563,1;
2452,2;599,1;575,1;
2453,2;598,1;581,1;
2454,3;596,1;2451,2;
2455,2;595,1;546,1;
2456,3;594,1;2224,2;
2457,2;593,1;268,1;
2458,2;592,1;556,1;
2459,3;589,1;2140,2;
2460,4;587,1;2303,3;
2461,2;586,1;558,1;
2462,2;585,1;535,1;
2463,2;573,1;567,1;
2464,3;572,1;2259,2;
2465,4;571,1;2361,3;
2466,3;569,1;2458,2;
2467,3;564,1;2193,2;
2468,2;562,1;541,1;
2469,3;561,1;2443,2;
2470,4;560,1;1886,3;
2471,3;559,1;1831,2;
2472,2;551,1;549,1;
2473,4;550,1;2182,3;
2474,2;548,1;32,1;
2475,4;544,1;2466,3;
2476,2;543,1;308,1;
2477,3;542,1;2446,2;
2478,6;540,1;2445,5;
2479,3;539,1;2448,2;
2480,3;532,1;2020,2;
2481,3;530,1;1972,2;
2482,4;529,1;2469,3;
2483,4;527,1;2464,3;
2484,5;526,1;2465,4;
2485,4;524,1;2436,3;
2486,2;523,1;211,1;
2487,5;519,1;2482,4;
2488,4;517,1;2287,3;
2489,2;516,1;166,1;
2490,3;515,1;2290,2;
2491,2;514,1;478,1;
2492,2;510,1;390,1;
2493,2;507,1;473,1;
2494,2;506,1;432,1;
2495,3;505,1;2491,2;
2496,2;504,1;472,1;
2497,2;499,1;463,1;
2498,2;497,1;410,1;
2499,3;496,1;2493,2;
2500,2;494,1;413,1;
2501,2;493,1;407,1;
2502,2;492,1;104,1;
2503,2;491,1;459,1;
2504,3;487,1;1845,2;
2505,2;486,1;454,1;
2506,2;485,1;433,1;
2507,2;483,1;450,1;
2508,2;481,1;474,1;
2509,3;479,1;2501,2;
2510,2;477,1;37,1;
2511,2;476,1;21,1;
2512,3;475,1;2310,2;
2513,2;471,1;466,1;
2514,2;469,1;446,1;
2515,2;465,1;434,1;
2516,2;461,1;388,1;
2517,2;460,1;411,1;
2518,3;458,1;2433,2;
2519,3;456,1;2511,2;
2520,2;453,1;451,1;
2521,4;452,1;2338,3;
2522,3;448,1;2514,2;
2523,2;445,1;431,1;
2524,4;441,1;2262,3;
2525,2;440,1;437,1;
2526,2;438,1;393,1;
2527,4;428,1;2519,3;
2528,3;427,1;2505,2;
2529,3;423,1;2503,2;
2530,4;422,1;2504,3;
2531,2;420,1;402,1;
2532,3;419,1;2517,2;
2533,2;418,1;391,1;
2534,2;417,1;415,1;
2535,3;412,1;2520,2;
2536,3;408,1;1814,2;
2537,2;406,1;252,1;
2538,3;405,1;2534,2;
2539,3;404,1;2042,2;
2540,4;401,1;2532,3;
2541,3;400,1;2507,2;
2542,5;392,1;2521,4;
2543,5;387,1;2012,4;
2544,5;386,1;2530,4;
2545,2;384,1;348,1;
2546,3;383,1;1860,2;
2547,5;382,1;2019,4;
2548,4;380,1;2190,3;
2549,2;379,1;296,1;
2550,3;378,1;2285,2;
2551,2;371,1;333,1;
2552,2;369,1;258,1;
2553,2;368,1;342,1;
2554,2;367,1;297,1;
2555,4;363,1;2422,3;
2556,2;362,1;321,1;
2557,2;361,1;329,1;
2558,2;360,1;272,1;
2559,2;359,1;279,1;
2560,3;358,1;2278,2;
2561,6;357,1;2547,5;
2562,4;355,1;2148,3;
2563,2;354,1;347,1;
2564,3;351,1;1976,2;
2565,4;350,1;2329,3;
2566,3;346,1;2169,2;
2567,4;345,1;2405,3;
2568,4;344,1;2403,3;
2569,2;343,1;270,1;
2570,3;338,1;2237,2;
2571,3;337,1;2553,2;
2572,2;336,1;267,1;
2573,3;332,1;2275,2;
2574,2;330,1;288,1;
2575,7;326,1;2333,6;
2576,3;325,1;1892,2;
2577,3;322,1;2556,2;
2578,3;320,1;2569,2;
2579,5;318,1;2567,4;
2580,2;312,1;200,1;
2581,2;311,1;305,1;
2582,4;309,1;2573,3;
2583,3;307,1;2354,2;
2584,2;304,1;48,1;
2585,3;302,1;1873,2;
2586,3;301,1;2421,2;
2587,3;300,1;1971,2;
2588,3;292,1;2368,2;
2589,4;290,1;2564,3;
2590,2;282,1;164,1;
2591,3;281,1;2574,2;
2592,3;280,1;1895,2;
2593,3;277,1;2572,2;
2594,3;276,1;2581,2;
2595,3;275,1;2557,2;
2596,4;269,1;2586,3;
2597,3;265,1;2545,2;
2598,5;264,1;2582,4;
2599,5;262,1;2568,4;
2600,4;261,1;2560,3;
2601,3;260,1;1901,2;
2602,4;256,1;2588,3;
2603,3;255,1;2045,2;
2604,2;250,1;144,1;
2605,2;249,1;183,1;
2606,2;248,1;242,1;
2607,2;247,1;239,1;
2608,2;246,1;135,1;
2609,2;244,1;180,1;
2610,2;243,1;132,1;
2611,3;240,1;2352,2;
2612,2;238,1;198,1;
2613,3;237,1;2130,2;
2614,4;236,1;1921,3;
2615,2;235,1;221,1;
2616,4;234,1;2005,3;
2617,2;233,1;159,1;
2618,4;230,1;2613,3;
2619,2;228,1;225,1;
2620,2;227,1;11,1;
2621,2;226,1;213,1;
2622,3;224,1;1924,2;
2623,2;220,1;203,1;
2624,3;219,1;1824,2;
2625,3;218,1;2108,2;
2626,2;217,1;62,1;
2627,3;215,1;2580,2;
2628,2;210,1;186,1;
2629,2;209,1;185,1;
2630,3;208,1;2629,2;
2631,4;207,1;2583,3;
2632,2;206,1;170,1;
2633,3;201,1;2608,2;
2634,3;196,1;1854,2;
2635,3;194,1;2498,2;
2636,2;190,1;83,1;
2637,2;189,1;143,1;
2638,5;181,1;2631,4;
2639,2;178,1;79,1;
2640,2;176,1;162,1;
2641,3;175,1;1948,2;
2642,4;174,1;2587,3;
2643,2;172,1;177,1;
2644,4;169,1;2291,3;
2645,3;161,1;2617,2;
2646,3;156,1;1932,2;
2647,3;154,1;2425,2;
2648,4;150,1;2245,3;
2649,2;147,1;137,1;
2650,4;141,1;2625,3;
2651,3;140,1;2489,2;
2652,5;139,1;2644,4;
2653,5;136,1;2616,4;
2654,3;130,1;2396,2;
2655,4;129,1;2230,3;
2656,2;127,1;18,1;
2657,4;126,1;2630,3;
2658,3;123,1;2605,2;
2659,2;120,1;74,1;
2660,4;119,1;2083,3;
2661,2;116,1;115,1;
2662,4;114,1;2603,3;
2663,4;111,1;2601,3;
2664,2;108,1;43,1;
2665,3;107,1;2620,2;
2666,3;100,1;1827,2;
2667,8;99,1;2575,7;
2668,2;98,1;63,1;
2669,3;95,1;1903,2;
2670,4;94,1;2571,3;
2671,2;93,1;1,1;
2672,2;92,1;39,1;
2673,2;90,1;42,1;
2674,3;89,1;2626,2;
2675,2;86,1;374,1;
2676,3;85,1;2673,2;
2677,3;82,1;1823,2;
2678,3;81,1;1902,2;
2679,2;80,1;56,1;
2680,3;78,1;2515,2;
2681,2;75,1;51,1;
2682,5;70,1;2192,4;
2683,4;60,1;2674,3;
2684,4;59,1;2641,3;
2685,2;57,1;2,1;
2686,5;55,1;2657,4;
2687,3;50,1;2661,2;
2688,6;47,1;2682,5;
2689,4;44,1;2167,3;
2690,5;41,1;2548,4;
2691,2;31,1;19,1;
2692,3;30,1;2165,2;
2693,3;29,1;2691,2;
2694,2;25,1;661,1;
2695,4;24,1;2499,3;
2696,3;20,1;2537,2;
2697,4;16,1;2570,3;
2698,6;10,1;2484,5;
2699,5;2680,3;2639,2;
2700,6;2679,2;2527,4;
2701,5;2647,3;2391,2;
2702,7;2642,4;2033,3;
2703,4;2619,2;2604,2;
2704,4;2593,3;341,1;
2705,4;2590,2;2417,2;
2706,5;2584,2;2594,3;
2707,5;2566,3;2212,2;
2708,6;2562,4;2082,2;
2709,5;2559,2;2243,3;
2710,7;2558,2;2328,5;
2711,4;2552,2;2457,2;
2712,5;2535,3;2347,2;
2713,4;2513,2;2506,2;
2714,7;2113,4;2467,3;
2715,4;2101,2;2447,2;
2716,5;2098,3;2139,2;
2717,4;2081,2;1849,2;
2718,4;2067,2;2218,2;
2719,8;2061,5;1929,3;
2720,6;2036,2;2648,4;
2721,4;2031,2;1959,2;
2722,6;2011,3;2242,3;
2723,8;1982,2;2478,6;
2724,4;1871,2;2378,2;
2725,5;1863,2;2186,3;
2726,4;1852,2;2407,2;
2727,5;1851,2;2214,3;
2728,7;1846,2;2725,5;
2729,4;1842,2;2206,2;
2730,4;1885,2;2251,2;
2731,5;1897,2;2324,3;
2732,6;1914,4;1918,2;
2733,10;1952,2;2667,8;
2734,10;1957,2;2719,8;
2735,4;2162,2;2440,2;
2736,3;2181,2;1185,1;
2737,7;2188,2;2599,5;
2738,4;2229,2;2156,2;
2739,9;2247,2;2737,7;
2740,3;2274,2;1143,1;
2741,4;2284,2;2326,2;
2742,5;2313,3;2381,2;
2743,6;2339,4;2369,2;
2744,8;2364,2;2743,6;
2745,5;2379,2;2409,3;
2746,5;2393,2;2429,3;
2747,7;2439,3;2470,4;
2748,5;2442,2;2477,3;
2749,4;2444,2;2455,2;
2750,4;2497,2;1888,2;
2751,3;1801,2;168,1;
2752,4;1807,2;2606,2;
2753,4;1809,2;1825,2;
2754,4;1810,2;2154,2;
2755,4;1813,2;2040,2;
2756,6;1815,2;2029,4;
2757,3;1817,2;897,1;
2758,5;1818,2;2666,3;
2759,9;1819,2;2747,7;
2760,6;1826,2;2096,4;
2761,4;1828,2;1834,2;
2762,5;1833,3;1965,2;
2763,6;1836,2;2684,4;
2764,6;1837,2;2738,4;
2765,7;1838,2;2758,5;
2766,4;1839,2;1843,2;
2767,6;1840,2;2713,4;
2768,7;1841,2;2742,5;
2769,5;1847,2;2751,3;
2770,4;1855,2;1856,2;
2771,10;1858,2;2430,8;
2772,5;1861,2;2298,3;
2773,6;1862,2;2755,4;
2774,5;1864,2;1890,3;
2775,6;1865,2;2389,4;
2776,8;1866,4;2753,4;
2777,3;1867,2;1750,1;
2778,10;1874,2;2776,8;
2779,4;1881,2;2675,2;
2780,7;1882,2;2638,5;
2781,9;1887,4;2653,5;
2782,7;1889,3;2244,4;
2783,3;1891,2;158,1;
2784,3;1894,2;1643,1;
2785,5;1898,2;1955,3;
2786,4;1899,2;2107,2;
2787,6;1904,2;2660,4;
2788,6;1908,2;2663,4;
2789,5;1909,2;2578,3;
2790,5;1910,2;2622,3;
2791,4;1913,2;1951,2;
2792,7;1915,2;2731,5;
2793,3;1917,2;69,1;
2794,4;1925,2;2055,2;
2795,7;1927,2;2745,5;
2796,3;1930,2;381,1;
2797,6;1933,3;2481,3;
2798,4;1934,2;2143,2;
2799,3;1935,2;103,1;
2800,12;1936,2;2733,10;
2801,3;1942,2;1182,1;
2802,10;1945,3;2795,7;
2803,5;1946,2;2201,3;
2804,6;1947,3;2323,3;
2805,7;1950,4;2075,3;
2806,5;1954,2;2418,3;
2807,4;1956,2;2516,2;
2808,4;1958,2;1962,2;
2809,6;1960,2;2808,4;
2810,9;1966,2;2702,7;
2811,5;1967,2;2015,3;
2812,8;1968,2;2756,6;
2813,6;1969,2;2735,4;
2814,4;1974,2;2255,2;
2815,4;1977,2;2018,2;
2816,4;1984,2;1989,2;
2817,7;1988,2;2543,5;
2818,8;1990,2;2700,6;
2819,9;1994,2;2817,7;
2820,9;2000,3;2809,6;
2821,7;2002,2;2774,5;
2822,4;2010,2;2563,2;
2823,3;2013,2;816,1;
2824,12;2016,3;2819,9;
2825,5;2023,2;2171,3;
2826,4;2027,2;2189,2;
2827,4;2028,2;2366,2;
2828,8;2034,4;2600,4;
2829,7;2039,2;2332,5;
2830,7;2047,2;2825,5;
2831,4;2049,2;2183,2;
2832,6;2054,3;2316,3;
2833,5;2056,2;2678,3;
2834,4;2058,2;2207,2;
2835,3;2069,2;1321,1;
2836,5;2070,3;2136,2;
2837,8;2072,2;2708,6;
2838,6;2073,3;2256,3;
2839,7;2074,2;2709,5;
2840,7;2079,3;2662,4;
2841,5;2080,2;2480,3;
2842,5;2087,2;2392,3;
2843,9;2088,4;2842,5;
2844,4;2089,2;2095,2;
2845,5;2092,2;2740,3;
2846,5;2093,2;2376,3;
2847,7;2094,2;2803,5;
2848,9;2102,2;2830,7;
2849,7;2103,3;2831,4;
2850,9;2104,3;2372,6;
2851,5;2105,2;2459,3;
2852,6;2106,2;2114,4;
2853,9;2109,6;2373,3;
2854,6;2110,2;2228,4;
2855,6;2115,2;2844,4;
2856,4;2116,2;2233,2;
2857,4;2118,2;2238,2;
2858,8;2119,5;2539,3;
2859,4;2121,2;2178,2;
2860,10;2122,2;2858,8;
2861,3;2125,2;155,1;
2862,5;2126,2;2367,3;
2863,8;2129,3;2836,5;
2864,7;2133,3;2857,4;
2865,4;2138,2;2160,2;
2866,3;2145,2;1179,1;
2867,4;2146,2;2668,2;
2868,4;2151,2;2234,2;
2869,6;2157,2;2235,4;
2870,3;2158,2;192,1;
2871,6;2159,2;2689,4;
2872,5;2161,2;2215,3;
2873,7;2163,3;2427,4;
2874,9;2168,3;2871,6;
2875,6;2172,2;2524,4;
2876,3;2173,2;811,1;
2877,5;2174,2;2876,3;
2878,8;2177,2;2854,6;
2879,6;2179,4;2671,2;
2880,8;2185,2;2838,6;
2881,6;2187,3;2529,3;
2882,5;2191,3;2610,2;
2883,3;2194,2;1154,1;
2884,9;2195,2;2864,7;
2885,6;2196,2;2300,4;
2886,4;2197,2;2217,2;
2887,8;2199,3;2785,5;
2888,6;2200,2;2807,4;
2889,3;2202,2;946,1;
2890,7;2203,5;2554,2;
2891,8;2208,3;2690,5;
2892,3;2210,2;1067,1;
2893,11;2211,3;2878,8;
2894,5;2213,2;2301,3;
2895,4;2216,2;2383,2;
2896,10;2219,2;2880,8;
2897,3;2222,2;443,1;
2898,10;2223,2;2887,8;
2899,6;2225,3;2400,3;
2900,3;2226,2;1058,1;
2901,4;2227,3;1215,1;
2902,3;2232,2;1253,1;
2903,3;2236,2;1034,1;
2904,3;2248,2;313,1;
2905,8;2252,2;2885,6;
2906,11;2253,2;2848,9;
2907,6;2254,3;2288,3;
2908,5;2257,2;2550,3;
2909,7;2258,3;2335,4;
2910,6;2260,2;2730,4;
2911,6;2261,2;2294,4;
2912,5;2267,2;2538,3;
2913,9;2269,2;2839,7;
2914,9;2272,3;2561,6;
2915,6;2273,2;2602,4;
2916,3;2279,2;966,1;
2917,11;2281,4;2710,7;
2918,8;2286,2;2907,6;
2919,7;2289,3;2488,4;
2920,11;2293,3;2918,8;
2921,4;2295,3;1017,1;
2922,7;2296,3;2814,4;
2923,5;2297,3;2523,2;
2924,8;2302,3;2908,5;
2925,5;2304,3;2551,2;
2926,3;2305,2;784,1;
2927,4;2306,2;2331,2;
2928,10;2308,3;2728,7;
2929,5;2309,2;2359,3;
2930,6;2311,3;2823,3;
2931,7;2314,2;2862,5;
2932,6;2318,3;2633,3;
2933,8;2320,2;2775,6;
2934,14;2321,5;2739,9;
2935,7;2322,2;2912,5;
2936,5;2325,2;2362,3;
2937,4;2336,3;222,1;
2938,7;2337,2;2707,5;
2939,5;2342,2;2490,3;
2940,6;2343,3;2495,3;
2941,8;2346,2;2722,6;
2942,13;2348,5;2723,8;
2943,9;2350,4;2712,5;
2944,5;2351,4;442,1;
2945,7;2353,2;2772,5;
2946,8;2355,2;2698,6;
2947,7;2357,3;2827,4;
2948,12;2358,5;2782,7;
2949,10;2360,5;2598,5;
2950,10;2363,3;2935,7;
2951,13;2365,4;2943,9;
2952,6;2370,3;2541,3;
2953,10;2371,2;2812,8;
2954,7;2374,2;2542,5;
2955,7;2377,2;2806,5;
2956,3;2380,2;751,1;
2957,9;2384,3;2720,6;
2958,10;2386,3;2829,7;
2959,9;2388,3;2406,6;
2960,9;2395,2;2938,7;
2961,4;2398,2;2609,2;
2962,7;2401,3;2705,4;
2963,3;2404,2;134,1;
2964,5;2408,2;2411,3;
2965,14;2412,4;2928,10;
2966,10;2413,2;2933,8;
2967,4;2414,3;370,1;
2968,7;2416,2;2699,5;
2969,7;2419,4;2654,3;
2970,13;2420,3;2898,10;
2971,5;2424,3;2476,2;
2972,11;2426,2;2843,9;
2973,7;2434,3;2450,4;
2974,7;2435,3;2475,4;
2975,5;2438,3;2468,2;
2976,7;2441,2;2789,5;
2977,4;2449,2;2453,2;
2978,4;2452,2;2463,2;
2979,5;2454,3;2461,2;
2980,11;2456,3;2905,8;
2981,7;2460,4;2591,3;
2982,7;2462,2;2929,5;
2983,8;2471,3;2833,5;
2984,10;2472,2;2828,8;
2985,9;2473,4;2748,5;
2986,3;2474,2;71,1;
2987,8;2479,3;2487,5;
2988,11;2483,4;2919,7;
2989,9;2485,4;2790,5;
2990,11;2486,2;2874,9;
2991,5;2492,2;2635,3;
2992,6;2494,2;2540,4;
2993,11;2496,2;2810,9;
2994,3;2500,2;447,1;
2995,6;2502,2;2977,4;
2996,15;2508,2;2951,13;
2997,9;2509,3;2767,6;
2998,3;2510,2;399,1;
2999,6;2512,3;2522,3;
3000,6;2518,3;2651,3;
3001,5;2525,2;2536,3;
3002,3;2526,2;429,1;
3003,8;2528,3;2991,5;
3004,9;2531,2;2954,7;
3005,8;2533,2;2992,6;
3006,12;2544,5;2821,7;
3007,8;2546,3;2846,5;
3008,11;2549,2;2820,9;
3009,8;2555,4;2655,4;
3010,11;2565,4;2847,7;
3011,6;2576,3;2595,3;
3012,14;2577,3;2917,11;
3013,9;2579,5;2596,4;
3014,10;2585,3;2981,7;
3015,10;2589,4;2764,6;
3016,10;2592,3;2976,7;
3017,9;2597,3;3011,6;
3018,7;2607,2;2701,5;
3019,14;2611,3;3010,11;
3020,10;2612,2;3003,8;
3021,12;2614,4;2983,8;
3022,4;2615,2;2628,2;
3023,10;2618,4;2932,6;
3024,4;2621,2;2636,2;
3025,11;2623,2;2884,9;
3026,9;2624,3;2763,6;
3027,6;2627,3;2665,3;
3028,9;2632,2;2840,7;
3029,7;2634,3;2729,4;
3030,6;2637,2;2867,4;
3031,3;2640,2;15,1;
3032,3;2643,2;131,1;
3033,7;2645,3;2754,4;
3034,13;2646,3;3015,10;
3035,10;2649,2;2744,8;
3036,10;2650,4;3027,6;
3037,11;2652,5;2787,6;
3038,12;2656,2;2860,10;
3039,7;2658,3;2752,4;
3040,6;2659,2;2794,4;
3041,6;2664,2;2779,4;
3042,6;2669,3;2677,3;
3043,13;2670,4;2853,9;
3044,6;2672,2;2717,4;
3045,11;2676,3;2818,8;
3046,3;2681,2;54,1;
3047,13;2683,4;3026,9;
3048,11;2685,2;2989,9;
3049,8;2686,5;2696,3;
3050,6;2687,3;3046,3;
3051,15;2688,6;2997,9;
3052,9;2692,3;2875,6;
3053,8;2693,3;2894,5;
3054,3;2694,2;109,1;
3055,14;2695,4;3020,10;
3056,17;2697,4;3034,13;
3057,11;2703,4;3018,7;
3058,13;2704,4;2960,9;
3059,13;2706,5;2946,8;
3060,10;2711,4;2813,6;
3061,13;2714,7;3000,6;
3062,5;2715,4;525,1;
3063,14;2716,5;2759,9;
3064,14;2718,4;2734,10;
3065,5;2721,4;285,1;
3066,12;2724,4;2924,8;
3067,11;2726,4;2962,7;
3068,17;2727,5;2948,12;
3069,14;2732,6;2837,8;
3070,15;2736,3;3038,12;
3071,11;2741,4;2969,7;
3072,19;2746,5;3012,14;
3073,17;2749,4;3061,13;
3074,9;2750,4;3001,5;
3075,8;1789,1;3039,7;
3076,10;1763,1;3028,9;
3077,8;1744,1;2768,7;
3078,11;1742,1;2953,10;
3079,11;1738,1;2778,10;
3080,2;1731,1;1012,1;
3081,8;1729,1;3033,7;
3082,2;1728,1;364,1;
3083,2;1724,1;1427,1;
3084,11;1723,1;3076,10;
3085,2;1710,1;1072,1;
3086,4;1708,1;3002,3;
3087,2;1707,1;1141,1;
3088,6;1704,1;2762,5;
3089,4;1702,1;2986,3;
3090,2;1695,1;1675,1;
3091,5;1690,1;2761,4;
3092,9;1689,1;3077,8;
3093,4;1685,1;2883,3;
3094,2;1671,1;670,1;
3095,3;1660,1;3087,2;
3096,2;1657,1;163,1;
3097,2;1654,1;606,1;
3098,2;1650,1;847,1;
3099,2;1635,1;1294,1;
3100,5;1627,1;2798,4;
3101,2;1618,1;1557,1;
3102,16;1606,1;3070,15;
3103,5;1605,1;2770,4;
3104,6;1602,1;3103,5;
3105,2;1600,1;648,1;
3106,2;1597,1;1364,1;
3107,2;1595,1;191,1;
3108,3;1593,1;3106,2;
3109,2;1582,1;1210,1;
3110,4;1581,1;2783,3;
3111,4;1580,1;2796,3;
3112,14;1578,1;2970,13;
3113,3;1576,1;3096,2;
3114,2;1574,1;1562,1;
3115,2;1572,1;317,1;
3116,2;1571,1;731,1;
3117,4;1565,1;2897,3;
3118,7;1553,1;2879,6;
3119,6;1552,1;3100,5;
3120,8;1551,1;2805,7;
3121,6;1540,1;3065,5;
3122,8;1489,1;2849,7;
3123,5;1488,1;2815,4;
3124,2;1467,1;949,1;
3125,2;1459,1;1073,1;
3126,8;1412,1;2982,7;
3127,5;1407,1;3089,4;
3128,7;1400,1;2855,6;
3129,5;1393,1;2901,4;
3130,9;1391,1;3120,8;
3131,7;1389,1;3040,6;
3132,11;1379,1;2950,10;
3133,5;1378,1;2816,4;
3134,12;1348,1;2990,11;
3135,9;1319,1;3122,8;
3136,5;1310,1;2834,4;
3137,6;1306,1;2851,5;
3138,2;1305,1;1248,1;
3139,2;1302,1;1003,1;
3140,7;1296,1;2910,6;
3141,2;1293,1;1176,1;
3142,11;1292,1;2984,10;
3143,7;1290,1;3030,6;
3144,2;1288,1;794,1;
3145,4;1277,1;3031,3;
3146,2;1275,1;7,1;
3147,3;1273,1;3138,2;
3148,4;1268,1;2889,3;
3149,8;1260,1;3143,7;
3150,2;1259,1;376,1;
3151,9;1233,1;3007,8;
3152,2;1221,1;366,1;
3153,11;1207,1;3060,10;
3154,2;1197,1;38,1;
3155,4;1195,1;3095,3;
3156,4;1165,1;3147,3;
3157,4;1152,1;2900,3;
3158,3;1150,1;3090,2;
3159,4;1149,1;2892,3;
3160,7;1146,1;3044,6;
3161,2;1145,1;1009,1;
3162,5;1140,1;2921,4;
3163,3;1135,1;3161,2;
3164,8;1132,1;3160,7;
3165,4;1129,1;3054,3;
3166,3;1121,1;3125,2;
3167,2;1118,1;231,1;
3168,2;1113,1;1088,1;
3169,2;1109,1;734,1;
3170,2;1108,1;746,1;
3171,5;1100,1;3155,4;
3172,2;1095,1;356,1;
3173,6;1089,1;3136,5;
3174,2;1086,1;566,1;
3175,2;1079,1;1056,1;
3176,10;1078,1;2957,9;
3177,2;1070,1;1043,1;
3178,12;1069,1;3084,11;
3179,5;1062,1;2868,4;
3180,6;1044,1;3127,5;
3181,9;1038,1;3081,8;
3182,2;1037,1;284,1;
3183,5;1033,1;3148,4;
3184,8;1024,1;3140,7;
3185,6;1023,1;3183,5;
3186,2;1022,1;467,1;
3187,6;1021,1;2975,5;
3188,7;1014,1;2888,6;
3189,7;1001,1;3185,6;
3190,3;998,1;3080,2;
3191,11;997,1;2949,10;
3192,2;994,1;537,1;
3193,2;992,1;985,1;
3194,6;986,1;3162,5;
3195,3;964,1;3193,2;
3196,2;951,1;940,1;
3197,6;950,1;2923,5;
3198,7;926,1;2773,6;
3199,4;912,1;3166,3;
3200,3;891,1;3167,2;
3201,3;876,1;3152,2;
3202,5;860,1;2786,4;
3203,11;850,1;3023,10;
3204,2;843,1;101,1;
3205,7;839,1;2869,6;
3206,8;838,1;3205,7;
3207,12;824,1;3071,11;
3208,9;813,1;2987,8;
3209,2;808,1;271,1;
3210,5;807,1;2927,4;
3211,10;804,1;3151,9;
3212,2;800,1;780,1;
3213,7;795,1;2940,6;
3214,9;792,1;2941,8;
3215,6;791,1;2936,5;
3216,3;770,1;3170,2;
3217,8;769,1;2780,7;
3218,7;767,1;2952,6;
3219,8;765,1;2955,7;
3220,11;760,1;2966,10;
3221,4;756,1;3201,3;
3222,7;755,1;3215,6;
3223,11;742,1;3211,10;
3224,9;736,1;3009,8;
3225,2;732,1;673,1;
3226,6;730,1;2882,5;
3227,2;722,1;500,1;
3228,9;719,1;3219,8;
3229,5;691,1;2791,4;
3230,6;690,1;2971,5;
3231,3;689,1;3186,2;
3232,10;683,1;3228,9;
3233,5;681,1;3165,4;
3234,2;678,1;651,1;
3235,5;675,1;3111,4;
3236,5;664,1;2967,4;
3237,12;641,1;2906,11;
3238,11;633,1;3014,10;
3239,2;632,1;629,1;
3240,12;630,1;3048,11;
3241,5;626,1;3221,4;
3242,12;623,1;2988,11;
3243,6;609,1;2979,5;
3244,10;605,1;3208,9;
3245,6;600,1;2944,5;
3246,6;591,1;2845,5;
3247,12;590,1;3079,11;
3248,2;588,1;72,1;
3249,11;578,1;3244,10;
3250,2;576,1;553,1;
3251,11;570,1;2896,10;
3252,2;547,1;352,1;
3253,6;545,1;3062,5;
3254,5;538,1;2978,4;
3255,8;534,1;2974,7;
3256,5;528,1;2961,4;
3257,13;521,1;3247,12;
3258,12;518,1;3251,11;
3259,6;513,1;2769,5;
3260,9;511,1;3126,8;
3261,6;509,1;2939,5;
3262,7;508,1;3261,6;
3263,5;498,1;3086,4;
3264,7;489,1;2999,6;
3265,6;488,1;2811,5;
3266,5;484,1;2822,4;
3267,13;482,1;3066,12;
3268,7;480,1;2930,6;
3269,2;462,1;394,1;
3270,12;457,1;3238,11;
3271,6;444,1;2841,5;
3272,12;439,1;3191,11;
3273,7;436,1;3246,6;
3274,4;430,1;3163,3;
3275,3;421,1;3250,2;
3276,3;414,1;3227,2;
3277,4;409,1;3195,3;
3278,6;403,1;3263,5;
3279,8;389,1;2792,7;
3280,5;373,1;2826,4;
3281,11;324,1;3016,10;
3282,15;314,1;2934,14;
3283,8;306,1;2931,7;
3284,14;303,1;3058,13;
3285,7;295,1;3253,6;
3286,3;294,1;3252,2;
3287,4;283,1;2994,3;
3288,5;263,1;3287,4;
3289,4;245,1;2801,3;
3290,8;241,1;3198,7;
3291,6;187,1;3256,5;
3292,5;173,1;2937,4;
3293,13;171,1;2800,12;
3294,5;153,1;3024,4;
3295,6;152,1;3202,5;
3296,5;145,1;3145,4;
3297,6;133,1;3294,5;
3298,17;122,1;3102,16;
3299,7;121,1;2788,6;
3300,14;118,1;3043,13;
3301,12;117,1;3203,11;
3302,9;113,1;3217,8;
3303,7;106,1;3042,6;
3304,3;96,1;3154,2;
3305,13;77,1;3240,12;
3306,12;76,1;3223,11;
3307,10;73,1;3181,9;
3308,8;68,1;3299,7;
3309,8;66,1;3303,7;
3310,8;64,1;2890,7;
3311,2;61,1;17,1;
3312,5;53,1;3110,4;
3313,2;46,1;35,1;
3314,11;45,1;2958,10;
3315,11;36,1;2771,10;
3316,6;33,1;3296,5;
3317,2;28,1;8,1;
3318,7;27,1;3041,6;
3319,9;14,1;3310,8;
3320,8;12,1;3188,7;
3321,2;9,1;5,1;
3322,12;3,1;3314,11;
3323,19;3322,12;2947,7;
3324,12;3321,2;3307,10;
3325,17;3320,8;3074,9;
3326,17;3319,9;2891,8;
3327,16;3318,7;2959,9;
3328,9;3317,2;3262,7;
3329,8;3316,6;3139,2;
3330,19;3315,11;3049,8;
3331,4;3313,2;3098,2;
3332,17;3312,5;3178,12;
3333,16;3311,2;3300,14;
3334,15;3309,8;3029,7;
3335,12;3308,8;2859,4;
3336,14;3306,12;3182,2;
3337,21;3305,13;3255,8;
3338,5;3304,3;3116,2;
3339,18;3302,9;3092,9;
3340,16;3301,12;3289,4;
3341,20;3298,17;2902,3;
3342,14;3297,6;3149,8;
3343,11;3295,6;2964,5;
3344,22;3293,13;3224,9;
3345,7;3292,5;3146,2;
3346,24;3291,6;3339,18;
3347,14;3290,8;3226,6;
3348,9;3286,3;3259,6;
3349,10;3285,7;3276,3;
3350,22;3284,14;3075,8;
3351,15;3283,8;2945,7;
3352,24;3282,15;2781,9;
3353,17;3281,11;2797,6;
3354,14;3280,5;3135,9;
3355,13;3279,8;3229,5;
3356,8;3278,6;3124,2;
3357,10;3277,4;2911,6;
3358,12;3275,3;3260,9;
3359,6;3274,4;3168,2;
3360,9;3273,7;3239,2;
3361,23;3272,12;3008,11;
3362,15;3271,6;3004,9;
3363,23;3270,12;3142,11;
3364,11;3269,2;3328,9;
3365,30;3268,7;3361,23;
3366,18;3267,13;3236,5;
3367,10;3266,5;3091,5;
3368,12;3265,6;3187,6;
3369,17;3264,7;3357,10;
3370,19;3258,12;3128,7;
3371,36;3257,13;3363,23;
3372,14;3254,5;3360,9;
3373,21;3249,11;3349,10;
3374,19;3248,2;3073,17;
3375,8;3245,6;3192,2;
3376,8;3243,6;3097,2;
3377,20;3242,12;3375,8;
3378,12;3241,5;3218,7;
3379,18;3237,12;3121,6;
3380,15;3235,5;3232,10;
3381,8;3234,2;2899,6;
3382,19;3233,5;3112,14;
3383,22;3230,6;3327,16;
3384,15;3222,7;3005,8;
3385,28;3220,11;3068,17;
3386,17;3216,3;3063,14;
3387,33;3214,9;3352,24;
3388,13;3213,7;3088,6;
3389,5;3212,2;2757,3;
3390,17;3210,5;3358,12;
3391,7;3209,2;2877,5;
3392,26;3207,12;2965,14;
3393,11;3206,8;2870,3;
3394,8;3204,2;2760,6;
3395,25;3200,3;3383,22;
3396,20;3199,4;3333,16;
3397,23;3197,6;3369,17;
3398,9;3196,2;2922,7;
3399,8;3194,6;3083,2;
3400,14;3184,8;3137,6;
3401,11;3180,6;3179,5;
3402,17;3176,10;2968,7;
3403,4;3175,2;3085,2;
3404,15;3173,6;3013,9;
3405,6;3172,2;2886,4;
3406,8;3171,5;2793,3;
3407,6;3169,2;2895,4;
3408,21;3164,8;3388,13;
3409,8;3159,4;3093,4;
3410,11;3158,3;3409,8;
3411,13;3157,4;2913,9;
3412,14;3153,11;2866,3;
3413,18;3150,2;3340,16;
3414,17;3144,2;3051,15;
3415,29;3134,12;3386,17;
3416,9;3133,5;2865,4;
3417,22;3132,11;3037,11;
3418,11;3131,7;3331,4;
3419,15;3130,9;2804,6;
3420,23;3123,5;3379,18;
3421,8;3119,6;3107,2;
3422,10;3118,7;2926,3;
3423,6;3117,4;3101,2;
3424,5;3114,2;2956,3;
3425,5;3109,2;2784,3;
3426,9;3108,3;3423,6;
3427,26;3105,2;3346,24;
3428,9;3104,6;2777,3;
3429,10;3099,2;3421,8;
3430,16;3094,2;3055,14;
3431,6;3082,2;2766,4;
3432,19;3078,11;3399,8;
3433,52;3072,19;3387,33;
3434,28;3069,14;3064,14;
3435,63;3067,11;3433,52;
3436,19;3059,13;2915,6;
3437,14;3057,11;2963,3;
3438,32;3056,17;2996,15;
3439,30;3053,8;3417,22;
3440,18;3052,9;2850,9;
3441,27;3050,6;3337,21;
3442,26;3047,13;3355,13;
3443,15;3045,11;3022,4;
3444,13;3036,10;3032,3;
3445,24;3035,10;3019,14;
3446,32;3025,11;3408,21;
3447,36;3021,12;3445,24;
3448,14;3017,9;3425,5;
3449,21;3006,12;2914,9;
3450,13;2998,3;3367,10;
3451,15;2995,6;2985,9;
3452,22;2993,11;2920,11;
3453,15;2980,11;2856,4;
3454,26;2972,11;3404,15;
3455,25;2942,13;3378,12;
3456,8;2925,5;2904,3;
3457,20;2916,3;3326,17;
3458,15;2909,7;2863,8;
3459,14;2903,3;3401,11;
3460,17;2893,11;3407,6;
3461,38;2881,6;3446,32;
3462,33;2873,7;3392,26;
3463,14;2872,5;3416,9;
3464,22;2861,3;3382,19;
3465,13;2852,6;2765,7;
3466,21;2832,6;3458,15;
3467,18;2802,10;3394,8;
3468,17;2799,3;3342,14;
3469,32;3323,19;3450,13;
3470,50;3324,12;3461,38;
3471,37;3330,19;3467,18;
3472,45;3332,17;3385,28;
3473,47;3334,15;3438,32;
3474,29;3335,12;3353,17;
3475,22;3336,14;3406,8;
3476,25;3338,5;3341,20;
3477,11;3345,7;3403,4;
3478,22;3347,14;3456,8;
3479,20;3348,9;3364,11;
3480,67;3350,22;3472,45;
3481,22;3354,14;3381,8;
3482,30;3362,15;3451,15;
3483,21;3368,12;3398,9;
3484,52;3374,19;3462,33;
3485,20;3380,15;3424,5;
3486,22;3384,15;3391,7;
3487,37;3393,11;3442,26;
3488,38;3402,17;3449,21;
3489,27;3411,13;3463,14;
3490,32;3414,17;3443,15;
3491,62;3419,15;3473,47;
3492,30;3430,16;3437,14;
3493,42;3431,6;3447,36;
3494,71;3436,19;3484,52;
3495,53;3453,15;3488,38;
3496,32;3455,25;2973,7;
3497,35;3474,29;3405,6;
3498,44;2824,12;3490,32;
3499,20;2835,3;3460,17;
3500,11;3113,3;3329,8;
3501,5;3115,2;3231,3;
3502,67;3129,5;3491,62;
3503,22;3141,2;3499,20;
3504,14;3156,4;3422,10;
3505,3;3174,2;1271,1;
3506,3;3177,2;757,1;
3507,28;3189,7;3466,21;
3508,31;3190,3;3507,28;
3509,7;3225,2;3501,5;
3510,13;3288,5;3356,8;
3511,39;3325,17;3478,22;
3512,37;3343,11;3427,26;
3513,89;3344,22;3480,67;
3514,34;3351,15;3432,19;
3515,28;3359,6;3452,22;
3516,50;3365,30;3479,20;
3517,68;3366,18;3516,50;
3518,33;3370,19;3372,14;
3519,58;3371,36;3481,22;
3520,89;3373,21;3517,68;
3521,17;3376,8;3426,9;
3522,53;3377,20;3518,33;
3523,18;3389,5;3465,13;
3524,40;3390,17;3420,23;
3525,36;3395,25;3477,11;
3526,62;3396,20;3493,42;
3527,49;3397,23;3454,26;
3528,64;3400,14;3470,50;
3529,21;3410,11;3429,10;
3530,51;3412,14;3512,37;
3531,40;3413,18;3464,22;
3532,91;3415,29;3526,62;
3533,33;3418,11;3486,22;
3534,34;3428,9;3476,25;
3535,29;3434,28;327,1;
3536,93;3435,63;3482,30;
3537,94;3439,30;3528,64;
3538,71;3440,18;3495,53;
3539,116;3441,27;3520,89;
3540,57;3444,13;3498,44;
3541,28;3448,14;3459,14;
3542,55;3457,20;3497,35;
3543,54;3468,17;3487,37;
3544,81;3469,32;3527,49;
3545,108;3471,37;3494,71;
3546,56;3475,22;3534,34;
3547,79;3483,21;3519,58;
3548,77;3485,20;3540,57;
3549,108;3489,27;3544,81;
3550,48;3492,30;3523,18;
3551,80;3496,32;3550,48;
3552,81;919,1;3551,80;
3553,82;873,1;3552,81;
3554,29;87,1;3541,28;
3555,62;3554,29;3533,33;
3556,137;3553,82;3542,55;
3557,202;3549,108;3537,94;
3558,80;3548,77;3505,3;
3559,141;3547,79;3555,62;
3560,145;3546,56;3513,89;
3561,148;3545,108;3524,40;
3562,256;3543,54;3557,202;
3563,167;3539,116;3530,51;
3564,219;3538,71;3561,148;
3565,160;3536,93;3502,67;
3566,43;3535,29;3504,14;
3567,127;3532,91;3525,36;
3568,51;3531,40;3500,11;
3569,60;3529,21;3511,39;
3570,70;3522,53;3521,17;
3571,155;3515,28;3567,127;
3572,94;3514,34;3569,60;
3573,20;3510,13;3509,7;
3574,168;3508,31;3556,137;
3575,182;3503,22;3565,160;
3576,188;3560,145;3566,43;
3577,355;3576,188;3563,167;
3578,144;3506,3;3559,141;
3579,81;3558,80;1264,1;
3580,350;3562,256;3572,94;
3581,220;3564,219;988,1;
3582,206;3568,51;3571,155;
3583,420;3570,70;3580,350;
3584,202;3573,20;3575,182;
3585,370;3574,168;3584,202;
3586,436;3577,355;3579,81;
3587,221;502,1;3581,220;
3588,591;3587,221;3585,370;
3589,856;3586,436;3583,420;
3590,1062;3582,206;3589,856;
3591,1206;3578,144;3590,1062;
3592,1797;3591,1206;3588,591;
