5000,2;4921,1;4534,1;
5001,2;4911,1;557,1;
5002,2;4900,1;742,1;
5003,2;4852,1;1132,1;
5004,2;4846,1;4253,1;
5005,2;4810,1;3165,1;
5006,2;4777,1;1420,1;
5007,2;4735,1;3852,1;
5008,2;4681,1;2077,1;
5009,2;4668,1;999,1;
5010,2;4538,1;4154,1;
5011,2;4527,1;2599,1;
5012,2;4342,1;1260,1;
5013,2;4338,1;3599,1;
5014,2;4308,1;1379,1;
5015,2;4287,1;798,1;
5016,2;4218,1;196,1;
5017,2;4149,1;1331,1;
5018,2;4129,1;2200,1;
5019,2;4029,1;66,1;
5020,2;3953,1;2801,1;
5021,2;3892,1;2974,1;
5022,2;3891,1;226,1;
5023,2;3851,1;1114,1;
5024,2;3706,1;1197,1;
5025,2;3450,1;3438,1;
5026,2;3289,1;229,1;
5027,2;3280,1;657,1;
5028,2;3235,1;2186,1;
5029,2;3199,1;510,1;
5030,2;3175,1;2272,1;
5031,2;3161,1;3134,1;
5032,2;3008,1;1614,1;
5033,2;2838,1;1686,1;
5034,2;2755,1;2419,1;
5035,2;2751,1;377,1;
5036,2;2565,1;2210,1;
5037,2;2538,1;1509,1;
5038,2;2387,1;719,1;
5039,2;2267,1;1865,1;
5040,2;2260,1;1898,1;
5041,2;2226,1;1071,1;
5042,2;2027,1;1199,1;
5043,2;1770,1;1503,1;
5044,2;1562,1;39,1;
5045,2;1343,1;53,1;
5046,2;953,1;812,1;
5047,2;876,1;121,1;
5048,2;817,1;422,1;
5049,3;147,1;5002,2;
5050,3;5000,2;2310,1;
5051,3;5001,2;4178,1;
5052,3;5003,2;105,1;
5053,3;5004,2;2067,1;
5054,3;5005,2;3019,1;
5055,3;5006,2;2940,1;
5056,3;5007,2;4340,1;
5057,3;5008,2;3082,1;
5058,3;5009,2;34,1;
5059,3;5011,2;1070,1;
5060,3;5012,2;3539,1;
5061,3;5013,2;4202,1;
5062,3;5014,2;4709,1;
5063,3;5015,2;4918,1;
5064,3;5016,2;4084,1;
5065,3;5017,2;4063,1;
5066,3;5018,2;886,1;
5067,3;5019,2;3683,1;
5068,3;5020,2;3305,1;
5069,3;5021,2;503,1;
5070,3;5022,2;4691,1;
5071,3;5023,2;826,1;
5072,3;5024,2;3425,1;
5073,3;5025,2;847,1;
5074,3;5026,2;44,1;
5075,3;5027,2;3504,1;
5076,3;5028,2;3816,1;
5077,4;5030,2;5045,2;
5078,3;5031,2;384,1;
5079,3;5032,2;1845,1;
5080,3;5034,2;4693,1;
5081,3;5035,2;3747,1;
5082,3;5036,2;11,1;
5083,3;5037,2;2692,1;
5084,3;5038,2;4292,1;
5085,3;5040,2;2831,1;
5086,3;5041,2;2246,1;
5087,3;5042,2;91,1;
5088,3;5044,2;4598,1;
5089,3;5046,2;145,1;
5090,3;5047,2;1150,1;
5091,2;4999,1;2008,1;
5092,2;4998,1;1348,1;
5093,2;4997,1;4431,1;
5094,2;4996,1;3758,1;
5095,4;4994,1;5079,3;
5096,2;4993,1;3333,1;
5097,2;4989,1;427,1;
5098,2;4988,1;1419,1;
5099,2;4987,1;519,1;
5100,2;4985,1;4304,1;
5101,2;4984,1;2667,1;
5102,2;4982,1;2983,1;
5103,2;4979,1;4092,1;
5104,2;4977,1;537,1;
5105,2;4974,1;4792,1;
5106,2;4973,1;1326,1;
5107,2;4971,1;3076,1;
5108,2;4969,1;1210,1;
5109,2;4968,1;2775,1;
5110,2;4966,1;4780,1;
5111,2;4965,1;4126,1;
5112,2;4964,1;1154,1;
5113,2;4963,1;1463,1;
5114,2;4961,1;2436,1;
5115,2;4960,1;35,1;
5116,2;4959,1;3517,1;
5117,2;4958,1;3028,1;
5118,2;4956,1;4455,1;
5119,2;4955,1;2083,1;
5120,2;4953,1;2583,1;
5121,2;4952,1;443,1;
5122,2;4951,1;4904,1;
5123,2;4950,1;4404,1;
5124,2;4945,1;1084,1;
5125,2;4944,1;4725,1;
5126,2;4942,1;4574,1;
5127,2;4941,1;173,1;
5128,2;4940,1;1510,1;
5129,2;4939,1;3349,1;
5130,2;4938,1;1815,1;
5131,2;4937,1;3434,1;
5132,2;4936,1;4435,1;
5133,2;4935,1;3574,1;
5134,2;4933,1;2750,1;
5135,2;4932,1;3668,1;
5136,2;4931,1;4601,1;
5137,2;4930,1;770,1;
5138,2;4929,1;2253,1;
5139,2;4928,1;2631,1;
5140,2;4927,1;2531,1;
5141,2;4926,1;4723,1;
5142,2;4925,1;3548,1;
5143,2;4923,1;1301,1;
5144,2;4922,1;2377,1;
5145,2;4920,1;2954,1;
5146,2;4919,1;4065,1;
5147,2;4917,1;2970,1;
5148,3;4915,1;5132,2;
5149,2;4914,1;1843,1;
5150,2;4913,1;4015,1;
5151,2;4912,1;4429,1;
5152,2;4910,1;631,1;
5153,2;4908,1;3806,1;
5154,2;4903,1;1313,1;
5155,2;4902,1;152,1;
5156,2;4901,1;3390,1;
5157,2;4899,1;3221,1;
5158,2;4898,1;2656,1;
5159,2;4897,1;1912,1;
5160,2;4896,1;4798,1;
5161,2;4895,1;3229,1;
5162,2;4894,1;3541,1;
5163,2;4891,1;3975,1;
5164,2;4890,1;3718,1;
5165,2;4889,1;1248,1;
5166,2;4887,1;3491,1;
5167,2;4886,1;1354,1;
5168,2;4884,1;2629,1;
5169,2;4883,1;4423,1;
5170,2;4882,1;15,1;
5171,2;4880,1;2464,1;
5172,2;4879,1;2794,1;
5173,2;4877,1;176,1;
5174,2;4876,1;2627,1;
5175,2;4875,1;3507,1;
5176,2;4874,1;276,1;
5177,2;4873,1;946,1;
5178,2;4872,1;2671,1;
5179,2;4870,1;2770,1;
5180,2;4868,1;735,1;
5181,2;4867,1;2315,1;
5182,2;4866,1;3385,1;
5183,2;4865,1;1076,1;
5184,2;4864,1;136,1;
5185,2;4862,1;894,1;
5186,2;4861,1;1875,1;
5187,2;4860,1;341,1;
5188,2;4859,1;1725,1;
5189,2;4858,1;3452,1;
5190,2;4857,1;3496,1;
5191,2;4856,1;1404,1;
5192,2;4855,1;3467,1;
5193,2;4853,1;640,1;
5194,2;4850,1;2014,1;
5195,2;4849,1;3192,1;
5196,2;4848,1;4034,1;
5197,2;4845,1;3485,1;
5198,2;4844,1;3030,1;
5199,2;4843,1;4366,1;
5200,2;4842,1;322,1;
5201,2;4841,1;1229,1;
5202,2;4840,1;931,1;
5203,2;4837,1;1325,1;
5204,2;4835,1;1811,1;
5205,2;4834,1;1422,1;
5206,2;4833,1;2404,1;
5207,2;4832,1;4360,1;
5208,3;4831,1;5177,2;
5209,2;4830,1;2645,1;
5210,2;4829,1;586,1;
5211,2;4827,1;4478,1;
5212,2;4826,1;2688,1;
5213,2;4824,1;4213,1;
5214,2;4823,1;4771,1;
5215,2;4819,1;1481,1;
5216,2;4818,1;1405,1;
5217,2;4817,1;2713,1;
5218,2;4816,1;651,1;
5219,2;4814,1;701,1;
5220,2;4813,1;2734,1;
5221,2;4812,1;4263,1;
5222,2;4811,1;3393,1;
5223,2;4809,1;2393,1;
5224,2;4808,1;1342,1;
5225,2;4807,1;4676,1;
5226,2;4806,1;3346,1;
5227,3;4805,1;5112,2;
5228,2;4804,1;2748,1;
5229,2;4803,1;1284,1;
5230,2;4802,1;197,1;
5231,2;4801,1;2722,1;
5232,2;4800,1;1151,1;
5233,2;4799,1;711,1;
5234,2;4797,1;1536,1;
5235,2;4796,1;3670,1;
5236,2;4795,1;125,1;
5237,2;4794,1;1879,1;
5238,2;4793,1;234,1;
5239,2;4790,1;283,1;
5240,2;4789,1;772,1;
5241,2;4788,1;918,1;
5242,2;4787,1;2289,1;
5243,2;4786,1;822,1;
5244,2;4785,1;4480,1;
5245,2;4784,1;2358,1;
5246,2;4783,1;4185,1;
5247,2;4782,1;960,1;
5248,2;4781,1;1633,1;
5249,2;4779,1;1324,1;
5250,2;4778,1;4114,1;
5251,2;4776,1;1323,1;
5252,2;4775,1;2897,1;
5253,2;4774,1;2204,1;
5254,2;4773,1;2114,1;
5255,2;4772,1;429,1;
5256,2;4770,1;852,1;
5257,2;4769,1;1975,1;
5258,2;4768,1;3957,1;
5259,2;4765,1;2778,1;
5260,2;4764,1;1428,1;
5261,2;4763,1;1542,1;
5262,2;4762,1;2063,1;
5263,2;4760,1;2524,1;
5264,2;4759,1;4543,1;
5265,2;4758,1;3090,1;
5266,2;4757,1;909,1;
5267,2;4756,1;3314,1;
5268,2;4755,1;1789,1;
5269,2;4754,1;261,1;
5270,2;4753,1;2866,1;
5271,2;4752,1;3194,1;
5272,2;4751,1;3755,1;
5273,2;4746,1;1073,1;
5274,2;4745,1;2934,1;
5275,2;4744,1;3521,1;
5276,3;4743,1;5226,2;
5277,2;4742,1;3319,1;
5278,2;4740,1;1456,1;
5279,2;4739,1;1769,1;
5280,2;4737,1;2053,1;
5281,2;4736,1;3125,1;
5282,2;4734,1;1282,1;
5283,2;4733,1;351,1;
5284,2;4731,1;3788,1;
5285,3;4730,1;5136,2;
5286,2;4729,1;3884,1;
5287,2;4728,1;461,1;
5288,2;4727,1;1423,1;
5289,2;4726,1;2079,1;
5290,2;4724,1;4683,1;
5291,2;4722,1;1760,1;
5292,2;4721,1;730,1;
5293,2;4720,1;3526,1;
5294,2;4719,1;2408,1;
5295,2;4718,1;4221,1;
5296,2;4716,1;2681,1;
5297,2;4715,1;3578,1;
5298,2;4714,1;2423,1;
5299,2;4713,1;3985,1;
5300,2;4712,1;2331,1;
5301,2;4711,1;2823,1;
5302,2;4710,1;1744,1;
5303,2;4707,1;2598,1;
5304,3;4706,1;5268,2;
5305,2;4705,1;3609,1;
5306,2;4704,1;2406,1;
5307,2;4703,1;1286,1;
5308,2;4702,1;3570,1;
5309,2;4699,1;364,1;
5310,2;4698,1;1451,1;
5311,2;4696,1;1700,1;
5312,2;4695,1;1730,1;
5313,2;4694,1;4636,1;
5314,2;4692,1;2003,1;
5315,2;4690,1;1022,1;
5316,2;4688,1;3316,1;
5317,3;4687,1;5150,2;
5318,2;4685,1;870,1;
5319,2;4684,1;3735,1;
5320,2;4682,1;1112,1;
5321,2;4680,1;1205,1;
5322,2;4679,1;3351,1;
5323,4;4678,1;5067,3;
5324,2;4677,1;175,1;
5325,2;4674,1;3281,1;
5326,2;4673,1;2664,1;
5327,2;4672,1;3505,1;
5328,2;4671,1;743,1;
5329,2;4669,1;2729,1;
5330,2;4667,1;2606,1;
5331,2;4665,1;4389,1;
5332,2;4664,1;1672,1;
5333,2;4663,1;2839,1;
5334,2;4662,1;1732,1;
5335,3;4660,1;5158,2;
5336,2;4659,1;3150,1;
5337,2;4658,1;47,1;
5338,2;4657,1;4364,1;
5339,2;4655,1;1220,1;
5340,2;4654,1;4242,1;
5341,2;4652,1;1596,1;
5342,2;4651,1;4558,1;
5343,2;4650,1;4430,1;
5344,2;4647,1;4578,1;
5345,2;4645,1;2553,1;
5346,2;4644,1;18,1;
5347,2;4642,1;371,1;
5348,2;4641,1;2108,1;
5349,3;4640,1;5338,2;
5350,2;4638,1;1856,1;
5351,2;4637,1;3702,1;
5352,2;4634,1;2689,1;
5353,2;4631,1;4551,1;
5354,2;4629,1;4463,1;
5355,2;4628,1;783,1;
5356,2;4627,1;1514,1;
5357,2;4626,1;421,1;
5358,2;4625,1;661,1;
5359,2;4624,1;3840,1;
5360,2;4622,1;2139,1;
5361,2;4621,1;576,1;
5362,2;4620,1;665,1;
5363,2;4618,1;2580,1;
5364,2;4617,1;2923,1;
5365,2;4615,1;3888,1;
5366,4;4614,1;5051,3;
5367,3;4613,1;5140,2;
5368,2;4612,1;527,1;
5369,2;4608,1;4093,1;
5370,2;4607,1;4013,1;
5371,2;4606,1;2752,1;
5372,2;4605,1;3607,1;
5373,2;4603,1;4105,1;
5374,2;4602,1;1424,1;
5375,2;4600,1;2241,1;
5376,2;4599,1;1314,1;
5377,2;4596,1;2535,1;
5378,2;4594,1;3490,1;
5379,2;4593,1;3821,1;
5380,2;4592,1;1202,1;
5381,2;4589,1;2378,1;
5382,2;4587,1;228,1;
5383,2;4586,1;1978,1;
5384,2;4584,1;4142,1;
5385,3;4583,1;5194,2;
5386,2;4582,1;336,1;
5387,2;4580,1;3954,1;
5388,2;4579,1;3063,1;
5389,2;4577,1;3580,1;
5390,3;4575,1;5257,2;
5391,2;4572,1;3616,1;
5392,4;4571,1;5148,3;
5393,2;4568,1;1180,1;
5394,2;4567,1;3079,1;
5395,2;4566,1;1589,1;
5396,3;4565,1;5215,2;
5397,2;4564,1;977,1;
5398,2;4563,1;3180,1;
5399,2;4562,1;3938,1;
5400,2;4561,1;3006,1;
5401,2;4560,1;740,1;
5402,2;4559,1;1217,1;
5403,2;4557,1;3358,1;
5404,3;4556,1;5141,2;
5405,2;4555,1;2474,1;
5406,3;4554,1;5253,2;
5407,2;4552,1;1659,1;
5408,2;4550,1;1823,1;
5409,2;4549,1;327,1;
5410,2;4547,1;3691,1;
5411,2;4546,1;1929,1;
5412,2;4544,1;3320,1;
5413,2;4542,1;3376,1;
5414,2;4541,1;2702,1;
5415,2;4540,1;921,1;
5416,2;4539,1;1729,1;
5417,2;4537,1;904,1;
5418,2;4536,1;2007,1;
5419,2;4535,1;3213,1;
5420,2;4533,1;2256,1;
5421,2;4532,1;2581,1;
5422,2;4531,1;3890,1;
5423,2;4530,1;1494,1;
5424,2;4529,1;1691,1;
5425,2;4528,1;117,1;
5426,2;4526,1;3721,1;
5427,2;4524,1;1109,1;
5428,2;4523,1;3170,1;
5429,2;4522,1;1826,1;
5430,2;4521,1;1040,1;
5431,2;4519,1;754,1;
5432,2;4517,1;1065,1;
5433,2;4516,1;262,1;
5434,2;4514,1;163,1;
5435,2;4513,1;606,1;
5436,3;4512,1;5333,2;
5437,2;4510,1;4454,1;
5438,2;4509,1;2714,1;
5439,2;4507,1;3833,1;
5440,3;4506,1;5254,2;
5441,2;4505,1;2481,1;
5442,2;4503,1;385,1;
5443,2;4501,1;3359,1;
5444,2;4499,1;3650,1;
5445,2;4498,1;2744,1;
5446,2;4497,1;2747,1;
5447,2;4496,1;4123,1;
5448,3;4494,1;5405,2;
5449,2;4491,1;1128,1;
5450,2;4490,1;4176,1;
5451,2;4489,1;4243,1;
5452,2;4488,1;3350,1;
5453,2;4487,1;1810,1;
5454,2;4486,1;890,1;
5455,2;4485,1;2304,1;
5456,2;4484,1;1817,1;
5457,2;4481,1;1238,1;
5458,2;4479,1;3557,1;
5459,2;4477,1;2985,1;
5460,2;4476,1;2676,1;
5461,2;4475,1;4293,1;
5462,2;4473,1;2514,1;
5463,3;4472,1;5421,2;
5464,2;4471,1;440,1;
5465,2;4470,1;1333,1;
5466,2;4469,1;1432,1;
5467,2;4468,1;1010,1;
5468,2;4466,1;627,1;
5469,2;4464,1;3732,1;
5470,3;4462,1;5126,2;
5471,2;4460,1;1387,1;
5472,2;4459,1;4197,1;
5473,2;4458,1;534,1;
5474,2;4457,1;158,1;
5475,2;4456,1;3417,1;
5476,3;4453,1;5119,2;
5477,2;4452,1;3394,1;
5478,2;4451,1;1909,1;
5479,2;4450,1;2487,1;
5480,2;4449,1;1265,1;
5481,3;4448,1;5127,2;
5482,2;4446,1;1750,1;
5483,2;4445,1;2333,1;
5484,2;4444,1;3586,1;
5485,2;4443,1;170,1;
5486,2;4442,1;3087,1;
5487,2;4440,1;3392,1;
5488,2;4438,1;2914,1;
5489,3;4437,1;5315,2;
5490,2;4434,1;1753,1;
5491,2;4432,1;1113,1;
5492,2;4428,1;3085,1;
5493,2;4427,1;3601,1;
5494,2;4424,1;2716,1;
5495,2;4422,1;285,1;
5496,3;4421,1;5417,2;
5497,2;4420,1;2415,1;
5498,2;4417,1;4112,1;
5499,2;4415,1;954,1;
5500,2;4414,1;2602,1;
5501,2;4413,1;683,1;
5502,2;4412,1;4201,1;
5503,2;4409,1;4020,1;
5504,3;4408,1;5368,2;
5505,2;4405,1;2479,1;
5506,2;4403,1;781,1;
5507,2;4402,1;2370,1;
5508,2;4400,1;3266,1;
5509,3;4399,1;5389,2;
5510,2;4397,1;1613,1;
5511,2;4395,1;913,1;
5512,2;4392,1;2076,1;
5513,3;4391,1;5308,2;
5514,2;4390,1;2056,1;
5515,2;4388,1;1991,1;
5516,2;4383,1;1604,1;
5517,2;4382,1;2870,1;
5518,2;4381,1;401,1;
5519,2;4380,1;2170,1;
5520,2;4379,1;1708,1;
5521,2;4378,1;1396,1;
5522,2;4377,1;3862,1;
5523,2;4376,1;1176,1;
5524,2;4375,1;4187,1;
5525,2;4374,1;8,1;
5526,2;4373,1;3171,1;
5527,2;4372,1;2195,1;
5528,2;4371,1;3602,1;
5529,5;4370,1;5392,4;
5530,4;4369,1;5089,3;
5531,2;4368,1;3687,1;
5532,2;4365,1;3428,1;
5533,3;4363,1;5363,2;
5534,2;4362,1;684,1;
5535,2;4361,1;2513,1;
5536,2;4358,1;3144,1;
5537,3;4357,1;5435,2;
5538,2;4356,1;2767,1;
5539,3;4355,1;5449,2;
5540,2;4352,1;565,1;
5541,2;4351,1;1550,1;
5542,2;4350,1;4039,1;
5543,2;4349,1;2654,1;
5544,2;4348,1;3312,1;
5545,2;4346,1;681,1;
5546,2;4345,1;1594,1;
5547,4;4344,1;5055,3;
5548,2;4343,1;2557,1;
5549,2;4341,1;310,1;
5550,2;4339,1;1916,1;
5551,2;4335,1;3274,1;
5552,2;4334,1;3315,1;
5553,2;4332,1;615,1;
5554,2;4328,1;2508,1;
5555,3;4327,1;5462,2;
5556,2;4326,1;2144,1;
5557,2;4324,1;3760,1;
5558,2;4323,1;3932,1;
5559,3;4322,1;5116,2;
5560,3;4321,1;5453,2;
5561,2;4320,1;625,1;
5562,2;4317,1;236,1;
5563,2;4315,1;263,1;
5564,3;4314,1;5443,2;
5565,2;4312,1;2684,1;
5566,2;4311,1;4245,1;
5567,2;4309,1;1877,1;
5568,3;4307,1;5211,2;
5569,2;4306,1;3501,1;
5570,2;4305,1;1140,1;
5571,3;4303,1;5184,2;
5572,2;4302,1;3147,1;
5573,2;4300,1;2443,1;
5574,3;4298,1;5455,2;
5575,2;4296,1;1930,1;
5576,2;4294,1;1634,1;
5577,3;4291,1;5221,2;
5578,3;4290,1;5576,2;
5579,2;4289,1;2960,1;
5580,2;4286,1;3776,1;
5581,2;4284,1;505,1;
5582,2;4283,1;3133,1;
5583,2;4281,1;3853,1;
5584,2;4280,1;409,1;
5585,3;4277,1;5525,2;
5586,2;4276,1;3272,1;
5587,2;4274,1;3297,1;
5588,4;4273,1;5385,3;
5589,2;4272,1;1590,1;
5590,2;4271,1;889,1;
5591,2;4270,1;2793,1;
5592,2;4269,1;1710,1;
5593,2;4267,1;4257,1;
5594,2;4261,1;2572,1;
5595,4;4260,1;5496,3;
5596,2;4259,1;4010,1;
5597,4;4256,1;5085,3;
5598,3;4255,1;5300,2;
5599,2;4252,1;933,1;
5600,2;4250,1;1641,1;
5601,2;4249,1;2109,1;
5602,2;4248,1;3413,1;
5603,2;4247,1;2244,1;
5604,2;4246,1;3275,1;
5605,2;4244,1;2164,1;
5606,2;4241,1;5,1;
5607,2;4240,1;687,1;
5608,3;4239,1;5407,2;
5609,2;4237,1;86,1;
5610,2;4235,1;4143,1;
5611,2;4232,1;848,1;
5612,2;4231,1;4073,1;
5613,2;4230,1;512,1;
5614,2;4229,1;2638,1;
5615,2;4226,1;1944,1;
5616,2;4223,1;3849,1;
5617,2;4220,1;4007,1;
5618,2;4219,1;2006,1;
5619,2;4217,1;1242,1;
5620,2;4216,1;2250,1;
5621,2;4215,1;3446,1;
5622,2;4212,1;219,1;
5623,2;4211,1;1308,1;
5624,3;4210,1;5458,2;
5625,2;4209,1;1400,1;
5626,2;4207,1;2769,1;
5627,2;4206,1;1298,1;
5628,2;4205,1;1153,1;
5629,2;4204,1;617,1;
5630,2;4203,1;2363,1;
5631,2;4200,1;248,1;
5632,3;4199,1;5603,2;
5633,2;4198,1;2277,1;
5634,2;4196,1;637,1;
5635,3;4194,1;5149,2;
5636,3;4191,1;5487,2;
5637,2;4190,1;3003,1;
5638,2;4189,1;1664,1;
5639,2;4188,1;993,1;
5640,2;4186,1;1585,1;
5641,3;4184,1;5165,2;
5642,2;4183,1;329,1;
5643,3;4181,1;5631,2;
5644,2;4180,1;19,1;
5645,2;4179,1;1598,1;
5646,2;4177,1;597,1;
5647,3;4175,1;5544,2;
5648,3;4173,1;5135,2;
5649,3;4172,1;5186,2;
5650,2;4170,1;3949,1;
5651,2;4169,1;3889,1;
5652,3;4168,1;5383,2;
5653,3;4167,1;5277,2;
5654,2;4165,1;1221,1;
5655,2;4163,1;2880,1;
5656,4;4162,1;5080,3;
5657,2;4161,1;398,1;
5658,2;4156,1;3164,1;
5659,2;4155,1;1775,1;
5660,2;4153,1;4005,1;
5661,2;4152,1;4036,1;
5662,3;4151,1;5217,2;
5663,2;4148,1;1751,1;
5664,2;4147,1;308,1;
5665,2;4146,1;1551,1;
5666,2;4145,1;1418,1;
5667,2;4144,1;1211,1;
5668,2;4141,1;2313,1;
5669,2;4138,1;985,1;
5670,2;4137,1;2967,1;
5671,2;4135,1;2920,1;
5672,3;4134,1;5666,2;
5673,3;4133,1;5671,2;
5674,2;4131,1;2574,1;
5675,2;4130,1;3592,1;
5676,2;4124,1;3330,1;
5677,3;4121,1;5220,2;
5678,2;4120,1;3695,1;
5679,2;4119,1;3955,1;
5680,2;4118,1;542,1;
5681,2;4116,1;3619,1;
5682,2;4113,1;2643,1;
5683,2;4111,1;122,1;
5684,2;4110,1;2826,1;
5685,2;4109,1;1785,1;
5686,2;4108,1;3345,1;
5687,2;4107,1;433,1;
5688,2;4106,1;3847,1;
5689,2;4103,1;3023,1;
5690,4;4102,1;5574,3;
5691,2;4101,1;3457,1;
5692,2;4100,1;1270,1;
5693,2;4099,1;3037,1;
5694,2;4098,1;3285,1;
5695,3;4097,1;5098,2;
5696,4;4094,1;5062,3;
5697,2;4091,1;495,1;
5698,2;4089,1;1007,1;
5699,3;4088,1;5479,2;
5700,2;4087,1;413,1;
5701,2;4086,1;2777,1;
5702,2;4085,1;2463,1;
5703,2;4083,1;549,1;
5704,2;4081,1;1668,1;
5705,2;4079,1;607,1;
5706,2;4078,1;2367,1;
5707,2;4077,1;3556,1;
5708,2;4075,1;2016,1;
5709,2;4074,1;2307,1;
5710,4;4072,1;5063,3;
5711,2;4070,1;1246,1;
5712,2;4067,1;2421,1;
5713,2;4064,1;3207,1;
5714,2;4061,1;1425,1;
5715,2;4060,1;3155,1;
5716,3;4059,1;5105,2;
5717,2;4057,1;2337,1;
5718,2;4055,1;2641,1;
5719,2;4054,1;3701,1;
5720,2;4053,1;101,1;
5721,3;4052,1;5514,2;
5722,2;4051,1;2353,1;
5723,2;4050,1;2122,1;
5724,2;4049,1;2555,1;
5725,2;4048,1;3947,1;
5726,2;4047,1;2059,1;
5727,2;4046,1;504,1;
5728,2;4045,1;1600,1;
5729,2;4042,1;1576,1;
5730,2;4041,1;652,1;
5731,2;4040,1;2033,1;
5732,2;4038,1;3934,1;
5733,3;4037,1;5239,2;
5734,2;4035,1;77,1;
5735,2;4033,1;1645,1;
5736,2;4031,1;2853,1;
5737,2;4027,1;85,1;
5738,3;4025,1;5610,2;
5739,3;4024,1;5602,2;
5740,3;4023,1;5202,2;
5741,3;4021,1;5584,2;
5742,2;4019,1;2390,1;
5743,2;4018,1;2296,1;
5744,3;4017,1;5725,2;
5745,2;4014,1;2286,1;
5746,2;4011,1;2873,1;
5747,2;4008,1;669,1;
5748,2;4006,1;922,1;
5749,3;4004,1;5667,2;
5750,2;4002,1;591,1;
5751,2;4001,1;538,1;
5752,2;4000,1;3712,1;
5753,4;3997,1;5571,3;
5754,2;3996,1;3101,1;
5755,2;3995,1;1612,1;
5756,3;3991,1;5545,2;
5757,2;3990,1;1636,1;
5758,3;3988,1;5230,2;
5759,2;3986,1;2380,1;
5760,2;3984,1;3389,1;
5761,3;3980,1;5144,2;
5762,2;3978,1;856,1;
5763,2;3977,1;1262,1;
5764,2;3976,1;1179,1;
5765,2;3973,1;3190,1;
5766,2;3971,1;445,1;
5767,3;3970,1;5527,2;
5768,2;3969,1;1881,1;
5769,2;3967,1;2138,1;
5770,2;3966,1;1761,1;
5771,2;3965,1;3126,1;
5772,3;3964,1;5318,2;
5773,2;3962,1;1464,1;
5774,2;3961,1;3640,1;
5775,2;3960,1;3103,1;
5776,3;3959,1;5100,2;
5777,2;3950,1;1853,1;
5778,2;3948,1;3752,1;
5779,2;3944,1;3560,1;
5780,2;3942,1;1618,1;
5781,2;3941,1;506,1;
5782,4;3939,1;5476,3;
5783,2;3937,1;1617,1;
5784,2;3935,1;906,1;
5785,2;3933,1;550,1;
5786,2;3930,1;2081,1;
5787,2;3929,1;706,1;
5788,3;3928,1;5685,2;
5789,3;3923,1;5689,2;
5790,2;3922,1;563,1;
5791,2;3921,1;1462,1;
5792,3;3920,1;5573,2;
5793,2;3919,1;3654,1;
5794,2;3918,1;1806,1;
5795,3;3916,1;5495,2;
5796,2;3915,1;2425,1;
5797,2;3913,1;1413,1;
5798,3;3912,1;5456,2;
5799,2;3911,1;2636,1;
5800,2;3910,1;323,1;
5801,2;3909,1;583,1;
5802,2;3907,1;2690,1;
5803,2;3906,1;294,1;
5804,2;3903,1;2858,1;
5805,3;3901,1;5129,2;
5806,3;3900,1;5589,2;
5807,2;3899,1;2214,1;
5808,4;3898,1;5744,3;
5809,3;3895,1;5655,2;
5810,2;3894,1;971,1;
5811,2;3893,1;2528,1;
5812,2;3886,1;2461,1;
5813,2;3885,1;496,1;
5814,4;3883,1;5513,3;
5815,2;3882,1;3814,1;
5816,2;3881,1;1485,1;
5817,2;3880,1;1676,1;
5818,3;3878,1;5334,2;
5819,2;3877,1;520,1;
5820,2;3875,1;360,1;
5821,2;3871,1;405,1;
5822,2;3869,1;3040,1;
5823,2;3868,1;3791,1;
5824,2;3867,1;2705,1;
5825,3;3865,1;5199,2;
5826,2;3863,1;490,1;
5827,2;3861,1;296,1;
5828,2;3860,1;3502,1;
5829,2;3859,1;1544,1;
5830,2;3857,1;391,1;
5831,2;3854,1;2855,1;
5832,2;3845,1;3386,1;
5833,2;3844,1;2298,1;
5834,2;3843,1;1999,1;
5835,2;3842,1;2655,1;
5836,2;3839,1;3193,1;
5837,2;3837,1;2541,1;
5838,3;3834,1;5289,2;
5839,2;3832,1;700,1;
5840,2;3831,1;3455,1;
5841,3;3830,1;5586,2;
5842,2;3828,1;3406,1;
5843,2;3826,1;3418,1;
5844,2;3825,1;2259,1;
5845,3;3824,1;5206,2;
5846,4;3823,1;5672,3;
5847,2;3820,1;1027,1;
5848,2;3818,1;3515,1;
5849,2;3817,1;2959,1;
5850,4;3813,1;5653,3;
5851,3;3812,1;5572,2;
5852,2;3811,1;1443,1;
5853,2;3809,1;983,1;
5854,2;3808,1;392,1;
5855,2;3807,1;1908,1;
5856,3;3805,1;5329,2;
5857,3;3804,1;5340,2;
5858,2;3803,1;1148,1;
5859,2;3801,1;28,1;
5860,2;3800,1;2672,1;
5861,2;3798,1;2476,1;
5862,2;3797,1;809,1;
5863,2;3795,1;1543,1;
5864,3;3793,1;5488,2;
5865,2;3792,1;211,1;
5866,4;3789,1;5636,3;
5867,3;3787,1;5154,2;
5868,2;3786,1;2489,1;
5869,2;3784,1;749,1;
5870,2;3782,1;3492,1;
5871,2;3781,1;3381,1;
5872,2;3779,1;1913,1;
5873,3;3778,1;5562,2;
5874,2;3775,1;2571,1;
5875,2;3774,1;386,1;
5876,2;3773,1;3124,1;
5877,2;3770,1;1095,1;
5878,2;3769,1;1058,1;
5879,2;3765,1;1145,1;
5880,2;3764,1;2094,1;
5881,3;3761,1;5622,2;
5882,2;3759,1;204,1;
5883,3;3757,1;5817,2;
5884,2;3754,1;500,1;
5885,2;3750,1;3026,1;
5886,2;3748,1;3555,1;
5887,2;3745,1;2042,1;
5888,2;3744,1;2579,1;
5889,2;3742,1;157,1;
5890,2;3741,1;3219,1;
5891,2;3734,1;546,1;
5892,2;3733,1;2675,1;
5893,2;3731,1;3060,1;
5894,2;3730,1;71,1;
5895,2;3729,1;3579,1;
5896,3;3728,1;5506,2;
5897,3;3727,1;5264,2;
5898,2;3726,1;2575,1;
5899,3;3725,1;5681,2;
5900,3;3724,1;5890,2;
5901,2;3723,1;1928,1;
5902,2;3720,1;2591,1;
5903,3;3719,1;5821,2;
5904,3;3717,1;5790,2;
5905,3;3716,1;5482,2;
5906,4;3715,1;5851,3;
5907,2;3713,1;2695,1;
5908,2;3709,1;435,1;
5909,2;3707,1;1619,1;
5910,2;3705,1;3104,1;
5911,2;3704,1;1427,1;
5912,2;3703,1;3286,1;
5913,2;3700,1;3334,1;
5914,3;3699,1;5359,2;
5915,2;3697,1;3209,1;
5916,2;3693,1;731,1;
5917,3;3688,1;5830,2;
5918,2;3686,1;587,1;
5919,2;3684,1;209,1;
5920,2;3682,1;1635,1;
5921,4;3680,1;5673,3;
5922,3;3679,1;5796,2;
5923,2;3677,1;1083,1;
5924,3;3674,1;5702,2;
5925,2;3673,1;252,1;
5926,2;3672,1;3071,1;
5927,2;3666,1;2558,1;
5928,2;3665,1;593,1;
5929,3;3664,1;5565,2;
5930,2;3663,1;976,1;
5931,2;3661,1;3489,1;
5932,3;3660,1;5387,2;
5933,3;3659,1;5853,2;
5934,5;3658,1;5690,4;
5935,3;3657,1;5736,2;
5936,2;3656,1;829,1;
5937,2;3655,1;2604,1;
5938,3;3653,1;5138,2;
5939,3;3648,1;5263,2;
5940,2;3645,1;2679,1;
5941,3;3644,1;5557,2;
5942,2;3643,1;2872,1;
5943,2;3641,1;3448,1;
5944,2;3638,1;3567,1;
5945,2;3637,1;1508,1;
5946,2;3636,1;989,1;
5947,2;3634,1;1738,1;
5948,2;3632,1;634,1;
5949,2;3630,1;2385,1;
5950,2;3629,1;312,1;
5951,2;3628,1;1922,1;
5952,2;3627,1;3020,1;
5953,2;3626,1;1515,1;
5954,3;3625,1;5879,2;
5955,2;3622,1;3306,1;
5956,2;3618,1;2730,1;
5957,2;3614,1;1630,1;
5958,2;3613,1;1829,1;
5959,2;3612,1;712,1;
5960,2;3611,1;1591,1;
5961,2;3610,1;330,1;
5962,2;3606,1;865,1;
5963,2;3604,1;1100,1;
5964,3;3597,1;5650,2;
5965,2;3595,1;1684,1;
5966,4;3593,1;5064,3;
5967,2;3590,1;3447,1;
5968,3;3589,1;5372,2;
5969,3;3587,1;5418,2;
5970,2;3585,1;2809,1;
5971,2;3583,1;2585,1;
5972,2;3582,1;2302,1;
5973,2;3581,1;2787,1;
5974,2;3577,1;165,1;
5975,3;3576,1;5908,2;
5976,2;3573,1;1133,1;
5977,3;3572,1;5553,2;
5978,2;3568,1;3211,1;
5979,3;3564,1;5348,2;
5980,2;3563,1;1524,1;
5981,2;3559,1;3327,1;
5982,2;3552,1;2066,1;
5983,4;3550,1;5924,3;
5984,2;3549,1;1559,1;
5985,2;3545,1;2542,1;
5986,2;3544,1;2762,1;
5987,4;3543,1;5406,3;
5988,2;3542,1;2458,1;
5989,3;3540,1;5376,2;
5990,2;3538,1;179,1;
5991,2;3536,1;1433,1;
5992,3;3534,1;5859,2;
5993,3;3532,1;5464,2;
5994,2;3530,1;3361,1;
5995,2;3529,1;810,1;
5996,2;3527,1;1044,1;
5997,3;3525,1;5781,2;
5998,3;3523,1;5925,2;
5999,2;3519,1;434,1;
6000,3;3516,1;5712,2;
6001,2;3514,1;2964,1;
6002,2;3513,1;2944,1;
6003,3;3512,1;5748,2;
6004,2;3511,1;7,1;
6005,2;3510,1;2248,1;
6006,2;3509,1;1767,1;
6007,2;3508,1;2639,1;
6008,2;3506,1;756,1;
6009,3;3503,1;5343,2;
6010,2;3499,1;306,1;
6011,2;3497,1;3383,1;
6012,4;3495,1;5767,3;
6013,2;3494,1;3255,1;
6014,2;3488,1;2852,1;
6015,2;3487,1;318,1;
6016,5;3480,1;5921,4;
6017,2;3479,1;258,1;
6018,3;3478,1;5325,2;
6019,3;3477,1;5381,2;
6020,2;3474,1;2171,1;
6021,2;3473,1;167,1;
6022,2;3472,1;3021,1;
6023,2;3470,1;613,1;
6024,2;3469,1;1724,1;
6025,2;3468,1;1452,1;
6026,2;3466,1;739,1;
6027,2;3465,1;747,1;
6028,2;3464,1;268,1;
6029,2;3463,1;1119,1;
6030,2;3461,1;1773,1;
6031,3;3459,1;5779,2;
6032,2;3454,1;592,1;
6033,2;3453,1;3084,1;
6034,3;3445,1;5377,2;
6035,2;3443,1;2646,1;
6036,2;3442,1;891,1;
6037,2;3441,1;1791,1;
6038,2;3440,1;569,1;
6039,3;3437,1;5362,2;
6040,3;3435,1;5353,2;
6041,2;3432,1;1307,1;
6042,2;3431,1;2177,1;
6043,2;3430,1;127,1;
6044,2;3429,1;1486,1;
6045,3;3426,1;5967,2;
6046,3;3423,1;5735,2;
6047,2;3422,1;1057,1;
6048,2;3421,1;3108,1;
6049,2;3420,1;1837,1;
6050,3;3414,1;5614,2;
6051,2;3410,1;2176,1;
6052,2;3409,1;1143,1;
6053,4;3405,1;5721,3;
6054,2;3404,1;180,1;
6055,2;3401,1;3364,1;
6056,4;3400,1;5537,3;
6057,2;3396,1;273,1;
6058,3;3395,1;6021,2;
6059,3;3388,1;5099,2;
6060,2;3382,1;2209,1;
6061,2;3380,1;2262,1;
6062,2;3378,1;811,1;
6063,2;3375,1;2020,1;
6064,2;3371,1;3024,1;
6065,2;3369,1;1382,1;
6066,3;3368,1;5133,2;
6067,2;3367,1;1937,1;
6068,3;3366,1;5982,2;
6069,4;3365,1;5624,3;
6070,2;3363,1;458,1;
6071,2;3362,1;777,1;
6072,3;3360,1;5494,2;
6073,3;3356,1;5757,2;
6074,2;3355,1;974,1;
6075,2;3354,1;3112,1;
6076,2;3353,1;1340,1;
6077,2;3352,1;529,1;
6078,3;3342,1;5296,2;
6079,2;3341,1;2282,1;
6080,2;3340,1;3132,1;
6081,2;3339,1;230,1;
6082,4;3337,1;5648,3;
6083,3;3336,1;5450,2;
6084,2;3335,1;2130,1;
6085,2;3325,1;595,1;
6086,4;3324,1;5396,3;
6087,3;3323,1;5358,2;
6088,3;3321,1;6062,2;
6089,2;3318,1;771,1;
6090,4;3317,1;5059,3;
6091,5;3311,1;5808,4;
6092,2;3307,1;1863,1;
6093,2;3304,1;1195,1;
6094,2;3303,1;1654,1;
6095,3;3302,1;5625,2;
6096,3;3301,1;5242,2;
6097,2;3300,1;1933,1;
6098,2;3298,1;3253,1;
6099,2;3296,1;3223,1;
6100,4;3294,1;6096,3;
6101,2;3292,1;1194,1;
6102,2;3290,1;936,1;
6103,2;3287,1;2371,1;
6104,3;3284,1;5722,2;
6105,2;3283,1;2822,1;
6106,2;3282,1;1468,1;
6107,2;3277,1;1883,1;
6108,2;3273,1;1774,1;
6109,2;3271,1;914,1;
6110,2;3270,1;436,1;
6111,2;3269,1;1244,1;
6112,2;3268,1;3140,1;
6113,2;3265,1;2620,1;
6114,2;3262,1;155,1;
6115,3;3260,1;5936,2;
6116,2;3259,1;1759,1;
6117,3;3257,1;5241,2;
6118,2;3256,1;2465,1;
6119,2;3254,1;1910,1;
6120,2;3252,1;2346,1;
6121,2;3251,1;1193,1;
6122,2;3249,1;2232,1;
6123,3;3248,1;5534,2;
6124,2;3244,1;1222,1;
6125,4;3243,1;5756,3;
6126,3;3242,1;5731,2;
6127,2;3240,1;2180,1;
6128,4;3238,1;5071,3;
6129,3;3237,1;5713,2;
6130,2;3232,1;1511,1;
6131,2;3231,1;2165,1;
6132,4;3228,1;5559,3;
6133,2;3227,1;3154,1;
6134,2;3226,1;884,1;
6135,3;3225,1;5980,2;
6136,2;3217,1;2817,1;
6137,2;3216,1;779,1;
6138,4;3215,1;5749,3;
6139,3;3212,1;5356,2;
6140,2;3210,1;2549,1;
6141,3;3208,1;5963,2;
6142,2;3206,1;1977,1;
6143,2;3205,1;3182,1;
6144,3;3204,1;5445,2;
6145,2;3202,1;2160,1;
6146,3;3201,1;5469,2;
6147,2;3198,1;2291,1;
6148,2;3197,1;1353,1;
6149,2;3196,1;725,1;
6150,2;3189,1;1089,1;
6151,5;3188,1;5710,4;
6152,3;3187,1;6079,2;
6153,2;3186,1;457,1;
6154,2;3185,1;1643,1;
6155,2;3183,1;1985,1;
6156,2;3181,1;728,1;
6157,3;3176,1;5225,2;
6158,4;3173,1;5276,3;
6159,2;3169,1;1574,1;
6160,3;3167,1;5461,2;
6161,3;3166,1;5836,2;
6162,4;3162,1;5964,3;
6163,2;3159,1;2937,1;
6164,3;3158,1;5670,2;
6165,5;3157,1;5696,4;
6166,3;3156,1;5940,2;
6167,3;3153,1;5437,2;
6168,2;3152,1;1068,1;
6169,2;3151,1;2357,1;
6170,2;3149,1;851,1;
6171,2;3148,1;567,1;
6172,3;3146,1;5703,2;
6173,2;3141,1;378,1;
6174,2;3138,1;393,1;
6175,2;3137,1;1790,1;
6176,2;3135,1;2247,1;
6177,3;3130,1;5197,2;
6178,2;3127,1;1209,1;
6179,2;3121,1;350,1;
6180,2;3119,1;2888,1;
6181,4;3116,1;5809,3;
6182,4;3114,1;5941,3;
6183,2;3113,1;2167,1;
6184,2;3111,1;862,1;
6185,2;3110,1;808,1;
6186,3;3105,1;5162,2;
6187,4;3100,1;5818,3;
6188,2;3098,1;1958,1;
6189,2;3097,1;1402,1;
6190,2;3096,1;2326,1;
6191,2;3095,1;786,1;
6192,2;3094,1;2269,1;
6193,2;3092,1;2941,1;
6194,3;3088,1;6029,2;
6195,2;3086,1;1295,1;
6196,3;3081,1;5912,2;
6197,2;3078,1;1072,1;
6198,2;3077,1;2249,1;
6199,2;3074,1;871,1;
6200,2;3072,1;237,1;
6201,2;3070,1;2085,1;
6202,3;3068,1;5222,2;
6203,2;3066,1;1921,1;
6204,3;3065,1;5532,2;
6205,3;3062,1;6169,2;
6206,4;3061,1;5979,3;
6207,3;3059,1;5729,2;
6208,3;3058,1;5124,2;
6209,2;3056,1;1992,1;
6210,2;3054,1;1026,1;
6211,2;3053,1;2521,1;
6212,2;3050,1;1312,1;
6213,4;3043,1;5585,3;
6214,2;3042,1;1365,1;
6215,3;3039,1;5755,2;
6216,3;3038,1;5152,2;
6217,2;3036,1;2448,1;
6218,3;3035,1;5270,2;
6219,3;3034,1;6127,2;
6220,2;3033,1;2104,1;
6221,2;3032,1;751,1;
6222,2;3029,1;1971,1;
6223,3;3027,1;6005,2;
6224,3;3022,1;6103,2;
6225,3;3018,1;5973,2;
6226,3;3016,1;5708,2;
6227,3;3013,1;5272,2;
6228,3;3012,1;5807,2;
6229,4;3007,1;5304,3;
6230,3;3002,1;5223,2;
6231,3;3001,1;6074,2;
6232,2;2995,1;957,1;
6233,3;2992,1;5414,2;
6234,3;2991,1;6092,2;
6235,2;2990,1;1501,1;
6236,3;2988,1;5590,2;
6237,2;2986,1;2946,1;
6238,2;2984,1;1782,1;
6239,2;2981,1;1231,1;
6240,3;2979,1;5640,2;
6241,3;2978,1;5711,2;
6242,2;2977,1;2567,1;
6243,3;2973,1;6143,2;
6244,2;2962,1;1341,1;
6245,4;2961,1;5652,3;
6246,3;2958,1;5752,2;
6247,3;2955,1;5261,2;
6248,2;2952,1;1731,1;
6249,4;2951,1;6129,3;
6250,2;2950,1;16,1;
6251,3;2949,1;5931,2;
6252,2;2948,1;1601,1;
6253,3;2947,1;5170,2;
6254,2;2945,1;1162,1;
6255,2;2942,1;2430,1;
6256,4;2938,1;5805,3;
6257,2;2936,1;1583,1;
6258,2;2933,1;1897,1;
6259,3;2932,1;5561,2;
6260,3;2929,1;5868,2;
6261,4;2926,1;5856,3;
6262,2;2925,1;1417,1;
6263,2;2924,1;982,1;
6264,2;2921,1;1088,1;
6265,2;2919,1;156,1;
6266,2;2918,1;2434,1;
6267,2;2917,1;860,1;
6268,3;2916,1;5754,2;
6269,4;2913,1;5899,3;
6270,2;2908,1;94,1;
6271,2;2907,1;142,1;
6272,2;2904,1;2457,1;
6273,2;2901,1;2183,1;
6274,3;2900,1;5284,2;
6275,2;2899,1;2193,1;
6276,3;2898,1;6220,2;
6277,2;2896,1;72,1;
6278,2;2894,1;111,1;
6279,2;2893,1;568,1;
6280,2;2891,1;1277,1;
6281,3;2890,1;5587,2;
6282,2;2886,1;1118,1;
6283,2;2884,1;182,1;
6284,3;2882,1;5379,2;
6285,3;2881,1;5319,2;
6286,2;2878,1;959,1;
6287,3;2877,1;5395,2;
6288,3;2874,1;6064,2;
6289,3;2869,1;5991,2;
6290,3;2861,1;5684,2;
6291,2;2854,1;2562,1;
6292,2;2851,1;2107,1;
6293,2;2850,1;1369,1;
6294,3;2848,1;5157,2;
6295,2;2845,1;110,1;
6296,5;2843,1;5814,4;
6297,2;2841,1;760,1;
6298,2;2835,1;1105,1;
6299,2;2825,1;925,1;
6300,4;2824,1;6290,3;
6301,2;2821,1;1013,1;
6302,2;2818,1;225,1;
6303,2;2815,1;1470,1;
6304,2;2814,1;2096,1;
6305,4;2813,1;5699,3;
6306,2;2810,1;287,1;
6307,3;2808,1;5815,2;
6308,2;2807,1;1272,1;
6309,3;2805,1;5552,2;
6310,2;2804,1;1408,1;
6311,6;2802,1;5934,5;
6312,2;2800,1;910,1;
6313,2;2799,1;2265,1;
6314,4;2798,1;5056,3;
6315,2;2797,1;2493,1;
6316,3;2796,1;6192,2;
6317,2;2791,1;477,1;
6318,2;2790,1;763,1;
6319,2;2789,1;1946,1;
6320,4;2786,1;5578,3;
6321,3;2783,1;6116,2;
6322,2;2782,1;2551,1;
6323,4;2781,1;5470,3;
6324,2;2780,1;2090,1;
6325,2;2774,1;2652,1;
6326,4;2772,1;6219,3;
6327,2;2766,1;2661,1;
6328,2;2764,1;30,1;
6329,2;2763,1;1393,1;
6330,2;2759,1;1028,1;
6331,2;2758,1;1436,1;
6332,3;2757,1;5669,2;
6333,2;2756,1;1054,1;
6334,2;2753,1;715,1;
6335,2;2746,1;1671,1;
6336,2;2743,1;162,1;
6337,2;2741,1;463,1;
6338,2;2740,1;1637,1;
6339,4;2739,1;5052,3;
6340,2;2737,1;1980,1;
6341,2;2736,1;2561,1;
6342,3;2733,1;6102,2;
6343,3;2728,1;5332,2;
6344,3;2727,1;6329,2;
6345,4;2723,1;5539,3;
6346,2;2721,1;335,1;
6347,2;2720,1;2316,1;
6348,3;2719,1;5269,2;
6349,4;2712,1;6208,3;
6350,3;2711,1;5491,2;
6351,2;2710,1;82,1;
6352,3;2708,1;5824,2;
6353,3;2707,1;5091,2;
6354,4;2704,1;6223,3;
6355,2;2703,1;736,1;
6356,4;2701,1;5677,3;
6357,2;2699,1;1896,1;
6358,3;2697,1;5569,2;
6359,3;2691,1;6015,2;
6360,2;2683,1;174,1;
6361,2;2680,1;1988,1;
6362,3;2677,1;6023,2;
6363,2;2674,1;1334,1;
6364,4;2673,1;6072,3;
6365,2;2670,1;2486,1;
6366,3;2669,1;5121,2;
6367,2;2668,1;2098,1;
6368,5;2666,1;6128,4;
6369,5;2665,1;6314,4;
6370,2;2663,1;373,1;
6371,3;2660,1;6298,2;
6372,2;2659,1;1172,1;
6373,2;2657,1;690,1;
6374,3;2653,1;6340,2;
6375,2;2649,1;1200,1;
6376,2;2648,1;309,1;
6377,3;2642,1;5104,2;
6378,3;2640,1;6180,2;
6379,2;2637,1;1504,1;
6380,2;2635,1;1547,1;
6381,2;2634,1;2504,1;
6382,3;2633,1;6237,2;
6383,3;2632,1;5484,2;
6384,2;2628,1;629,1;
6385,2;2626,1;908,1;
6386,2;2623,1;2257,1;
6387,3;2622,1;5243,2;
6388,2;2617,1;1362,1;
6389,2;2615,1;1783,1;
6390,5;2614,1;6069,4;
6391,2;2613,1;1062,1;
6392,2;2611,1;1656,1;
6393,2;2610,1;2043,1;
6394,2;2608,1;724,1;
6395,2;2601,1;675,1;
6396,2;2597,1;804,1;
6397,4;2593,1;5533,3;
6398,3;2592,1;5944,2;
6399,3;2589,1;5876,2;
6400,3;2588,1;5778,2;
6401,2;2587,1;1825,1;
6402,4;2586,1;6253,3;
6403,5;2584,1;6086,4;
6404,2;2582,1;1762,1;
6405,2;2570,1;1257,1;
6406,3;2569,1;5819,2;
6407,2;2568,1;2416,1;
6408,6;2564,1;6296,5;
6409,2;2563,1;773,1;
6410,3;2559,1;5894,2;
6411,2;2554,1;2136,1;
6412,3;2550,1;6280,2;
6413,2;2548,1;1595,1;
6414,2;2547,1;626,1;
6415,2;2545,1;2477,1;
6416,2;2544,1;138,1;
6417,3;2540,1;5502,2;
6418,4;2536,1;6161,3;
6419,2;2532,1;1438,1;
6420,2;2530,1;1410,1;
6421,2;2527,1;492,1;
6422,2;2525,1;672,1;
6423,4;2523,1;5632,3;
6424,3;2522,1;5288,2;
6425,2;2520,1;1477,1;
6426,3;2519,1;5238,2;
6427,2;2518,1;1682,1;
6428,2;2512,1;716,1;
6429,3;2511,1;6411,2;
6430,2;2509,1;304,1;
6431,2;2506,1;764,1;
6432,4;2505,1;6135,3;
6433,3;2503,1;5592,2;
6434,3;2501,1;5637,2;
6435,2;2500,1;1799,1;
6436,3;2499,1;5173,2;
6437,2;2497,1;845,1;
6438,2;2496,1;288,1;
6439,2;2495,1;1868,1;
6440,5;2494,1;5983,4;
6441,2;2490,1;599,1;
6442,3;2485,1;5185,2;
6443,2;2484,1;1695,1;
6444,2;2483,1;893,1;
6445,2;2482,1;1563,1;
6446,3;2478,1;5237,2;
6447,3;2475,1;5203,2;
6448,2;2472,1;643,1;
6449,4;2471,1;5935,3;
6450,4;2470,1;6442,3;
6451,2;2469,1;1936,1;
6452,4;2468,1;6088,3;
6453,2;2460,1;608,1;
6454,4;2455,1;6087,3;
6455,3;2453,1;5096,2;
6456,2;2452,1;2223,1;
6457,2;2451,1;1372,1;
6458,2;2449,1;2343,1;
6459,4;2447,1;6230,3;
6460,3;2445,1;5826,2;
6461,4;2444,1;5061,3;
6462,2;2442,1;151,1;
6463,4;2441,1;5733,3;
6464,4;2439,1;5772,3;
6465,2;2438,1;610,1;
6466,2;2437,1;1175,1;
6467,2;2435,1;143,1;
6468,3;2433,1;5579,2;
6469,2;2431,1;1874,1;
6470,2;2429,1;1386,1;
6471,3;2426,1;5746,2;
6472,2;2424,1;2251,1;
6473,4;2422,1;5073,3;
6474,2;2414,1;2189,1;
6475,3;2413,1;5945,2;
6476,6;2411,1;5529,5;
6477,3;2410,1;5159,2;
6478,3;2409,1;5229,2;
6479,3;2407,1;5715,2;
6480,3;2405,1;5365,2;
6481,3;2402,1;6131,2;
6482,4;2401,1;6436,3;
6483,3;2400,1;6272,2;
6484,2;2398,1;1862,1;
6485,4;2397,1;6478,3;
6486,3;2396,1;5762,2;
6487,2;2392,1;2137,1;
6488,3;2391,1;6198,2;
6489,2;2384,1;184,1;
6490,2;2383,1;1855,1;
6491,2;2376,1;319,1;
6492,2;2375,1;622,1;
6493,4;2374,1;5917,3;
6494,2;2369,1;1795,1;
6495,2;2368,1;1887,1;
6496,3;2362,1;5536,2;
6497,2;2361,1;1002,1;
6498,2;2356,1;2237,1;
6499,2;2355,1;875,1;
6500,3;2352,1;5628,2;
6501,4;2351,1;6141,3;
6502,2;2349,1;444,1;
6503,3;2345,1;5720,2;
6504,3;2344,1;5517,2;
6505,4;2339,1;6247,3;
6506,2;2336,1;1840,1;
6507,2;2330,1;619,1;
6508,3;2329,1;6010,2;
6509,2;2328,1;938,1;
6510,3;2327,1;5747,2;
6511,2;2325,1;816,1;
6512,2;2320,1;827,1;
6513,3;2319,1;6094,2;
6514,2;2318,1;1778,1;
6515,2;2314,1;1293,1;
6516,2;2312,1;664,1;
6517,2;2309,1;332,1;
6518,2;2306,1;2230,1;
6519,2;2305,1;1528,1;
6520,3;2303,1;5452,2;
6521,3;2301,1;5882,2;
6522,4;2299,1;5954,3;
6523,2;2295,1;1727,1;
6524,2;2288,1;1091,1;
6525,4;2285,1;5897,3;
6526,2;2283,1;1029,1;
6527,2;2279,1;326,1;
6528,4;2278,1;5716,3;
6529,2;2276,1;314,1;
6530,2;2275,1;2071,1;
6531,3;2273,1;5232,2;
6532,4;2271,1;6241,3;
6533,2;2266,1;1108,1;
6534,2;2264,1;46,1;
6535,2;2263,1;2173,1;
6536,2;2255,1;1445,1;
6537,4;2243,1;5932,3;
6538,3;2239,1;6495,2;
6539,5;2238,1;6100,4;
6540,2;2236,1;1279,1;
6541,3;2234,1;5675,2;
6542,3;2233,1;5678,2;
6543,3;2231,1;5428,2;
6544,3;2229,1;5953,2;
6545,4;2228,1;6496,3;
6546,3;2225,1;5151,2;
6547,4;2222,1;5577,3;
6548,3;2218,1;6303,2;
6549,3;2217,1;6201,2;
6550,4;2216,1;6059,3;
6551,3;2215,1;5274,2;
6552,3;2213,1;6099,2;
6553,3;2212,1;5528,2;
6554,4;2211,1;6000,3;
6555,2;2208,1;932,1;
6556,4;2207,1;6426,3;
6557,3;2203,1;6193,2;
6558,3;2202,1;6071,2;
6559,4;2199,1;6434,3;
6560,3;2197,1;6119,2;
6561,4;2194,1;5208,3;
6562,4;2192,1;6350,3;
6563,3;2187,1;5142,2;
6564,3;2185,1;6306,2;
6565,5;2182,1;6056,4;
6566,3;2181,1;6043,2;
6567,2;2175,1;425,1;
6568,2;2174,1;1045,1;
6569,2;2172,1;944,1;
6570,4;2163,1;6227,3;
6571,2;2162,1;1502,1;
6572,3;2159,1;6279,2;
6573,4;2158,1;5083,3;
6574,2;2157,1;1339,1;
6575,3;2155,1;5582,2;
6576,4;2153,1;6352,3;
6577,3;2151,1;5692,2;
6578,2;2150,1;545,1;
6579,2;2149,1;581,1;
6580,3;2147,1;6365,2;
6581,2;2145,1;648,1;
6582,3;2142,1;6011,2;
6583,2;2140,1;469,1;
6584,2;2135,1;1126,1;
6585,2;2134,1;863,1;
6586,2;2131,1;1953,1;
6587,4;2129,1;5069,3;
6588,2;2127,1;99,1;
6589,3;2126,1;5645,2;
6590,2;2124,1;13,1;
6591,3;2121,1;6438,2;
6592,4;2119,1;6387,3;
6593,2;2118,1;1377,1;
6594,4;2116,1;5054,3;
6595,2;2115,1;450,1;
6596,2;2112,1;1717,1;
6597,4;2106,1;6218,3;
6598,3;2105,1;5275,2;
6599,2;2099,1;867,1;
6600,2;2097,1;6,1;
6601,3;2095,1;5942,2;
6602,3;2093,1;5793,2;
6603,3;2092,1;5680,2;
6604,2;2091,1;644,1;
6605,3;2084,1;5774,2;
6606,3;2082,1;6191,2;
6607,2;2080,1;571,1;
6608,2;2075,1;390,1;
6609,2;2070,1;1097,1;
6610,2;2069,1;1989,1;
6611,2;2068,1;1359,1;
6612,4;2065,1;5975,3;
6613,3;2064,1;5546,2;
6614,3;2061,1;5109,2;
6615,4;2060,1;5649,3;
6616,2;2055,1;1337,1;
6617,2;2054,1;1380,1;
6618,2;2044,1;473,1;
6619,2;2041,1;494,1;
6620,3;2040,1;5780,2;
6621,2;2039,1;558,1;
6622,3;2037,1;6118,2;
6623,2;2035,1;1554,1;
6624,2;2031,1;370,1;
6625,3;2029,1;5974,2;
6626,2;2025,1;1972,1;
6627,2;2023,1;1587,1;
6628,2;2022,1;1593,1;
6629,3;2021,1;5131,2;
6630,2;2018,1;256,1;
6631,3;2017,1;6334,2;
6632,2;2012,1;1069,1;
6633,2;2011,1;667,1;
6634,2;2010,1;150,1;
6635,4;2009,1;5740,3;
6636,2;2005,1;502,1;
6637,2;2004,1;1734,1;
6638,3;2001,1;6265,2;
6639,2;2000,1;975,1;
6640,3;1996,1;5607,2;
6641,3;1995,1;6108,2;
6642,2;1993,1;497,1;
6643,3;1990,1;5386,2;
6644,4;1987,1;6589,3;
6645,6;1982,1;6165,5;
6646,3;1973,1;5727,2;
6647,3;1966,1;5433,2;
6648,2;1965,1;1042,1;
6649,3;1964,1;5915,2;
6650,2;1963,1;620,1;
6651,2;1962,1;1565,1;
6652,2;1960,1;677,1;
6653,3;1959,1;5183,2;
6654,3;1957,1;5910,2;
6655,2;1956,1;129,1;
6656,3;1955,1;5398,2;
6657,2;1954,1;1406,1;
6658,3;1950,1;5709,2;
6659,3;1949,1;6526,2;
6660,3;1942,1;5427,2;
6661,3;1934,1;5651,2;
6662,2;1932,1;1903,1;
6663,4;1931,1;5082,3;
6664,4;1926,1;6433,3;
6665,2;1920,1;247,1;
6666,2;1919,1;404,1;
6667,5;1914,1;6550,4;
6668,2;1911,1;56,1;
6669,3;1906,1;5611,2;
6670,2;1904,1;1429,1;
6671,2;1902,1;128,1;
6672,2;1900,1;1824,1;
6673,2;1895,1;37,1;
6674,2;1886,1;1537,1;
6675,2;1885,1;834,1;
6676,2;1882,1;1103,1;
6677,2;1880,1;666,1;
6678,3;1876,1;5663,2;
6679,4;1872,1;5335,3;
6680,2;1867,1;1505,1;
6681,2;1861,1;295,1;
6682,2;1857,1;1121,1;
6683,5;1854,1;6300,4;
6684,4;1852,1;6654,3;
6685,3;1849,1;6044,2;
6686,3;1847,1;5863,2;
6687,5;1846,1;5850,4;
6688,5;1844,1;6545,4;
6689,3;1842,1;6067,2;
6690,2;1841,1;243,1;
6691,3;1839,1;6267,2;
6692,3;1838,1;5902,2;
6693,3;1835,1;5930,2;
6694,2;1834,1;1802,1;
6695,2;1831,1;748,1;
6696,3;1822,1;6147,2;
6697,4;1821,1;6572,3;
6698,3;1820,1;5820,2;
6699,2;1819,1;438,1;
6700,2;1818,1;1403,1;
6701,3;1813,1;6491,2;
6702,2;1812,1;1182,1;
6703,3;1803,1;5402,2;
6704,3;1801,1;5454,2;
6705,3;1794,1;5751,2;
6706,4;1793,1;5504,3;
6707,4;1787,1;6606,3;
6708,3;1786,1;5686,2;
6709,3;1781,1;6405,2;
6710,2;1780,1;596,1;
6711,4;1776,1;6152,3;
6712,3;1768,1;6330,2;
6713,2;1763,1;1411,1;
6714,3;1758,1;5134,2;
6715,2;1757,1;1631,1;
6716,2;1755,1;474,1;
6717,2;1754,1;1683,1;
6718,5;1752,1;6493,4;
6719,2;1749,1;1144,1;
6720,2;1747,1;24,1;
6721,2;1746,1;468,1;
6722,2;1742,1;964,1;
6723,2;1741,1;1702,1;
6724,4;1740,1;6582,3;
6725,6;1737,1;6683,5;
6726,3;1736,1;6013,2;
6727,3;1735,1;6036,2;
6728,3;1733,1;5209,2;
6729,3;1728,1;6155,2;
6730,2;1726,1;1173,1;
6731,2;1721,1;307,1;
6732,2;1719,1;1093,1;
6733,2;1715,1;1650,1;
6734,2;1707,1;849,1;
6735,6;1704,1;6091,5;
6736,2;1703,1;544,1;
6737,2;1698,1;1035,1;
6738,5;1697,1;6364,4;
6739,2;1696,1;737,1;
6740,3;1693,1;6621,2;
6741,5;1692,1;6592,4;
6742,4;1689,1;6040,3;
6743,2;1680,1;1378,1;
6744,2;1679,1;1289,1;
6745,2;1678,1;465,1;
6746,2;1669,1;355,1;
6747,3;1666,1;6595,2;
6748,3;1665,1;6176,2;
6749,3;1663,1;6623,2;
6750,2;1662,1;430,1;
6751,3;1655,1;5156,2;
6752,4;1653,1;6546,3;
6753,2;1652,1;241,1;
6754,5;1649,1;6454,4;
6755,2;1648,1;1346,1;
6756,3;1646,1;5480,2;
6757,2;1642,1;528,1;
6758,4;1640,1;6228,3;
6759,3;1626,1;6453,2;
6760,3;1624,1;6047,2;
6761,2;1623,1;1021,1;
6762,3;1620,1;6361,2;
6763,3;1616,1;5337,2;
6764,3;1611,1;5313,2;
6765,5;1610,1;6349,4;
6766,3;1592,1;6682,2;
6767,3;1579,1;5972,2;
6768,2;1578,1;1218,1;
6769,2;1572,1;1166,1;
6770,3;1568,1;6699,2;
6771,3;1567,1;6502,2;
6772,3;1566,1;5550,2;
6773,5;1564,1;6587,4;
6774,2;1560,1;80,1;
6775,2;1556,1;1101,1;
6776,2;1555,1;892,1;
6777,4;1553,1;6377,3;
6778,4;1552,1;6287,3;
6779,3;1549,1;5829,2;
6780,3;1545,1;6179,2;
6781,2;1541,1;573,1;
6782,2;1539,1;267,1;
6783,4;1535,1;6123,3;
6784,2;1534,1;1212,1;
6785,3;1533,1;5298,2;
6786,3;1530,1;6639,2;
6787,3;1529,1;5621,2;
6788,4;1527,1;5070,3;
6789,2;1526,1;242,1;
6790,2;1522,1;1067,1;
6791,2;1521,1;636,1;
6792,5;1520,1;6449,4;
6793,2;1519,1;1252,1;
6794,4;1518,1;6552,3;
6795,5;1516,1;6473,4;
6796,6;1513,1;6539,5;
6797,3;1512,1;6258,2;
6798,3;1507,1;5623,2;
6799,2;1499,1;1190,1;
6800,2;1495,1;1466,1;
6801,2;1493,1;900,1;
6802,3;1492,1;6295,2;
6803,3;1491,1;5693,2;
6804,3;1490,1;5971,2;
6805,2;1487,1;1032,1;
6806,4;1484,1;6083,3;
6807,3;1483,1;6627,2;
6808,2;1482,1;178,1;
6809,2;1480,1;255,1;
6810,2;1478,1;131,1;
6811,4;1472,1;5404,3;
6812,3;1467,1;5783,2;
6813,3;1465,1;5732,2;
6814,3;1461,1;6110,2;
6815,3;1459,1;5961,2;
6816,2;1458,1;814,1;
6817,2;1453,1;604,1;
6818,4;1450,1;6353,3;
6819,4;1446,1;6560,3;
6820,3;1444,1;5171,2;
6821,3;1442,1;6782,2;
6822,4;1440,1;6653,3;
6823,4;1435,1;6374,3;
6824,2;1426,1;896,1;
6825,4;1421,1;5969,3;
6826,2;1415,1;517,1;
6827,3;1414,1;6389,2;
6828,4;1412,1;6410,3;
6829,5;1409,1;6783,4;
6830,2;1401,1;470,1;
6831,3;1397,1;6028,2;
6832,3;1391,1;5775,2;
6833,4;1390,1;6288,3;
6834,2;1389,1;1361,1;
6835,2;1388,1;1235,1;
6836,2;1385,1;1111,1;
6837,2;1381,1;328,1;
6838,2;1374,1;109,1;
6839,2;1371,1;1322,1;
6840,3;1367,1;6826,2;
6841,4;1366,1;5436,3;
6842,3;1363,1;6809,2;
6843,2;1352,1;758,1;
6844,2;1350,1;819,1;
6845,4;1349,1;6226,3;
6846,3;1347,1;5837,2;
6847,4;1345,1;6813,3;
6848,2;1328,1;1006,1;
6849,3;1327,1;5167,2;
6850,2;1321,1;624,1;
6851,2;1319,1;658,1;
6852,6;1317,1;6016,5;
6853,4;1316,1;6508,3;
6854,2;1315,1;1043,1;
6855,5;1310,1;6213,4;
6856,5;1306,1;6402,4;
6857,3;1302,1;6489,2;
6858,5;1297,1;6752,4;
6859,3;1294,1;6277,2;
6860,3;1291,1;5840,2;
6861,3;1290,1;6824,2;
6862,5;1288,1;6778,4;
6863,2;1287,1;859,1;
6864,3;1283,1;5563,2;
6865,2;1278,1;1086,1;
6866,4;1275,1;5977,3;
6867,5;1271,1;6819,4;
6868,4;1266,1;5050,3;
6869,4;1261,1;5090,3;
6870,5;1256,1;6187,4;
6871,3;1255,1;6331,2;
6872,3;1253,1;5294,2;
6873,2;1250,1;29,1;
6874,2;1247,1;981,1;
6875,2;1243,1;934,1;
6876,3;1240,1;5106,2;
6877,2;1233,1;912,1;
6878,3;1230,1;5871,2;
6879,2;1227,1;118,1;
6880,4;1226,1;5074,3;
6881,4;1225,1;5598,3;
6882,3;1224,1;6183,2;
6883,3;1223,1;6273,2;
6884,6;1219,1;6738,5;
6885,2;1208,1;727,1;
6886,2;1207,1;221,1;
6887,2;1206,1;1147,1;
6888,2;1203,1;508,1;
6889,2;1196,1;20,1;
6890,3;1191,1;5205,2;
6891,2;1189,1;412,1;
6892,2;1185,1;963,1;
6893,4;1181,1;6294,3;
6894,2;1178,1;759,1;
6895,3;1171,1;6441,2;
6896,2;1170,1;682,1;
6897,3;1168,1;5862,2;
6898,5;1167,1;6823,4;
6899,2;1165,1;1129,1;
6900,2;1160,1;956,1;
6901,3;1159,1;6302,2;
6902,4;1158,1;6224,3;
6903,3;1155,1;5429,2;
6904,3;1152,1;5664,2;
6905,5;1142,1;5656,4;
6906,3;1141,1;6315,2;
6907,3;1139,1;6608,2;
6908,4;1137,1;6429,3;
6909,2;1136,1;1000,1;
6910,2;1135,1;423,1;
6911,3;1127,1;5523,2;
6912,5;1124,1;6522,4;
6913,2;1120,1;206,1;
6914,3;1110,1;5682,2;
6915,4;1104,1;6481,3;
6916,3;1102,1;6363,2;
6917,3;1099,1;5305,2;
6918,2;1098,1;986,1;
6919,3;1096,1;5886,2;
6920,6;1094,1;6369,5;
6921,4;1082,1;6661,3;
6922,4;1080,1;6289,3;
6923,3;1075,1;6437,2;
6924,2;1074,1;353,1;
6925,2;1066,1;516,1;
6926,2;1064,1;877,1;
6927,3;1056,1;5439,2;
6928,2;1053,1;79,1;
6929,2;1052,1;249,1;
6930,2;1051,1;699,1;
6931,4;1050,1;6840,3;
6932,2;1049,1;753,1;
6933,2;1048,1;491,1;
6934,3;1039,1;6910,2;
6935,5;1036,1;6229,4;
6936,4;1024,1;6259,3;
6937,4;1023,1;6541,3;
6938,3;1020,1;5515,2;
6939,3;1011,1;5799,2;
6940,3;1009,1;5394,2;
6941,3;1008,1;5500,2;
6942,5;1005,1;6537,4;
6943,3;1004,1;5375,2;
6944,4;1003,1;5463,3;
6945,4;997,1;5087,3;
6946,6;996,1;6403,5;
6947,2;995,1;270,1;
6948,3;994,1;6534,2;
6949,3;990,1;6731,2;
6950,3;980,1;5259,2;
6951,4;978,1;6601,3;
6952,3;972,1;5898,2;
6953,4;970,1;6814,3;
6954,4;969,1;6629,3;
6955,5;968,1;6706,4;
6956,2;955,1;466,1;
6957,3;948,1;5706,2;
6958,2;945,1;380,1;
6959,2;942,1;402,1;
6960,2;941,1;575,1;
6961,3;939,1;6690,2;
6962,3;937,1;6084,2;
6963,4;935,1;5662,3;
6964,2;928,1;539,1;
6965,4;927,1;6477,3;
6966,4;920,1;6274,3;
6967,3;919,1;5474,2;
6968,3;917,1;6001,2;
6969,4;916,1;6685,3;
6970,4;903,1;6846,3;
6971,2;902,1;238,1;
6972,4;888,1;5448,3;
6973,4;885,1;6166,3;
6974,6;881,1;6667,5;
6975,2;880,1;813,1;
6976,3;878,1;6006,2;
6977,4;874,1;5792,3;
6978,3;873,1;5999,2;
6979,5;872,1;6090,4;
6980,3;868,1;6188,2;
6981,3;861,1;6427,2;
6982,5;855,1;6963,4;
6983,5;854,1;6162,4;
6984,3;850,1;6310,2;
6985,2;846,1;410,1;
6986,2;842,1;646,1;
6987,2;841,1;57,1;
6988,3;838,1;6843,2;
6989,3;837,1;5956,2;
6990,3;835,1;6275,2;
6991,3;833,1;5267,2;
6992,3;832,1;6567,2;
6993,3;830,1;5634,2;
6994,4;825,1;6786,3;
6995,2;824,1;521,1;
6996,3;821,1;5471,2;
6997,4;815,1;6876,3;
6998,3;807,1;6051,2;
6999,4;806,1;6068,3;
7000,3;803,1;5426,2;
7001,4;802,1;6268,3;
7002,4;801,1;6649,3;
7003,3;799,1;6415,2;
7004,3;797,1;6744,2;
7005,2;796,1;325,1;
7006,3;795,1;5816,2;
7007,2;791,1;552,1;
7008,3;787,1;6457,2;
7009,3;784,1;6286,2;
7010,3;782,1;6291,2;
7011,3;776,1;6987,2;
7012,4;775,1;6643,3;
7013,2;769,1;745,1;
7014,5;767,1;6573,4;
7015,5;766,1;6828,4;
7016,2;765,1;227,1;
7017,5;761,1;6866,4;
7018,5;755,1;6697,4;
7019,4;752,1;6398,3;
7020,7;750,1;6735,6;
7021,6;741,1;6856,5;
7022,3;733,1;5224,2;
7023,2;732,1;382,1;
7024,3;726,1;5660,2;
7025,3;723,1;5278,2;
7026,3;722,1;6370,2;
7027,4;709,1;5349,3;
7028,3;705,1;5803,2;
7029,5;702,1;6482,4;
7030,3;695,1;5791,2;
7031,3;692,1;5258,2;
7032,4;691,1;6906,3;
7033,3;689,1;5617,2;
7034,3;688,1;6850,2;
7035,3;686,1;5794,2;
7036,7;678,1;6884,6;
7037,3;673,1;5601,2;
7038,2;663,1;185,1;
7039,4;656,1;6797,3;
7040,3;654,1;6736,2;
7041,4;641,1;6692,3;
7042,4;639,1;6976,3;
7043,3;635,1;7023,2;
7044,3;632,1;6007,2;
7045,4;614,1;6553,3;
7046,4;611,1;6878,3;
7047,4;609,1;6704,3;
7048,4;602,1;6177,3;
7049,3;600,1;5146,2;
7050,3;598,1;5580,2;
7051,3;588,1;5743,2;
7052,4;585,1;5867,3;
7053,2;578,1;233,1;
7054,3;577,1;5718,2;
7055,4;572,1;5905,3;
7056,4;560,1;6940,3;
7057,3;559,1;6734,2;
7058,3;554,1;6611,2;
7059,3;553,1;5117,2;
7060,3;551,1;6149,2;
7061,4;541,1;5084,3;
7062,3;536,1;5724,2;
7063,3;532,1;6448,2;
7064,3;531,1;6070,2;
7065,2;525,1;485,1;
7066,3;524,1;6865,2;
7067,2;522,1;220,1;
7068,4;511,1;6620,3;
7069,3;509,1;5719,2;
7070,3;507,1;5679,2;
7071,5;484,1;6999,4;
7072,3;482,1;6238,2;
7073,3;480,1;6042,2;
7074,5;479,1;6788,4;
7075,4;475,1;5922,3;
7076,4;472,1;6660,3;
7077,3;459,1;6619,2;
7078,3;456,1;5324,2;
7079,5;451,1;7032,4;
7080,5;448,1;6663,4;
7081,6;447,1;6870,5;
7082,4;441,1;6678,3;
7083,4;437,1;6815,3;
7084,2;431,1;63,1;
7085,5;426,1;6825,4;
7086,4;420,1;7000,3;
7087,2;411,1;274,1;
7088,4;406,1;5857,3;
7089,3;403,1;5451,2;
7090,6;400,1;6935,5;
7091,5;396,1;5530,4;
7092,3;395,1;6375,2;
7093,5;394,1;5595,4;
7094,3;388,1;5548,2;
7095,4;387,1;7058,3;
7096,6;383,1;6390,5;
7097,5;381,1;6853,4;
7098,3;374,1;6873,2;
7099,6;369,1;6440,5;
7100,2;367,1;78,1;
7101,3;362,1;6264,2;
7102,5;357,1;5846,4;
7103,5;354,1;6915,4;
7104,6;352,1;6718,5;
7105,3;349,1;6097,2;
7106,2;347,1;21,1;
7107,3;346,1;6254,2;
7108,5;345,1;6547,4;
7109,3;340,1;6527,2;
7110,3;338,1;5594,2;
7111,3;337,1;7053,2;
7112,7;333,1;6645,6;
7113,4;324,1;5647,3;
7114,2;317,1;70,1;
7115,4;316,1;5900,3;
7116,3;313,1;6211,2;
7117,4;311,1;5741,3;
7118,3;299,1;6384,2;
7119,3;298,1;6112,2;
7120,3;291,1;6971,2;
7121,5;290,1;6305,4;
7122,5;289,1;6811,4;
7123,3;286,1;5097,2;
7124,3;282,1;6700,2;
7125,4;280,1;6424,3;
7126,3;279,1;6355,2;
7127,4;277,1;7037,3;
7128,4;271,1;6549,3;
7129,3;269,1;6458,2;
7130,4;266,1;6538,3;
7131,3;264,1;5512,2;
7132,4;259,1;6949,3;
7133,2;257,1;208,1;
7134,3;251,1;5777,2;
7135,2;240,1;133,1;
7136,3;239,1;5279,2;
7137,3;232,1;5676,2;
7138,3;215,1;5344,2;
7139,3;207,1;6585,2;
7140,5;205,1;7130,4;
7141,3;202,1;5287,2;
7142,4;200,1;6701,3;
7143,3;195,1;6301,2;
7144,3;193,1;6529,2;
7145,4;189,1;6480,3;
7146,4;181,1;6614,3;
7147,4;177,1;6475,3;
7148,4;171,1;7069,3;
7149,4;166,1;6961,3;
7150,3;164,1;6414,2;
7151,3;160,1;6498,2;
7152,3;153,1;5210,2;
7153,3;149,1;6929,2;
7154,3;144,1;5310,2;
7155,4;141,1;7034,3;
7156,4;137,1;6689,3;
7157,3;135,1;6466,2;
7158,3;134,1;6170,2;
7159,5;132,1;7012,4;
7160,3;130,1;6768,2;
7161,3;114,1;6960,2;
7162,5;108,1;6485,4;
7163,3;106,1;5153,2;
7164,4;102,1;6911,3;
7165,4;98,1;7123,3;
7166,3;97,1;6107,2;
7167,4;95,1;6646,3;
7168,3;90,1;6600,2;
7169,3;84,1;5438,2;
7170,3;83,1;5249,2;
7171,4;73,1;6160,3;
7172,3;67,1;6372,2;
7173,5;64,1;6450,4;
7174,4;60,1;6641,3;
7175,3;59,1;5307,2;
7176,4;58,1;7078,3;
7177,4;51,1;7126,3;
7178,3;50,1;5995,2;
7179,3;49,1;6032,2;
7180,3;45,1;6336,2;
7181,3;36,1;6769,2;
7182,3;33,1;5286,2;
7183,4;23,1;6883,3;
7184,4;22,1;6803,3;
7185,3;10,1;6105,2;
7186,3;3,1;6512,2;
7187,3;0,1;5292,2;
7188,5;7187,3;6134,2;
7189,4;7186,3;4747,1;
7190,4;7185,3;805,1;
7191,5;7184,4;300,1;
7192,8;7181,3;6855,5;
7193,4;7180,3;246,1;
7194,4;7179,3;3224,1;
7195,8;7177,4;6973,4;
7196,6;7174,4;6743,2;
7197,5;7172,3;6089,2;
7198,7;7169,3;6758,4;
7199,9;7167,4;7140,5;
7200,6;7164,4;6038,2;
7201,6;7163,3;6284,3;
7202,4;7161,3;1232,1;
7203,10;7156,4;6796,6;
7204,10;7155,4;6311,6;
7205,5;7154,3;5200,2;
7206,6;7153,3;6551,3;
7207,4;7152,3;1125,1;
7208,7;7151,3;5782,4;
7209,5;7150,3;5810,2;
7210,6;7149,4;6057,2;
7211,8;7148,4;5906,4;
7212,5;7147,4;379,1;
7213,7;7145,4;5489,3;
7214,6;7138,3;6821,3;
7215,5;7137,3;5342,2;
7216,6;7136,3;6993,3;
7217,5;7134,3;5299,2;
7218,3;7133,2;4666,1;
7219,5;7132,4;1457,1;
7220,5;7129,3;5297,2;
7221,6;7128,4;5823,2;
7222,6;7127,4;5541,2;
7223,8;7122,5;6233,3;
7224,6;7119,3;6772,3;
7225,5;7114,2;6901,3;
7226,7;7113,4;6766,3;
7227,8;7112,7;493,1;
7228,6;7108,5;2837,1;
7229,4;7107,3;1632,1;
7230,4;7106,2;5694,2;
7231,5;7105,3;5958,2;
7232,7;7104,6;4157,1;
7233,7;7103,5;5350,2;
7234,8;7102,5;6045,3;
7235,9;7097,5;6945,4;
7236,7;7095,4;5845,3;
7237,8;7093,5;6479,3;
7238,6;7092,3;6767,3;
7239,7;7091,5;6055,2;
7240,7;7088,4;6544,3;
7241,6;7087,2;6323,4;
7242,6;7086,4;5122,2;
7243,7;7085,5;6239,2;
7244,6;7083,4;5654,2;
7245,6;7082,4;5687,2;
7246,7;7081,6;1772,1;
7247,6;7080,5;4975,1;
7248,4;7077,3;1236,1;
7249,6;7075,4;5466,2;
7250,7;7074,5;5734,2;
7251,7;7071,5;6030,2;
7252,4;7070,3;2280,1;
7253,4;7066,3;2694,1;
7254,8;7064,3;6942,5;
7255,5;7063,3;6214,2;
7256,5;7062,3;6964,2;
7257,5;7061,4;1531,1;
7258,5;7060,3;5797,2;
7259,4;7059,3;4208,1;
7260,5;7055,4;2220,1;
7261,7;7051,3;6432,4;
7262,4;7049,3;1864,1;
7263,5;7048,4;1561,1;
7264,8;7046,4;6977,4;
7265,7;7045,4;6919,3;
7266,4;7043,3;1368,1;
7267,7;7041,4;5939,3;
7268,4;7035,3;3981,1;
7269,5;7031,3;6599,2;
7270,6;7029,5;2284,1;
7271,5;7027,4;1360,1;
7272,8;7025,3;6858,5;
7273,4;7022,3;4227,1;
7274,9;7020,7;6140,2;
7275,6;7019,4;6235,2;
7276,11;7017,5;7222,6;
7277,4;7016,2;5290,2;
7278,7;7015,5;5498,2;
7279,9;7014,5;7190,4;
7280,5;7013,2;6468,3;
7281,4;7008,3;1651,1;
7282,3;7007,2;4653,1;
7283,6;7006,3;5695,3;
7284,3;7005,2;3178,1;
7285,6;7003,3;5641,3;
7286,5;7002,4;1174,1;
7287,5;6988,3;5178,2;
7288,5;6984,3;5477,2;
7289,8;6983,5;6342,3;
7290,5;6981,3;5784,2;
7291,4;6980,3;1241,1;
7292,8;6979,5;5390,3;
7293,3;6975,2;4325,1;
7294,8;6974,6;5802,2;
7295,7;6972,4;6943,3;
7296,8;6970,4;6501,4;
7297,6;6969,4;6680,2;
7298,4;6967,3;4983,1;
7299,5;6966,4;2993,1;
7300,7;6965,4;6225,3;
7301,5;6962,3;5893,2;
7302,3;6958,2;4595,1;
7303,4;6952,3;4623,1;
7304,7;6951,4;6019,3;
7305,4;6950,3;2206,1;
7306,5;6948,3;5554,2;
7307,8;6946,6;6174,2;
7308,8;6944,4;5366,4;
7309,5;6941,3;6456,2;
7310,7;6937,4;5989,3;
7311,11;6936,4;7243,7;
7312,6;6931,4;5927,2;
7313,4;6926,2;5295,2;
7314,10;6923,3;7267,7;
7315,9;6920,6;5076,3;
7316,11;6918,2;7279,9;
7317,5;6916,3;6774,2;
7318,4;6914,3;2034,1;
7319,4;6913,2;5892,2;
7320,6;6912,5;1947,1;
7321,4;6909,2;5190,2;
7322,7;6908,4;5998,3;
7323,6;6905,5;3412,1;
7324,5;6904,3;6324,2;
7325,4;6903,3;2749,1;
7326,10;6902,4;6852,6;
7327,3;6900,2;4195,1;
7328,3;6899,2;3956,1;
7329,5;6897,3;6061,2;
7330,4;6894,2;5123,2;
7331,4;6888,2;5960,2;
7332,3;6879,2;3855,1;
7333,4;6864,3;4222,1;
7334,7;6862,5;6662,2;
7335,4;6861,3;3762,1;
7336,6;6859,3;5997,3;
7337,5;6849,3;6435,2;
7338,7;6847,4;5904,3;
7339,4;6844,2;6465,2;
7340,4;6837,2;6388,2;
7341,3;6836,2;4224,1;
7342,10;6835,2;7294,8;
7343,4;6831,3;1918,1;
7344,3;6830,2;4646,1;
7345,6;6829,5;3983,1;
7346,10;6827,3;7233,7;
7347,3;6817,2;3722,1;
7348,4;6808,2;5033,2;
7349,5;6804,3;5231,2;
7350,6;6801,2;6684,4;
7351,3;6800,2;3669,1;
7352,9;6799,2;7240,7;
7353,6;6793,2;6505,4;
7354,7;6792,5;6299,2;
7355,5;6785,3;5196,2;
7356,4;6784,2;6628,2;
7357,7;6777,4;6564,3;
7358,8;6773,5;5881,3;
7359,4;6770,3;3407,1;
7360,4;6763,3;4750,1;
7361,5;6762,3;5615,2;
7362,5;6757,2;5285,3;
7363,5;6756,3;5787,2;
7364,3;6755,2;3236,1;
7365,8;6751,3;7197,5;
7366,3;6750,2;1878,1;
7367,6;6747,3;6399,3;
7368,7;6741,5;5957,2;
7369,4;6737,2;6497,2;
7370,3;6730,2;4863,1;
7371,4;6728,3;1866,1;
7372,5;6726,3;6586,2;
7373,9;6725,6;6281,3;
7374,5;6714,3;5583,2;
7375,6;6712,3;6460,3;
7376,5;6709,3;6533,2;
7377,4;6708,3;3904,1;
7378,7;6705,3;7348,4;
7379,3;6695,2;3263,1;
7380,8;6693,3;7219,5;
7381,7;6688,5;5697,2;
7382,7;6687,5;5193,2;
7383,6;6686,3;5057,3;
7384,6;6679,4;5360,2;
7385,3;6675,2;2903,1;
7386,4;6673,2;5388,2;
7387,5;6672,2;6455,3;
7388,4;6665,2;5048,2;
7389,6;6664,4;5994,2;
7390,4;6658,3;3958,1;
7391,3;6655,2;2101,1;
7392,4;6652,2;5627,2;
7393,4;6651,2;6535,2;
7394,6;6650,2;7229,4;
7395,4;6647,3;2935,1;
7396,3;6642,2;3160,1;
7397,8;6637,2;7275,6;
7398,3;6636,2;2191,1;
7399,7;6632,2;7287,5;
7400,10;6631,3;7208,7;
7401,4;6626,2;6212,2;
7402,4;6617,2;6568,2;
7403,6;6615,4;5540,2;
7404,7;6612,4;6486,3;
7405,7;6610,2;7260,5;
7406,4;6605,3;4026,1;
7407,10;6602,3;7265,7;
7408,6;6597,4;5326,2;
7409,6;6594,4;5633,2;
7410,5;6583,2;6009,3;
7411,7;6580,3;6559,4;
7412,5;6575,3;5330,2;
7413,4;6574,2;6393,2;
7414,3;6571,2;2373,1;
7415,5;6570,4;4297,1;
7416,3;6569,2;3131,1;
7417,7;6565,5;5422,2;
7418,7;6561,4;6362,3;
7419,4;6558,3;4139,1;
7420,7;6556,4;5864,3;
7421,4;5742,2;5245,2;
7422,4;5737,2;6232,2;
7423,4;5728,2;6419,2;
7424,4;5714,2;5235,2;
7425,4;5705,2;6004,2;
7426,8;5701,2;6408,6;
7427,6;5698,2;6461,4;
7428,5;5683,2;7347,3;
7429,9;5665,2;7411,7;
7430,4;5659,2;5233,2;
7431,4;5644,2;5380,2;
7432,8;5643,3;7374,5;
7433,4;5638,2;6404,2;
7434,4;5630,2;5103,2;
7435,3;5626,2;4439,1;
7436,6;5616,2;6082,4;
7437,3;5613,2;4492,1;
7438,4;5609,2;5606,2;
7439,4;5600,2;5169,2;
7440,8;5599,2;7216,6;
7441,5;5596,2;6417,3;
7442,4;5591,2;5505,2;
7443,4;5575,2;6327,2;
7444,9;5566,2;7404,7;
7445,5;5558,2;6202,3;
7446,9;5555,3;7241,6;
7447,4;5551,2;5357,2;
7448,7;5549,2;7263,5;
7449,4;5531,2;5322,2;
7450,13;5520,2;7316,11;
7451,10;5507,2;7397,8;
7452,4;5497,2;5108,2;
7453,6;5490,2;6418,4;
7454,4;5485,2;6121,2;
7455,6;5483,2;6206,4;
7456,5;5460,2;6383,3;
7457,4;5457,2;5346,2;
7458,5;5440,3;6210,2;
7459,5;5432,2;6412,3;
7460,4;5430,2;5181,2;
7461,4;5425,2;6203,2;
7462,8;5416,2;7375,6;
7463,4;5415,2;6395,2;
7464,6;5412,2;7343,4;
7465,4;5399,2;6515,2;
7466,8;5397,2;7367,6;
7467,5;5214,2;6343,3;
7468,6;5213,2;6138,4;
7469,4;5201,2;5174,2;
7470,3;5195,2;4970,1;
7471,6;5187,2;7433,4;
7472,8;5166,2;7384,6;
7473,6;5163,2;6249,4;
7474,4;5137,2;6386,2;
7475,8;5078,3;7309,5;
7476,5;5081,3;5849,2;
7477,12;5086,3;7446,9;
7478,5;5088,3;5273,2;
7479,6;5092,2;6320,4;
7480,8;5101,2;7464,6;
7481,7;5102,2;7412,5;
7482,9;5107,2;7310,7;
7483,6;5110,2;6464,4;
7484,4;5236,2;5765,2;
7485,5;5240,2;6276,3;
7486,13;5247,2;7276,11;
7487,6;5250,2;7402,4;
7488,5;5256,2;6050,3;
7489,9;5266,2;7382,7;
7490,4;5280,2;5884,2;
7491,4;5282,2;5373,2;
7492,6;5301,2;6532,4;
7493,7;5316,2;7458,5;
7494,6;5320,2;6256,4;
7495,7;5321,2;7467,5;
7496,17;5323,4;7450,13;
7497,4;5328,2;6514,2;
7498,6;5354,2;6356,4;
7499,7;5371,2;7215,5;
7500,4;5760,2;5847,2;
7501,9;5761,3;7492,6;
7502,4;5764,2;6445,2;
7503,5;5773,2;6510,3;
7504,3;5786,2;4465,1;
7505,5;5795,3;6171,2;
7506,5;5801,2;6406,3;
7507,8;5806,3;7355,5;
7508,3;5812,2;3927,1;
7509,3;5832,2;4767,1;
7510,3;5833,2;4174,1;
7511,5;5835,2;6066,3;
7512,5;5839,2;6172,3;
7513,5;5844,2;6234,3;
7514,10;5860,2;7254,8;
7515,5;5861,2;6215,3;
7516,3;5869,2;4385,1;
7517,4;5872,2;6120,2;
7518,4;5874,2;6524,2;
7519,5;5889,2;7379,3;
7520,7;5901,2;7257,5;
7521,5;5907,2;6031,3;
7522,4;5911,2;6536,2;
7523,7;5913,2;7255,5;
7524,10;5919,2;7289,8;
7525,5;5926,2;6358,3;
7526,10;5928,2;7272,8;
7527,9;5946,2;7357,7;
7528,4;5948,2;5988,2;
7529,4;5968,3;4648,1;
7530,5;5970,2;6157,3;
7531,4;5992,3;3591,1;
7532,8;6002,2;7283,6;
7533,11;6003,3;7195,8;
7534,13;6008,2;7533,11;
7535,3;6020,2;3815,1;
7536,3;6022,2;3870,1;
7537,3;6025,2;3753,1;
7538,6;6026,2;7518,4;
7539,3;6033,2;4164,1;
7540,4;6034,3;4511,1;
7541,7;6046,3;7517,4;
7542,8;6080,2;7394,6;
7543,7;6095,3;7202,4;
7544,5;6106,2;6164,3;
7545,4;6113,2;6428,2;
7546,11;6117,3;7480,8;
7547,3;6124,2;3471,1;
7548,11;6130,2;7501,9;
7549,5;6132,4;4158,1;
7550,7;6136,2;7209,5;
7551,4;6139,3;4590,1;
7552,7;6150,2;7544,5;
7553,4;6175,2;6469,2;
7554,3;6178,2;3836,1;
7555,5;6186,3;6492,2;
7556,8;6207,3;7361,5;
7557,5;6243,3;6462,2;
7558,4;6246,3;4588,1;
7559,9;6266,2;7232,7;
7560,5;6271,2;6321,3;
7561,4;6292,2;6394,2;
7562,11;6297,2;7352,9;
7563,10;6318,2;7380,8;
7564,7;6325,2;7191,5;
7565,3;6351,2;3387,1;
7566,4;6366,3;4686,1;
7567,6;6367,2;7390,4;
7568,3;6376,2;3107,1;
7569,4;6378,3;2844,1;
7570,13;6382,3;7514,10;
7571,11;6409,2;7489,9;
7572,3;6413,2;4117,1;
7573,5;6423,4;4670,1;
7574,8;6425,2;7455,6;
7575,4;6430,2;6494,2;
7576,3;6431,2;3261,1;
7577,9;6447,3;7200,6;
7578,11;6452,4;7261,7;
7579,10;6471,3;7334,7;
7580,9;6472,2;7550,7;
7581,3;6474,2;2517,1;
7582,11;6484,2;7199,9;
7583,4;6488,3;3402,1;
7584,3;6490,2;3129,1;
7585,4;6500,3;3250,1;
7586,7;6503,3;7425,4;
7587,12;6504,3;7580,9;
7588,13;6507,2;7548,11;
7589,3;6511,2;3946,1;
7590,8;6519,2;7270,6;
7591,5;6525,4;2332,1;
7592,5;6528,4;2341,1;
7593,4;6531,3;4461,1;
7594,6;7188,5;191,1;
7595,5;7189,4;3766,1;
7596,9;7192,8;708,1;
7597,5;7193,4;1532,1;
7598,16;7201,6;7407,10;
7599,11;7203,10;864,1;
7600,6;7205,5;2450,1;
7601,7;7206,6;4948,1;
7602,5;7207,4;464,1;
7603,4;7218,3;3897,1;
7604,6;7225,5;3963,1;
7605,7;7228,6;1439,1;
7606,10;7235,9;3168,1;
7607,13;7236,7;7249,6;
7608,9;7238,6;7101,3;
7609,12;7246,7;7376,5;
7610,11;7250,7;7325,4;
7611,8;7251,7;3999,1;
7612,9;7252,4;7525,5;
7613,8;7258,5;7398,3;
7614,5;7259,4;3566,1;
7615,10;7262,4;7350,6;
7616,5;7268,4;272,1;
7617,6;7269,5;1945,1;
7618,12;7273,4;7296,8;
7619,10;7274,9;3872,1;
7620,8;7278,7;1399,1;
7621,10;7280,5;7441,5;
7622,4;7282,3;3524,1;
7623,7;7285,6;3338,1;
7624,6;7288,5;2388,1;
7625,9;7292,8;1259,1;
7626,7;7297,6;693,1;
7627,6;7299,5;489,1;
7628,8;7300,7;2052,1;
7629,10;7301,5;7485,5;
7630,4;7302,3;4028,1;
7631,5;7303,4;4905,1;
7632,8;7304,7;43,1;
7633,6;7306,5;2281,1;
7634,9;7307,8;3136,1;
7635,13;7311,11;5870,2;
7636,7;7312,6;2125,1;
7637,11;7314,10;2290,1;
7638,9;7317,5;7339,4;
7639,9;7319,4;7512,5;
7640,10;7320,6;7360,4;
7641,5;7321,4;3329,1;
7642,7;7323,6;499,1;
7643,6;7324,5;488,1;
7644,11;7326,10;3481,1;
7645,4;7327,3;1030,1;
7646,4;7332,3;2154,1;
7647,15;7333,4;7571,11;
7648,7;7336,6;4265,1;
7649,5;7340,4;4946,1;
7650,4;7341,3;3681,1;
7651,11;7342,10;831,1;
7652,4;7344,3;2294,1;
7653,7;7349,5;7100,2;
7654,9;7358,8;3535,1;
7655,8;7363,5;5049,3;
7656,4;7364,3;2972,1;
7657,5;7369,4;4483,1;
7658,13;7373,9;7447,4;
7659,10;7383,6;7491,4;
7660,10;7389,6;7401,4;
7661,5;7395,4;2857,1;
7662,4;7396,3;4447,1;
7663,11;7399,7;7457,4;
7664,8;7417,7;2045,1;
7665,8;7419,4;6841,4;
7666,9;7420,7;6930,2;
7667,5;7422,4;4708,1;
7668,5;7424,4;3411,1;
7669,9;7426,8;339,1;
7670,7;7436,6;419,1;
7671,5;7438,4;3790,1;
7672,10;7444,9;526,1;
7673,5;7449,4;3605,1;
7674,11;7451,10;1087,1;
7675,5;7452,4;4980,1;
7676,5;7454,4;1434,1;
7677,6;7459,5;4354,1;
7678,5;7463,4;1570,1;
7679,7;7468,6;4573,1;
7680,9;7472,8;2717,1;
7681,9;7475,8;2227,1;
7682,17;7477,12;7557,5;
7683,6;7478,5;4069,1;
7684,14;7482,9;7503,5;
7685,14;7486,13;2087,1;
7686,6;7488,5;2,1;
7687,5;7490,4;662,1;
7688,8;7495,7;4228,1;
7689,20;7496,17;5789,3;
7690,8;7499,7;649,1;
7691,5;7502,4;1146,1;
7692,4;7504,3;2427,1;
7693,6;7505,5;54,1;
7694,12;7508,3;7577,9;
7695,6;7511,5;417,1;
7696,6;7515,5;3739,1;
7697,6;7519,5;696,1;
7698,8;7520,7;1675,1;
7699,6;7521,5;361,1;
7700,6;7522,4;5164,2;
7701,14;7527,9;7657,5;
7702,6;7529,4;5804,2;
7703,5;7531,4;217,1;
7704,7;7539,3;6576,4;
7705,9;7541,7;5658,2;
7706,5;7545,4;4943,1;
7707,5;7551,4;3245,1;
7708,14;7552,7;7704,7;
7709,4;7554,3;359,1;
7710,9;7556,8;3379,1;
7711,12;7562,11;1969,1;
7712,12;7564,7;7616,5;
7713,6;7566,4;5880,2;
7714,9;7567,6;6991,3;
7715,14;7570,13;3584,1;
7716,12;7574,8;6794,4;
7717,5;7575,4;1582,1;
7718,5;7576,3;5990,2;
7719,13;7579,10;7004,3;
7720,4;7581,3;4649,1;
7721,15;7582,11;6562,4;
7722,4;7584,3;930,1;
7723,5;7589,3;6985,2;
7724,5;7593,4;4825,1;
7725,6;7595,5;2792,1;
7726,23;7598,16;7226,7;
7727,9;7601,7;5393,2;
7728,6;7602,5;331,1;
7729,7;7604,6;2922,1;
7730,10;7605,7;6542,3;
7731,15;7607,13;5182,2;
7732,12;7610,11;533,1;
7733,11;7612,9;5180,2;
7734,6;7614,5;3433,1;
7735,9;7617,6;7143,3;
7736,13;7618,12;2812,1;
7737,10;7620,8;6060,2;
7738,10;7624,6;6997,4;
7739,12;7625,9;6802,3;
7740,9;7628,8;2120,1;
7741,7;7631,5;6925,2;
7742,15;7635,13;5895,2;
7743,9;7636,7;6776,2;
7744,18;7637,11;7543,7;
7745,12;7638,9;5838,3;
7746,12;7639,9;6691,3;
7747,9;7641,5;6354,4;
7748,9;7642,7;5303,2;
7749,12;7644,11;4166,1;
7750,9;7648,7;5147,2;
7751,6;7649,5;3982,1;
7752,13;7656,4;7315,9;
7753,14;7658,13;589,1;
7754,11;7659,10;1603,1;
7755,12;7663,11;1899,1;
7756,10;7664,8;6308,2;
7757,9;7665,8;844,1;
7758,19;7670,7;7755,12;
7759,6;7671,5;2987,1;
7760,20;7674,11;7559,9;
7761,6;7675,5;1116,1;
7762,8;7677,6;6200,2;
7763,6;7678,5;991,1;
7764,10;7680,9;2715,1;
7765,21;7681,9;7712,12;
7766,24;7682,17;7239,7;
7767,19;7684,14;7159,5;
7768,15;7685,14;372,1;
7769,7;7686,6;1449,1;
7770,6;7687,5;965,1;
7771,21;7689,20;2335,1;
7772,7;7695,6;4393,1;
7773,7;7696,6;543,1;
7774,14;7702,6;7264,8;
7775,15;7708,14;3772,1;
7776,7;7709,4;6348,3;
7777,10;7710,9;115,1;
7778,10;7714,9;2867,1;
7779,17;7715,14;6603,3;
7780,9;7717,5;7356,4;
7781,7;7723,5;6584,2;
7782,25;7726,23;6887,2;
7783,7;7728,6;1383,1;
7784,8;7729,7;768,1;
7785,19;7731,15;6869,4;
7786,13;7732,12;3067,1;
7787,18;7733,11;7679,7;
7788,7;7734,6;899,1;
7789,26;7735,9;7779,17;
7790,14;7739,12;5306,2;
7791,21;7744,18;7141,3;
7792,10;7748,9;1500,1;
7793,10;7750,9;1276,1;
7794,16;7752,13;5068,3;
7795,15;7753,14;320,1;
7796,10;7757,9;1033,1;
7797,20;7758,19;2910,1;
7798,8;7759,6;6255,2;
7799,7;7763,6;1602,1;
7800,11;7764,10;1771,1;
7801,22;7765,21;2651,1;
7802,27;7766,24;7094,3;
7803,20;7767,19;555,1;
7804,18;7768,15;7098,3;
7805,28;7772,7;7771,21;
7806,13;7777,10;6309,3;
7807,16;7778,10;7498,6;
7808,32;7782,25;7198,7;
7809,11;7784,8;7131,3;
7810,20;7787,18;6775,2;
7811,58;7789,26;7808,32;
7812,22;7791,21;2036,1;
7813,22;7792,10;7609,12;
7814,12;7793,10;5996,2;
7815,28;7802,27;612,1;
7816,38;7805,28;7756,10;
7817,15;7809,11;6463,4;
7818,24;7813,22;5768,2;
7819,15;7814,12;7044,3;
7820,39;7816,38;1437,1;
7821,26;7818,24;5125,2;
7822,19;7819,15;6707,4;
7823,27;7822,19;7613,8;
7824,28;7823,27;1059,1;
7825,30;7824,28;5431,2;
7826,32;7738,10;7801,22;
7827,20;7460,4;7807,16;
7828,34;7377,4;7825,30;
7829,15;7124,3;7716,12;
7830,18;7036,7;7651,11;
7831,20;6790,2;7804,18;
7832,23;6698,3;7810,20;
7833,16;5053,3;7786,13;
7834,24;5155,2;7812,22;
7835,22;5378,2;7827,20;
7836,14;5442,2;7746,12;
7837,15;5570,2;7719,13;
7838,23;5739,3;7760,20;
7839,21;5950,2;7785,19;
7840,20;6145,2;7830,18;
7841,15;6307,3;7694,12;
7842,13;6319,2;7800,11;
7843,60;6385,2;7811,58;
7844,16;6509,2;7790,14;
7845,17;6745,2;7647,15;
7846,14;6917,3;7599,11;
7847,19;6922,4;7721,15;
7848,19;7068,4;7841,15;
7849,31;7794,16;7829,15;
7850,15;4639,1;7774,14;
7851,21;4467,1;7803,20;
7852,13;4416,1;7745,12;
7853,24;4329,1;7838,23;
7854,33;3822,1;7826,32;
7855,16;3408,1;7775,15;
7856,17;2847,1;7844,16;
7857,23;2816,1;7835,22;
7858,27;2123,1;7821,26;
7859,25;1941,1;7853,24;
7860,16;1939,1;7817,15;
7861,15;1915,1;7836,14;
7862,29;1709,1;7815,28;
7863,40;1430,1;7820,39;
7864,13;1416,1;7711,12;
7865,14;1131,1;7864,13;
7866,24;471,1;7857,23;
7867,16;62,1;7837,15;
7868,15;7865,14;3264,1;
7869,44;7863,40;7443,4;
7870,20;7860,16;7359,4;
7871,28;7858,27;566,1;
7872,37;7856,17;7840,20;
7873,34;7854,33;3177,1;
7874,22;7851,21;674,1;
7875,25;7850,15;7660,10;
7876,35;7849,31;7281,4;
7877,20;7848,19;1833,1;
7878,18;7846,14;7248,4;
7879,18;7845,17;3972,1;
7880,62;7843,60;5191,2;
7881,25;7834,24;3562,1;
7882,24;7832,23;2724,1;
7883,23;7831,20;5227,3;
7884,35;7828,34;201,1;
7885,22;7870,20;5291,2;
7886,23;7874,22;4749,1;
7887,42;7876,35;7448,7;
7888,36;7878,18;7879,18;
7889,63;7880,62;1621,1;
7890,26;7881,25;203,1;
7891,37;7882,24;7736,13;
7892,36;7884,35;2612,1;
7893,25;7886,23;6052,2;
7894,50;7887,42;7462,8;
7895,39;7888,36;6251,3;
7896,71;7889,63;7432,8;
7897,37;7892,36;3858,1;
7898,26;7893,25;949,1;
7899,51;7894,50;1986,1;
7900,40;7895,39;55,1;
7901,122;7896,71;7899,51;
7902,130;7901,122;7507,8;
7903,131;7902,130;3120,1;
7904,133;7903,131;5858,2;
7905,27;5509,3;7866,24;
7906,40;6144,3;7891,37;
7907,137;7431,4;7904,133;
7908,30;4214,1;7862,29;
7909,28;3117,1;7905,27;
7910,23;2731,1;7885,22;
7911,29;1997,1;7909,28;
7912,31;951,1;7908,30;
7913,41;183,1;7900,40;
7914,41;169,1;7906,40;
7915,168;7912,31;7907,137;
7916,33;7911,29;7413,4;
7917,43;5271,2;7913,41;
7918,25;5984,2;7910,23;
7919,46;6998,3;7917,43;
7920,174;7494,6;7915,168;
7921,47;2166,1;7919,46;
7922,48;1355,1;7921,47;
7923,42;962,1;7914,41;
7924,75;7923,42;7916,33;
7925,53;7922,48;7513,5;
7926,175;7920,174;2242,1;
7927,76;7924,75;260,1;
7928,58;7925,53;7549,5;
7929,176;7926,175;4656,1;
7930,80;7927,76;7540,4;
7931,81;3940,1;7930,80;
7932,82;2321,1;7931,81;
7933,84;7932,82;5179,2;
7934,86;5309,2;7933,84;
7935,88;7934,86;5441,2;
7936,91;7935,88;5317,3;
7937,93;7936,91;6439,2;
7938,94;7937,93;2647,1;
7939,95;7938,94;2732,1;
7940,96;869,1;7939,95;
