1000,2;922,1;784,1;
1001,2;952,1;191,1;
1002,2;917,1;389,1;
1003,2;659,1;30,1;
1004,2;530,1;185,1;
1005,2;257,1;204,1;
1006,2;224,1;166,1;
1007,2;969,1;327,1;
1008,2;934,1;563,1;
1009,2;927,1;746,1;
1010,2;925,1;156,1;
1011,2;915,1;102,1;
1012,2;909,1;350,1;
1013,2;880,1;150,1;
1014,2;847,1;755,1;
1015,2;843,1;384,1;
1016,2;773,1;637,1;
1017,2;745,1;72,1;
1018,2;603,1;92,1;
1019,2;594,1;407,1;
1020,2;589,1;457,1;
1021,2;525,1;395,1;
1022,2;479,1;131,1;
1023,2;474,1;353,1;
1024,2;469,1;114,1;
1025,2;459,1;29,1;
1026,2;271,1;194,1;
1027,2;243,1;111,1;
1028,2;229,1;168,1;
1029,2;223,1;222,1;
1030,3;1028,2;314,1;
1031,4;1014,2;1013,2;
1032,3;1020,2;954,1;
1033,3;1022,2;95,1;
1034,3;1006,2;472,1;
1035,2;995,1;840,1;
1036,2;991,1;795,1;
1037,2;986,1;27,1;
1038,2;983,1;742,1;
1039,2;976,1;672,1;
1040,2;953,1;706,1;
1041,2;948,1;304,1;
1042,2;904,1;451,1;
1043,3;897,1;1035,2;
1044,2;892,1;110,1;
1045,2;887,1;501,1;
1046,2;874,1;464,1;
1047,2;865,1;852,1;
1048,4;862,1;1043,3;
1049,2;857,1;550,1;
1050,2;854,1;48,1;
1051,2;850,1;448,1;
1052,2;835,1;677,1;
1053,2;830,1;392,1;
1054,2;826,1;73,1;
1055,2;819,1;197,1;
1056,2;808,1;265,1;
1057,2;804,1;738,1;
1058,2;799,1;325,1;
1059,2;794,1;348,1;
1060,2;792,1;775,1;
1061,2;787,1;382,1;
1062,2;782,1;570,1;
1063,2;779,1;217,1;
1064,2;772,1;402,1;
1065,2;763,1;510,1;
1066,2;739,1;673,1;
1067,2;704,1;360,1;
1068,2;695,1;696,1;
1069,2;694,1;419,1;
1070,2;687,1;286,1;
1071,5;680,1;1048,4;
1072,2;678,1;338,1;
1073,2;661,1;662,1;
1074,2;654,1;426,1;
1075,2;639,1;172,1;
1076,2;615,1;84,1;
1077,2;613,1;313,1;
1078,2;611,1;178,1;
1079,2;602,1;25,1;
1080,2;582,1;446,1;
1081,2;569,1;276,1;
1082,2;564,1;489,1;
1083,2;554,1;344,1;
1084,2;494,1;432,1;
1085,2;412,1;351,1;
1086,2;308,1;162,1;
1087,6;280,1;1071,5;
1088,2;269,1;24,1;
1089,2;170,1;15,1;
1090,2;121,1;17,1;
1091,2;76,1;77,1;
1092,7;60,1;1087,6;
1093,2;59,1;13,1;
1094,2;39,1;37,1;
1095,2;1,1;284,1;
1096,3;1085,2;741,1;
1097,4;1034,3;234,1;
1098,4;1051,2;1050,2;
1099,4;1096,3;970,1;
1100,5;1097,4;154,1;
1101,9;1037,2;1092,7;
1102,3;1038,2;649,1;
1103,3;1042,2;522,1;
1104,3;1045,2;259,1;
1105,3;1046,2;767,1;
1106,3;1049,2;291,1;
1107,3;1055,2;247,1;
1108,3;1057,2;930,1;
1109,3;1059,2;693,1;
1110,4;1060,2;1023,2;
1111,3;1064,2;562,1;
1112,3;1066,2;612,1;
1113,3;1068,2;54,1;
1114,3;1070,2;406,1;
1115,3;1077,2;916,1;
1116,3;1078,2;686,1;
1117,3;1079,2;7,1;
1118,3;1081,2;546,1;
1119,3;1089,2;193,1;
1120,6;1098,4;1095,2;
1121,6;1100,5;681,1;
1122,3;1007,2;192,1;
1123,3;1011,2;957,1;
1124,3;1015,2;411,1;
1125,3;1017,2;825,1;
1126,3;1018,2;220,1;
1127,3;1026,2;169,1;
1128,3;1027,2;454,1;
1129,3;1001,2;146,1;
1130,3;1000,2;519,1;
1131,2;997,1;50,1;
1132,4;996,1;1130,3;
1133,2;993,1;762,1;
1134,2;992,1;85,1;
1135,2;990,1;520,1;
1136,2;989,1;573,1;
1137,2;985,1;242,1;
1138,2;973,1;964,1;
1139,2;971,1;884,1;
1140,2;967,1;748,1;
1141,2;965,1;266,1;
1142,2;960,1;900,1;
1143,2;956,1;495,1;
1144,2;951,1;323,1;
1145,2;946,1;372,1;
1146,2;945,1;598,1;
1147,3;944,1;1146,2;
1148,2;939,1;715,1;
1149,2;938,1;267,1;
1150,2;935,1;307,1;
1151,2;932,1;356,1;
1152,2;931,1;492,1;
1153,10;929,1;1101,9;
1154,2;926,1;34,1;
1155,2;924,1;545,1;
1156,2;911,1;714,1;
1157,2;910,1;410,1;
1158,2;906,1;907,1;
1159,2;895,1;142,1;
1160,4;893,1;1112,3;
1161,5;886,1;1099,4;
1162,3;883,1;1140,2;
1163,2;879,1;128,1;
1164,3;873,1;1151,2;
1165,2;871,1;822,1;
1166,2;869,1;456,1;
1167,2;868,1;9,1;
1168,2;863,1;658,1;
1169,2;858,1;361,1;
1170,2;849,1;534,1;
1171,2;848,1;443,1;
1172,2;842,1;108,1;
1173,3;839,1;1166,2;
1174,2;838,1;138,1;
1175,2;833,1;38,1;
1176,2;823,1;596,1;
1177,2;821,1;285,1;
1178,2;816,1;189,1;
1179,2;814,1;160,1;
1180,2;813,1;698,1;
1181,2;812,1;64,1;
1182,2;809,1;115,1;
1183,4;807,1;1115,3;
1184,2;805,1;381,1;
1185,2;798,1;509,1;
1186,2;796,1;709,1;
1187,2;793,1;255,1;
1188,2;788,1;699,1;
1189,4;785,1;1129,3;
1190,2;781,1;328,1;
1191,2;780,1;720,1;
1192,4;778,1;1173,3;
1193,2;771,1;623,1;
1194,2;768,1;597,1;
1195,2;761,1;159,1;
1196,2;757,1;705,1;
1197,2;752,1;567,1;
1198,2;749,1;575,1;
1199,2;740,1;743,1;
1200,11;737,1;1153,10;
1201,2;736,1;198,1;
1202,2;735,1;244,1;
1203,2;730,1;581,1;
1204,3;723,1;1193,2;
1205,2;722,1;421,1;
1206,2;721,1;394,1;
1207,2;719,1;177,1;
1208,2;718,1;566,1;
1209,2;716,1;551,1;
1210,3;712,1;1157,2;
1211,2;711,1;375,1;
1212,2;710,1;367,1;
1213,2;708,1;604,1;
1214,2;703,1;113,1;
1215,2;702,1;657,1;
1216,3;701,1;1214,2;
1217,2;697,1;163,1;
1218,2;692,1;210,1;
1219,2;691,1;329,1;
1220,2;690,1;315,1;
1221,2;679,1;140,1;
1222,2;667,1;416,1;
1223,2;665,1;151,1;
1224,2;660,1;513,1;
1225,2;655,1;74,1;
1226,2;645,1;250,1;
1227,2;633,1;340,1;
1228,2;625,1;593,1;
1229,12;620,1;1200,11;
1230,2;619,1;122,1;
1231,2;618,1;608,1;
1232,3;616,1;1225,2;
1233,3;610,1;1226,2;
1234,2;609,1;445,1;
1235,3;605,1;1131,2;
1236,2;600,1;320,1;
1237,4;592,1;1235,3;
1238,2;585,1;61,1;
1239,13;583,1;1229,12;
1240,2;579,1;96,1;
1241,2;561,1;452,1;
1242,2;560,1;343,1;
1243,3;558,1;1185,2;
1244,2;556,1;181,1;
1245,4;555,1;1128,3;
1246,5;549,1;1245,4;
1247,2;547,1;418,1;
1248,2;540,1;364,1;
1249,4;529,1;1243,3;
1250,2;524,1;133,1;
1251,2;518,1;176,1;
1252,2;512,1;455,1;
1253,2;507,1;294,1;
1254,2;506,1;195,1;
1255,3;503,1;1250,2;
1256,2;502,1;498,1;
1257,2;499,1;400,1;
1258,2;486,1;326,1;
1259,2;482,1;467,1;
1260,3;477,1;1182,2;
1261,2;475,1;253,1;
1262,2;465,1;46,1;
1263,4;462,1;1106,3;
1264,2;458,1;260,1;
1265,2;444,1;215,1;
1266,3;436,1;1198,2;
1267,3;435,1;1163,2;
1268,4;429,1;1267,3;
1269,2;423,1;31,1;
1270,3;417,1;1212,2;
1271,2;408,1;236,1;
1272,14;397,1;1239,13;
1273,4;388,1;1122,3;
1274,4;387,1;1260,3;
1275,3;385,1;1271,2;
1276,2;380,1;118,1;
1277,2;379,1;277,1;
1278,5;374,1;1273,4;
1279,2;363,1;275,1;
1280,2;352,1;158,1;
1281,4;347,1;1105,3;
1282,2;337,1;205,1;
1283,2;335,1;281,1;
1284,4;321,1;1232,3;
1285,2;319,1;256,1;
1286,15;312,1;1272,14;
1287,3;306,1;1181,2;
1288,3;302,1;1251,2;
1289,2;301,1;251,1;
1290,2;287,1;288,1;
1291,4;273,1;1288,3;
1292,3;262,1;1242,2;
1293,2;254,1;258,1;
1294,3;252,1;1289,2;
1295,2;248,1;68,1;
1296,6;246,1;1161,5;
1297,4;239,1;1233,3;
1298,2;238,1;173,1;
1299,5;235,1;1297,4;
1300,3;233,1;1138,2;
1301,4;232,1;1300,3;
1302,2;230,1;5,1;
1303,3;227,1;1293,2;
1304,2;226,1;228,1;
1305,3;216,1;1257,2;
1306,2;213,1;214,1;
1307,2;209,1;129,1;
1308,2;188,1;117,1;
1309,3;161,1;1196,2;
1310,3;155,1;1234,2;
1311,3;149,1;1227,2;
1312,2;145,1;147,1;
1313,16;144,1;1286,15;
1314,3;141,1;1256,2;
1315,5;132,1;1291,4;
1316,2;120,1;81,1;
1317,2;116,1;4,1;
1318,3;112,1;1137,2;
1319,17;103,1;1313,16;
1320,3;89,1;1197,2;
1321,3;87,1;1135,2;
1322,3;36,1;1142,2;
1323,2;35,1;40,1;
1324,3;18,1;1230,2;
1325,2;14,1;433,1;
1326,5;6,1;1263,4;
1327,3;1325,2;283,1;
1328,3;1323,2;135,1;
1329,4;1322,3;811,1;
1330,5;1318,3;1174,2;
1331,3;1312,2;845,1;
1332,4;1311,3;493,1;
1333,5;1310,3;1148,2;
1334,5;1295,2;1102,3;
1335,8;1294,3;1333,5;
1336,4;1287,3;638,1;
1337,4;1282,2;1062,2;
1338,3;1279,2;828,1;
1339,3;1276,2;599,1;
1340,3;1172,2;933,1;
1341,4;1170,2;1247,2;
1342,5;1156,2;1033,3;
1343,4;1145,2;1149,2;
1344,4;1126,3;958,1;
1345,4;1117,3;636,1;
1346,4;1116,3;754,1;
1347,5;1104,3;1186,2;
1348,5;1189,4;640,1;
1349,5;1190,2;1270,3;
1350,4;1217,2;1261,2;
1351,6;1223,2;1343,4;
1352,3;1236,2;756,1;
1353,7;1237,4;1352,3;
1354,5;1241,2;1216,3;
1355,5;1265,2;1113,3;
1356,4;1266,3;139,1;
1357,4;1328,3;968,1;
1358,6;1336,4;1088,2;
1359,5;1341,4;607,1;
1360,6;1350,4;1228,2;
1361,5;1357,4;20,1;
1362,6;1359,5;107,1;
1363,7;1360,6;921,1;
1364,5;1108,3;1012,2;
1365,5;1109,3;1180,2;
1366,8;1111,3;1365,5;
1367,4;1114,3;789,1;
1368,4;1118,3;466,1;
1369,5;1119,3;1061,2;
1370,10;1120,6;1345,4;
1371,8;1121,6;1082,2;
1372,4;1124,3;836,1;
1373,7;1125,3;1372,4;
1374,4;1127,3;199,1;
1375,5;1132,4;894,1;
1376,3;1133,2;396,1;
1377,4;1134,2;1025,2;
1378,3;1136,2;851,1;
1379,3;1143,2;630,1;
1380,4;1144,2;1141,2;
1381,5;1147,3;1075,2;
1382,3;1150,2;860,1;
1383,4;1152,2;1202,2;
1384,3;1154,2;473,1;
1385,3;1155,2;877,1;
1386,5;1158,2;1385,3;
1387,5;1160,4;642,1;
1388,4;1162,3;127,1;
1389,4;1167,2;1178,2;
1390,7;1169,2;1369,5;
1391,6;1171,2;1388,4;
1392,6;1175,2;1368,4;
1393,3;1176,2;420,1;
1394,4;1177,2;1056,2;
1395,3;1179,2;370,1;
1396,14;1183,4;1370,10;
1397,3;1188,2;71,1;
1398,3;1194,2;279,1;
1399,3;1195,2;123,1;
1400,3;1199,2;511,1;
1401,4;1201,2;1248,2;
1402,4;1204,3;866,1;
1403,3;1205,2;390,1;
1404,4;1209,2;1208,2;
1405,4;1213,2;1211,2;
1406,3;1215,2;885,1;
1407,3;1219,2;532,1;
1408,3;1220,2;237,1;
1409,6;1221,2;1284,4;
1410,3;1222,2;342,1;
1411,5;1224,2;1339,3;
1412,8;1231,2;1296,6;
1413,3;1238,2;190,1;
1414,3;1240,2;941,1;
1415,3;1244,2;688,1;
1416,6;1253,2;1249,4;
1417,3;1258,2;130,1;
1418,3;1259,2;349,1;
1419,16;1262,2;1396,14;
1420,9;1268,4;1326,5;
1421,3;1269,2;476,1;
1422,4;1275,3;488,1;
1423,3;1280,2;278,1;
1424,5;1281,4;317,1;
1425,3;1285,2;972,1;
1426,6;1290,2;1356,4;
1427,11;1298,2;1420,9;
1428,7;1299,5;1073,2;
1429,5;1301,4;180,1;
1430,10;1302,2;1412,8;
1431,3;1304,2;682,1;
1432,3;1307,2;732,1;
1433,4;1309,3;86,1;
1434,5;1316,2;1421,3;
1435,3;1317,2;263,1;
1436,6;1320,3;1340,3;
1437,4;1321,3;890,1;
1438,4;1324,3;485,1;
1439,6;1334,5;152,1;
1440,4;1338,3;207,1;
1441,5;1344,4;903,1;
1442,6;1347,5;10,1;
1443,6;1348,5;78,1;
1444,7;1358,6;508,1;
1445,8;1362,6;1308,2;
1446,8;1363,7;777,1;
1447,5;1032,3;1306,2;
1448,10;1039,2;1371,8;
1449,3;1044,2;751,1;
1450,3;1052,2;106,1;
1451,5;1058,2;1432,3;
1452,3;1063,2;483,1;
1453,3;1069,2;918,1;
1454,19;1074,2;1319,17;
1455,3;1076,2;961,1;
1456,3;1080,2;527,1;
1457,7;1083,2;1361,5;
1458,12;1086,2;1430,10;
1459,3;1091,2;125,1;
1460,4;1093,2;1008,2;
1461,3;1010,2;272,1;
1462,5;1016,2;1461,3;
1463,3;1021,2;187,1;
1464,3;1024,2;797,1;
1465,3;1002,2;713,1;
1466,2;999,1;656,1;
1467,2;998,1;53,1;
1468,6;988,1;1364,5;
1469,2;984,1;11,1;
1470,2;982,1;872,1;
1471,2;981,1;963,1;
1472,13;980,1;1458,12;
1473,2;978,1;69,1;
1474,2;977,1;856,1;
1475,7;974,1;1468,6;
1476,14;966,1;1472,13;
1477,2;959,1;765,1;
1478,2;950,1;450,1;
1479,4;949,1;1305,3;
1480,5;947,1;1404,4;
1481,8;943,1;1373,7;
1482,3;942,1;1478,2;
1483,2;913,1;572,1;
1484,2;905,1;881,1;
1485,2;901,1;855,1;
1486,2;896,1;22,1;
1487,6;889,1;1480,5;
1488,2;878,1;724,1;
1489,15;876,1;1476,14;
1490,3;875,1;1488,2;
1491,6;870,1;1330,5;
1492,2;867,1;539,1;
1493,2;841,1;500,1;
1494,2;834,1;355,1;
1495,6;829,1;1429,5;
1496,4;824,1;1463,3;
1497,2;818,1;491,1;
1498,11;815,1;1448,10;
1499,2;802,1;652,1;
1500,2;800,1;371,1;
1501,2;783,1;51,1;
1502,8;776,1;1428,7;
1503,3;774,1;1467,2;
1504,2;770,1;786,1;
1505,5;769,1;1479,4;
1506,2;760,1;621,1;
1507,2;758,1;415,1;
1508,5;753,1;1380,4;
1509,2;747,1;590,1;
1510,9;744,1;1502,8;
1511,6;733,1;1508,5;
1512,2;731,1;21,1;
1513,2;729,1;734,1;
1514,2;717,1;438,1;
1515,2;685,1;93,1;
1516,12;683,1;1498,11;
1517,2;671,1;212,1;
1518,4;669,1;1384,3;
1519,7;664,1;1511,6;
1520,2;663,1;211,1;
1521,3;648,1;1507,2;
1522,7;647,1;1487,6;
1523,2;646,1;339,1;
1524,2;643,1;203,1;
1525,2;641,1;310,1;
1526,2;628,1;487,1;
1527,7;622,1;1491,6;
1528,2;595,1;274,1;
1529,2;588,1;439,1;
1530,2;586,1;334,1;
1531,2;577,1;311,1;
1532,13;576,1;1516,12;
1533,3;574,1;1484,2;
1534,2;565,1;478,1;
1535,2;552,1;409,1;
1536,3;548,1;1529,2;
1537,2;544,1;470,1;
1538,8;541,1;1353,7;
1539,3;535,1;1494,2;
1540,4;533,1;1414,3;
1541,2;526,1;528,1;
1542,9;521,1;1481,8;
1543,2;515,1;516,1;
1544,10;497,1;1542,9;
1545,5;490,1;1540,4;
1546,4;480,1;1382,3;
1547,2;460,1;373,1;
1548,2;453,1;383,1;
1549,4;449,1;1539,3;
1550,2;447,1;377,1;
1551,2;441,1;442,1;
1552,14;431,1;1532,13;
1553,2;427,1;2,1;
1554,8;422,1;1390,7;
1555,5;413,1;1549,4;
1556,6;405,1;1555,5;
1557,9;403,1;1538,8;
1558,7;398,1;1391,6;
1559,2;393,1;82,1;
1560,2;378,1;366,1;
1561,5;376,1;1377,4;
1562,3;369,1;1531,2;
1563,2;368,1;386,1;
1564,6;365,1;1451,5;
1565,5;358,1;1496,4;
1566,4;357,1;1536,3;
1567,2;336,1;100,1;
1568,3;333,1;1474,2;
1569,15;318,1;1552,14;
1570,3;309,1;1523,2;
1571,3;305,1;1090,2;
1572,2;300,1;91,1;
1573,5;299,1;1433,4;
1574,2;296,1;200,1;
1575,3;293,1;1520,2;
1576,2;292,1;219,1;
1577,4;268,1;1453,3;
1578,4;264,1;1450,3;
1579,9;261,1;1554,8;
1580,4;245,1;1571,3;
1581,6;231,1;1246,5;
1582,2;225,1;240,1;
1583,5;201,1;1578,4;
1584,8;175,1;1444,7;
1585,2;174,1;179,1;
1586,10;157,1;1579,9;
1587,2;134,1;99,1;
1588,3;119,1;1528,2;
1589,5;101,1;1402,4;
1590,6;98,1;1342,5;
1591,6;97,1;1349,5;
1592,4;94,1;1588,3;
1593,7;90,1;1581,6;
1594,7;83,1;1591,6;
1595,5;79,1;1389,4;
1596,3;67,1;1585,2;
1597,8;63,1;1527,7;
1598,5;62,1;1566,4;
1599,9;55,1;1445,8;
1600,2;49,1;33,1;
1601,2;45,1;47,1;
1602,4;44,1;1449,3;
1603,9;42,1;1597,8;
1604,4;32,1;1596,3;
1605,3;26,1;1499,2;
1606,6;23,1;1595,5;
1607,2;16,1;28,1;
1608,10;3,1;1599,9;
1609,8;0,1;1594,7;
1610,9;1609,8;651,1;
1611,13;1606,6;1593,7;
1612,11;1604,4;1519,7;
1613,11;1603,9;1283,2;
1614,5;1601,2;1533,3;
1615,4;1600,2;1168,2;
1616,7;1589,5;1553,2;
1617,5;1587,2;1327,3;
1618,7;1583,5;1543,2;
1619,4;1582,2;1525,2;
1620,4;1576,2;1005,2;
1621,7;1575,3;1437,4;
1622,4;1568,3;601,1;
1623,4;1567,2;1019,2;
1624,6;1565,5;726,1;
1625,7;1564,6;888,1;
1626,11;1561,5;1392,6;
1627,4;1560,2;1572,2;
1628,4;1550,2;1506,2;
1629,5;1548,2;1415,3;
1630,6;1547,2;1628,4;
1631,11;1544,10;908,1;
1632,3;1537,2;937,1;
1633,9;1535,2;1618,7;
1634,3;1524,2;689,1;
1635,10;1522,7;1634,3;
1636,5;1521,3;1492,2;
1637,3;1517,2;994,1;
1638,7;1514,2;1636,5;
1639,10;1510,9;8,1;
1640,12;1509,2;1635,10;
1641,7;1503,3;1192,4;
1642,5;1485,2;1379,3;
1643,5;1477,2;1410,3;
1644,4;1465,3;289,1;
1645,6;1462,5;505,1;
1646,9;1455,3;1645,6;
1647,6;1447,5;517,1;
1648,11;1426,6;1434,5;
1649,12;1423,3;1646,9;
1650,4;1417,3;912,1;
1651,4;1413,3;837,1;
1652,9;1411,5;1405,4;
1653,12;1393,3;1652,9;
1654,15;1387,5;1586,10;
1655,6;1386,5;631,1;
1656,9;1381,5;1383,4;
1657,5;1367,4;57,1;
1658,9;1366,8;578,1;
1659,12;1612,11;391,1;
1660,5;1619,4;684,1;
1661,5;1620,4;298,1;
1662,13;1631,11;1563,2;
1663,11;1633,9;1139,2;
1664,8;1644,4;1650,4;
1665,9;1647,6;1452,3;
1666,9;1660,5;1274,4;
1667,9;1664,8;75,1;
1668,11;1658,9;1009,2;
1669,7;1657,5;1559,2;
1670,7;1630,6;591,1;
1671,8;1629,5;1399,3;
1672,6;1617,5;249,1;
1673,5;1602,4;542,1;
1674,6;1598,5;66,1;
1675,6;1573,5;750,1;
1676,9;1558,7;1466,2;
1677,7;1556,6;632,1;
1678,9;1534,2;1677,7;
1679,3;1512,2;571,1;
1680,24;1505,5;1454,19;
1681,7;1495,6;666,1;
1682,6;1374,4;1493,2;
1683,8;1375,5;1425,3;
1684,11;1376,3;1683,8;
1685,10;1394,4;1682,6;
1686,4;1395,3;962,1;
1687,5;1397,3;1041,2;
1688,6;1398,3;1562,3;
1689,5;1400,3;1203,2;
1690,7;1401,4;1637,3;
1691,4;1403,3;126,1;
1692,5;1406,3;1003,2;
1693,5;1407,3;1501,2;
1694,8;1408,3;1687,5;
1695,4;1418,3;105,1;
1696,8;1422,4;1031,4;
1697,13;1424,5;1696,8;
1698,21;1427,11;1685,10;
1699,7;1431,3;1695,4;
1700,27;1436,6;1698,21;
1701,16;1438,4;1653,12;
1702,7;1439,6;322,1;
1703,5;1440,4;846,1;
1704,7;1442,6;171,1;
1705,8;1456,3;1643,5;
1706,11;1459,3;1705,8;
1707,5;1470,2;1464,3;
1708,4;1471,2;1469,2;
1709,4;1473,2;1526,2;
1710,16;1475,7;1557,9;
1711,4;1482,3;629,1;
1712,9;1483,2;1702,7;
1713,3;1497,2;523,1;
1714,29;1500,2;1700,27;
1715,3;1541,2;484,1;
1716,8;1546,4;1346,4;
1717,4;1570,3;635,1;
1718,19;1580,4;1489,15;
1719,10;1584,8;1574,2;
1720,12;1592,4;1716,8;
1721,5;1605,3;1530,2;
1722,11;1608,10;165,1;
1723,10;1610,9;346,1;
1724,40;1613,11;1714,29;
1725,6;1614,5;316,1;
1726,7;1624,6;56,1;
1727,9;1625,7;1607,2;
1728,14;1626,11;1103,3;
1729,4;1632,3;430,1;
1730,11;1638,7;1729,4;
1731,6;1642,5;727,1;
1732,12;1648,11;766,1;
1733,13;1649,12;148,1;
1734,27;1654,15;1732,12;
1735,8;1655,6;1515,2;
1736,10;1656,9;617,1;
1737,7;1661,5;1054,2;
1738,30;1107,3;1734,27;
1739,4;1123,3;196,1;
1740,3;1159,2;182,1;
1741,5;1164,3;1206,2;
1742,11;1184,2;1666,9;
1743,11;1187,2;1665,9;
1744,7;1191,2;1741,5;
1745,8;1207,2;1725,6;
1746,8;1218,2;1416,6;
1747,3;1252,2;531,1;
1748,10;1264,2;1746,8;
1749,4;1277,2;1254,2;
1750,7;1278,5;1165,2;
1751,33;1292,3;1738,30;
1752,36;1303,3;1751,33;
1753,8;1315,5;1314,3;
1754,13;1331,3;1748,10;
1755,8;1337,4;1332,4;
1756,14;1351,6;1755,8;
1757,10;1036,2;1745,8;
1758,13;1040,2;1663,11;
1759,38;1047,2;1752,36;
1760,9;1065,2;1699,7;
1761,4;1067,2;1053,2;
1762,6;1072,2;1761,4;
1763,3;1084,2;440,1;
1764,11;1094,2;1727,9;
1765,5;1004,2;1030,3;
1766,11;979,1;1736,10;
1767,6;975,1;1765,5;
1768,2;923,1;303,1;
1769,2;919,1;920,1;
1770,12;914,1;1766,11;
1771,39;899,1;1759,38;
1772,5;898,1;1627,4;
1773,2;891,1;568,1;
1774,6;864,1;1772,5;
1775,2;861,1;143,1;
1776,2;859,1;882,1;
1777,7;853,1;1774,6;
1778,13;831,1;1770,12;
1779,2;827,1;424,1;
1780,7;820,1;1767,6;
1781,4;817,1;1763,3;
1782,5;806,1;1781,4;
1783,2;803,1;559,1;
1784,13;801,1;1640,12;
1785,2;790,1;791,1;
1786,12;759,1;1764,11;
1787,2;728,1;764,1;
1788,2;676,1;504,1;
1789,7;675,1;1762,6;
1790,5;670,1;1329,4;
1791,8;653,1;1744,7;
1792,40;650,1;1771,39;
1793,6;644,1;1782,5;
1794,7;634,1;1793,6;
1795,2;627,1;668,1;
1796,3;626,1;1795,2;
1797,41;587,1;1792,40;
1798,8;584,1;1704,7;
1799,4;557,1;1255,3;
1800,2;543,1;332,1;
1801,3;538,1;1800,2;
1802,2;537,1;553,1;
1803,42;536,1;1797,41;
1804,11;496,1;1757,10;
1805,4;481,1;1801,3;
1806,2;471,1;514,1;
1807,43;468,1;1803,42;
1808,5;463,1;1805,4;
1809,44;461,1;1807,43;
1810,5;437,1;1799,4;
1811,45;434,1;1809,44;
1812,17;425,1;1701,16;
1813,2;404,1;41,1;
1814,9;401,1;1791,8;
1815,8;399,1;1750,7;
1816,14;362,1;1778,13;
1817,8;359,1;1457,7;
1818,15;354,1;1816,14;
1819,9;345,1;1817,8;
1820,3;341,1;1813,2;
1821,4;331,1;1820,3;
1822,5;330,1;1821,4;
1823,10;324,1;1667,9;
1824,46;295,1;1811,45;
1825,6;282,1;1822,5;
1826,18;270,1;1812,17;
1827,2;241,1;186,1;
1828,7;218,1;1825,6;
1829,47;208,1;1824,46;
1830,14;206,1;1611,13;
1831,14;202,1;1697,13;
1832,48;183,1;1829,47;
1833,15;167,1;1831,14;
1834,8;136,1;1828,7;
1835,3;124,1;1773,2;
1836,4;104,1;1835,3;
1837,7;88,1;1409,6;
1838,2;70,1;80,1;
1839,7;58,1;1443,6;
1840,4;43,1;1747,3;
1841,15;19,1;1830,14;
1842,3;1838,2;674,1;
1843,15;1836,4;1742,11;
1844,9;1827,2;1690,7;
1845,11;1823,10;12,1;
1846,9;1815,8;52,1;
1847,6;1808,5;940,1;
1848,17;1802,2;1833,15;
1849,9;1794,7;1806,2;
1850,10;1790,5;1673,5;
1851,4;1785,2;1779,2;
1852,25;1780,7;1826,18;
1853,9;1777,7;1787,2;
1854,11;1769,2;1853,9;
1855,13;1743,11;1486,2;
1856,15;1735,8;1616,7;
1857,13;1730,11;1783,2;
1858,17;1719,10;1669,7;
1859,24;1718,19;1721,5;
1860,12;1713,3;1676,9;
1861,11;1712,9;1768,2;
1862,6;1709,4;1775,2;
1863,13;1693,5;1694,8;
1864,16;1692,5;1706,11;
1865,9;1691,4;1703,5;
1866,9;1686,4;1707,5;
1867,18;1681,7;1684,11;
1868,26;1680,24;1776,2;
1869,11;1678,9;1788,2;
1870,13;1675,6;1670,7;
1871,17;1674,6;1845,11;
1872,16;1843,15;65,1;
1873,46;1847,6;1724,40;
1874,11;1850,10;580,1;
1875,12;1854,11;955,1;
1876,14;1857,13;109,1;
1877,15;1861,11;1708,4;
1878,17;1864,16;290,1;
1879,23;1867,18;1354,5;
1880,27;1868,26;137,1;
1881,13;1875,12;153,1;
1882,20;1876,14;1862,6;
1883,28;1880,27;164,1;
1884,14;1881,13;184,1;
1885,36;1883,28;1753,8;
1886,11;1711,4;1726,7;
1887,9;1689,5;1651,4;
1888,8;1679,3;1545,5;
1889,20;1668,11;1887,9;
1890,9;1671,8;221,1;
1891,7;1672,6;297,1;
1892,15;1688,6;1890,9;
1893,23;1710,16;1891,7;
1894,11;1715,3;1888,8;
1895,5;1717,4;414,1;
1896,13;1720,12;428,1;
1897,16;1722,11;1895,5;
1898,30;1723,10;1889,20;
1899,15;1728,14;606,1;
1900,19;1731,6;1863,13;
1901,32;1733,13;1900,19;
1902,16;1737,7;1865,9;
1903,17;1739,4;1870,13;
1904,33;1740,3;1898,30;
1905,37;1749,4;1904,33;
1906,14;1754,13;614,1;
1907,15;1756,14;624,1;
1908,28;1758,13;1841,15;
1909,10;1760,9;700,1;
1910,14;1784,13;707,1;
1911,13;1786,12;725,1;
1912,8;1789,7;810,1;
1913,16;1796,3;1911,13;
1914,45;1798,8;1905,37;
1915,24;1804,11;1896,13;
1916,6;1810,5;832,1;
1917,21;1814,9;1659,12;
1918,16;1818,15;844,1;
1919,53;1832,48;1355,5;
1920,14;1837,7;1641,7;
1921,8;1839,7;902,1;
1922,5;1840,4;928,1;
1923,8;1842,3;1922,5;
1924,54;1846,9;1914,45;
1925,11;1849,9;1504,2;
1926,13;1851,4;1866,9;
1927,79;1852,25;1924,54;
1928,14;1855,13;936,1;
1929,23;1856,15;1923,8;
1930,18;1858,17;987,1;
1931,13;1869,11;1029,2;
1932,30;1871,17;1931,13;
1933,13;1874,11;1513,2;
1934,25;1879,23;1551,2;
1935,40;1885,36;1622,4;
1936,52;1590,6;1873,46;
1937,19;1419,16;1378,3;
1938,12;1435,3;1844,9;
1939,24;1441,5;1937,19;
1940,18;1460,4;1884,14;
1941,14;1490,3;1886,11;
1942,12;1518,4;1446,8;
1943,27;1569,15;1942,12;
1944,31;1577,4;1943,27;
1945,21;1621,7;1941,14;
1946,14;1639,10;1623,4;
1947,18;1110,4;1920,14;
1948,11;1335,8;1210,3;
1949,15;1948,11;1615,4;
1950,22;1946,14;1921,8;
1951,20;1938,12;1834,8;
1952,36;1908,28;1912,8;
1953,31;1899,15;1902,16;
1954,17;1894,11;1916,6;
1955,51;1951,20;1953,31;
1956,66;1892,15;1955,51;
1957,102;1893,23;1927,79;
1958,82;1897,16;1956,66;
1959,34;1903,17;1954,17;
1960,44;1909,10;1959,34;
1961,40;1913,16;1859,24;
1962,45;1917,21;1915,24;
1963,98;1918,16;1958,82;
1964,58;1926,13;1962,45;
1965,76;1930,18;1964,58;
1966,38;1934,25;1933,13;
1967,41;1940,18;1929,23;
1968,35;1945,21;1928,14;
1969,53;1949,15;1966,38;
1970,40;1950,22;1947,18;
1971,107;1819,9;1963,98;
1972,48;1848,17;1944,31;
1973,52;1860,12;1961,40;
1974,69;1878,17;1973,52;
1975,82;1662,13;1974,69;
1976,135;1969,53;1975,82;
1977,170;1968,35;1976,135;
1978,122;1957,102;1882,20;
1979,59;1960,44;1877,15;
1980,92;1965,76;1872,16;
1981,100;1967,41;1979,59;
1982,88;1970,40;1972,48;
1983,137;1971,107;1932,30;
1984,181;1977,170;1925,11;
1985,213;1901,32;1984,181;
1986,28;1906,14;1910,14;
1987,39;1907,15;1939,24;
1988,266;1919,53;1985,213;
1989,92;1936,52;1935,40;
1990,128;1952,36;1989,92;
1991,216;1990,128;1982,88;
1992,294;1988,266;1986,28;
1993,255;1987,39;1991,216;
1994,259;1983,137;1978,122;
1995,347;1993,255;1980,92;
1996,394;1992,294;1981,100;
1997,606;1995,347;1994,259;
1998,1000;1996,394;1997,606;
