2000,2;1629,1;1114,1;
2001,2;1395,1;1037,1;
2002,2;1375,1;1287,1;
2003,2;1368,1;1182,1;
2004,2;1232,1;1101,1;
2005,2;898,1;832,1;
2006,3;2000,2;1004,1;
2007,3;2001,2;786,1;
2008,3;2002,2;492,1;
2009,3;2003,2;1253,1;
2010,3;2004,2;1304,1;
2011,3;2005,2;919,1;
2012,2;1999,1;889,1;
2013,2;1998,1;227,1;
2014,2;1997,1;56,1;
2015,2;1996,1;951,1;
2016,2;1995,1;644,1;
2017,2;1994,1;283,1;
2018,2;1993,1;1614,1;
2019,2;1992,1;909,1;
2020,2;1991,1;1910,1;
2021,2;1990,1;504,1;
2022,2;1989,1;1642,1;
2023,2;1988,1;1085,1;
2024,2;1987,1;1654,1;
2025,2;1986,1;420,1;
2026,2;1985,1;4,1;
2027,2;1984,1;1809,1;
2028,2;1983,1;512,1;
2029,2;1982,1;597,1;
2030,2;1981,1;448,1;
2031,2;1980,1;1129,1;
2032,2;1979,1;1755,1;
2033,2;1978,1;719,1;
2034,2;1977,1;371,1;
2035,2;1976,1;705,1;
2036,2;1975,1;893,1;
2037,2;1974,1;1017,1;
2038,2;1973,1;150,1;
2039,2;1972,1;266,1;
2040,2;1971,1;1897,1;
2041,2;1970,1;3,1;
2042,2;1969,1;1739,1;
2043,2;1968,1;567,1;
2044,2;1967,1;1508,1;
2045,2;1966,1;842,1;
2046,2;1965,1;753,1;
2047,2;1964,1;938,1;
2048,2;1963,1;363,1;
2049,2;1962,1;754,1;
2050,2;1961,1;1104,1;
2051,2;1960,1;1795,1;
2052,2;1959,1;496,1;
2053,2;1958,1;320,1;
2054,2;1957,1;105,1;
2055,2;1956,1;1467,1;
2056,2;1955,1;1703,1;
2057,2;1954,1;853,1;
2058,2;1953,1;922,1;
2059,2;1952,1;1255,1;
2060,2;1951,1;1621,1;
2061,2;1950,1;73,1;
2062,2;1949,1;336,1;
2063,2;1948,1;464,1;
2064,2;1947,1;1118,1;
2065,2;1946,1;345,1;
2066,2;1945,1;1354,1;
2067,2;1944,1;1346,1;
2068,2;1943,1;115,1;
2069,2;1942,1;894,1;
2070,2;1941,1;1098,1;
2071,2;1940,1;1481,1;
2072,2;1939,1;1890,1;
2073,3;1938,1;2054,2;
2074,2;1937,1;1302,1;
2075,2;1936,1;1389,1;
2076,2;1935,1;116,1;
2077,2;1934,1;253,1;
2078,2;1933,1;756,1;
2079,2;1932,1;1410,1;
2080,2;1931,1;1875,1;
2081,2;1930,1;1257,1;
2082,3;1929,1;2037,2;
2083,4;1928,1;2082,3;
2084,2;1927,1;1203,1;
2085,2;1926,1;1513,1;
2086,2;1925,1;339,1;
2087,2;1924,1;1793,1;
2088,2;1923,1;248,1;
2089,2;1922,1;423,1;
2090,2;1921,1;915,1;
2091,2;1920,1;1718,1;
2092,3;1919,1;2089,2;
2093,2;1918,1;1013,1;
2094,2;1917,1;33,1;
2095,2;1916,1;1256,1;
2096,2;1915,1;1546,1;
2097,2;1914,1;565,1;
2098,2;1913,1;1888,1;
2099,3;1912,1;2051,2;
2100,2;1911,1;1752,1;
2101,2;1909,1;1756,1;
2102,2;1908,1;1885,1;
2103,2;1907,1;620,1;
2104,2;1906,1;1148,1;
2105,2;1905,1;706,1;
2106,2;1904,1;817,1;
2107,3;1903,1;2078,2;
2108,2;1902,1;219,1;
2109,2;1901,1;242,1;
2110,2;1900,1;921,1;
2111,5;1899,1;2083,4;
2112,2;1898,1;1036,1;
2113,2;1896,1;1293,1;
2114,2;1895,1;281,1;
2115,2;1894,1;823,1;
2116,2;1893,1;559,1;
2117,2;1892,1;954,1;
2118,2;1891,1;444,1;
2119,2;1889,1;580,1;
2120,2;1887,1;1667,1;
2121,2;1886,1;1449,1;
2122,2;1884,1;1696,1;
2123,2;1883,1;872,1;
2124,2;1882,1;147,1;
2125,2;1881,1;875,1;
2126,3;1880,1;2046,2;
2127,2;1879,1;866,1;
2128,2;1878,1;483,1;
2129,2;1877,1;995,1;
2130,2;1876,1;225,1;
2131,2;1874,1;193,1;
2132,2;1873,1;1503,1;
2133,2;1872,1;762,1;
2134,2;1871,1;609,1;
2135,2;1870,1;1868,1;
2136,2;1869,1;321,1;
2137,2;1867,1;1748,1;
2138,3;1866,1;2094,2;
2139,2;1865,1;1166,1;
2140,2;1864,1;1572,1;
2141,6;1863,1;2111,5;
2142,2;1862,1;209,1;
2143,3;1861,1;2109,2;
2144,2;1860,1;137,1;
2145,2;1859,1;1252,1;
2146,4;1858,1;2009,3;
2147,2;1857,1;1570,1;
2148,3;1856,1;2042,2;
2149,3;1855,1;2139,2;
2150,2;1854,1;342,1;
2151,3;1853,1;2106,2;
2152,2;1852,1;2,1;
2153,2;1851,1;562,1;
2154,3;1850,1;2081,2;
2155,2;1849,1;1136,1;
2156,2;1848,1;141,1;
2157,2;1847,1;422,1;
2158,2;1846,1;679,1;
2159,2;1845,1;971,1;
2160,2;1844,1;1840,1;
2161,2;1843,1;1533,1;
2162,2;1842,1;45,1;
2163,2;1841,1;788,1;
2164,2;1839,1;1710,1;
2165,2;1838,1;1378,1;
2166,2;1837,1;738,1;
2167,4;1836,1;2143,3;
2168,2;1835,1;569,1;
2169,2;1834,1;564,1;
2170,4;1833,1;2126,3;
2171,2;1832,1;740,1;
2172,3;1831,1;2136,2;
2173,3;1830,1;2031,2;
2174,4;1829,1;2148,3;
2175,3;1828,1;2156,2;
2176,2;1827,1;1582,1;
2177,2;1826,1;491,1;
2178,2;1825,1;126,1;
2179,2;1824,1;65,1;
2180,3;1823,1;2176,2;
2181,2;1822,1;953,1;
2182,2;1821,1;1693,1;
2183,2;1820,1;587,1;
2184,4;1819,1;2092,3;
2185,2;1818,1;1668,1;
2186,3;1817,1;2047,2;
2187,2;1816,1;280,1;
2188,3;1815,1;2153,2;
2189,2;1814,1;1317,1;
2190,2;1813,1;1684,1;
2191,2;1812,1;196,1;
2192,2;1811,1;918,1;
2193,2;1810,1;656,1;
2194,2;1808,1;1087,1;
2195,2;1807,1;1713,1;
2196,3;1806,1;2192,2;
2197,2;1805,1;484,1;
2198,3;1804,1;2043,2;
2199,2;1803,1;1156,1;
2200,5;1802,1;2146,4;
2201,2;1801,1;1024,1;
2202,2;1800,1;144,1;
2203,2;1799,1;1082,1;
2204,2;1798,1;435,1;
2205,2;1797,1;802,1;
2206,2;1796,1;1077,1;
2207,2;1794,1;46,1;
2208,2;1792,1;383,1;
2209,2;1791,1;1730,1;
2210,2;1790,1;924,1;
2211,2;1789,1;296,1;
2212,2;1788,1;1197,1;
2213,2;1787,1;1770,1;
2214,2;1786,1;354,1;
2215,2;1785,1;1236,1;
2216,3;1784,1;2108,2;
2217,2;1783,1;594,1;
2218,2;1782,1;1414,1;
2219,2;1781,1;1502,1;
2220,2;1780,1;87,1;
2221,4;1779,1;2154,3;
2222,3;1778,1;2211,2;
2223,2;1777,1;960,1;
2224,2;1776,1;1659,1;
2225,2;1775,1;1188,1;
2226,2;1774,1;402,1;
2227,2;1773,1;611,1;
2228,5;1772,1;2184,4;
2229,2;1771,1;1285,1;
2230,2;1769,1;1500,1;
2231,4;1768,1;2216,3;
2232,2;1767,1;1299,1;
2233,2;1766,1;367,1;
2234,2;1765,1;1069,1;
2235,3;1764,1;2199,2;
2236,4;1763,1;2175,3;
2237,3;1762,1;2140,2;
2238,2;1761,1;153,1;
2239,2;1760,1;267,1;
2240,3;1759,1;2233,2;
2241,5;1758,1;2167,4;
2242,2;1757,1;1683,1;
2243,4;1754,1;2180,3;
2244,3;1753,1;2130,2;
2245,2;1751,1;867,1;
2246,3;1750,1;2224,2;
2247,2;1749,1;1325,1;
2248,3;1747,1;2113,2;
2249,3;1746,1;2071,2;
2250,2;1745,1;197,1;
2251,3;1744,1;2067,2;
2252,2;1743,1;1455,1;
2253,4;1742,1;2246,3;
2254,3;1741,1;2088,2;
2255,2;1740,1;839,1;
2256,3;1738,1;2036,2;
2257,2;1737,1;528,1;
2258,2;1736,1;654,1;
2259,4;1735,1;2149,3;
2260,2;1734,1;811,1;
2261,2;1733,1;270,1;
2262,2;1732,1;763,1;
2263,2;1731,1;1445,1;
2264,5;1729,1;2243,4;
2265,4;1728,1;2254,3;
2266,3;1727,1;2169,2;
2267,3;1726,1;2118,2;
2268,2;1725,1;8,1;
2269,3;1724,1;2165,2;
2270,2;1723,1;1308,1;
2271,2;1722,1;1143,1;
2272,2;1721,1;612,1;
2273,2;1720,1;1506,1;
2274,3;1719,1;2059,2;
2275,2;1717,1;318,1;
2276,5;1716,1;2221,4;
2277,2;1715,1;1260,1;
2278,2;1714,1;1328,1;
2279,2;1712,1;822,1;
2280,2;1711,1;252,1;
2281,3;1709,1;2128,2;
2282,4;1708,1;2251,3;
2283,3;1707,1;2160,2;
2284,3;1706,1;2277,2;
2285,2;1705,1;508,1;
2286,2;1704,1;1622,1;
2287,2;1702,1;900,1;
2288,3;1701,1;2271,2;
2289,2;1700,1;198,1;
2290,2;1699,1;1099,1;
2291,3;1698,1;2226,2;
2292,2;1697,1;1009,1;
2293,2;1695,1;886,1;
2294,2;1694,1;662,1;
2295,4;1692,1;2256,3;
2296,2;1691,1;1612,1;
2297,2;1690,1;199,1;
2298,2;1689,1;635,1;
2299,2;1688,1;1372,1;
2300,2;1687,1;374,1;
2301,5;1686,1;2253,4;
2302,2;1685,1;674,1;
2303,2;1682,1;805,1;
2304,3;1681,1;2164,2;
2305,2;1680,1;1279,1;
2306,3;1679,1;2029,2;
2307,3;1678,1;2018,2;
2308,3;1677,1;2028,2;
2309,2;1676,1;694,1;
2310,2;1675,1;581,1;
2311,2;1674,1;490,1;
2312,3;1673,1;2230,2;
2313,3;1672,1;2296,2;
2314,4;1671,1;2267,3;
2315,3;1670,1;2292,2;
2316,2;1669,1;1444,1;
2317,2;1666,1;125,1;
2318,2;1665,1;847,1;
2319,3;1664,1;2197,2;
2320,2;1663,1;52,1;
2321,3;1662,1;2270,2;
2322,2;1661,1;1115,1;
2323,3;1660,1;2213,2;
2324,2;1658,1;681,1;
2325,5;1657,1;2170,4;
2326,4;1656,1;2321,3;
2327,2;1655,1;271,1;
2328,2;1653,1;1150,1;
2329,4;1652,1;2240,3;
2330,3;1651,1;2137,2;
2331,2;1650,1;164,1;
2332,2;1649,1;1141,1;
2333,4;1648,1;2284,3;
2334,2;1647,1;1068,1;
2335,2;1646,1;543,1;
2336,3;1645,1;2103,2;
2337,2;1644,1;202,1;
2338,6;1643,1;2228,5;
2339,2;1641,1;655,1;
2340,3;1640,1;2322,2;
2341,7;1639,1;2141,6;
2342,2;1638,1;1140,1;
2343,5;1637,1;2326,4;
2344,3;1636,1;2023,2;
2345,2;1635,1;1532,1;
2346,3;1634,1;2038,2;
2347,5;1633,1;2236,4;
2348,2;1632,1;427,1;
2349,4;1631,1;2266,3;
2350,3;1630,1;2157,2;
2351,3;1628,1;2085,2;
2352,4;1627,1;2237,3;
2353,2;1626,1;624,1;
2354,5;1625,1;2314,4;
2355,3;1624,1;2019,2;
2356,4;1623,1;2330,3;
2357,6;1620,1;2343,5;
2358,5;1619,1;2265,4;
2359,4;1618,1;2283,3;
2360,3;1617,1;2185,2;
2361,2;1616,1;1398,1;
2362,4;1615,1;2073,3;
2363,2;1613,1;256,1;
2364,2;1611,1;1411,1;
2365,6;1610,1;2301,5;
2366,2;1609,1;68,1;
2367,2;1608,1;1494,1;
2368,4;1607,1;2196,3;
2369,2;1606,1;325,1;
2370,4;1605,1;2010,3;
2371,4;1604,1;2344,3;
2372,4;1603,1;2304,3;
2373,4;1602,1;2315,3;
2374,5;1601,1;2356,4;
2375,6;1600,1;2354,5;
2376,4;1599,1;2336,3;
2377,2;1598,1;605,1;
2378,5;1597,1;2329,4;
2379,4;1596,1;2222,3;
2380,2;1595,1;1298,1;
2381,5;1594,1;2359,4;
2382,3;1593,1;2310,2;
2383,2;1592,1;617,1;
2384,6;1591,1;2378,5;
2385,3;1590,1;2363,2;
2386,5;1589,1;2371,4;
2387,2;1588,1;272,1;
2388,3;1587,1;2095,2;
2389,2;1586,1;826,1;
2390,5;1585,1;2373,4;
2391,2;1584,1;695,1;
2392,3;1583,1;2032,2;
2393,3;1581,1;2191,2;
2394,4;1580,1;2186,3;
2395,2;1579,1;527,1;
2396,2;1578,1;1333,1;
2397,3;1577,1;2102,2;
2398,2;1576,1;1296,1;
2399,4;1575,1;2291,3;
2400,3;1574,1;2348,2;
2401,2;1573,1;434,1;
2402,2;1571,1;181,1;
2403,2;1569,1;1480,1;
2404,2;1568,1;969,1;
2405,3;1567,1;2204,2;
2406,2;1566,1;1377,1;
2407,3;1565,1;2293,2;
2408,2;1564,1;877,1;
2409,4;1563,1;2388,3;
2410,4;1562,1;2312,3;
2411,7;1561,1;2384,6;
2412,2;1560,1;1187,1;
2413,3;1559,1;2050,2;
2414,5;1558,1;2295,4;
2415,3;1557,1;2280,2;
2416,2;1556,1;37,1;
2417,3;1555,1;2334,2;
2418,3;1554,1;2202,2;
2419,2;1553,1;777,1;
2420,2;1552,1;709,1;
2421,2;1551,1;608,1;
2422,6;1550,1;2276,5;
2423,2;1549,1;236,1;
2424,2;1548,1;351,1;
2425,2;1547,1;1380,1;
2426,5;1545,1;2379,4;
2427,3;1544,1;2257,2;
2428,3;1543,1;2220,2;
2429,3;1542,1;2391,2;
2430,3;1541,1;2227,2;
2431,2;1540,1;878,1;
2432,2;1539,1;213,1;
2433,2;1538,1;277,1;
2434,8;1537,1;2341,7;
2435,2;1536,1;818,1;
2436,2;1535,1;820,1;
2437,9;1534,1;2434,8;
2438,5;1531,1;2399,4;
2439,2;1530,1;1144,1;
2440,3;1529,1;2060,2;
2441,6;1528,1;2414,5;
2442,3;1527,1;2377,2;
2443,2;1526,1;1497,1;
2444,2;1525,1;746,1;
2445,4;1524,1;2099,3;
2446,6;1523,1;2438,5;
2447,2;1522,1;1206,1;
2448,2;1521,1;804,1;
2449,3;1520,1;2286,2;
2450,2;1519,1;590,1;
2451,5;1518,1;2282,4;
2452,2;1517,1;1132,1;
2453,4;1516,1;2249,3;
2454,5;1515,1;2352,4;
2455,2;1514,1;376,1;
2456,7;1512,1;2338,6;
2457,4;1511,1;2306,3;
2458,6;1510,1;2264,5;
2459,5;1509,1;2349,4;
2460,2;1507,1;1306,1;
2461,5;1505,1;2410,4;
2462,2;1504,1;482,1;
2463,4;1501,1;2235,3;
2464,4;1499,1;2415,3;
2465,7;1498,1;2357,6;
2466,2;1496,1;652,1;
2467,5;1495,1;2333,4;
2468,4;1493,1;2346,3;
2469,2;1492,1;498,1;
2470,2;1491,1;12,1;
2471,5;1490,1;2463,4;
2472,8;1489,1;2465,7;
2473,4;1488,1;2319,3;
2474,2;1487,1;1430,1;
2475,2;1486,1;1365,1;
2476,10;1485,1;2437,9;
2477,8;1484,1;2411,7;
2478,7;1483,1;2365,6;
2479,3;1482,1;2287,2;
2480,3;1479,1;2275,2;
2481,11;1478,1;2476,10;
2482,3;1477,1;2179,2;
2483,2;1476,1;835,1;
2484,3;1475,1;2159,2;
2485,4;1474,1;2340,3;
2486,6;1473,1;2241,5;
2487,9;1472,1;2477,8;
2488,7;1471,1;2422,6;
2489,6;1470,1;2358,5;
2490,2;1469,1;413,1;
2491,5;1468,1;2259,4;
2492,5;1466,1;2485,4;
2493,3;1465,1;2250,2;
2494,2;1464,1;855,1;
2495,5;1463,1;2174,4;
2496,2;1462,1;761,1;
2497,2;1461,1;742,1;
2498,3;1460,1;2342,2;
2499,3;1459,1;2057,2;
2500,2;1458,1;962,1;
2501,3;1457,1;2181,2;
2502,3;1456,1;2294,2;
2503,10;1454,1;2487,9;
2504,6;1453,1;2467,5;
2505,2;1452,1;914,1;
2506,12;1451,1;2481,11;
2507,3;1450,1;2332,2;
2508,3;1448,1;2324,2;
2509,3;1447,1;2416,2;
2510,4;1446,1;2442,3;
2511,3;1443,1;2072,2;
2512,4;1442,1;2248,3;
2513,6;1441,1;2426,5;
2514,7;1440,1;2504,6;
2515,7;1439,1;2513,6;
2516,2;1438,1;192,1;
2517,5;1437,1;2394,4;
2518,2;1436,1;604,1;
2519,2;1435,1;361,1;
2520,5;1434,1;2376,4;
2521,2;1433,1;479,1;
2522,4;1432,1;2400,3;
2523,3;1431,1;2044,2;
2524,2;1429,1;122,1;
2525,4;1428,1;2418,3;
2526,2;1427,1;133,1;
2527,2;1426,1;259,1;
2528,4;1425,1;2288,3;
2529,5;1424,1;2445,4;
2530,4;1423,1;2172,3;
2531,9;1422,1;2472,8;
2532,10;1421,1;2531,9;
2533,2;1420,1;226,1;
2534,3;1419,1;2105,2;
2535,2;1418,1;607,1;
2536,2;1417,1;575,1;
2537,2;1416,1;78,1;
2538,4;1415,1;2269,3;
2539,11;1413,1;2532,10;
2540,4;1412,1;2440,3;
2541,2;1409,1;352,1;
2542,2;1408,1;1400,1;
2543,6;1407,1;2454,5;
2544,3;1406,1;2533,2;
2545,6;1405,1;2471,5;
2546,7;1404,1;2441,6;
2547,4;1403,1;2188,3;
2548,2;1402,1;1073,1;
2549,6;1401,1;2461,5;
2550,4;1399,1;2507,3;
2551,2;1397,1;203,1;
2552,5;1396,1;2510,4;
2553,2;1394,1;729,1;
2554,4;1393,1;2323,3;
2555,4;1392,1;2413,3;
2556,2;1391,1;1091,1;
2557,3;1390,1;2195,2;
2558,5;1388,1;2547,4;
2559,8;1387,1;2514,7;
2560,2;1386,1;1321,1;
2561,2;1385,1;187,1;
2562,3;1384,1;2398,2;
2563,2;1383,1;54,1;
2564,2;1382,1;1066,1;
2565,9;1381,1;2559,8;
2566,2;1379,1;980,1;
2567,12;1376,1;2539,11;
2568,6;1374,1;2386,5;
2569,3;1373,1;2207,2;
2570,2;1371,1;792,1;
2571,3;1370,1;2252,2;
2572,8;1369,1;2546,7;
2573,6;1367,1;2558,5;
2574,3;1366,1;2272,2;
2575,2;1364,1;1316,1;
2576,13;1363,1;2567,12;
2577,7;1362,1;2549,6;
2578,2;1361,1;1163,1;
2579,2;1360,1;551,1;
2580,4;1359,1;2360,3;
2581,4;1358,1;2382,3;
2582,5;1357,1;2372,4;
2583,2;1356,1;833,1;
2584,4;1355,1;2569,3;
2585,8;1353,1;2515,7;
2586,4;1352,1;2397,3;
2587,6;1351,1;2451,5;
2588,2;1350,1;327,1;
2589,4;1349,1;2449,3;
2590,2;1348,1;399,1;
2591,5;1347,1;2540,4;
2592,3;1345,1;2433,2;
2593,2;1344,1;757,1;
2594,5;1343,1;2464,4;
2595,6;1342,1;2491,5;
2596,7;1341,1;2489,6;
2597,8;1340,1;2456,7;
2598,8;1339,1;2488,7;
2599,7;1338,1;2568,6;
2600,3;1337,1;2115,2;
2601,5;1336,1;2468,4;
2602,6;1335,1;2517,5;
2603,6;1334,1;2552,5;
2604,3;1332,1;2142,2;
2605,4;1331,1;2006,3;
2606,2;1330,1;518,1;
2607,2;1329,1;329,1;
2608,4;1327,1;2393,3;
2609,3;1326,1;2112,2;
2610,7;1324,1;2446,6;
2611,9;1323,1;2585,8;
2612,7;1322,1;2375,6;
2613,3;1320,1;2024,2;
2614,5;1319,1;2605,4;
2615,8;1318,1;2599,7;
2616,2;1315,1;231,1;
2617,7;1314,1;2573,6;
2618,4;1313,1;2417,3;
2619,6;1312,1;2325,5;
2620,10;1311,1;2565,9;
2621,2;1310,1;55,1;
2622,3;1309,1;2460,2;
2623,2;1307,1;421,1;
2624,3;1305,1;2404,2;
2625,2;1303,1;152,1;
2626,3;1301,1;2022,2;
2627,2;1300,1;53,1;
2628,3;1297,1;2144,2;
2629,2;1295,1;1290,1;
2630,4;1294,1;2480,3;
2631,2;1292,1;806,1;
2632,2;1291,1;1179,1;
2633,3;1289,1;2166,2;
2634,3;1288,1;2171,2;
2635,3;1286,1;2155,2;
2636,6;1284,1;2601,5;
2637,6;1283,1;2381,5;
2638,2;1282,1;819,1;
2639,2;1281,1;879,1;
2640,3;1280,1;2436,2;
2641,4;1278,1;2479,3;
2642,8;1277,1;2596,7;
2643,3;1276,1;2389,2;
2644,3;1275,1;2353,2;
2645,2;1274,1;1171,1;
2646,2;1273,1;28,1;
2647,2;1272,1;639,1;
2648,3;1271,1;2127,2;
2649,3;1270,1;2097,2;
2650,4;1269,1;2274,3;
2651,7;1268,1;2637,6;
2652,4;1267,1;2649,3;
2653,2;1266,1;387,1;
2654,3;1265,1;2201,2;
2655,2;1264,1;1005,1;
2656,2;1263,1;499,1;
2657,3;1262,1;2209,2;
2658,11;1261,1;2503,10;
2659,2;1259,1;1053,1;
2660,13;1258,1;2506,12;
2661,5;1254,1;2368,4;
2662,2;1251,1;418,1;
2663,5;1250,1;2584,4;
2664,14;1249,1;2660,13;
2665,4;1248,1;2482,3;
2666,15;1247,1;2664,14;
2667,7;1246,1;2603,6;
2668,3;1245,1;2161,2;
2669,6;1244,1;2390,5;
2670,5;1243,1;2525,4;
2671,8;1242,1;2610,7;
2672,5;1241,1;2665,4;
2673,12;1240,1;2658,11;
2674,4;1239,1;2622,3;
2675,14;1238,1;2576,13;
2676,4;1237,1;2501,3;
2677,6;1235,1;2495,5;
2678,3;1234,1;2110,2;
2679,5;1233,1;2581,4;
2680,7;1231,1;2602,6;
2681,13;1230,1;2673,12;
2682,6;1229,1;2614,5;
2683,2;1228,1;1045,1;
2684,7;1227,1;2677,6;
2685,2;1226,1;941,1;
2686,6;1225,1;2663,5;
2687,2;1224,1;38,1;
2688,15;1223,1;2675,14;
2689,3;1222,1;2040,2;
2690,4;1221,1;2640,3;
2691,3;1220,1;2084,2;
2692,2;1219,1;747,1;
2693,8;1218,1;2684,7;
2694,9;1217,1;2671,8;
2695,7;1216,1;2587,6;
2696,2;1215,1;870,1;
2697,4;1214,1;2499,3;
2698,2;1213,1;573,1;
2699,3;1212,1;2566,2;
2700,3;1211,1;2369,2;
2701,5;1210,1;2231,4;
2702,14;1209,1;2681,13;
2703,2;1208,1;627,1;
2704,8;1207,1;2695,7;
2705,2;1205,1;852,1;
2706,2;1204,1;800,1;
2707,16;1202,1;2666,15;
2708,5;1201,1;2589,4;
2709,4;1200,1;2592,3;
2710,5;1199,1;2522,4;
2711,5;1198,1;2550,4;
2712,4;1196,1;2392,3;
2713,6;1195,1;2374,5;
2714,3;1194,1;2045,2;
2715,2;1193,1;355,1;
2716,15;1192,1;2702,14;
2717,5;1191,1;2554,4;
2718,7;1190,1;2713,6;
2719,3;1189,1;2500,2;
2720,5;1186,1;2630,4;
2721,4;1185,1;2574,3;
2722,2;1184,1;1173,1;
2723,8;1183,1;2617,7;
2724,7;1181,1;2619,6;
2725,6;1180,1;2591,5;
2726,2;1178,1;346,1;
2727,3;1177,1;2519,2;
2728,3;1176,1;2548,2;
2729,4;1175,1;2534,3;
2730,2;1174,1;77,1;
2731,7;1172,1;2543,6;
2732,17;1170,1;2707,16;
2733,2;1169,1;502,1;
2734,5;1168,1;2555,4;
2735,7;1167,1;2545,6;
2736,2;1165,1;796,1;
2737,9;1164,1;2693,8;
2738,10;1162,1;2611,9;
2739,3;1161,1;2518,2;
2740,5;1160,1;2457,4;
2741,9;1159,1;2704,8;
2742,2;1158,1;316,1;
2743,2;1157,1;1117,1;
2744,3;1155,1;2419,2;
2745,11;1154,1;2620,10;
2746,9;1153,1;2642,8;
2747,2;1152,1;633,1;
2748,5;1151,1;2721,4;
2749,3;1149,1;2026,2;
2750,4;1147,1;2427,3;
2751,5;1146,1;2709,4;
2752,6;1145,1;2347,5;
2753,2;1142,1;458,1;
2754,2;1139,1;436,1;
2755,2;1138,1;285,1;
2756,6;1137,1;2748,5;
2757,2;1135,1;1064,1;
2758,7;1134,1;2725,6;
2759,3;1133,1;2302,2;
2760,11;1131,1;2738,10;
2761,2;1130,1;907,1;
2762,12;1128,1;2760,11;
2763,4;1127,1;2313,3;
2764,3;1126,1;2439,2;
2765,12;1125,1;2745,11;
2766,8;1124,1;2612,7;
2767,18;1123,1;2732,17;
2768,13;1122,1;2762,12;
2769,2;1121,1;169,1;
2770,3;1120,1;2012,2;
2771,16;1119,1;2716,15;
2772,8;1116,1;2735,7;
2773,5;1113,1;2750,4;
2774,6;1112,1;2594,5;
2775,8;1111,1;2731,7;
2776,5;1110,1;2580,4;
2777,10;1109,1;2737,9;
2778,2;1108,1;589,1;
2779,2;1107,1;42,1;
2780,7;1106,1;2682,6;
2781,4;1105,1;2405,3;
2782,6;1103,1;2529,5;
2783,2;1102,1;415,1;
2784,3;1100,1;2364,2;
2785,3;1097,1;2653,2;
2786,8;1096,1;2667,7;
2787,5;1095,1;2641,4;
2788,2;1094,1;1002,1;
2789,2;1093,1;760,1;
2790,5;1092,1;2538,4;
2791,6;1090,1;2720,5;
2792,8;1089,1;2478,7;
2793,5;1088,1;2409,4;
2794,9;1086,1;2792,8;
2795,13;1084,1;2765,12;
2796,3;1083,1;2285,2;
2797,10;1081,1;2694,9;
2798,2;1080,1;1020,1;
2799,9;1079,1;2775,8;
2800,19;1078,1;2767,18;
2801,2;1076,1;81,1;
2802,9;1075,1;2597,8;
2803,2;1074,1;883,1;
2804,9;1072,1;2786,8;
2805,3;1071,1;2424,2;
2806,5;1070,1;2473,4;
2807,8;1067,1;2577,7;
2808,5;1065,1;2676,4;
2809,6;1063,1;2670,5;
2810,4;1062,1;2628,3;
2811,8;1061,1;2680,7;
2812,2;1060,1;990,1;
2813,17;1059,1;2771,16;
2814,8;1058,1;2651,7;
2815,20;1057,1;2800,19;
2816,2;1056,1;952,1;
2817,10;1055,1;2804,9;
2818,2;1054,1;961,1;
2819,14;1052,1;2795,13;
2820,2;1051,1;279,1;
2821,6;1050,1;2679,5;
2822,9;1049,1;2814,8;
2823,10;1048,1;2746,9;
2824,6;1047,1;2734,5;
2825,5;1046,1;2763,4;
2826,8;1044,1;2758,7;
2827,2;1043,1;220,1;
2828,6;1042,1;2710,5;
2829,3;1041,1;2062,2;
2830,7;1040,1;2486,6;
2831,2;1039,1;988,1;
2832,5;1038,1;2618,4;
2833,21;1035,1;2815,20;
2834,4;1034,1;2523,3;
2835,2;1033,1;548,1;
2836,2;1032,1;426,1;
2837,3;1031,1;2646,2;
2838,2;1030,1;425,1;
2839,14;1029,1;2768,13;
2840,2;1028,1;258,1;
2841,2;1027,1;362,1;
2842,3;1026,1;2524,2;
2843,3;1025,1;2593,2;
2844,9;1023,1;2598,8;
2845,7;1022,1;2824,6;
2846,4;1021,1;2785,3;
2847,9;1019,1;2807,8;
2848,2;1018,1;243,1;
2849,3;1016,1;2779,2;
2850,2;1015,1;616,1;
2851,7;1014,1;2752,6;
2852,4;1012,1;2727,3;
2853,2;1011,1;670,1;
2854,3;1010,1;2208,2;
2855,3;1008,1;2163,2;
2856,2;1007,1;783,1;
2857,2;1006,1;913,1;
2858,4;1003,1;2728,3;
2859,2;1001,1;229,1;
2860,7;1000,1;2669,6;
2861,3;999,1;2435,2;
2862,2;998,1;774,1;
2863,10;997,1;2822,9;
2864,5;996,1;2512,4;
2865,3;994,1;2039,2;
2866,8;993,1;2845,7;
2867,22;992,1;2833,21;
2868,7;991,1;2809,6;
2869,23;989,1;2867,22;
2870,3;987,1;2070,2;
2871,5;986,1;2530,4;
2872,2;985,1;138,1;
2873,2;984,1;707,1;
2874,2;983,1;366,1;
2875,7;982,1;2636,6;
2876,4;981,1;2011,3;
2877,3;979,1;2063,2;
2878,15;978,1;2839,14;
2879,15;977,1;2819,14;
2880,2;976,1;140,1;
2881,11;975,1;2777,10;
2882,18;974,1;2813,17;
2883,4;973,1;2691,3;
2884,4;972,1;2626,3;
2885,7;970,1;2774,6;
2886,4;968,1;2562,3;
2887,2;967,1;183,1;
2888,2;966,1;417,1;
2889,9;965,1;2826,8;
2890,5;964,1;2852,4;
2891,3;963,1;2497,2;
2892,10;959,1;2794,9;
2893,2;958,1;876,1;
2894,8;957,1;2724,7;
2895,11;956,1;2863,10;
2896,3;955,1;2074,2;
2897,4;950,1;2854,3;
2898,16;949,1;2879,15;
2899,6;948,1;2773,5;
2900,3;947,1;2873,2;
2901,12;946,1;2881,11;
2902,5;945,1;2528,4;
2903,2;944,1;535,1;
2904,6;943,1;2787,5;
2905,3;942,1;2432,2;
2906,3;940,1;2273,2;
2907,10;939,1;2847,9;
2908,6;937,1;2832,5;
2909,4;936,1;2837,3;
2910,3;935,1;2303,2;
2911,2;934,1;864,1;
2912,5;933,1;2652,4;
2913,2;932,1;332,1;
2914,9;931,1;2572,8;
2915,2;930,1;167,1;
2916,3;929,1;2335,2;
2917,2;928,1;303,1;
2918,16;927,1;2688,15;
2919,10;926,1;2802,9;
2920,9;925,1;2866,8;
2921,2;923,1;471,1;
2922,6;920,1;2492,5;
2923,8;917,1;2868,7;
2924,11;916,1;2817,10;
2925,2;912,1;64,1;
2926,5;911,1;2834,4;
2927,10;910,1;2920,9;
2928,9;908,1;2766,8;
2929,4;906,1;2604,3;
2930,12;905,1;2895,11;
2931,13;904,1;2930,12;
2932,12;903,1;2924,11;
2933,2;902,1;873,1;
2934,3;901,1;2692,2;
2935,3;899,1;2013,2;
2936,17;897,1;2918,16;
2937,6;896,1;2672,5;
2938,7;895,1;2458,6;
2939,10;892,1;2914,9;
2940,7;891,1;2791,6;
2941,5;890,1;2453,4;
2942,4;888,1;2699,3;
2943,10;887,1;2889,9;
2944,18;885,1;2936,17;
2945,6;884,1;2912,5;
2946,3;882,1;2229,2;
2947,3;881,1;2152,2;
2948,3;880,1;2027,2;
2949,4;874,1;2385,3;
2950,9;871,1;2811,8;
2951,7;869,1;2821,6;
2952,11;868,1;2943,10;
2953,2;865,1;123,1;
2954,3;863,1;2874,2;
2955,2;862,1;69,1;
2956,2;861,1;282,1;
2957,2;860,1;469,1;
2958,4;859,1;2906,3;
2959,4;858,1;2861,3;
2960,3;857,1;2034,2;
2961,8;856,1;2851,7;
2962,6;854,1;2582,5;
2963,4;851,1;2430,3;
2964,9;850,1;2772,8;
2965,7;849,1;2686,6;
2966,5;848,1;2846,4;
2967,10;846,1;2928,9;
2968,3;845,1;2853,2;
2969,2;844,1;200,1;
2970,7;843,1;2756,6;
2971,3;841,1;2114,2;
2972,2;840,1;676,1;
2973,2;838,1;429,1;
2974,10;837,1;2844,9;
2975,6;836,1;2941,5;
2976,2;834,1;237,1;
2977,3;831,1;2098,2;
2978,3;830,1;2836,2;
2979,8;829,1;2885,7;
2980,6;828,1;2200,5;
2981,3;827,1;2455,2;
2982,8;825,1;2780,7;
2983,3;824,1;2177,2;
2984,2;821,1;714,1;
2985,6;816,1;2701,5;
2986,4;815,1;2511,3;
2987,24;814,1;2869,23;
2988,8;813,1;2860,7;
2989,4;812,1;2544,3;
2990,3;810,1;2210,2;
2991,6;809,1;2966,5;
2992,2;808,1;241,1;
2993,4;807,1;2947,3;
2994,3;803,1;2536,2;
2995,4;801,1;2770,3;
2996,3;799,1;2551,2;
2997,11;798,1;2892,10;
2998,3;797,1;2239,2;
2999,2;795,1;71,1;
3000,4;794,1;2805,3;
3001,8;793,1;2965,7;
3002,12;791,1;2952,11;
3003,5;790,1;2810,4;
3004,4;789,1;2998,3;
3005,19;787,1;2944,18;
3006,9;785,1;3001,8;
3007,7;784,1;2985,6;
3008,2;782,1;717,1;
3009,19;781,1;2882,18;
3010,8;780,1;2830,7;
3011,8;779,1;2970,7;
3012,8;778,1;2938,7;
3013,4;776,1;2498,3;
3014,3;775,1;2685,2;
3015,3;773,1;2698,2;
3016,2;772,1;513,1;
3017,3;771,1;2625,2;
3018,9;770,1;2982,8;
3019,4;769,1;2613,3;
3020,7;768,1;2975,6;
3021,8;767,1;2875,7;
3022,3;766,1;2840,2;
3023,6;765,1;2661,5;
3024,10;764,1;3018,9;
3025,3;759,1;2753,2;
3026,11;758,1;2927,10;
3027,10;755,1;2950,9;
3028,7;752,1;2908,6;
3029,12;751,1;2997,11;
3030,3;750,1;2396,2;
3031,17;749,1;2898,16;
3032,7;748,1;2595,6;
3033,9;745,1;2723,8;
3034,8;744,1;2940,7;
3035,3;743,1;2880,2;
3036,7;741,1;2782,6;
3037,9;739,1;2979,8;
3038,5;737,1;3013,4;
3039,4;736,1;2981,3;
3040,2;735,1;118,1;
3041,5;734,1;2929,4;
3042,2;733,1;671,1;
3043,3;732,1;2578,2;
3044,9;731,1;2894,8;
3045,11;730,1;3024,10;
3046,3;728,1;2801,2;
3047,3;727,1;2247,2;
3048,20;726,1;3005,19;
3049,5;725,1;3039,4;
3050,3;724,1;2542,2;
3051,3;723,1;2366,2;
3052,11;722,1;2919,10;
3053,20;721,1;3009,19;
3054,6;720,1;2711,5;
3055,2;718,1;221,1;
3056,12;716,1;3026,11;
3057,8;715,1;3020,7;
3058,14;713,1;2931,13;
3059,2;712,1;275,1;
3060,9;711,1;3034,8;
3061,11;710,1;2797,10;
3062,15;708,1;3058,14;
3063,2;704,1;474,1;
3064,7;703,1;2828,6;
3065,6;702,1;2708,5;
3066,7;701,1;2945,6;
3067,4;700,1;3050,3;
3068,2;699,1;180,1;
3069,2;698,1;530,1;
3070,6;697,1;2890,5;
3071,7;696,1;2899,6;
3072,10;693,1;2741,9;
3073,4;692,1;2891,3;
3074,10;691,1;3060,9;
3075,3;690,1;2119,2;
3076,4;689,1;2689,3;
3077,11;688,1;2939,10;
3078,2;687,1;378,1;
3079,13;686,1;3002,12;
3080,11;685,1;2907,10;
3081,12;684,1;3077,11;
3082,21;683,1;3053,20;
3083,8;682,1;2718,7;
3084,16;680,1;2878,15;
3085,6;678,1;2520,5;
3086,4;677,1;3035,3;
3087,3;675,1;2289,2;
3088,3;673,1;2077,2;
3089,11;672,1;3074,10;
3090,4;669,1;3022,3;
3091,7;668,1;2991,6;
3092,13;667,1;2932,12;
3093,9;666,1;3012,8;
3094,17;665,1;3084,16;
3095,5;664,1;3090,4;
3096,21;663,1;3048,20;
3097,4;661,1;2796,3;
3098,4;660,1;2355,3;
3099,4;659,1;2990,3;
3100,2;658,1;70,1;
3101,3;657,1;2232,2;
3102,3;653,1;2933,2;
3103,18;651,1;3094,17;
3104,3;650,1;2033,2;
3105,8;649,1;3071,7;
3106,3;648,1;2093,2;
3107,3;647,1;2788,2;
3108,14;646,1;3079,13;
3109,9;645,1;3010,8;
3110,13;643,1;3029,12;
3111,3;642,1;2183,2;
3112,9;641,1;3083,8;
3113,3;640,1;2168,2;
3114,3;638,1;2588,2;
3115,3;637,1;2638,2;
3116,7;636,1;2937,6;
3117,11;634,1;2823,10;
3118,2;632,1;63,1;
3119,8;631,1;3032,7;
3120,4;630,1;2484,3;
3121,5;629,1;2886,4;
3122,3;628,1;2219,2;
3123,2;626,1;186,1;
3124,3;625,1;2234,2;
3125,10;623,1;3112,9;
3126,9;622,1;2615,8;
3127,3;621,1;2262,2;
3128,3;619,1;2064,2;
3129,10;618,1;2799,9;
3130,5;615,1;2781,4;
3131,3;614,1;2856,2;
3132,12;613,1;3089,11;
3133,13;610,1;2901,12;
3134,4;606,1;3113,3;
3135,10;603,1;3033,9;
3136,11;602,1;2974,10;
3137,19;601,1;3103,18;
3138,16;600,1;3062,15;
3139,6;599,1;2459,5;
3140,6;598,1;3049,5;
3141,2;596,1;156,1;
3142,4;595,1;2654,3;
3143,25;593,1;2987,24;
3144,7;592,1;2962,6;
3145,3;591,1;2789,2;
3146,10;588,1;3093,9;
3147,4;586,1;2407,3;
3148,8;585,1;3028,7;
3149,5;584,1;2858,4;
3150,6;583,1;2926,5;
3151,12;582,1;3117,11;
3152,2;579,1;49,1;
3153,22;578,1;3096,21;
3154,13;577,1;3081,12;
3155,11;576,1;3135,10;
3156,18;574,1;3031,17;
3157,4;572,1;3025,3;
3158,8;571,1;3036,7;
3159,2;570,1;265,1;
3160,2;568,1;239,1;
3161,4;566,1;3047,3;
3162,6;563,1;3149,5;
3163,8;561,1;3116,7;
3164,9;560,1;3163,8;
3165,3;558,1;2887,2;
3166,3;557,1;2917,2;
3167,9;556,1;3148,8;
3168,5;555,1;3098,4;
3169,7;554,1;2904,6;
3170,4;553,1;2557,3;
3171,3;552,1;2621,2;
3172,10;550,1;3044,9;
3173,4;549,1;2739,3;
3174,10;547,1;3164,9;
3175,11;546,1;2967,10;
3176,3;545,1;2841,2;
3177,13;544,1;3132,12;
3178,9;542,1;3057,8;
3179,14;541,1;3177,13;
3180,8;540,1;3066,7;
3181,15;539,1;3179,14;
3182,11;538,1;3146,10;
3183,3;537,1;2134,2;
3184,13;536,1;3151,12;
3185,17;534,1;3138,16;
3186,14;533,1;3154,13;
3187,15;532,1;3108,14;
3188,9;531,1;3158,8;
3189,8;529,1;3169,7;
3190,14;526,1;3110,13;
3191,15;525,1;3186,14;
3192,6;524,1;2806,5;
3193,4;523,1;3131,3;
3194,18;522,1;3185,17;
3195,12;521,1;3175,11;
3196,4;520,1;2994,3;
3197,26;519,1;3143,25;
3198,12;517,1;3155,11;
3199,8;516,1;3064,7;
3200,6;515,1;2871,5;
3201,4;514,1;2609,3;
3202,5;511,1;3000,4;
3203,4;510,1;2983,3;
3204,13;509,1;3056,12;
3205,4;507,1;3017,3;
3206,9;506,1;3199,8;
3207,3;505,1;2662,2;
3208,3;503,1;2526,2;
3209,3;501,1;2730,2;
3210,7;500,1;3200,6;
3211,11;497,1;3174,10;
3212,19;495,1;3156,18;
3213,3;494,1;2705,2;
3214,3;493,1;2769,2;
3215,13;489,1;3195,12;
3216,3;488,1;2331,2;
3217,3;487,1;2859,2;
3218,10;486,1;3006,9;
3219,11;485,1;3027,10;
3220,11;481,1;3218,10;
3221,2;480,1;424,1;
3222,6;478,1;3130,5;
3223,9;477,1;3011,8;
3224,4;476,1;2350,3;
3225,8;475,1;3007,7;
3226,7;473,1;3150,6;
3227,9;472,1;3189,8;
3228,5;470,1;2712,4;
3229,10;468,1;3037,9;
3230,10;467,1;3223,9;
3231,9;466,1;3119,8;
3232,11;465,1;3072,10;
3233,9;463,1;3105,8;
3234,22;462,1;3082,21;
3235,2;461,1;190,1;
3236,5;460,1;2884,4;
3237,5;459,1;2650,4;
3238,11;457,1;3172,10;
3239,4;456,1;2351,3;
3240,3;455,1;2831,2;
3241,12;454,1;3052,11;
3242,4;453,1;3171,3;
3243,5;452,1;3147,4;
3244,10;451,1;2964,9;
3245,4;450,1;3088,3;
3246,3;449,1;2121,2;
3247,7;447,1;3162,6;
3248,3;446,1;2561,2;
3249,6;445,1;3121,5;
3250,7;443,1;3249,6;
3251,27;442,1;3197,26;
3252,3;441,1;2309,2;
3253,14;440,1;3184,13;
3254,12;439,1;3220,11;
3255,20;438,1;3212,19;
3256,4;437,1;2173,3;
3257,2;433,1;246,1;
3258,6;432,1;3236,5;
3259,4;431,1;2244,3;
3260,12;430,1;3232,11;
3261,13;428,1;3241,12;
3262,5;419,1;3170,4;
3263,4;416,1;3176,3;
3264,3;414,1;2590,2;
3265,6;412,1;2864,5;
3266,14;411,1;3092,13;
3267,12;410,1;3080,11;
3268,12;409,1;3219,11;
3269,4;408,1;3214,3;
3270,3;407,1;2025,2;
3271,12;406,1;3136,11;
3272,23;405,1;3234,22;
3273,8;404,1;3247,7;
3274,14;403,1;3215,13;
3275,9;401,1;3180,8;
3276,4;400,1;2648,3;
3277,3;398,1;2387,2;
3278,7;397,1;2922,6;
3279,3;396,1;2345,2;
3280,19;395,1;3194,18;
3281,7;394,1;3085,6;
3282,5;393,1;3256,4;
3283,13;392,1;3268,12;
3284,8;391,1;3226,7;
3285,15;390,1;3190,14;
3286,3;389,1;2214,2;
3287,11;388,1;3129,10;
3288,3;386,1;2205,2;
3289,2;385,1;347,1;
3290,6;384,1;3202,5;
3291,24;382,1;3272,23;
3292,10;381,1;3275,9;
3293,6;380,1;2751,5;
3294,3;379,1;2215,2;
3295,4;377,1;2633,3;
3296,2;375,1;108,1;
3297,15;373,1;3253,14;
3298,3;372,1;3008,2;
3299,3;370,1;2223,2;
3300,5;369,1;3295,4;
3301,12;368,1;3211,11;
3302,4;365,1;3209,3;
3303,6;364,1;3237,5;
3304,5;360,1;3302,4;
3305,4;359,1;3107,3;
3306,14;358,1;3261,13;
3307,3;357,1;2956,2;
3308,4;356,1;2493,3;
3309,20;353,1;3137,19;
3310,13;350,1;3267,12;
3311,5;349,1;3242,4;
3312,4;348,1;3294,3;
3313,2;344,1;288,1;
3314,13;343,1;3271,12;
3315,3;341,1;2778,2;
3316,6;340,1;3243,5;
3317,25;338,1;3291,24;
3318,3;337,1;2049,2;
3319,3;335,1;2955,2;
3320,5;334,1;2897,4;
3321,12;333,1;3061,11;
3322,28;331,1;3251,27;
3323,4;330,1;3127,3;
3324,2;328,1;268,1;
3325,3;326,1;2158,2;
3326,6;324,1;3228,5;
3327,15;323,1;3266,14;
3328,10;322,1;3188,9;
3329,8;319,1;3250,7;
3330,6;317,1;2776,5;
3331,3;315,1;2450,2;
3332,15;314,1;3306,14;
3333,5;313,1;3086,4;
3334,5;312,1;3239,4;
3335,9;311,1;3273,8;
3336,3;310,1;2104,2;
3337,4;309,1;3207,3;
3338,9;308,1;3225,8;
3339,13;307,1;3198,12;
3340,10;306,1;3167,9;
3341,7;305,1;3316,6;
3342,9;304,1;3021,8;
3343,11;302,1;3340,10;
3344,3;301,1;2535,2;
3345,11;300,1;3125,10;
3346,7;299,1;3192,6;
3347,3;298,1;2925,2;
3348,15;297,1;3274,14;
3349,5;295,1;3120,4;
3350,10;294,1;3227,9;
3351,16;293,1;3332,15;
3352,3;292,1;2403,2;
3353,11;291,1;3292,10;
3354,26;290,1;3317,25;
3355,14;289,1;3339,13;
3356,6;287,1;3282,5;
3357,13;286,1;3260,12;
3358,7;284,1;3293,6;
3359,3;278,1;2015,2;
3360,5;276,1;3276,4;
3361,10;274,1;3126,9;
3362,5;273,1;3269,4;
3363,5;269,1;2993,4;
3364,17;264,1;3351,16;
3365,4;263,1;2198,3;
3366,16;262,1;3187,15;
3367,12;261,1;3045,11;
3368,11;260,1;3328,10;
3369,4;257,1;2905,3;
3370,10;255,1;3338,9;
3371,16;254,1;3348,15;
3372,8;251,1;3341,7;
3373,7;250,1;3065,6;
3374,13;249,1;3321,12;
3375,14;247,1;3204,13;
3376,4;245,1;3252,3;
3377,2;244,1;117,1;
3378,10;240,1;3206,9;
3379,14;238,1;3283,13;
3380,12;235,1;3353,11;
3381,11;234,1;3244,10;
3382,4;233,1;3111,3;
3383,20;232,1;3280,19;
3384,11;230,1;3378,10;
3385,5;228,1;2989,4;
3386,7;224,1;3140,6;
3387,7;223,1;3326,6;
3388,21;222,1;3309,20;
3389,4;218,1;3307,3;
3390,10;217,1;3335,9;
3391,13;216,1;3380,12;
3392,6;215,1;3300,5;
3393,12;214,1;3381,11;
3394,7;212,1;3392,6;
3395,21;211,1;3383,20;
3396,3;210,1;2857,2;
3397,12;208,1;3368,11;
3398,16;207,1;3181,15;
3399,9;206,1;2988,8;
3400,3;205,1;2311,2;
3401,3;204,1;3123,2;
3402,8;201,1;3386,7;
3403,17;195,1;3371,16;
3404,16;194,1;3327,15;
3405,11;191,1;3361,10;
3406,2;189,1;154,1;
3407,8;188,1;3373,7;
3408,4;185,1;2977,3;
3409,5;184,1;3305,4;
3410,12;182,1;3182,11;
3411,21;179,1;3255,20;
3412,22;178,1;3395,21;
3413,23;177,1;3153,22;
3414,4;176,1;2600,3;
3415,14;175,1;3357,13;
3416,3;174,1;2162,2;
3417,4;173,1;2842,3;
3418,6;172,1;2790,5;
3419,14;171,1;3374,13;
3420,9;170,1;3329,8;
3421,6;168,1;3320,5;
3422,18;166,1;3403,17;
3423,3;165,1;2872,2;
3424,3;163,1;2066,2;
3425,5;162,1;2986,4;
3426,17;161,1;3366,16;
3427,6;160,1;3385,5;
3428,11;159,1;3370,10;
3429,10;158,1;3399,9;
3430,4;157,1;2954,3;
3431,15;155,1;3379,14;
3432,17;151,1;3404,16;
3433,10;149,1;3342,9;
3434,13;148,1;3393,12;
3435,10;146,1;3109,9;
3436,10;145,1;3231,9;
3437,8;143,1;2951,7;
3438,5;142,1;3097,4;
3439,14;139,1;3314,13;
3440,10;136,1;3178,9;
3441,5;135,1;3224,4;
3442,22;134,1;3411,21;
3443,6;132,1;3333,5;
3444,13;131,1;3410,12;
3445,4;130,1;2307,3;
3446,6;129,1;3363,5;
3447,9;128,1;3284,8;
3448,11;127,1;3390,10;
3449,5;124,1;3259,4;
3450,19;121,1;3422,18;
3451,4;120,1;2900,3;
3452,12;119,1;3405,11;
3453,3;114,1;2696,2;
3454,23;113,1;3412,22;
3455,14;112,1;3133,13;
3456,9;111,1;3407,8;
3457,3;110,1;2722,2;
3458,5;109,1;3417,4;
3459,12;107,1;3384,11;
3460,5;106,1;3308,4;
3461,5;104,1;3142,4;
3462,4;103,1;3106,3;
3463,16;102,1;3297,15;
3464,12;101,1;3448,11;
3465,4;100,1;3264,3;
3466,29;99,1;3322,28;
3467,5;98,1;3134,4;
3468,12;97,1;3287,11;
3469,6;96,1;3311,5;
3470,2;95,1;34,1;
3471,3;94,1;2623,2;
3472,7;93,1;3356,6;
3473,8;92,1;3278,7;
3474,13;91,1;3459,12;
3475,8;90,1;3210,7;
3476,6;89,1;3362,5;
3477,3;88,1;2242,2;
3478,13;86,1;3367,12;
3479,18;85,1;3364,17;
3480,15;84,1;3375,14;
3481,5;83,1;3004,4;
3482,17;82,1;3398,16;
3483,5;80,1;3201,4;
3484,3;79,1;2420,2;
3485,3;76,1;3377,2;
3486,3;75,1;2076,2;
3487,16;74,1;3431,15;
3488,14;72,1;3474,13;
3489,3;67,1;2521,2;
3490,4;66,1;3122,3;
3491,9;62,1;2923,8;
3492,15;61,1;3419,14;
3493,3;60,1;2755,2;
3494,17;59,1;3463,16;
3495,12;58,1;3428,11;
3496,9;57,1;3473,8;
3497,11;51,1;3230,10;
3498,20;50,1;3450,19;
3499,5;48,1;2958,4;
3500,5;47,1;2674,4;
3501,15;44,1;3439,14;
3502,4;43,1;2700,3;
3503,3;41,1;2225,2;
3504,11;40,1;3229,10;
3505,6;39,1;3483,5;
3506,4;36,1;3165,3;
3507,16;35,1;3285,15;
3508,23;32,1;3442,22;
3509,12;31,1;3497,11;
3510,3;30,1;2893,2;
3511,4;29,1;3299,3;
3512,22;27,1;3388,21;
3513,7;26,1;3421,6;
3514,5;25,1;3323,4;
3515,6;24,1;3481,5;
3516,11;23,1;3429,10;
3517,5;22,1;3067,4;
3518,12;21,1;3345,11;
3519,12;20,1;3504,11;
3520,5;19,1;3369,4;
3521,16;18,1;3191,15;
3522,8;17,1;3472,7;
3523,5;16,1;3506,4;
3524,14;15,1;3391,13;
3525,8;14,1;3358,7;
3526,13;13,1;3509,12;
3527,4;11,1;2996,3;
3528,4;10,1;3318,3;
3529,5;9,1;2883,4;
3530,13;7,1;3519,12;
3531,14;6,1;3434,13;
3532,5;5,1;3511,4;
3533,15;1,1;3415,14;
3534,8;0,1;3144,7;
3535,10;3534,8;3063,2;
3536,29;3533,15;3524,14;
3537,10;3532,5;3409,5;
3538,29;3531,14;3480,15;
3539,23;3530,13;3537,10;
3540,11;3529,5;3070,6;
3541,8;3528,4;3502,4;
3542,9;3527,4;3517,5;
3543,30;3526,13;3494,17;
3544,19;3525,8;3516,11;
3545,10;3523,5;3461,5;
3546,24;3522,8;3507,16;
3547,26;3521,16;3440,10;
3548,34;3520,5;3466,29;
3549,21;3518,12;3233,9;
3550,9;3515,6;3246,3;
3551,39;3514,5;3548,34;
3552,20;3513,7;3310,13;
3553,45;3512,22;3508,23;
3554,6;3510,3;3101,3;
3555,9;3505,6;3051,3;
3556,32;3503,3;3538,29;
3557,30;3501,15;3492,15;
3558,10;3500,5;3425,5;
3559,7;3499,5;3118,2;
3560,40;3498,20;3552,20;
3561,8;2706,2;3476,6;
3562,6;2703,2;2608,4;
3563,28;2697,4;3546,24;
3564,8;2690,4;3465,4;
3565,4;2687,2;2408,2;
3566,8;2683,2;3303,6;
3567,7;2678,3;2959,4;
3568,13;2668,3;3436,10;
3569,8;2659,2;3446,6;
3570,11;2657,3;3561,8;
3571,14;2656,2;3254,12;
3572,4;2655,2;2125,2;
3573,10;2647,2;3564,8;
3574,20;2645,2;3479,18;
3575,11;2644,3;3475,8;
3576,15;2643,3;3495,12;
3577,4;2639,2;2020,2;
3578,6;2635,3;3213,3;
3579,5;2634,3;2048,2;
3580,5;2632,2;2749,3;
3581,12;2631,2;3545,10;
3582,4;2629,2;2783,2;
3583,25;2627,2;3413,23;
3584,26;2624,3;3454,23;
3585,19;2616,2;3432,17;
3586,6;2607,2;3245,4;
3587,7;2606,2;3458,5;
3588,12;2586,4;3372,8;
3589,5;2583,2;3471,3;
3590,6;2579,2;3161,4;
3591,4;2575,2;2401,2;
3592,22;2571,3;3585,19;
3593,14;2564,2;3588,12;
3594,15;2563,2;3478,13;
3595,28;2560,2;3584,26;
3596,10;2556,2;3437,8;
3597,11;2553,2;3420,9;
3598,4;2541,2;2298,2;
3599,7;2537,2;3349,5;
3600,4;2527,2;2096,2;
3601,12;2516,2;3435,10;
3602,7;2509,3;2942,4;
3603,32;2508,3;3536,29;
3604,4;2505,2;3159,2;
3605,8;2502,3;3038,5;
3606,32;2496,2;3543,30;
3607,5;2494,2;3115,3;
3608,8;2490,2;3469,6;
3609,22;2483,2;3574,20;
3610,17;2475,2;3594,15;
3611,8;2474,2;3586,6;
3612,9;2470,2;3587,7;
3613,5;2469,2;2719,3;
3614,28;2466,2;3354,26;
3615,5;2462,2;2744,3;
3616,5;2452,2;2896,3;
3617,5;2448,2;2960,3;
3618,34;2447,2;3603,32;
3619,19;2444,2;3426,17;
3620,7;2443,2;3360,5;
3621,9;2431,2;3394,7;
3622,7;2429,3;3445,4;
3623,7;2428,3;3577,4;
3624,16;2425,2;3455,14;
3625,5;2423,2;3114,3;
3626,7;2421,2;3441,5;
3627,8;2412,2;3443,6;
3628,12;2406,2;3596,10;
3629,13;2402,2;3343,11;
3630,11;2395,2;3456,9;
3631,14;2383,2;3468,12;
3632,30;2380,2;3614,28;
3633,17;2367,2;3576,15;
3634,10;2362,4;3554,6;
3635,34;2361,2;3606,32;
3636,7;2151,3;3205,4;
3637,11;2150,2;3491,9;
3638,7;2147,2;3460,5;
3639,13;2145,2;3597,11;
3640,6;2138,3;2935,3;
3641,4;2135,2;2091,2;
3642,7;2133,2;3438,5;
3643,6;2132,2;2963,4;
3644,4;2131,2;2122,2;
3645,14;2129,2;3601,12;
3646,14;2124,2;3581,12;
3647,13;2123,2;3575,11;
3648,13;2120,2;3637,11;
3649,16;2117,2;3631,14;
3650,5;2116,2;3486,3;
3651,8;2107,3;3334,5;
3652,15;2101,2;3568,13;
3653,8;2100,2;3139,6;
3654,4;2090,2;2245,2;
3655,8;2087,2;3590,6;
3656,8;2086,2;3222,6;
3657,10;2041,2;3611,8;
3658,4;2035,2;3289,2;
3659,4;2030,2;2055,2;
3660,17;2008,3;3488,14;
3661,17;2014,2;3652,15;
3662,19;2016,2;3661,17;
3663,47;2017,2;3553,45;
3664,5;2021,2;2971,3;
3665,18;2052,2;3487,16;
3666,5;2053,2;2759,3;
3667,4;2056,2;2305,2;
3668,19;2058,2;3660,17;
3669,30;2061,2;3595,28;
3670,4;2065,2;2080,2;
3671,7;2068,2;3607,5;
3672,10;2069,2;3402,8;
3673,24;2075,2;3592,22;
3674,15;2079,2;3648,13;
3675,8;2178,2;3418,6;
3676,9;2182,2;3642,7;
3677,4;2187,2;2258,2;
3678,9;2189,2;3599,7;
3679,6;2190,2;3019,4;
3680,5;2193,2;3331,3;
3681,21;2194,2;3619,19;
3682,12;2203,2;3672,10;
3683,9;2206,2;3387,7;
3684,6;2212,2;3076,4;
3685,7;2217,2;3580,5;
3686,7;2218,2;2808,5;
3687,30;2238,2;3563,28;
3688,12;2255,2;3433,10;
3689,10;2260,2;3656,8;
3690,18;2261,2;3624,16;
3691,19;2263,2;3633,17;
3692,13;2268,2;3630,11;
3693,26;2278,2;3673,24;
3694,20;2279,2;3665,18;
3695,17;2281,3;3355,14;
3696,6;2290,2;3408,4;
3697,19;2297,2;3482,17;
3698,9;2299,2;3671,7;
3699,14;2300,2;3628,12;
3700,12;2308,3;3555,9;
3701,5;2316,2;3248,3;
3702,19;2317,2;3610,17;
3703,10;2318,2;3605,8;
3704,9;2320,2;3685,7;
3705,28;2327,2;3693,26;
3706,49;2328,2;3663,47;
3707,15;2339,2;3444,13;
3708,21;2715,2;3691,19;
3709,24;2717,5;3662,19;
3710,5;2726,2;2784,3;
3711,12;2729,4;3608,8;
3712,15;2733,2;3692,13;
3713,10;2736,2;3566,8;
3714,15;2740,5;3350,10;
3715,21;2742,2;3697,19;
3716,23;2743,2;3715,21;
3717,6;2747,2;3604,4;
3718,21;2754,2;3668,19;
3719,11;2757,2;3698,9;
3720,7;2761,2;3616,5;
3721,15;2764,3;3700,12;
3722,9;2793,5;3565,4;
3723,13;2798,2;3540,11;
3724,4;2803,2;2818,2;
3725,11;2812,2;3496,9;
3726,5;2816,2;2978,3;
3727,17;2820,2;3712,15;
3728,19;2825,5;3593,14;
3729,12;2827,2;3535,10;
3730,21;2829,3;3690,18;
3731,8;2835,2;3643,6;
3732,5;2838,2;3087,3;
3733,37;2843,3;3635,34;
3734,27;2848,2;3583,25;
3735,18;2849,3;3707,15;
3736,5;2850,2;3014,3;
3737,20;2855,3;3695,17;
3738,7;2862,2;3650,5;
3739,12;2865,3;3550,9;
3740,12;2870,3;3447,9;
3741,10;2876,4;3265,6;
3742,33;2877,3;3669,30;
3743,13;2888,2;3719,11;
3744,20;2902,5;3674,15;
3745,15;2903,2;3629,13;
3746,9;2909,4;3041,5;
3747,17;2910,3;3646,14;
3748,8;2911,2;3640,6;
3749,10;2913,2;2961,8;
3750,5;2915,2;2916,3;
3751,8;2921,2;3578,6;
3752,13;2934,3;3558,10;
3753,24;2946,3;3730,21;
3754,22;2948,3;3544,19;
3755,16;2949,4;3682,12;
3756,41;2953,2;3551,39;
3757,11;2957,2;3621,9;
3758,18;2968,3;3721,15;
3759,9;2969,2;3623,7;
3760,7;2972,2;3736,5;
3761,17;2973,2;3745,15;
3762,51;2976,2;3706,49;
3763,16;2980,6;3634,10;
3764,10;2992,2;3731,8;
3765,30;2995,4;3547,26;
3766,32;2999,2;3765,30;
3767,13;3003,5;3569,8;
3768,35;3015,3;3766,32;
3769,14;3016,2;3729,12;
3770,20;3023,6;3699,14;
3771,15;3030,3;3739,12;
3772,10;3042,2;3748,8;
3773,20;3043,3;3727,17;
3774,43;3046,3;3560,40;
3775,18;3054,6;3711,12;
3776,8;3055,2;3258,6;
3777,23;3059,2;3708,21;
3778,7;3068,2;3168,5;
3779,30;3069,2;3705,28;
3780,16;3073,4;3397,12;
3781,20;3075,3;3747,17;
3782,22;3078,2;3781,20;
3783,20;3091,7;3639,13;
3784,21;3095,5;3755,16;
3785,34;3099,4;3687,30;
3786,14;3100,2;3464,12;
3787,8;3102,3;3750,5;
3788,10;3104,3;3720,7;
3789,46;3124,3;3774,43;
3790,23;3128,3;3770,20;
3791,24;3141,2;3609,22;
3792,25;3145,3;3782,22;
3793,53;3152,2;3762,51;
3794,8;3157,4;3193,4;
3795,32;3160,2;3557,30;
3796,13;3166,3;3788,10;
3797,16;3173,4;3452,12;
3798,56;3183,3;3793,53;
3799,24;3196,4;3737,20;
3800,41;3203,4;3733,37;
3801,11;3216,3;3627,8;
3802,36;3217,3;3742,33;
3803,58;3235,2;3798,56;
3804,32;3238,11;3718,21;
3805,49;3240,3;3789,46;
3806,15;3257,2;3752,13;
3807,32;3262,5;3734,27;
3808,38;3263,4;3785,34;
3809,10;3270,3;3281,7;
3810,35;3277,3;3795,32;
3811,22;3279,3;3702,19;
3812,18;3286,3;3771,15;
3813,27;3288,3;3709,24;
3814,15;3290,6;3542,9;
3815,26;3296,2;3753,24;
3816,13;3298,3;3703,10;
3817,47;3301,12;3810,35;
3818,20;3304,5;3714,15;
3819,51;3312,4;3817,47;
3820,8;3313,2;3330,6;
3821,19;3315,3;3649,16;
3822,12;3319,3;3676,9;
3823,51;3324,2;3805,49;
3824,14;3325,3;3801,11;
3825,23;3336,3;3783,20;
3826,36;3337,4;3807,32;
3827,16;3344,3;3723,13;
3828,26;3346,7;3821,19;
3829,16;3347,3;3743,13;
3830,26;3352,3;3716,23;
3831,33;3359,3;3779,30;
3832,62;3365,4;3803,58;
3833,12;3376,4;3751,8;
3834,27;3382,4;3825,23;
3835,16;3389,4;3822,12;
3836,7;3396,3;3430,4;
3837,13;3400,3;3772,10;
3838,24;3401,3;3784,21;
3839,18;3406,2;3827,16;
3840,11;3414,4;3638,7;
3841,10;3416,3;3622,7;
3842,19;3423,3;3835,16;
3843,7;3424,3;3670,4;
3844,44;3427,6;3808,38;
3845,25;3451,4;3549,21;
3846,65;3453,3;3832,62;
3847,18;3457,3;3806,15;
3848,25;3462,4;3681,21;
3849,16;3467,5;3840,11;
3850,10;3470,2;3776,8;
3851,27;3477,3;3838,24;
3852,23;3484,3;3744,20;
3853,54;3485,3;3823,51;
3854,11;3489,3;3653,8;
3855,18;3490,4;3824,14;
3856,26;3493,3;3852,23;
3857,58;3539,23;3768,35;
3858,62;3541,8;3853,54;
3859,68;3556,32;3802,36;
3860,16;3559,7;3683,9;
3861,31;3562,6;3792,25;
3862,15;3567,7;3794,8;
3863,25;3570,11;3769,14;
3864,31;3571,14;3761,17;
3865,14;3572,4;3809,10;
3866,19;3573,10;3759,9;
3867,18;3579,5;3837,13;
3868,35;3589,5;3632,30;
3869,8;3598,4;3654,4;
3870,24;3600,4;3773,20;
3871,48;3602,7;3800,41;
3872,25;3612,9;3797,16;
3873,31;3613,5;3815,26;
3874,17;3615,5;3740,12;
3875,40;3617,5;3868,35;
3876,99;3618,34;3846,65;
3877,28;3625,5;3777,23;
3878,55;3626,7;3871,48;
3879,16;3636,7;3722,9;
3880,59;3641,4;3878,55;
3881,24;3644,4;3818,20;
3882,32;3645,14;3775,18;
3883,18;3647,13;3726,5;
3884,20;3651,8;3688,12;
3885,23;3655,8;3862,15;
3886,46;3657,10;3826,36;
3887,22;3658,4;3839,18;
3888,14;3664,5;3704,9;
3889,27;3666,5;3887,22;
3890,33;3675,8;3872,25;
3891,24;3677,4;3694,20;
3892,33;3678,9;3870,24;
3893,28;3679,6;3754,22;
3894,13;3684,6;3836,7;
3895,26;3686,7;3866,19;
3896,109;3689,10;3876,99;
3897,25;3696,6;3842,19;
3898,46;3701,5;3756,41;
3899,64;3710,5;3880,59;
3900,35;3713,10;3848,25;
3901,46;3717,6;3875,40;
3902,113;3724,4;3896,109;
3903,38;3725,11;3889,27;
3904,51;3728,19;3804,32;
3905,15;3732,5;3749,10;
3906,35;3735,18;3874,17;
3907,42;3738,7;3900,35;
3908,74;3741,10;3899,64;
3909,32;3746,9;3885,23;
3910,57;3757,11;3898,46;
3911,45;3758,18;3834,27;
3912,67;3763,16;3904,51;
3913,41;3764,10;3864,31;
3914,24;3767,13;3854,11;
3915,15;3778,7;3820,8;
3916,41;3780,16;3845,25;
3917,29;3786,14;3814,15;
3918,26;3787,8;3855,18;
3919,56;3790,23;3892,33;
3920,56;3791,24;3882,32;
3921,42;3796,13;3917,29;
3922,70;3799,24;3886,46;
3923,34;3811,22;3833,12;
3924,33;3812,18;3905,15;
3925,101;3813,27;3908,74;
3926,37;3816,13;3891,24;
3927,107;3819,51;3919,56;
3928,88;3828,26;3858,62;
3929,84;3829,16;3859,68;
3930,67;3830,26;3913,41;
3931,71;3831,33;3903,38;
3932,56;3841,10;3901,46;
3933,34;3843,7;3851,27;
3934,145;3844,44;3925,101;
3935,76;3847,18;3857,58;
3936,72;3849,16;3920,56;
3937,52;3850,10;3921,42;
3938,98;3856,26;3936,72;
3939,34;3860,16;3883,18;
3940,107;3861,31;3935,76;
3941,50;3863,25;3897,25;
3942,64;3865,14;3941,50;
3943,88;3867,18;3922,70;
3944,98;3873,31;3930,67;
3945,50;3879,16;3923,34;
3946,40;3888,14;3918,26;
3947,131;3890,33;3944,98;
3948,70;3893,28;3907,42;
3949,90;3895,26;3942,64;
3950,244;3902,113;3947,131;
3951,91;3906,35;3932,56;
3952,77;3909,32;3911,45;
3953,145;3910,57;3943,88;
3954,155;3912,67;3928,88;
3955,115;3914,24;3951,91;
3956,85;3915,15;3948,70;
3957,196;3916,41;3954,155;
3958,131;3924,33;3938,98;
3959,328;3929,84;3950,244;
3960,399;3931,71;3959,328;
3961,341;3934,145;3957,196;
3962,391;3945,50;3961,341;
3963,439;3946,40;3960,399;
3964,200;3955,115;3956,85;
3965,396;3962,391;3680,5;
3966,36;2337,2;3939,34;
3967,204;2370,4;3964,200;
3968,6;3040,2;3582,4;
3969,95;3449,5;3949,90;
3970,24;3591,4;3884,20;
3971,17;3659,4;3894,13;
3972,31;3760,7;3881,24;
3973,212;3869,8;3967,204;
3974,240;3877,28;3973,212;
3975,40;3926,37;3208,3;
3976,546;3927,107;3963,439;
3977,274;3933,34;3974,240;
3978,503;3940,107;3965,396;
3979,222;3952,77;3953,145;
3980,405;3958,131;3977,274;
3981,436;3980,405;3972,31;
3982,274;3979,222;3937,52;
3983,505;3978,503;2570,2;
3984,586;3976,546;3975,40;
3985,1022;3981,436;3984,586;
3986,779;3982,274;3983,505;
3987,1117;3985,1022;3969,95;
3988,803;3986,779;3970,24;
3989,1920;3987,1117;3988,803;
