1000,2;999,1;666,1;
1001,2;998,1;997,1;
1002,2;995,1;612,1;
1003,2;994,1;601,1;
1004,2;993,1;78,1;
1005,2;992,1;897,1;
1006,2;991,1;528,1;
1007,2;988,1;122,1;
1008,2;985,1;717,1;
1009,2;983,1;240,1;
1010,2;982,1;901,1;
1011,2;981,1;349,1;
1012,2;977,1;142,1;
1013,2;975,1;358,1;
1014,2;974,1;668,1;
1015,3;970,1;1011,2;
1016,2;969,1;282,1;
1017,2;968,1;654,1;
1018,2;967,1;953,1;
1019,2;966,1;701,1;
1020,2;965,1;899,1;
1021,2;964,1;800,1;
1022,2;963,1;635,1;
1023,2;962,1;59,1;
1024,2;961,1;866,1;
1025,2;959,1;224,1;
1026,2;958,1;344,1;
1027,2;957,1;288,1;
1028,3;956,1;1022,2;
1029,2;954,1;285,1;
1030,2;952,1;650,1;
1031,2;949,1;537,1;
1032,2;948,1;577,1;
1033,2;947,1;861,1;
1034,2;946,1;516,1;
1035,2;945,1;137,1;
1036,2;944,1;711,1;
1037,2;943,1;862,1;
1038,2;942,1;447,1;
1039,2;940,1;239,1;
1040,2;939,1;546,1;
1041,2;938,1;776,1;
1042,2;936,1;821,1;
1043,2;935,1;868,1;
1044,2;934,1;518,1;
1045,2;933,1;708,1;
1046,2;932,1;718,1;
1047,2;930,1;6,1;
1048,2;929,1;846,1;
1049,3;925,1;1019,2;
1050,2;923,1;872,1;
1051,2;920,1;772,1;
1052,2;919,1;563,1;
1053,2;918,1;712,1;
1054,2;916,1;168,1;
1055,2;914,1;321,1;
1056,2;913,1;412,1;
1057,2;911,1;521,1;
1058,2;910,1;23,1;
1059,2;908,1;88,1;
1060,2;907,1;565,1;
1061,2;904,1;543,1;
1062,2;902,1;820,1;
1063,2;898,1;629,1;
1064,4;896,1;1015,3;
1065,3;895,1;1035,2;
1066,2;894,1;20,1;
1067,2;893,1;371,1;
1068,2;890,1;590,1;
1069,2;884,1;223,1;
1070,2;879,1;214,1;
1071,2;877,1;832,1;
1072,2;875,1;405,1;
1073,2;874,1;446,1;
1074,2;873,1;85,1;
1075,3;871,1;1030,2;
1076,2;860,1;782,1;
1077,2;859,1;260,1;
1078,3;858,1;1033,2;
1079,2;856,1;404,1;
1080,3;855,1;1070,2;
1081,2;853,1;299,1;
1082,2;851,1;808,1;
1083,2;850,1;736,1;
1084,2;844,1;816,1;
1085,2;843,1;648,1;
1086,2;839,1;335,1;
1087,3;836,1;1000,2;
1088,2;835,1;452,1;
1089,2;833,1;76,1;
1090,2;831,1;143,1;
1091,2;829,1;37,1;
1092,3;825,1;1047,2;
1093,2;823,1;466,1;
1094,2;822,1;44,1;
1095,2;818,1;508,1;
1096,2;813,1;507,1;
1097,2;811,1;734,1;
1098,2;810,1;409,1;
1099,3;809,1;1091,2;
1100,2;807,1;661,1;
1101,2;806,1;360,1;
1102,3;803,1;1068,2;
1103,3;797,1;1027,2;
1104,2;796,1;27,1;
1105,2;795,1;470,1;
1106,2;792,1;759,1;
1107,2;790,1;32,1;
1108,3;787,1;1077,2;
1109,2;785,1;438,1;
1110,2;783,1;95,1;
1111,2;774,1;591,1;
1112,3;771,1;1018,2;
1113,2;766,1;199,1;
1114,3;764,1;1074,2;
1115,2;763,1;849,1;
1116,2;761,1;633,1;
1117,2;758,1;692,1;
1118,3;757,1;1062,2;
1119,3;756,1;1082,2;
1120,2;755,1;750,1;
1121,2;754,1;62,1;
1122,2;752,1;339,1;
1123,5;751,1;1064,4;
1124,3;749,1;1104,2;
1125,2;747,1;313,1;
1126,3;746,1;1045,2;
1127,2;745,1;464,1;
1128,3;742,1;1069,2;
1129,2;741,1;175,1;
1130,2;740,1;657,1;
1131,2;739,1;188,1;
1132,2;735,1;320,1;
1133,2;733,1;425,1;
1134,3;731,1;1093,2;
1135,3;726,1;1059,2;
1136,2;716,1;559,1;
1137,2;698,1;486,1;
1138,2;697,1;245,1;
1139,3;694,1;1010,2;
1140,3;690,1;1137,2;
1141,2;689,1;370,1;
1142,3;685,1;1056,2;
1143,2;684,1;488,1;
1144,4;682,1;1092,3;
1145,3;679,1;1098,2;
1146,2;675,1;267,1;
1147,5;672,1;1144,4;
1148,2;665,1;84,1;
1149,2;664,1;208,1;
1150,2;663,1;536,1;
1151,3;662,1;1096,2;
1152,4;660,1;1087,3;
1153,2;659,1;549,1;
1154,3;649,1;1117,2;
1155,3;647,1;1122,2;
1156,2;645,1;15,1;
1157,2;644,1;450,1;
1158,3;643,1;1008,2;
1159,2;641,1;230,1;
1160,3;640,1;1032,2;
1161,2;638,1;513,1;
1162,3;637,1;1115,2;
1163,2;634,1;550,1;
1164,2;632,1;262,1;
1165,2;630,1;251,1;
1166,4;628,1;1139,3;
1167,4;626,1;1099,3;
1168,2;625,1;270,1;
1169,2;622,1;398,1;
1170,2;620,1;582,1;
1171,2;618,1;93,1;
1172,3;614,1;1105,2;
1173,3;609,1;1097,2;
1174,2;608,1;319,1;
1175,2;600,1;89,1;
1176,2;598,1;476,1;
1177,2;593,1;197,1;
1178,3;588,1;1001,2;
1179,5;586,1;1166,4;
1180,3;583,1;1110,2;
1181,2;572,1;92,1;
1182,2;570,1;314,1;
1183,2;562,1;780,1;
1184,3;560,1;1026,2;
1185,2;557,1;395,1;
1186,2;555,1;463,1;
1187,2;553,1;460,1;
1188,3;552,1;1163,2;
1189,3;545,1;1086,2;
1190,3;544,1;1040,2;
1191,3;533,1;1149,2;
1192,6;530,1;1179,5;
1193,4;526,1;1158,3;
1194,2;524,1;484,1;
1195,5;522,1;1193,4;
1196,2;519,1;497,1;
1197,2;510,1;888,1;
1198,3;509,1;1057,2;
1199,3;506,1;1182,2;
1200,2;502,1;31,1;
1201,3;501,1;1061,2;
1202,2;500,1;24,1;
1203,2;496,1;124,1;
1204,3;495,1;1165,2;
1205,3;493,1;1185,2;
1206,3;490,1;1029,2;
1207,2;487,1;607,1;
1208,5;481,1;1167,4;
1209,2;475,1;280,1;
1210,3;474,1;1038,2;
1211,2;461,1;365,1;
1212,2;458,1;65,1;
1213,2;454,1;3,1;
1214,3;449,1;1132,2;
1215,3;448,1;1009,2;
1216,4;441,1;1112,3;
1217,2;427,1;390,1;
1218,2;423,1;34,1;
1219,2;421,1;210,1;
1220,2;418,1;357,1;
1221,7;410,1;1192,6;
1222,2;408,1;110,1;
1223,3;407,1;1217,2;
1224,2;406,1;28,1;
1225,2;389,1;196,1;
1226,2;388,1;301,1;
1227,4;380,1;1178,3;
1228,4;379,1;1223,3;
1229,3;378,1;1213,2;
1230,3;375,1;1161,2;
1231,3;368,1;1209,2;
1232,3;366,1;1187,2;
1233,3;363,1;1055,2;
1234,4;359,1;1232,3;
1235,3;355,1;1012,2;
1236,2;352,1;482,1;
1237,2;351,1;115,1;
1238,3;347,1;1042,2;
1239,4;338,1;1126,3;
1240,2;337,1;364,1;
1241,3;323,1;1004,2;
1242,2;316,1;277,1;
1243,2;309,1;4,1;
1244,3;306,1;1174,2;
1245,2;304,1;68,1;
1246,2;303,1;195,1;
1247,2;294,1;94,1;
1248,2;291,1;469,1;
1249,2;287,1;180,1;
1250,4;283,1;1244,3;
1251,4;279,1;1204,3;
1252,3;273,1;1014,2;
1253,3;263,1;1181,2;
1254,6;261,1;1208,5;
1255,5;258,1;1216,4;
1256,4;256,1;1080,3;
1257,3;253,1;1024,2;
1258,4;247,1;1233,3;
1259,2;246,1;163,1;
1260,2;244,1;615,1;
1261,3;241,1;1113,2;
1262,2;228,1;478,1;
1263,2;220,1;81,1;
1264,4;218,1;1229,3;
1265,4;217,1;1102,3;
1266,4;206,1;1190,3;
1267,4;204,1;1114,3;
1268,4;201,1;1155,3;
1269,3;200,1;1129,2;
1270,3;198,1;1005,2;
1271,5;194,1;1258,4;
1272,2;192,1;927,1;
1273,2;189,1;315,1;
1274,5;185,1;1268,4;
1275,4;176,1;1261,3;
1276,3;169,1;1036,2;
1277,3;166,1;1083,2;
1278,4;161,1;1205,3;
1279,4;158,1;1241,3;
1280,4;155,1;1269,3;
1281,4;152,1;1276,3;
1282,5;150,1;1239,4;
1283,4;149,1;1145,3;
1284,2;146,1;33,1;
1285,4;145,1;1189,3;
1286,4;141,1;1078,3;
1287,2;138,1;534,1;
1288,4;136,1;1191,3;
1289,2;131,1;83,1;
1290,3;125,1;1006,2;
1291,5;121,1;1228,4;
1292,2;120,1;25,1;
1293,3;119,1;1263,2;
1294,3;118,1;1246,2;
1295,3;116,1;1048,2;
1296,3;114,1;1153,2;
1297,3;113,1;1196,2;
1298,2;112,1;462,1;
1299,6;111,1;1271,5;
1300,3;106,1;1212,2;
1301,4;99,1;1124,3;
1302,4;96,1;1199,3;
1303,2;90,1;597,1;
1304,3;87,1;1136,2;
1305,2;79,1;415,1;
1306,2;77,1;64,1;
1307,5;29,1;1152,4;
1308,2;12,1;840,1;
1309,3;7,1;1051,2;
1310,5;1,1;1280,4;
1311,8;1299,6;1245,2;
1312,4;1297,3;973,1;
1313,6;1295,3;1277,3;
1314,6;1284,2;1227,4;
1315,5;1264,4;391,1;
1316,6;1251,4;1236,2;
1317,7;1234,4;1235,3;
1318,4;1231,3;459,1;
1319,4;1230,3;416,1;
1320,5;1201,3;1013,2;
1321,8;1197,2;1314,6;
1322,3;1194,2;440,1;
1323,5;1065,3;1050,2;
1324,3;1106,2;922,1;
1325,8;1118,3;1310,5;
1326,4;1125,2;1159,2;
1327,5;1141,2;1322,3;
1328,3;1150,2;695,1;
1329,9;1325,8;16,1;
1330,3;1002,2;477,1;
1331,3;1003,2;233,1;
1332,6;1007,2;1301,4;
1333,3;1016,2;515,1;
1334,4;1017,2;1202,2;
1335,6;1020,2;1283,4;
1336,3;1021,2;10,1;
1337,4;1023,2;1121,2;
1338,5;1025,2;1294,3;
1339,8;1028,3;1338,5;
1340,5;1031,2;1270,3;
1341,3;1034,2;786,1;
1342,6;1037,2;1275,4;
1343,3;1039,2;775,1;
1344,3;1041,2;392,1;
1345,3;1043,2;134,1;
1346,7;1044,2;1291,5;
1347,4;1046,2;1073,2;
1348,5;1049,3;1094,2;
1349,3;1052,2;203,1;
1350,4;1053,2;1219,2;
1351,3;1054,2;103,1;
1352,8;1058,2;1335,6;
1353,8;1060,2;1313,6;
1354,3;1063,2;190,1;
1355,10;1066,2;1311,8;
1356,3;1067,2;921,1;
1357,3;1071,2;341,1;
1358,5;1072,2;1304,3;
1359,6;1075,3;1103,3;
1360,3;1076,2;343,1;
1361,3;1079,2;177,1;
1362,6;1081,2;1286,4;
1363,4;1084,2;1107,2;
1364,5;1085,2;1154,3;
1365,3;1088,2;743,1;
1366,7;1089,2;1195,5;
1367,3;1090,2;86,1;
1368,3;1095,2;681,1;
1369,7;1100,2;1340,5;
1370,5;1101,2;1142,3;
1371,4;1108,3;75,1;
1372,6;1109,2;1371,4;
1373,3;1111,2;174,1;
1374,9;1116,2;1221,7;
1375,4;1119,3;387,1;
1376,5;1120,2;1351,3;
1377,6;1123,5;129,1;
1378,8;1127,2;1377,6;
1379,4;1128,3;159,1;
1380,3;1130,2;250,1;
1381,3;1131,2;350,1;
1382,3;1133,2;26,1;
1383,11;1134,3;1352,8;
1384,7;1135,3;1256,4;
1385,7;1138,2;1364,5;
1386,4;1140,3;539,1;
1387,6;1143,2;1334,4;
1388,9;1146,2;1369,7;
1389,9;1147,5;1350,4;
1390,6;1148,2;1302,4;
1391,5;1151,3;1203,2;
1392,7;1156,2;1376,5;
1393,3;1157,2;269,1;
1394,6;1160,3;1360,3;
1395,10;1162,3;1317,7;
1396,5;1164,2;1257,3;
1397,7;1168,2;1396,5;
1398,3;1169,2;147,1;
1399,10;1170,2;1339,8;
1400,6;1172,3;1354,3;
1401,9;1173,3;1400,6;
1402,3;1175,2;762,1;
1403,3;1176,2;178,1;
1404,3;1177,2;828,1;
1405,4;1180,3;70,1;
1406,4;1183,2;1220,2;
1407,8;1184,3;1358,5;
1408,4;1188,3;673,1;
1409,6;1198,3;1367,3;
1410,6;1200,2;1281,4;
1411,5;1207,2;1380,3;
1412,4;1210,3;984,1;
1413,3;1211,2;353,1;
1414,4;1214,3;639,1;
1415,9;1215,3;1254,6;
1416,11;1218,2;1415,9;
1417,3;1222,2;182,1;
1418,6;1224,2;1414,4;
1419,3;1225,2;869,1;
1420,3;1226,2;170,1;
1421,7;1237,2;1370,5;
1422,4;1238,3;848,1;
1423,7;1240,2;1255,5;
1424,3;1242,2;585,1;
1425,3;1243,2;376,1;
1426,10;1247,2;1407,8;
1427,3;1248,2;791,1;
1428,5;1249,2;1427,3;
1429,7;1250,4;1402,3;
1430,4;1252,3;49,1;
1431,4;1253,3;837,1;
1432,8;1259,2;1359,6;
1433,3;1260,2;254,1;
1434,3;1262,2;290,1;
1435,11;1265,4;1397,7;
1436,11;1266,4;1421,7;
1437,11;1267,4;1392,7;
1438,3;1272,2;52,1;
1439,11;1273,2;1401,9;
1440,8;1274,5;1438,3;
1441,7;1278,4;1290,3;
1442,5;1279,4;383,1;
1443,6;1282,5;686,1;
1444,5;1285,4;428,1;
1445,9;1287,2;1384,7;
1446,5;1288,4;767,1;
1447,3;1289,2;38,1;
1448,3;1292,2;9,1;
1449,4;1296,3;108,1;
1450,3;1298,2;864,1;
1451,4;1300,3;400,1;
1452,3;1303,2;801,1;
1453,11;1305,2;1445,9;
1454,3;1306,2;511,1;
1455,6;1307,5;483,1;
1456,8;1308,2;1455,6;
1457,4;1309,3;987,1;
1458,5;1312,4;417,1;
1459,8;1315,5;1404,3;
1460,7;1316,6;63,1;
1461,7;1318,4;1382,3;
1462,5;1319,4;22,1;
1463,6;1320,5;128,1;
1464,9;1321,8;789,1;
1465,8;1323,5;1336,3;
1466,4;1324,3;275,1;
1467,5;1326,4;950,1;
1468,4;1328,3;91,1;
1469,10;1329,9;769,1;
1470,2;996,1;728,1;
1471,2;990,1;706,1;
1472,2;989,1;227,1;
1473,2;986,1;683,1;
1474,2;980,1;325,1;
1475,2;979,1;298,1;
1476,3;978,1;1475,2;
1477,4;976,1;1476,3;
1478,12;972,1;1416,11;
1479,5;971,1;1468,4;
1480,2;960,1;480,1;
1481,2;955,1;117,1;
1482,2;951,1;710,1;
1483,10;941,1;1388,9;
1484,4;937,1;1331,3;
1485,2;931,1;815,1;
1486,3;928,1;1485,2;
1487,2;926,1;393,1;
1488,2;924,1;268,1;
1489,4;917,1;1365,3;
1490,2;915,1;414,1;
1491,2;912,1;310,1;
1492,7;909,1;1332,6;
1493,2;906,1;18,1;
1494,5;905,1;1477,4;
1495,3;903,1;1470,2;
1496,2;900,1;39,1;
1497,2;892,1;184,1;
1498,2;891,1;867,1;
1499,13;889,1;1478,12;
1500,3;887,1;1480,2;
1501,9;886,1;1440,8;
1502,2;885,1;592,1;
1503,5;883,1;1484,4;
1504,2;882,1;865,1;
1505,5;878,1;1408,4;
1506,3;876,1;1474,2;
1507,10;870,1;1464,9;
1508,7;863,1;1342,6;
1509,2;857,1;13,1;
1510,2;854,1;548,1;
1511,9;852,1;1456,8;
1512,4;847,1;1500,3;
1513,10;845,1;1501,9;
1514,6;842,1;1428,5;
1515,2;841,1;667,1;
1516,5;838,1;1405,4;
1517,11;834,1;1355,10;
1518,4;830,1;1424,3;
1519,6;827,1;1444,5;
1520,9;826,1;1353,8;
1521,4;824,1;1330,3;
1522,2;819,1;442,1;
1523,6;817,1;1348,5;
1524,2;814,1;336,1;
1525,2;812,1;419,1;
1526,2;805,1;589,1;
1527,9;804,1;1465,8;
1528,7;802,1;1523,6;
1529,2;799,1;720,1;
1530,7;798,1;1514,6;
1531,5;794,1;1337,4;
1532,5;793,1;1451,4;
1533,6;784,1;1494,5;
1534,2;781,1;613,1;
1535,12;778,1;1517,11;
1536,13;777,1;1535,12;
1537,5;773,1;1375,4;
1538,4;770,1;1341,3;
1539,4;768,1;1361,3;
1540,2;765,1;705,1;
1541,2;760,1;436,1;
1542,2;753,1;547,1;
1543,6;748,1;1467,5;
1544,4;744,1;1393,3;
1545,2;738,1;5,1;
1546,3;737,1;1545,2;
1547,8;732,1;1429,7;
1548,2;729,1;542,1;
1549,2;727,1;498,1;
1550,11;725,1;1399,10;
1551,4;724,1;1403,3;
1552,2;723,1;574,1;
1553,2;722,1;105,1;
1554,5;719,1;1518,4;
1555,2;715,1;334,1;
1556,11;714,1;1426,10;
1557,11;713,1;1395,10;
1558,2;709,1;340,1;
1559,3;707,1;1526,2;
1560,2;704,1;212,1;
1561,10;703,1;1520,9;
1562,2;702,1;272,1;
1563,7;699,1;1409,6;
1564,8;696,1;1423,7;
1565,4;693,1;1546,3;
1566,3;691,1;1549,2;
1567,2;688,1;153,1;
1568,8;687,1;1461,7;
1569,2;680,1;296,1;
1570,2;678,1;71,1;
1571,2;677,1;140,1;
1572,3;676,1;1571,2;
1573,2;671,1;397,1;
1574,4;670,1;1495,3;
1575,2;669,1;311,1;
1576,6;658,1;1446,5;
1577,10;656,1;1511,9;
1578,8;655,1;1346,7;
1579,8;653,1;1441,7;
1580,2;651,1;595,1;
1581,5;646,1;1363,4;
1582,2;636,1;144,1;
1583,2;631,1;443,1;
1584,11;627,1;1577,10;
1585,6;624,1;1411,5;
1586,5;623,1;1457,4;
1587,2;621,1;139,1;
1588,2;619,1;162,1;
1589,2;617,1;312,1;
1590,2;616,1;297,1;
1591,3;611,1;1589,2;
1592,2;610,1;377,1;
1593,4;606,1;1356,3;
1594,3;605,1;1496,2;
1595,2;604,1;394,1;
1596,9;603,1;1579,8;
1597,9;602,1;1568,8;
1598,2;599,1;80,1;
1599,12;596,1;1557,11;
1600,4;594,1;1486,3;
1601,11;587,1;1513,10;
1602,3;584,1;1541,2;
1603,2;581,1;451,1;
1604,5;578,1;1544,4;
1605,6;576,1;1391,5;
1606,8;575,1;1366,7;
1607,11;573,1;1561,10;
1608,12;571,1;1435,11;
1609,2;569,1;207,1;
1610,4;567,1;1381,3;
1611,7;566,1;1585,6;
1612,11;564,1;1483,10;
1613,12;561,1;1612,11;
1614,4;558,1;1398,3;
1615,7;554,1;1533,6;
1616,3;551,1;1609,2;
1617,3;541,1;1575,2;
1618,4;540,1;1452,3;
1619,6;538,1;1516,5;
1620,2;535,1;56,1;
1621,3;532,1;1490,2;
1622,2;531,1;326,1;
1623,2;527,1;345,1;
1624,2;525,1;252,1;
1625,13;523,1;1613,12;
1626,2;520,1;193,1;
1627,4;517,1;1621,3;
1628,8;514,1;1492,7;
1629,8;512,1;1530,7;
1630,9;505,1;1459,8;
1631,2;504,1;485,1;
1632,7;503,1;1463,6;
1633,2;494,1;434,1;
1634,7;492,1;1390,6;
1635,6;491,1;1503,5;
1636,4;489,1;1357,3;
1637,2;479,1;165,1;
1638,9;473,1;1547,8;
1639,6;472,1;1442,5;
1640,2;471,1;167,1;
1641,7;468,1;1394,6;
1642,7;467,1;1635,6;
1643,7;465,1;1576,6;
1644,12;457,1;1437,11;
1645,2;456,1;255,1;
1646,12;455,1;1439,11;
1647,7;445,1;1543,6;
1648,2;444,1;266,1;
1649,6;435,1;1505,5;
1650,2;433,1;11,1;
1651,2;431,1;356,1;
1652,9;430,1;1628,8;
1653,4;429,1;1616,3;
1654,8;426,1;1611,7;
1655,2;424,1;332,1;
1656,2;422,1;295,1;
1657,2;420,1;403,1;
1658,5;413,1;1627,4;
1659,4;411,1;1368,3;
1660,10;402,1;1630,9;
1661,8;401,1;1642,7;
1662,7;399,1;1387,6;
1663,4;396,1;1349,3;
1664,5;386,1;1551,4;
1665,2;385,1;100,1;
1666,5;384,1;1466,4;
1667,7;382,1;1418,6;
1668,4;373,1;1333,3;
1669,2;372,1;154,1;
1670,7;369,1;1410,6;
1671,2;367,1;101,1;
1672,4;362,1;1450,3;
1673,8;361,1;1634,7;
1674,8;354,1;1508,7;
1675,3;346,1;1587,2;
1676,9;331,1;1578,8;
1677,3;330,1;1573,2;
1678,2;329,1;55,1;
1679,2;328,1;72,1;
1680,5;324,1;1618,4;
1681,4;318,1;1506,3;
1682,3;317,1;1515,2;
1683,4;308,1;1682,3;
1684,2;307,1;132,1;
1685,4;305,1;1447,3;
1686,3;302,1;1622,2;
1687,4;300,1;1419,3;
1688,6;293,1;1479,5;
1689,2;289,1;179,1;
1690,10;286,1;1652,9;
1691,5;281,1;1565,4;
1692,10;276,1;1676,9;
1693,3;265,1;1588,2;
1694,12;264,1;1607,11;
1695,8;259,1;1563,7;
1696,3;257,1;1472,2;
1697,2;249,1;156,1;
1698,6;237,1;1537,5;
1699,2;236,1;97,1;
1700,5;235,1;1672,4;
1701,13;234,1;1646,12;
1702,6;232,1;1700,5;
1703,5;231,1;1347,4;
1704,9;229,1;1674,8;
1705,2;222,1;225,1;
1706,4;221,1;1559,3;
1707,5;216,1;1685,4;
1708,2;213,1;171,1;
1709,13;211,1;1694,12;
1710,12;209,1;1453,11;
1711,14;205,1;1709,13;
1712,8;202,1;1385,7;
1713,3;187,1;1540,2;
1714,4;186,1;1713,3;
1715,3;183,1;1651,2;
1716,10;173,1;1389,9;
1717,6;164,1;1691,5;
1718,7;160,1;1519,6;
1719,3;157,1;1555,2;
1720,7;151,1;1619,6;
1721,2;133,1;135,1;
1722,8;127,1;1643,7;
1723,7;109,1;1649,6;
1724,3;107,1;1481,2;
1725,9;104,1;1722,8;
1726,10;98,1;1374,9;
1727,14;82,1;1625,13;
1728,4;74,1;1448,3;
1729,9;73,1;1564,8;
1730,7;69,1;1372,6;
1731,5;66,1;1683,4;
1732,14;61,1;1701,13;
1733,15;60,1;1732,14;
1734,8;58,1;1460,7;
1735,11;54,1;1726,10;
1736,5;51,1;1489,4;
1737,7;50,1;1702,6;
1738,11;46,1;1716,10;
1739,12;45,1;1738,11;
1740,12;43,1;1584,11;
1741,5;40,1;1610,4;
1742,5;21,1;1600,4;
1743,11;19,1;1692,10;
1744,10;14,1;1597,9;
1745,9;2,1;1712,8;
1746,8;0,1;1662,7;
1747,21;1745,9;1644,12;
1748,18;1744,10;1654,8;
1749,16;1743,11;1581,5;
1750,7;1742,5;1620,2;
1751,13;1740,12;243,1;
1752,17;1739,12;1664,5;
1753,12;1737,7;1586,5;
1754,9;1736,5;1539,4;
1755,29;1735,11;1748,18;
1756,23;1733,15;1673,8;
1757,8;1731,5;1572,3;
1758,9;1730,7;1497,2;
1759,19;1729,9;1507,10;
1760,12;1728,4;1661,8;
1761,19;1727,14;1532,5;
1762,18;1725,9;1758,9;
1763,6;1724,3;1675,3;
1764,15;1723,7;1629,8;
1765,25;1720,7;1762,18;
1766,10;1718,7;1602,3;
1767,8;1717,6;1669,2;
1768,16;1711,14;1623,2;
1769,14;1710,12;1580,2;
1770,7;1707,5;1640,2;
1771,10;1706,4;1698,6;
1772,4;1705,2;1558,2;
1773,10;1695,8;1498,2;
1774,19;1693,3;1749,16;
1775,13;1690,10;1454,3;
1776,19;1688,6;1536,13;
1777,4;1684,2;1637,2;
1778,8;1681,4;1574,4;
1779,24;1680,5;1776,19;
1780,13;1667,7;1605,6;
1781,24;1666,5;1759,19;
1782,5;1343,3;1553,2;
1783,6;1344,3;1591,3;
1784,22;1345,3;1761,19;
1785,12;1378,8;1412,4;
1786,13;1383,11;1567,2;
1787,17;1406,4;1499,13;
1788,7;1413,3;1430,4;
1789,6;1422,4;1504,2;
1790,10;1432,8;1569,2;
1791,16;1436,11;1658,5;
1792,8;1443,6;1482,2;
1793,8;1449,4;1614,4;
1794,9;1458,5;1653,4;
1795,12;1469,10;1590,2;
1796,13;1471,2;1601,11;
1797,11;1487,2;1527,9;
1798,15;1502,2;1796,13;
1799,14;1510,2;1608,12;
1800,18;1512,4;1799,14;
1801,28;1521,4;1779,24;
1802,20;1522,2;1800,18;
1803,9;1524,2;1615,7;
1804,7;1525,2;1604,5;
1805,11;1529,2;1754,9;
1806,7;1531,5;1595,2;
1807,10;1534,2;1606,8;
1808,12;1542,2;1660,10;
1809,13;1550,11;1650,2;
1810,17;1552,2;1798,15;
1811,35;1556,11;1781,24;
1812,21;1562,2;1774,19;
1813,15;1570,2;1809,13;
1814,4;1583,2;1665,2;
1815,18;1592,2;1768,16;
1816,17;1599,12;1703,5;
1817,7;1624,2;1782,5;
1818,25;1638,9;1791,16;
1819,24;1647,7;1816,17;
1820,10;1655,2;1792,8;
1821,26;1656,2;1819,24;
1822,3;1657,2;788,1;
1823,19;1659,4;1764,15;
1824,25;1747,21;1777,4;
1825,24;1752,17;1528,7;
1826,22;1753,12;1766,10;
1827,17;1760,12;1327,5;
1828,29;1765,25;1663,4;
1829,21;1767,8;1780,13;
1830,17;1771,10;1788,7;
1831,25;1775,13;1795,12;
1832,19;1785,12;1817,7;
1833,39;1787,17;1826,22;
1834,16;1790,10;1789,6;
1835,31;1801,28;1373,3;
1836,21;1802,20;779,1;
1837,30;1804,7;1756,23;
1838,14;1805,11;1822,3;
1839,9;1806,7;1699,2;
1840,13;1808,12;284,1;
1841,25;1810,17;1793,8;
1842,23;1812,21;1582,2;
1843,37;1815,18;1823,19;
1844,27;1818,25;1560,2;
1845,15;1820,10;1554,5;
1846,34;1821,26;1746,8;
1847,33;1824,25;1734,8;
1848,31;1827,17;1838,14;
1849,23;1829,21;1708,2;
1850,40;1831,25;1845,15;
1851,20;1834,16;1636,4;
1852,22;1839,9;1786,13;
1853,45;1841,25;1851,20;
1854,49;1853,45;1814,4;
1855,50;1854,49;47,1;
1856,21;1679,2;1832,19;
1857,26;1434,3;1842,23;
1858,19;1491,2;1830,17;
1859,28;1633,2;1857,26;
1860,31;1689,2;1828,29;
1861,37;1778,8;1755,29;
1862,41;1784,22;1858,19;
1863,43;1847,33;1807,10;
1864,14;1293,3;1797,11;
1865,15;674,1;1769,14;
1866,16;580,1;1865,15;
1867,24;579,1;1849,23;
1868,2;453,1;499,1;
1869,14;437,1;1751,13;
1870,38;292,1;1861,37;
1871,22;148,1;1856,21;
1872,25;123,1;1825,24;
1873,35;67,1;1846,34;
1874,23;57,1;1871,22;
1875,2;53,1;102,1;
1876,6;1875,2;1379,4;
1877,39;1870,38;226,1;
1878,20;1869,14;1362,6;
1879,33;1868,2;1860,31;
1880,45;1876,6;1833,39;
1881,23;1878,20;1696,3;
1882,41;1872,25;1866,16;
1883,46;1741,5;1882,41;
1884,45;1639,6;1877,39;
1885,48;1686,3;1884,45;
1886,47;1883,46;8,1;
1887,49;1885,48;17,1;
1888,25;1867,24;30,1;
1889,24;1874,23;35,1;
1890,29;1859,28;36,1;
1891,42;1862,41;41,1;
1892,44;1863,43;42,1;
1893,15;1864,14;48,1;
1894,36;1873,35;126,1;
1895,34;1879,33;130,1;
1896,46;1880,45;172,1;
1897,24;1881,23;181,1;
1898,32;1835,31;191,1;
1899,4;1719,3;215,1;
1900,5;1548,2;1566,3;
1901,7;1433,3;1899,4;
1902,34;1488,2;1898,32;
1903,4;1509,2;1473,2;
1904,4;1603,2;1598,2;
1905,5;1631,2;1617,3;
1906,4;1648,2;1645,2;
1907,5;1677,3;1671,2;
1908,7;1678,2;1907,5;
1909,6;1697,2;1687,4;
1910,37;1715,3;1902,34;
1911,16;1813,15;721,1;
1912,4;1186,2;1171,2;
1913,7;1206,3;1912,4;
1914,8;881,1;1913,7;
1915,28;880,1;1844,27;
1916,9;730,1;1914,8;
1917,10;700,1;1916,9;
1918,11;652,1;1917,10;
1919,12;642,1;1918,11;
1920,43;568,1;1891,42;
1921,10;556,1;1803,9;
1922,44;529,1;1920,43;
1923,13;439,1;1919,12;
1924,29;432,1;1915,28;
1925,11;381,1;1921,10;
1926,10;374,1;1794,9;
1927,11;348,1;1926,10;
1928,7;342,1;1783,6;
1929,8;333,1;1928,7;
1930,9;327,1;1929,8;
1931,10;322,1;1930,9;
1932,38;278,1;1843,37;
1933,11;274,1;1931,10;
1934,14;271,1;1840,13;
1935,15;248,1;1934,14;
1936,16;242,1;1935,15;
1937,17;238,1;1936,16;
1938,18;219,1;1937,17;
1939,55;1910,37;1938,18;
1940,11;1906,4;1908,7;
1941,11;1905,5;1909,6;
1942,8;1903,4;1904,4;
1943,18;1901,7;1941,11;
1944,13;1900,5;1942,8;
1945,39;1890,29;1773,10;
1946,17;1944,13;1772,4;
1947,54;1886,47;1770,7;
1948,55;1887,49;1763,6;
1949,42;1888,25;1946,17;
1950,32;1889,24;1757,8;
1951,51;1892,44;1750,7;
1952,17;1893,15;1721,2;
1953,40;1894,36;1714,4;
1954,41;1895,34;1670,7;
1955,50;1896,46;1668,4;
1956,31;1897,24;1632,7;
1957,25;1911,16;1596,9;
1958,49;1922,44;1462,5;
1959,17;1923,13;1431,4;
1960,32;1924,29;1425,3;
1961,14;1925,11;1420,3;
1962,14;1927,11;1417,3;
1963,52;1932,38;1962,14;
1964,15;1933,11;1386,4;
1965,57;1939,55;1493,2;
1966,15;1940,11;1538,4;
1967,22;1943,18;1593,4;
1968,42;1945,39;1594,3;
1969,11;1704,9;1626,2;
1970,18;1641,7;1969,11;
1971,53;1811,35;1970,18;
1972,74;1836,21;1971,53;
1973,105;1848,31;1972,74;
1974,82;1850,40;1949,42;
1975,104;1852,22;1974,82;
1976,209;1975,104;1973,105;
1977,64;1968,42;1967,22;
1978,224;1966,15;1976,209;
1979,239;1964,15;1978,224;
1980,253;1961,14;1979,239;
1981,285;1960,32;1980,253;
1982,302;1959,17;1981,285;
1983,327;1957,25;1982,302;
1984,358;1956,31;1983,327;
1985,399;1954,41;1984,358;
1986,416;1952,17;1985,399;
1987,448;1950,32;1986,416;
1988,512;1977,64;1987,448;
1989,105;1947,54;1951,51;
1990,567;1948,55;1988,512;
1991,607;1953,40;1990,567;
1992,155;1955,50;1989,105;
1993,101;1958,49;1963,52;
1994,212;1965,57;1992,155;
1995,131;1837,30;1993,101;
1996,181;1855,50;1995,131;
1997,393;1996,181;1994,212;
1998,1000;1991,607;1997,393;
