1797,2;1648,1;1585,1;
1798,2;1250,1;1247,1;
1799,3;1797,2;1640,1;
1800,3;1798,2;1227,1;
1801,2;1796,1;1781,1;
1802,2;1795,1;254,1;
1803,2;1794,1;148,1;
1804,2;1793,1;160,1;
1805,2;1792,1;1698,1;
1806,2;1791,1;817,1;
1807,2;1790,1;846,1;
1808,2;1789,1;1763,1;
1809,2;1788,1;1171,1;
1810,2;1787,1;358,1;
1811,2;1786,1;149,1;
1812,2;1785,1;236,1;
1813,2;1784,1;1692,1;
1814,2;1783,1;470,1;
1815,2;1782,1;501,1;
1816,2;1780,1;1469,1;
1817,2;1779,1;1174,1;
1818,2;1778,1;900,1;
1819,2;1777,1;1198,1;
1820,2;1776,1;1682,1;
1821,2;1775,1;597,1;
1822,2;1774,1;1766,1;
1823,2;1773,1;1421,1;
1824,2;1772,1;1736,1;
1825,2;1771,1;6,1;
1826,2;1770,1;193,1;
1827,3;1769,1;1810,2;
1828,2;1768,1;1598,1;
1829,2;1767,1;97,1;
1830,2;1765,1;1670,1;
1831,3;1764,1;1809,2;
1832,2;1762,1;620,1;
1833,2;1761,1;624,1;
1834,2;1760,1;298,1;
1835,3;1759,1;1824,2;
1836,2;1758,1;339,1;
1837,2;1757,1;1071,1;
1838,2;1756,1;175,1;
1839,2;1755,1;195,1;
1840,2;1754,1;1735,1;
1841,2;1753,1;1719,1;
1842,2;1752,1;397,1;
1843,2;1751,1;181,1;
1844,3;1750,1;1838,2;
1845,2;1749,1;1673,1;
1846,2;1748,1;157,1;
1847,3;1747,1;1822,2;
1848,2;1746,1;1687,1;
1849,2;1745,1;1739,1;
1850,2;1744,1;762,1;
1851,2;1743,1;138,1;
1852,2;1741,1;1713,1;
1853,2;1740,1;1686,1;
1854,2;1738,1;1672,1;
1855,2;1737,1;823,1;
1856,2;1734,1;212,1;
1857,2;1733,1;1701,1;
1858,2;1732,1;1131,1;
1859,2;1731,1;1012,1;
1860,4;1730,1;1844,3;
1861,2;1729,1;269,1;
1862,2;1727,1;1726,1;
1863,2;1725,1;1683,1;
1864,2;1724,1;1427,1;
1865,3;1723,1;1834,2;
1866,2;1722,1;416,1;
1867,2;1721,1;1499,1;
1868,2;1720,1;274,1;
1869,2;1718,1;1437,1;
1870,2;1717,1;184,1;
1871,2;1716,1;1029,1;
1872,2;1715,1;229,1;
1873,2;1714,1;1120,1;
1874,2;1712,1;1202,1;
1875,2;1711,1;543,1;
1876,2;1710,1;995,1;
1877,2;1709,1;615,1;
1878,2;1707,1;1685,1;
1879,2;1706,1;1507,1;
1880,2;1705,1;654,1;
1881,3;1704,1;1879,2;
1882,3;1703,1;1804,2;
1883,2;1702,1;71,1;
1884,2;1700,1;1054,1;
1885,2;1699,1;102,1;
1886,2;1697,1;1365,1;
1887,2;1696,1;785,1;
1888,2;1695,1;1675,1;
1889,2;1694,1;602,1;
1890,3;1693,1;1845,2;
1891,2;1691,1;1681,1;
1892,3;1690,1;1830,2;
1893,2;1689,1;1679,1;
1894,4;1688,1;1865,3;
1895,2;1684,1;52,1;
1896,5;1680,1;1860,4;
1897,2;1678,1;716,1;
1898,2;1677,1;435,1;
1899,2;1676,1;425,1;
1900,3;1674,1;1889,2;
1901,2;1671,1;247,1;
1902,2;1669,1;1466,1;
1903,3;1668,1;1877,2;
1904,2;1667,1;396,1;
1905,2;1666,1;1619,1;
1906,2;1665,1;1633,1;
1907,3;1664,1;1905,2;
1908,2;1663,1;1359,1;
1909,2;1662,1;1575,1;
1910,2;1661,1;1584,1;
1911,2;1660,1;1611,1;
1912,2;1659,1;1568,1;
1913,2;1658,1;1639,1;
1914,2;1656,1;1560,1;
1915,2;1655,1;1234,1;
1916,3;1653,1;1812,2;
1917,2;1652,1;1607,1;
1918,2;1651,1;1549,1;
1919,2;1650,1;1396,1;
1920,2;1649,1;81,1;
1921,3;1647,1;1825,2;
1922,2;1646,1;105,1;
1923,2;1645,1;1609,1;
1924,3;1644,1;1913,2;
1925,3;1643,1;1912,2;
1926,2;1642,1;718,1;
1927,3;1641,1;1918,2;
1928,3;1638,1;1910,2;
1929,2;1637,1;1583,1;
1930,2;1636,1;323,1;
1931,2;1635,1;1294,1;
1932,2;1634,1;1097,1;
1933,2;1632,1;1624,1;
1934,4;1631,1;1799,3;
1935,2;1630,1;1548,1;
1936,2;1629,1;34,1;
1937,2;1628,1;69,1;
1938,2;1627,1;1604,1;
1939,2;1626,1;1213,1;
1940,2;1625,1;778,1;
1941,2;1623,1;1601,1;
1942,4;1622,1;1916,3;
1943,2;1621,1;1329,1;
1944,2;1620,1;786,1;
1945,3;1617,1;1885,2;
1946,2;1616,1;287,1;
1947,2;1615,1;179,1;
1948,2;1614,1;763,1;
1949,3;1613,1;1932,2;
1950,2;1612,1;375,1;
1951,3;1610,1;1941,2;
1952,4;1608,1;1951,3;
1953,6;1606,1;1896,5;
1954,7;1605,1;1953,6;
1955,2;1603,1;1588,1;
1956,3;1602,1;1955,2;
1957,2;1600,1;648,1;
1958,2;1599,1;1564,1;
1959,2;1597,1;1364,1;
1960,2;1596,1;1410,1;
1961,2;1595,1;191,1;
1962,2;1594,1;953,1;
1963,2;1592,1;1128,1;
1964,3;1591,1;1947,2;
1965,3;1590,1;1943,2;
1966,2;1589,1;204,1;
1967,3;1587,1;1938,2;
1968,2;1586,1;299,1;
1969,3;1582,1;1909,2;
1970,2;1579,1;1307,1;
1971,3;1578,1;1914,2;
1972,2;1577,1;1354,1;
1973,2;1576,1;163,1;
1974,2;1574,1;1562,1;
1975,4;1573,1;1964,3;
1976,2;1571,1;1175,1;
1977,2;1570,1;894,1;
1978,3;1569,1;1923,2;
1979,3;1567,1;1917,2;
1980,2;1566,1;1376,1;
1981,2;1565,1;1102,1;
1982,3;1563,1;1908,2;
1983,3;1561,1;1936,2;
1984,2;1559,1;260,1;
1985,2;1558,1;316,1;
1986,3;1557,1;1981,2;
1987,2;1556,1;1107,1;
1988,2;1555,1;1545,1;
1989,2;1554,1;738,1;
1990,3;1553,1;1897,2;
1991,2;1551,1;1382,1;
1992,4;1550,1;1971,3;
1993,2;1547,1;22,1;
1994,2;1546,1;1076,1;
1995,2;1544,1;1453,1;
1996,2;1543,1;1452,1;
1997,2;1542,1;1529,1;
1998,2;1541,1;1463,1;
1999,3;1540,1;1996,2;
2000,2;1539,1;840,1;
2001,2;1538,1;1537,1;
2002,2;1536,1;1429,1;
2003,2;1535,1;625,1;
2004,2;1534,1;455,1;
2005,2;1533,1;1523,1;
2006,2;1532,1;1447,1;
2007,2;1531,1;1472,1;
2008,2;1530,1;1362,1;
2009,2;1528,1;1465,1;
2010,2;1527,1;1476,1;
2011,2;1526,1;584,1;
2012,2;1525,1;1502,1;
2013,2;1524,1;930,1;
2014,2;1522,1;1485,1;
2015,2;1521,1;65,1;
2016,2;1520,1;1484,1;
2017,2;1519,1;1510,1;
2018,2;1518,1;1498,1;
2019,2;1517,1;1461,1;
2020,2;1516,1;1445,1;
2021,2;1515,1;1439,1;
2022,2;1514,1;1462,1;
2023,2;1513,1;1475,1;
2024,3;1512,1;2021,2;
2025,2;1511,1;1455,1;
2026,2;1509,1;1496,1;
2027,2;1508,1;1426,1;
2028,2;1506,1;1460,1;
2029,2;1505,1;1436,1;
2030,2;1504,1;319,1;
2031,3;1503,1;2017,2;
2032,2;1501,1;783,1;
2033,2;1500,1;1416,1;
2034,2;1497,1;1007,1;
2035,3;1495,1;2014,2;
2036,3;1494,1;1998,2;
2037,2;1493,1;1470,1;
2038,2;1492,1;1490,1;
2039,3;1491,1;2025,2;
2040,2;1489,1;1320,1;
2041,2;1488,1;1454,1;
2042,2;1487,1;565,1;
2043,2;1486,1;1450,1;
2044,3;1483,1;2000,2;
2045,3;1482,1;1823,2;
2046,2;1481,1;921,1;
2047,2;1480,1;1005,1;
2048,3;1479,1;2002,2;
2049,2;1478,1;1477,1;
2050,2;1474,1;315,1;
2051,3;1473,1;2034,2;
2052,4;1471,1;2035,3;
2053,2;1468,1;829,1;
2054,2;1467,1;949,1;
2055,4;1464,1;2036,3;
2056,3;1459,1;2026,2;
2057,4;1458,1;2056,3;
2058,3;1457,1;2022,2;
2059,4;1456,1;2044,3;
2060,5;1451,1;2055,4;
2061,2;1449,1;967,1;
2062,2;1448,1;1021,1;
2063,3;1446,1;2004,2;
2064,2;1444,1;1424,1;
2065,2;1443,1;1026,1;
2066,2;1442,1;1422,1;
2067,2;1441,1;1431,1;
2068,2;1440,1;291,1;
2069,2;1438,1;865,1;
2070,2;1435,1;311,1;
2071,4;1434,1;1881,3;
2072,3;1433,1;2065,2;
2073,3;1432,1;2066,2;
2074,3;1430,1;2043,2;
2075,3;1428,1;2049,2;
2076,2;1425,1;49,1;
2077,4;1423,1;2072,3;
2078,2;1420,1;562,1;
2079,2;1419,1;520,1;
2080,2;1418,1;259,1;
2081,3;1417,1;1902,2;
2082,2;1415,1;925,1;
2083,2;1414,1;1315,1;
2084,2;1413,1;1323,1;
2085,2;1412,1;585,1;
2086,2;1411,1;1355,1;
2087,2;1409,1;1327,1;
2088,2;1408,1;1398,1;
2089,3;1407,1;1883,2;
2090,2;1406,1;1392,1;
2091,2;1405,1;764,1;
2092,2;1404,1;1358,1;
2093,2;1403,1;1051,1;
2094,2;1402,1;1084,1;
2095,2;1401,1;1325,1;
2096,2;1400,1;1104,1;
2097,2;1399,1;698,1;
2098,3;1397,1;2088,2;
2099,2;1395,1;94,1;
2100,4;1394,1;1965,3;
2101,2;1393,1;1215,1;
2102,5;1391,1;1952,4;
2103,2;1390,1;1160,1;
2104,4;1389,1;1945,3;
2105,3;1388,1;1970,2;
2106,2;1387,1;1254,1;
2107,5;1386,1;2100,4;
2108,2;1385,1;705,1;
2109,2;1384,1;1351,1;
2110,3;1383,1;2095,2;
2111,5;1381,1;2057,4;
2112,2;1380,1;349,1;
2113,2;1379,1;1282,1;
2114,3;1378,1;2023,2;
2115,2;1377,1;777,1;
2116,2;1375,1;1313,1;
2117,3;1374,1;2086,2;
2118,2;1373,1;819,1;
2119,2;1372,1;787,1;
2120,3;1371,1;2093,2;
2121,2;1370,1;1332,1;
2122,6;1369,1;2102,5;
2123,2;1368,1;1164,1;
2124,2;1367,1;1168,1;
2125,2;1366,1;1335,1;
2126,3;1363,1;1803,2;
2127,2;1361,1;583,1;
2128,3;1360,1;1853,2;
2129,2;1357,1;1334,1;
2130,3;1356,1;1946,2;
2131,2;1353,1;1352,1;
2132,3;1350,1;2108,2;
2133,2;1349,1;1090,1;
2134,3;1348,1;2123,2;
2135,4;1347,1;2132,3;
2136,4;1346,1;1924,3;
2137,3;1345,1;2131,2;
2138,2;1344,1;1337,1;
2139,3;1343,1;2124,2;
2140,2;1342,1;464,1;
2141,2;1341,1;1299,1;
2142,2;1340,1;1295,1;
2143,2;1339,1;1304,1;
2144,3;1338,1;2138,2;
2145,3;1336,1;1988,2;
2146,3;1333,1;2040,2;
2147,3;1331,1;2091,2;
2148,2;1330,1;820,1;
2149,3;1328,1;2109,2;
2150,2;1326,1;589,1;
2151,2;1324,1;849,1;
2152,4;1322,1;2089,3;
2153,3;1321,1;2116,2;
2154,4;1319,1;2146,3;
2155,3;1318,1;2090,2;
2156,3;1317,1;2042,2;
2157,2;1316,1;1188,1;
2158,3;1314,1;2143,2;
2159,5;1312,1;2154,4;
2160,2;1311,1;1301,1;
2161,4;1310,1;2075,3;
2162,2;1309,1;205,1;
2163,2;1308,1;218,1;
2164,3;1306,1;2157,2;
2165,2;1303,1;16,1;
2166,2;1300,1;1087,1;
2167,2;1298,1;1204,1;
2168,4;1297,1;2105,3;
2169,2;1296,1;924,1;
2170,2;1293,1;1263,1;
2171,3;1292,1;2006,2;
2172,4;1291,1;2149,3;
2173,2;1290,1;13,1;
2174,2;1289,1;1081,1;
2175,3;1288,1;2033,2;
2176,2;1287,1;1049,1;
2177,4;1286,1;2110,3;
2178,2;1285,1;293,1;
2179,5;1284,1;2177,4;
2180,2;1283,1;1235,1;
2181,2;1281,1;110,1;
2182,2;1280,1;40,1;
2183,6;1279,1;2179,5;
2184,2;1278,1;64,1;
2185,2;1277,1;176,1;
2186,2;1276,1;1230,1;
2187,2;1275,1;1269,1;
2188,2;1274,1;766,1;
2189,2;1272,1;1211,1;
2190,2;1270,1;830,1;
2191,2;1268,1;946,1;
2192,4;1267,1;2117,3;
2193,2;1266,1;165,1;
2194,2;1265,1;1238,1;
2195,5;1262,1;2071,4;
2196,2;1261,1;1223,1;
2197,2;1260,1;1240,1;
2198,2;1259,1;376,1;
2199,2;1258,1;335,1;
2200,2;1257,1;353,1;
2201,2;1256,1;1126,1;
2202,2;1255,1;859,1;
2203,7;1253,1;2183,6;
2204,3;1252,1;1930,2;
2205,2;1251,1;1209,1;
2206,2;1249,1;1196,1;
2207,5;1246,1;2136,4;
2208,2;1245,1;1222,1;
2209,3;1244,1;2106,2;
2210,2;1243,1;568,1;
2211,3;1242,1;2167,2;
2212,2;1241,1;340,1;
2213,3;1239,1;2208,2;
2214,3;1237,1;2115,2;
2215,2;1236,1;1187,1;
2216,3;1233,1;1868,2;
2217,2;1232,1;278,1;
2218,2;1231,1;1162,1;
2219,3;1229,1;2215,2;
2220,2;1228,1;692,1;
2221,2;1226,1;199,1;
2222,2;1225,1;1148,1;
2223,3;1224,1;2196,2;
2224,4;1221,1;1831,3;
2225,3;1220,1;2173,2;
2226,2;1219,1;23,1;
2227,4;1218,1;2134,3;
2228,2;1217,1;385,1;
2229,2;1216,1;1116,1;
2230,2;1214,1;331,1;
2231,4;1212,1;2219,3;
2232,4;1210,1;2216,3;
2233,2;1208,1;668,1;
2234,3;1207,1;2230,2;
2235,2;1206,1;1193,1;
2236,3;1205,1;2235,2;
2237,2;1203,1;717,1;
2238,5;1201,1;2227,4;
2239,3;1200,1;2194,2;
2240,3;1199,1;1873,2;
2241,2;1197,1;38,1;
2242,4;1194,1;2155,3;
2243,2;1192,1;781,1;
2244,2;1191,1;1094,1;
2245,2;1190,1;893,1;
2246,2;1189,1;1075,1;
2247,2;1186,1;251,1;
2248,3;1185,1;2083,2;
2249,3;1184,1;1875,2;
2250,2;1183,1;989,1;
2251,2;1182,1;135,1;
2252,2;1181,1;557,1;
2253,3;1180,1;2229,2;
2254,3;1179,1;1850,2;
2255,4;1178,1;2211,3;
2256,3;1177,1;2199,2;
2257,3;1173,1;1832,2;
2258,2;1172,1;748,1;
2259,2;1170,1;345,1;
2260,2;1169,1;959,1;
2261,3;1167,1;1886,2;
2262,3;1166,1;2247,2;
2263,2;1163,1;931,1;
2264,2;1161,1;41,1;
2265,3;1159,1;1940,2;
2266,4;1158,1;2139,3;
2267,5;1157,1;2168,4;
2268,2;1156,1;1057,1;
2269,2;1155,1;125,1;
2270,3;1154,1;2268,2;
2271,2;1153,1;552,1;
2272,2;1152,1;31,1;
2273,2;1151,1;1124,1;
2274,2;1147,1;1136,1;
2275,4;1146,1;2128,3;
2276,2;1145,1;1135,1;
2277,2;1144,1;1034,1;
2278,2;1143,1;979,1;
2279,2;1142,1;1041,1;
2280,2;1141,1;1037,1;
2281,2;1140,1;1017,1;
2282,3;1139,1;1968,2;
2283,2;1138,1;1091,1;
2284,4;1137,1;2209,3;
2285,4;1134,1;1800,3;
2286,4;1133,1;2031,3;
2287,3;1132,1;1805,2;
2288,2;1130,1;1110,1;
2289,5;1129,1;2104,4;
2290,3;1127,1;2222,2;
2291,4;1125,1;2253,3;
2292,2;1123,1;1103,1;
2293,4;1122,1;2204,3;
2294,2;1121,1;948,1;
2295,2;1119,1;19,1;
2296,2;1118,1;231,1;
2297,3;1117,1;1837,2;
2298,2;1115,1;734,1;
2299,2;1114,1;1053,1;
2300,2;1113,1;1088,1;
2301,2;1112,1;1050,1;
2302,2;1111,1;977,1;
2303,3;1109,1;2298,2;
2304,4;1108,1;2282,3;
2305,4;1106,1;2156,3;
2306,2;1105,1;1082,1;
2307,2;1101,1;679,1;
2308,5;1100,1;2232,4;
2309,2;1099,1;935,1;
2310,3;1098,1;2274,2;
2311,2;1096,1;1048,1;
2312,2;1095,1;275,1;
2313,4;1093,1;2213,3;
2314,2;1092,1;652,1;
2315,3;1089,1;2103,2;
2316,2;1085,1;468,1;
2317,3;1083,1;2201,2;
2318,2;1080,1;1047,1;
2319,2;1079,1;1072,1;
2320,2;1077,1;1065,1;
2321,2;1074,1;1052,1;
2322,6;1073,1;2111,5;
2323,2;1069,1;248,1;
2324,3;1068,1;2178,2;
2325,3;1067,1;2292,2;
2326,3;1066,1;2311,2;
2327,2;1064,1;1061,1;
2328,2;1063,1;223,1;
2329,3;1062,1;2246,2;
2330,4;1060,1;2324,3;
2331,3;1059,1;2309,2;
2332,4;1058,1;2326,3;
2333,3;1056,1;2294,2;
2334,2;1055,1;939,1;
2335,2;1046,1;1013,1;
2336,3;1045,1;2067,2;
2337,2;1044,1;32,1;
2338,2;1042,1;1032,1;
2339,4;1040,1;2240,3;
2340,3;1039,1;1898,2;
2341,2;1038,1;220,1;
2342,2;1036,1;983,1;
2343,2;1035,1;741,1;
2344,2;1033,1;1023,1;
2345,2;1031,1;84,1;
2346,4;1030,1;1847,3;
2347,2;1028,1;943,1;
2348,3;1027,1;1899,2;
2349,2;1025,1;974,1;
2350,2;1024,1;545,1;
2351,2;1020,1;936,1;
2352,3;1019,1;2342,2;
2353,3;1018,1;2013,2;
2354,3;1016,1;2094,2;
2355,2;1015,1;933,1;
2356,3;1014,1;1993,2;
2357,2;1011,1;909,1;
2358,4;1010,1;2353,3;
2359,2;1009,1;283,1;
2360,2;1008,1;958,1;
2361,4;1006,1;2348,3;
2362,2;1004,1;965,1;
2363,2;1003,1;365,1;
2364,3;1002,1;2140,2;
2365,2;1000,1;972,1;
2366,2;999,1;962,1;
2367,5;997,1;2077,4;
2368,3;996,1;2334,2;
2369,2;994,1;527,1;
2370,2;993,1;942,1;
2371,2;992,1;409,1;
2372,2;991,1;982,1;
2373,2;990,1;908,1;
2374,2;987,1;906,1;
2375,3;986,1;1869,2;
2376,2;984,1;911,1;
2377,3;981,1;2020,2;
2378,2;980,1;776,1;
2379,2;978,1;768,1;
2380,2;976,1;973,1;
2381,2;975,1;934,1;
2382,3;971,1;2381,2;
2383,2;970,1;929,1;
2384,3;969,1;2376,2;
2385,4;968,1;2368,3;
2386,3;966,1;2383,2;
2387,3;964,1;2373,2;
2388,2;963,1;932,1;
2389,3;961,1;2018,2;
2390,4;960,1;2384,3;
2391,2;957,1;855,1;
2392,3;956,1;2278,2;
2393,2;955,1;923,1;
2394,2;954,1;922,1;
2395,3;952,1;2360,2;
2396,2;951,1;940,1;
2397,3;950,1;2366,2;
2398,3;947,1;2365,2;
2399,2;945,1;426,1;
2400,3;944,1;1887,2;
2401,3;941,1;2082,2;
2402,3;938,1;2380,2;
2403,5;937,1;2358,4;
2404,5;928,1;2161,4;
2405,3;927,1;2217,2;
2406,2;926,1;832,1;
2407,4;920,1;2402,3;
2408,4;918,1;2397,3;
2409,3;917,1;1867,2;
2410,3;916,1;2374,2;
2411,4;915,1;2401,3;
2412,4;914,1;2382,3;
2413,3;913,1;2347,2;
2414,3;912,1;2005,2;
2415,3;910,1;2003,2;
2416,4;907,1;2405,3;
2417,2;905,1;872,1;
2418,2;904,1;395,1;
2419,2;903,1;890,1;
2420,3;902,1;1963,2;
2421,2;901,1;895,1;
2422,2;899,1;449,1;
2423,3;898,1;2419,2;
2424,3;897,1;1818,2;
2425,2;896,1;885,1;
2426,2;892,1;759,1;
2427,2;891,1;222,1;
2428,2;889,1;851,1;
2429,2;888,1;837,1;
2430,3;887,1;1806,2;
2431,4;886,1;2048,3;
2432,3;884,1;2429,2;
2433,2;883,1;753,1;
2434,5;882,1;2390,4;
2435,2;881,1;167,1;
2436,4;880,1;1983,3;
2437,6;879,1;2207,5;
2438,2;878,1;495,1;
2439,4;877,1;2261,3;
2440,4;875,1;2214,3;
2441,2;874,1;867,1;
2442,5;871,1;2286,4;
2443,3;870,1;2118,2;
2444,5;869,1;2285,4;
2445,2;868,1;128,1;
2446,6;866,1;2444,5;
2447,4;864,1;2137,3;
2448,3;863,1;1819,2;
2449,3;862,1;1817,2;
2450,2;861,1;257,1;
2451,3;860,1;1915,2;
2452,3;858,1;1863,2;
2453,4;857,1;2432,3;
2454,5;856,1;1894,4;
2455,2;854,1;208,1;
2456,4;853,1;2409,3;
2457,4;852,1;2126,3;
2458,2;850,1;117,1;
2459,4;848,1;1982,3;
2460,3;847,1;1919,2;
2461,2;845,1;644,1;
2462,2;844,1;790,1;
2463,2;843,1;782,1;
2464,2;842,1;810,1;
2465,2;841,1;490,1;
2466,8;839,1;1954,7;
2467,3;838,1;2166,2;
2468,2;836,1;821,1;
2469,3;835,1;2468,2;
2470,3;834,1;1972,2;
2471,3;833,1;2007,2;
2472,4;831,1;2364,3;
2473,2;828,1;216,1;
2474,2;827,1;798,1;
2475,2;826,1;214,1;
2476,2;825,1;334,1;
2477,3;824,1;2476,2;
2478,2;822,1;503,1;
2479,5;818,1;2346,4;
2480,3;816,1;2053,2;
2481,4;815,1;2287,3;
2482,6;814,1;2367,5;
2483,2;813,1;519,1;
2484,2;812,1;806,1;
2485,2;811,1;271,1;
2486,3;809,1;2478,2;
2487,3;808,1;2485,2;
2488,3;807,1;2445,2;
2489,3;805,1;2461,2;
2490,2;804,1;114,1;
2491,2;803,1;610,1;
2492,5;802,1;2447,4;
2493,3;801,1;2425,2;
2494,2;799,1;789,1;
2495,2;797,1;702,1;
2496,2;796,1;286,1;
2497,4;795,1;2480,3;
2498,2;794,1;70,1;
2499,2;793,1;182,1;
2500,4;791,1;2493,3;
2501,2;788,1;372,1;
2502,3;784,1;2417,2;
2503,5;780,1;2431,4;
2504,2;779,1;737,1;
2505,3;775,1;1960,2;
2506,2;774,1;683,1;
2507,2;773,1;674,1;
2508,2;772,1;694,1;
2509,2;771,1;655,1;
2510,2;770,1;746,1;
2511,4;769,1;2505,3;
2512,2;765,1;751,1;
2513,3;761,1;2426,2;
2514,3;760,1;2490,2;
2515,2;758,1;754,1;
2516,4;755,1;2486,3;
2517,2;752,1;750,1;
2518,2;749,1;706,1;
2519,3;747,1;2125,2;
2520,4;745,1;1990,3;
2521,3;744,1;2504,2;
2522,2;743,1;616,1;
2523,5;742,1;2457,4;
2524,3;740,1;2515,2;
2525,5;739,1;2520,4;
2526,2;736,1;363,1;
2527,2;735,1;708,1;
2528,2;733,1;714,1;
2529,4;731,1;2317,3;
2530,3;730,1;2190,2;
2531,3;729,1;2527,2;
2532,2;728,1;662,1;
2533,2;727,1;308,1;
2534,3;726,1;2495,2;
2535,2;725,1;328,1;
2536,2;724,1;458,1;
2537,2;723,1;658,1;
2538,7;722,1;2482,6;
2539,2;721,1;697,1;
2540,3;720,1;2237,2;
2541,2;719,1;56,1;
2542,2;715,1;675,1;
2543,3;713,1;2046,2;
2544,3;712,1;2532,2;
2545,3;711,1;2047,2;
2546,2;710,1;687,1;
2547,2;709,1;301,1;
2548,3;707,1;2097,2;
2549,2;704,1;67,1;
2550,2;703,1;700,1;
2551,2;701,1;55,1;
2552,2;699,1;684,1;
2553,3;696,1;2539,2;
2554,5;695,1;2459,4;
2555,2;693,1;688,1;
2556,3;691,1;1985,2;
2557,3;686,1;2552,2;
2558,2;685,1;665,1;
2559,3;682,1;1904,2;
2560,3;681,1;2220,2;
2561,2;680,1;197,1;
2562,2;678,1;651,1;
2563,3;677,1;2558,2;
2564,4;676,1;2256,3;
2565,4;672,1;2544,3;
2566,2;671,1;661,1;
2567,2;670,1;473,1;
2568,3;669,1;2518,2;
2569,2;667,1;657,1;
2570,4;666,1;1882,3;
2571,4;664,1;2557,3;
2572,2;663,1;577,1;
2573,2;660,1;650,1;
2574,4;659,1;2531,3;
2575,5;656,1;2231,4;
2576,2;653,1;533,1;
2577,5;649,1;2574,4;
2578,5;647,1;2339,4;
2579,5;646,1;2570,4;
2580,2;645,1;554,1;
2581,2;643,1;612,1;
2582,2;642,1;512,1;
2583,5;641,1;2242,4;
2584,3;640,1;2522,2;
2585,3;639,1;2581,2;
2586,3;638,1;2580,2;
2587,3;637,1;2079,2;
2588,3;636,1;2078,2;
2589,4;635,1;2400,3;
2590,3;634,1;2576,2;
2591,2;633,1;521,1;
2592,2;632,1;567,1;
2593,2;631,1;310,1;
2594,4;630,1;2586,3;
2595,3;629,1;2592,2;
2596,3;628,1;1821,2;
2597,4;627,1;1928,3;
2598,2;626,1;540,1;
2599,2;622,1;582,1;
2600,2;621,1;555,1;
2601,2;619,1;614,1;
2602,3;618,1;2019,2;
2603,2;617,1;536,1;
2604,4;613,1;2024,3;
2605,2;611,1;522,1;
2606,2;609,1;596,1;
2607,3;608,1;2600,2;
2608,2;607,1;579,1;
2609,2;606,1;537,1;
2610,3;605,1;2608,2;
2611,2;604,1;574,1;
2612,4;603,1;2587,3;
2613,2;601,1;563,1;
2614,2;599,1;575,1;
2615,2;598,1;581,1;
2616,2;595,1;546,1;
2617,4;594,1;2331,3;
2618,2;593,1;258,1;
2619,4;592,1;2585,3;
2620,2;590,1;551,1;
2621,5;588,1;2564,4;
2622,4;587,1;2415,3;
2623,2;586,1;558,1;
2624,5;580,1;2597,4;
2625,3;578,1;2601,2;
2626,4;573,1;2595,3;
2627,4;572,1;2410,3;
2628,3;571,1;2484,2;
2629,3;570,1;2260,2;
2630,5;569,1;2619,4;
2631,6;564,1;2267,5;
2632,4;561,1;2625,3;
2633,4;560,1;2590,3;
2634,2;559,1;112,1;
2635,6;556,1;2630,5;
2636,4;553,1;2488,3;
2637,4;550,1;2257,3;
2638,3;549,1;2620,2;
2639,3;548,1;2337,2;
2640,2;547,1;352,1;
2641,7;544,1;2635,6;
2642,3;542,1;2605,2;
2643,4;541,1;2588,3;
2644,2;539,1;529,1;
2645,2;535,1;525,1;
2646,8;534,1;2641,7;
2647,3;532,1;2061,2;
2648,5;531,1;2643,4;
2649,3;530,1;2011,2;
2650,4;526,1;2628,3;
2651,5;524,1;2594,4;
2652,3;523,1;1977,2;
2653,4;518,1;2354,3;
2654,3;517,1;2372,2;
2655,6;516,1;2554,5;
2656,3;515,1;2399,2;
2657,2;514,1;478,1;
2658,3;513,1;2379,2;
2659,2;510,1;390,1;
2660,6;509,1;2523,5;
2661,4;508,1;2656,3;
2662,2;507,1;496,1;
2663,2;506,1;411,1;
2664,3;505,1;2657,2;
2665,2;504,1;498,1;
2666,2;500,1;332,1;
2667,2;499,1;463,1;
2668,2;497,1;454,1;
2669,2;494,1;413,1;
2670,2;493,1;407,1;
2671,3;492,1;2611,2;
2672,2;491,1;459,1;
2673,2;489,1;399,1;
2674,2;487,1;406,1;
2675,2;486,1;427,1;
2676,2;485,1;433,1;
2677,2;484,1;347,1;
2678,2;483,1;450,1;
2679,3;482,1;2507,2;
2680,2;481,1;474,1;
2681,2;480,1;384,1;
2682,3;479,1;2670,2;
2683,2;477,1;37,1;
2684,2;476,1;21,1;
2685,3;475,1;2422,2;
2686,3;472,1;2665,2;
2687,3;471,1;2498,2;
2688,2;469,1;446,1;
2689,3;466,1;2676,2;
2690,2;465,1;434,1;
2691,5;462,1;2661,4;
2692,3;461,1;1815,2;
2693,3;460,1;2663,2;
2694,3;457,1;1884,2;
2695,3;456,1;2684,2;
2696,2;453,1;451,1;
2697,2;452,1;232,1;
2698,3;448,1;2688,2;
2699,3;447,1;2669,2;
2700,3;445,1;2418,2;
2701,3;444,1;2316,2;
2702,3;443,1;2008,2;
2703,3;442,1;2369,2;
2704,5;441,1;2411,4;
2705,2;440,1;437,1;
2706,4;439,1;2039,3;
2707,2;438,1;393,1;
2708,2;436,1;398,1;
2709,4;432,1;2693,3;
2710,4;431,1;2700,3;
2711,3;429,1;2707,2;
2712,4;428,1;2695,3;
2713,7;424,1;2660,6;
2714,3;423,1;2672,2;
2715,3;422,1;1848,2;
2716,2;421,1;391,1;
2717,2;420,1;402,1;
2718,5;419,1;2709,4;
2719,3;418,1;2716,2;
2720,2;417,1;415,1;
2721,3;414,1;2001,2;
2722,3;412,1;2696,2;
2723,3;410,1;2668,2;
2724,4;408,1;2692,3;
2725,3;405,1;2720,2;
2726,4;404,1;2248,3;
2727,4;403,1;2711,3;
2728,3;400,1;2678,2;
2729,5;394,1;2706,4;
2730,3;392,1;2697,2;
2731,3;389,1;2547,2;
2732,5;388,1;2724,4;
2733,5;387,1;2052,4;
2734,4;386,1;2715,3;
2735,2;383,1;284,1;
2736,6;382,1;2060,5;
2737,3;381,1;2542,2;
2738,2;380,1;124,1;
2739,2;379,1;296,1;
2740,3;378,1;2393,2;
2741,2;377,1;320,1;
2742,3;374,1;2533,2;
2743,2;373,1;289,1;
2744,2;371,1;333,1;
2745,5;370,1;2571,4;
2746,3;369,1;2618,2;
2747,2;368,1;342,1;
2748,2;367,1;297,1;
2749,3;366,1;2200,2;
2750,3;364,1;1846,2;
2751,2;362,1;321,1;
2752,2;361,1;329,1;
2753,2;360,1;272,1;
2754,2;359,1;279,1;
2755,2;357,1;266,1;
2756,3;356,1;2299,2;
2757,5;355,1;2440,4;
2758,3;354,1;2677,2;
2759,3;351,1;2015,2;
2760,4;350,1;2443,3;
2761,2;348,1;265,1;
2762,6;346,1;2578,5;
2763,4;344,1;2545,3;
2764,2;343,1;270,1;
2765,2;341,1;267,1;
2766,3;338,1;2328,2;
2767,3;337,1;2747,2;
2768,3;336,1;2765,2;
2769,2;330,1;288,1;
2770,7;326,1;2446,6;
2771,3;325,1;1906,2;
2772,3;324,1;2741,2;
2773,3;322,1;2751,2;
2774,3;318,1;2030,2;
2775,4;314,1;2336,3;
2776,2;313,1;268,1;
2777,2;312,1;200,1;
2778,8;309,1;2538,7;
2779,3;307,1;2475,2;
2780,3;306,1;2744,2;
2781,3;305,1;2070,2;
2782,2;304,1;48,1;
2783,7;303,1;2762,6;
2784,3;302,1;2769,2;
2785,3;300,1;2010,2;
2786,3;295,1;2645,2;
2787,3;292,1;2496,2;
2788,4;290,1;2759,3;
2789,3;285,1;2113,2;
2790,2;282,1;164,1;
2791,5;281,1;2622,4;
2792,4;280,1;2772,3;
2793,4;277,1;2768,3;
2794,4;276,1;2781,3;
2795,3;273,1;2205,2;
2796,9;264,1;2778,8;
2797,5;262,1;2763,4;
2798,4;261,1;2784,3;
2799,4;256,1;2787,3;
2800,3;255,1;2323,2;
2801,2;253,1;224,1;
2802,4;252,1;2145,3;
2803,2;250,1;144,1;
2804,2;249,1;183,1;
2805,3;246,1;2251,2;
2806,4;245,1;2805,3;
2807,2;244,1;180,1;
2808,2;243,1;132,1;
2809,8;242,1;2783,7;
2810,3;241,1;1870,2;
2811,3;240,1;2473,2;
2812,2;239,1;154,1;
2813,2;238,1;198,1;
2814,3;237,1;2193,2;
2815,2;235,1;221,1;
2816,4;234,1;2045,3;
2817,2;233,1;159,1;
2818,4;230,1;2814,3;
2819,2;228,1;225,1;
2820,3;227,1;2777,2;
2821,2;226,1;213,1;
2822,3;219,1;1826,2;
2823,2;217,1;62,1;
2824,4;215,1;2820,3;
2825,2;210,1;186,1;
2826,2;209,1;185,1;
2827,4;207,1;2779,3;
2828,2;206,1;170,1;
2829,3;203,1;2341,2;
2830,3;202,1;2674,2;
2831,5;201,1;2806,4;
2832,2;196,1;188,1;
2833,4;194,1;2723,3;
2834,3;192,1;2226,2;
2835,2;190,1;83,1;
2836,3;189,1;2835,2;
2837,3;187,1;2807,2;
2838,4;178,1;2559,3;
2839,2;177,1;151,1;
2840,4;174,1;2785,3;
2841,4;173,1;2249,3;
2842,3;172,1;2825,2;
2843,3;171,1;2803,2;
2844,2;169,1;139,1;
2845,3;168,1;1851,2;
2846,7;166,1;2655,6;
2847,2;162,1;145,1;
2848,3;161,1;2817,2;
2849,4;158,1;1907,3;
2850,2;156,1;88,1;
2851,3;155,1;2188,2;
2852,2;153,1;133,1;
2853,3;152,1;1843,2;
2854,4;150,1;2340,3;
2855,2;147,1;137,1;
2856,5;146,1;2788,4;
2857,4;143,1;2836,3;
2858,5;142,1;2827,4;
2859,3;141,1;2839,2;
2860,4;140,1;2830,3;
2861,3;136,1;1857,2;
2862,3;134,1;2546,2;
2863,4;131,1;2058,3;
2864,3;130,1;2535,2;
2865,5;129,1;2529,4;
2866,2;127,1;18,1;
2867,3;126,1;2826,2;
2868,3;123,1;2804,2;
2869,8;122,1;2203,7;
2870,4;121,1;2862,3;
2871,2;120,1;74,1;
2872,4;119,1;2130,3;
2873,4;118,1;2158,3;
2874,2;116,1;50,1;
2875,3;115,1;2874,2;
2876,3;111,1;1984,2;
2877,6;109,1;2159,5;
2878,2;108,1;43,1;
2879,2;107,1;90,1;
2880,4;106,1;1978,3;
2881,4;104,1;2671,3;
2882,4;101,1;2867,3;
2883,3;100,1;1829,2;
2884,8;99,1;2770,7;
2885,2;98,1;63,1;
2886,3;96,1;1976,2;
2887,4;95,1;1921,3;
2888,2;93,1;1,1;
2889,2;92,1;39,1;
2890,3;91,1;2197,2;
2891,3;89,1;2823,2;
2892,4;86,1;2742,3;
2893,2;85,1;42,1;
2894,3;82,1;2850,2;
2895,5;80,1;2712,4;
2896,5;79,1;2838,4;
2897,3;78,1;2690,2;
2898,2;77,1;54,1;
2899,3;76,1;2142,2;
2900,2;75,1;51,1;
2901,4;73,1;2848,3;
2902,5;72,1;2882,4;
2903,4;68,1;2876,3;
2904,4;66,1;2303,3;
2905,4;61,1;2767,3;
2906,2;60,1;45,1;
2907,3;59,1;1980,2;
2908,4;58,1;1890,3;
2909,2;57,1;2,1;
2910,5;53,1;2849,4;
2911,5;47,1;2266,4;
2912,2;46,1;35,1;
2913,4;44,1;1900,3;
2914,3;36,1;2536,2;
2915,5;30,1;2472,4;
2916,3;29,1;2295,2;
2917,6;28,1;2910,5;
2918,3;27,1;1895,2;
2919,3;26,1;1858,2;
2920,3;25,1;2566,2;
2921,4;24,1;2883,3;
2922,5;20,1;2802,4;
2923,5;17,1;2905,4;
2924,3;15,1;2847,2;
2925,3;14,1;2264,2;
2926,4;12,1;2356,3;
2927,3;11,1;2879,2;
2928,5;10,1;2650,4;
2929,3;9,1;2221,2;
2930,4;8,1;2800,3;
2931,3;7,1;2187,2;
2932,4;5,1;2929,3;
2933,5;4,1;2921,4;
2934,4;3,1;2389,3;
2935,3;0,1;2391,2;
2936,7;2935,3;2439,4;
2937,6;2934,4;2754,2;
2938,7;2933,5;2662,2;
2939,9;2928,5;2794,4;
2940,7;2927,3;2824,4;
2941,5;2925,3;2738,2;
2942,7;2923,5;2634,2;
2943,9;2922,5;2860,4;
2944,6;2920,3;2560,3;
2945,7;2919,3;2887,4;
2946,5;2916,3;2272,2;
2947,10;2914,3;2846,7;
2948,8;2913,4;2633,4;
2949,8;2911,5;2687,3;
2950,4;2909,2;2900,2;
2951,7;2908,4;2861,3;
2952,5;2907,3;2228,2;
2953,5;2906,2;2891,3;
2954,7;2903,4;1927,3;
2955,14;2902,5;2943,9;
2956,6;2901,4;2844,2;
2957,7;2899,3;2511,4;
2958,8;2897,3;2896,5;
2959,6;2894,3;2223,3;
2960,4;2888,2;2301,2;
2961,6;2885,2;2857,4;
2962,13;2884,8;2107,5;
2963,6;2881,4;2599,2;
2964,8;2880,4;2436,4;
2965,6;2873,4;2148,2;
2966,6;2872,4;2435,2;
2967,9;2864,3;2736,6;
2968,6;2859,3;2842,3;
2969,6;2855,2;2453,4;
2970,18;2854,4;2955,14;
2971,5;2853,3;2233,2;
2972,5;2843,3;2819,2;
2973,6;2841,4;2572,2;
2974,7;2840,4;2073,3;
2975,5;2837,3;2537,2;
2976,6;2833,4;2675,2;
2977,9;2832,2;2951,7;
2978,9;2816,4;2442,5;
2979,4;2813,2;2659,2;
2980,4;2812,2;2573,2;
2981,10;2809,8;1994,2;
2982,5;2801,2;2868,3;
2983,7;2797,5;2343,2;
2984,6;2795,3;2147,3;
2985,9;2792,4;2624,5;
2986,4;2790,2;2561,2;
2987,8;2789,3;2195,5;
2988,11;2782,2;2967,9;
2989,5;2780,3;2189,2;
2990,5;2776,2;2746,3;
2991,7;2775,4;2051,3;
2992,5;2773,3;2753,2;
2993,5;2771,3;2752,2;
2994,8;2766,3;2856,5;
2995,4;2761,2;2681,2;
2996,6;2760,4;2491,2;
2997,5;2758,3;2069,2;
2998,7;2757,5;2129,2;
2999,13;2755,2;2988,11;
3000,5;2750,3;1841,2;
3001,6;2748,2;2284,4;
3002,4;2743,2;2218,2;
3003,6;2740,3;2413,3;
3004,6;2737,3;2563,3;
3005,7;2733,5;2027,2;
3006,8;2732,5;2081,3;
3007,5;2731,3;1836,2;
3008,6;2730,3;2452,3;
3009,5;2722,3;2465,2;
3010,5;2721,3;1995,2;
3011,6;2714,3;2664,3;
3012,5;2708,2;1986,3;
3013,10;2705,2;3006,8;
3014,9;2704,5;2617,4;
3015,9;2701,3;2959,6;
3016,6;2698,3;2685,3;
3017,6;2682,3;2689,3;
3018,7;2680,2;3009,5;
3019,5;2679,3;1880,2;
3020,8;2673,2;3016,6;
3021,12;2667,2;3013,10;
3022,6;2654,3;2395,3;
3023,7;2653,4;2120,3;
3024,7;2647,3;2385,4;
3025,5;2644,2;2610,3;
3026,7;2642,3;2637,4;
3027,9;2632,4;3025,5;
3028,12;2616,2;2947,10;
3029,8;2615,2;2963,6;
3030,7;2612,4;2584,3;
3031,5;2596,3;2210,2;
3032,7;2593,2;2990,5;
3033,4;2591,2;1854,2;
3034,7;2583,5;2351,2;
3035,11;2582,2;2939,9;
3036,7;2579,5;2455,2;
3037,7;2575,5;2180,2;
3038,7;2569,2;2454,5;
3039,8;2568,3;3007,5;
3040,4;2555,2;2433,2;
3041,4;2551,2;1926,2;
3042,5;2550,2;2553,3;
3043,4;2549,2;1856,2;
3044,7;2543,3;2986,4;
3045,6;2528,2;2980,4;
3046,4;2526,2;1855,2;
3047,5;2521,3;2080,2;
3048,4;2517,2;2250,2;
3049,8;2513,3;2971,5;
3050,6;2508,2;3041,4;
3051,5;2133,2;2315,3;
3052,5;2121,2;2114,3;
3053,9;2119,2;2998,7;
3054,5;2112,2;1949,3;
3055,5;2096,2;2144,3;
3056,6;2084,2;1975,4;
3057,10;2076,2;2958,8;
3058,6;2074,3;2171,3;
3059,6;2064,2;2589,4;
3060,7;2063,3;2361,4;
3061,6;2059,4;2012,2;
3062,4;2041,2;2016,2;
3063,4;2038,2;2009,2;
3064,6;2037,2;2305,4;
3065,8;2032,2;2965,6;
3066,7;2029,2;2895,5;
3067,7;2028,2;3052,5;
3068,6;1992,4;1948,2;
3069,8;1989,2;3004,6;
3070,15;1987,2;2962,13;
3071,4;1876,2;2388,2;
3072,6;1872,2;2734,4;
3073,9;1871,2;2936,7;
3074,4;1866,2;1849,2;
3075,4;1852,2;1813,2;
3076,8;1842,2;3017,6;
3077,11;1839,2;3015,9;
3078,6;1811,2;2932,4;
3079,12;1807,2;2981,10;
3080,4;1802,2;2151,2;
3081,6;1816,2;3063,4;
3082,6;1820,2;3075,4;
3083,8;1828,2;3056,6;
3084,8;1833,2;2984,6;
3085,8;1891,2;3001,6;
3086,4;1911,2;1937,2;
3087,6;1934,4;1939,2;
3088,8;1935,2;2437,6;
3089,8;1944,2;3064,6;
3090,5;1957,2;2254,3;
3091,4;2150,2;2206,2;
3092,8;2163,2;2968,6;
3093,4;2176,2;2320,2;
3094,4;2181,2;2252,2;
3095,6;2186,2;2330,4;
3096,4;2202,2;2259,2;
3097,8;2238,5;2239,3;
3098,6;2258,2;3002,4;
3099,9;2263,2;2983,7;
3100,11;2271,2;3014,9;
3101,4;2277,2;2307,2;
3102,8;2281,2;3081,6;
3103,4;2288,2;2321,2;
3104,8;2290,3;2941,5;
3105,5;2297,3;2450,2;
3106,10;2306,2;3089,8;
3107,5;2329,3;2363,2;
3108,5;2333,3;2335,2;
3109,6;2338,2;3103,4;
3110,4;2345,2;2808,2;
3111,13;2349,2;3100,11;
3112,8;2352,3;3108,5;
3113,8;2355,2;3003,6;
3114,8;2370,2;3059,6;
3115,16;2377,3;2999,13;
3116,6;2378,2;2799,4;
3117,5;2430,3;2462,2;
3118,10;2441,2;3088,8;
3119,4;2463,2;2464,2;
3120,14;2470,3;3077,11;
3121,12;2492,5;3018,7;
3122,7;2494,2;2997,5;
3123,8;2499,2;2969,6;
3124,9;2960,4;3054,5;
3125,11;3039,8;2774,3;
3126,18;3053,9;3124,9;
3127,7;3091,4;2164,3;
3128,5;1801,2;2845,3;
3129,10;1808,2;2869,8;
3130,5;1814,2;2471,3;
3131,9;1827,3;3082,6;
3132,9;1835,3;3011,6;
3133,5;1840,2;2424,3;
3134,4;1859,2;2344,2;
3135,13;1861,2;3125,11;
3136,10;1862,2;2466,8;
3137,7;1864,2;3130,5;
3138,12;1874,2;3136,10;
3139,5;1878,2;2270,3;
3140,7;1888,2;3128,5;
3141,16;1892,3;3135,13;
3142,10;1893,2;3049,8;
3143,9;1901,2;2938,7;
3144,10;1903,3;3038,7;
3145,10;1920,2;3084,8;
3146,8;1922,2;2956,6;
3147,9;1925,3;3068,6;
3148,8;1929,2;2917,6;
3149,3;1931,2;1552,1;
3150,12;1933,2;3118,10;
3151,9;1942,4;3031,5;
3152,10;1950,2;3069,8;
3153,15;1956,3;3138,12;
3154,7;1958,2;2865,5;
3155,9;1959,2;3023,7;
3156,5;1961,2;3149,3;
3157,10;1962,2;3102,8;
3158,7;1966,2;2831,5;
3159,9;1967,3;2996,6;
3160,12;1969,3;3147,9;
3161,9;1973,2;3158,7;
3162,4;1974,2;2506,2;
3163,6;1979,3;2649,3;
3164,6;1991,2;2313,4;
3165,7;1997,2;3010,5;
3166,10;1999,3;3034,7;
3167,18;2050,2;3141,16;
3168,9;2054,2;2974,7;
3169,6;2062,2;2407,4;
3170,8;2068,2;3098,6;
3171,12;2085,2;3166,10;
3172,12;2087,2;3129,10;
3173,10;2092,2;3170,8;
3174,7;2098,3;2224,4;
3175,9;2099,2;2942,7;
3176,4;2101,2;2244,2;
3177,12;2122,6;3164,6;
3178,10;2127,2;3029,8;
3179,9;2135,4;2577,5;
3180,5;2141,2;2392,3;
3181,9;2152,4;2791,5;
3182,6;2160,2;2172,4;
3183,7;2162,2;3042,5;
3184,6;2165,2;3048,4;
3185,9;2169,2;3060,7;
3186,6;2170,2;3176,4;
3187,11;2174,2;3155,9;
3188,10;2175,3;3005,7;
3189,6;2182,2;2726,4;
3190,10;2184,2;3085,8;
3191,11;2185,2;3161,9;
3192,4;2191,2;2283,2;
3193,7;2192,4;2749,3;
3194,13;2198,2;3191,11;
3195,12;2212,2;3142,10;
3196,9;2225,3;2961,6;
3197,10;2234,3;3032,7;
3198,8;2236,3;2915,5;
3199,8;2241,2;3189,6;
3200,6;2243,2;3101,4;
3201,5;2245,2;2487,3;
3202,22;2255,4;3126,18;
3203,12;2262,3;3132,9;
3204,7;2265,3;3110,4;
3205,8;2269,2;3095,6;
3206,10;2273,2;3104,8;
3207,8;2275,4;2481,4;
3208,4;2276,2;2359,2;
3209,6;2279,2;2926,4;
3210,7;2280,2;2308,5;
3211,11;2289,5;2877,6;
3212,10;2291,4;3109,6;
3213,16;2293,4;3177,12;
3214,5;2296,2;2834,3;
3215,4;2300,2;2319,2;
3216,5;2302,2;2702,3;
3217,13;2304,4;3159,9;
3218,14;2310,3;3211,11;
3219,7;2312,2;2993,5;
3220,7;2314,2;2992,5;
3221,14;2318,2;3172,12;
3222,14;2322,6;3065,8;
3223,10;2325,3;3140,7;
3224,16;2327,2;3218,14;
3225,12;2332,4;3114,8;
3226,14;2350,2;3225,12;
3227,9;2357,2;3193,7;
3228,7;2362,2;2404,5;
3229,9;2371,2;3228,7;
3230,5;2375,3;2501,2;
3231,6;2386,3;2448,3;
3232,10;2387,3;3067,7;
3233,10;2394,2;3112,8;
3234,8;2396,2;3169,6;
3235,9;2398,3;3022,6;
3236,19;2403,5;3226,14;
3237,6;2406,2;2627,4;
3238,8;2408,4;2710,4;
3239,23;2412,4;3236,19;
3240,12;2414,3;3168,9;
3241,11;2416,4;3204,7;
3242,12;2420,3;3073,9;
3243,14;2421,2;3171,12;
3244,10;2423,3;3165,7;
3245,5;2427,2;2449,3;
3246,4;2428,2;2474,2;
3247,14;2434,5;3099,9;
3248,7;2438,2;3201,5;
3249,10;2451,3;3183,7;
3250,9;2456,4;3230,5;
3251,8;2458,2;3200,6;
3252,10;2460,3;3248,7;
3253,6;2467,3;2556,3;
3254,10;2469,3;3122,7;
3255,10;2477,3;3036,7;
3256,15;2479,5;3144,10;
3257,5;2483,2;2489,3;
3258,14;2497,4;3244,10;
3259,8;2500,4;2818,4;
3260,8;2502,3;2975,5;
3261,11;2503,5;3061,6;
3262,12;2509,2;3152,10;
3263,10;2510,2;2948,8;
3264,14;2512,2;3262,12;
3265,10;2514,3;2957,7;
3266,12;2516,4;3251,8;
3267,21;2519,3;2970,18;
3268,7;2524,3;2892,4;
3269,12;2525,5;3154,7;
3270,14;2530,3;3241,11;
3271,15;2534,3;3079,12;
3272,5;2540,3;2562,2;
3273,10;2541,2;2949,8;
3274,10;2548,3;3268,7;
3275,11;2565,4;3220,7;
3276,11;2567,2;3143,9;
3277,13;2598,2;3261,11;
3278,8;2602,3;2648,5;
3279,14;2603,2;3028,12;
3280,17;2604,4;3277,13;
3281,4;2606,2;2623,2;
3282,6;2607,3;2786,3;
3283,4;2609,2;2613,2;
3284,11;2614,2;3027,9;
3285,17;2621,5;3242,12;
3286,5;2626,4;600,1;
3287,14;2629,3;3187,11;
3288,22;2631,6;3115,16;
3289,12;2636,4;3238,8;
3290,11;2638,3;3278,8;
3291,12;2639,3;3181,9;
3292,10;2640,2;3199,8;
3293,13;2646,8;2651,5;
3294,12;2652,3;3151,9;
3295,8;2658,3;3019,5;
3296,10;2666,2;3295,8;
3297,10;2683,2;3020,8;
3298,7;2686,3;2727,4;
3299,12;2691,5;2713,7;
3300,7;2694,3;2798,4;
3301,4;2699,3;467,1;
3302,9;2703,3;3237,6;
3303,8;2717,2;3008,6;
3304,12;2718,5;3300,7;
3305,15;2719,3;3304,12;
3306,15;2725,3;3203,12;
3307,9;2728,3;2976,6;
3308,19;2729,5;3258,14;
3309,9;2735,2;3210,7;
3310,12;2739,2;3296,10;
3311,17;2745,5;3310,12;
3312,13;2756,3;3206,10;
3313,9;2764,2;2954,7;
3314,6;2793,4;2893,2;
3315,26;2796,9;3311,17;
3316,10;2810,3;3137,7;
3317,11;2811,3;3123,8;
3318,10;2815,2;3092,8;
3319,11;2821,2;3196,9;
3320,14;2822,3;3319,11;
3321,16;2828,2;3221,14;
3322,9;2829,3;3078,6;
3323,11;2851,3;3259,8;
3324,16;2852,2;3320,14;
3325,17;2858,5;3195,12;
3326,14;2863,4;3318,10;
3327,18;2866,2;3321,16;
3328,17;2870,4;3312,13;
3329,4;2871,2;2912,2;
3330,7;2875,3;2950,4;
3331,16;2878,2;3222,14;
3332,12;2886,3;3309,9;
3333,10;2889,2;3207,8;
3334,4;2890,3;103,1;
3335,9;2898,2;3330,7;
3336,15;2904,4;3275,11;
3337,13;2918,3;3274,10;
3338,16;2924,3;3194,13;
3339,16;2930,4;3299,12;
3340,8;2931,3;3245,5;
3341,16;2937,6;3232,10;
3342,13;2940,7;3314,6;
3343,18;2944,6;3266,12;
3344,21;2945,7;3120,14;
3345,13;2946,5;3146,8;
3346,9;2952,5;3096,4;
3347,17;2953,5;3150,12;
3348,16;2964,8;2994,8;
3349,11;2966,6;3257,5;
3350,11;2972,5;3045,6;
3351,19;2973,6;3337,13;
3352,16;2977,9;3026,7;
3353,16;2978,9;2991,7;
3354,13;2979,4;3307,9;
3355,21;2982,5;3339,16;
3356,18;2985,9;3313,9;
3357,18;2987,8;3333,10;
3358,19;2989,5;3270,14;
3359,11;2995,4;3219,7;
3360,16;3000,5;3317,11;
3361,10;3012,5;3216,5;
3362,22;3021,12;3316,10;
3363,23;3024,7;3353,16;
3364,24;3030,7;3280,17;
3365,13;3033,4;3131,9;
3366,33;3035,11;3288,22;
3367,24;3037,7;3285,17;
3368,19;3040,4;3271,15;
3369,11;3043,4;3044,7;
3370,19;3046,4;3256,15;
3371,23;3047,5;3167,18;
3372,14;3050,6;3083,8;
3373,15;3051,5;3212,10;
3374,19;3055,5;3287,14;
3375,16;3057,10;3072,6;
3376,17;3058,6;3290,11;
3377,13;3062,4;3185,9;
3378,17;3066,7;3273,10;
3379,27;3070,15;3269,12;
3380,16;3071,4;3240,12;
3381,20;3074,4;3375,16;
3382,27;3076,8;3308,19;
3383,19;3080,4;3306,15;
3384,16;3086,4;3332,12;
3385,28;3087,6;3202,22;
3386,22;3090,5;3325,17;
3387,37;3093,4;3366,33;
3388,22;3094,4;3356,18;
3389,20;3097,8;3294,12;
3390,13;3105,5;3148,8;
3391,30;3106,10;3381,20;
3392,17;3107,5;3291,12;
3393,50;3111,13;3387,37;
3394,24;3113,8;3341,16;
3395,30;3116,6;3367,24;
3396,15;3117,5;3190,10;
3397,12;3119,4;3303,8;
3398,24;3121,12;3397,12;
3399,20;3127,7;3377,13;
3400,11;1742,1;3157,10;
3401,10;1728,1;3175,9;
3402,5;1708,1;3192,4;
3403,17;1657,1;3338,16;
3404,11;1654,1;3361,10;
3405,2;1618,1;1593,1;
3406,14;1581,1;3390,13;
3407,15;1580,1;3264,14;
3408,5;1572,1;3301,4;
3409,2;1305,1;327,1;
3410,18;1302,1;3403,17;
3411,2;1273,1;1165,1;
3412,3;1271,1;3409,2;
3413,16;1248,1;3373,15;
3414,17;1195,1;3384,16;
3415,7;1176,1;3186,6;
3416,11;1150,1;3223,10;
3417,12;1149,1;3416,11;
3418,2;1086,1;566,1;
3419,51;1078,1;3393,50;
3420,2;1070,1;1043,1;
3421,2;1022,1;732,1;
3422,7;1001,1;3231,6;
3423,5;998,1;3134,4;
3424,10;985,1;3229,9;
3425,6;919,1;3133,5;
3426,7;876,1;3182,6;
3427,2;873,1;767,1;
3428,3;800,1;3427,2;
3429,25;792,1;3398,24;
3430,2;757,1;430,1;
3431,2;756,1;488,1;
3432,17;690,1;3380,16;
3433,6;689,1;3423,5;
3434,3;673,1;3421,2;
3435,6;623,1;3180,5;
3436,7;591,1;3435,6;
3437,7;576,1;3253,6;
3438,6;538,1;3286,5;
3439,9;528,1;3260,8;
3440,8;511,1;3437,7;
3441,16;401,1;3305,15;
3442,2;317,1;263,1;
3443,11;294,1;3292,10;
3444,21;211,1;3389,20;
3445,7;113,1;3209,6;
3446,19;33,1;3410,18;
3447,30;3446,19;3323,11;
3448,18;3445,7;3404,11;
3449,31;3444,21;3145,10;
3450,29;3443,11;3327,18;
3451,6;3442,2;3208,4;
3452,33;3441,16;3392,17;
3453,13;3440,8;3214,5;
3454,19;3439,9;3197,10;
3455,13;3438,6;3436,7;
3456,11;3433,6;3402,5;
3457,36;3432,17;3351,19;
3458,14;3431,2;3289,12;
3459,8;3430,2;3451,6;
3460,48;3429,25;3363,23;
3461,9;3428,3;3425,6;
3462,16;3426,7;3227,9;
3463,19;3424,10;3179,9;
3464,14;3422,7;3174,7;
3465,65;3419,51;3279,14;
3466,17;3417,12;3139,5;
3467,23;3415,7;3213,16;
3468,27;3414,17;3265,10;
3469,40;3413,16;3394,24;
3470,5;3411,2;3412,3;
3471,13;3408,5;3459,8;
3472,19;3407,15;3162,4;
3473,33;3406,14;3368,19;
3474,12;3405,2;3249,10;
3475,26;3401,10;3360,16;
3476,20;3400,11;3250,9;
3477,38;3399,20;3357,18;
3478,29;3396,15;3464,14;
3479,38;3395,30;3198,8;
3480,40;3391,30;3255,10;
3481,39;3388,22;3328,17;
3482,41;3386,22;3454,19;
3483,61;3385,28;3473,33;
3484,28;3383,19;3322,9;
3485,38;3382,27;3359,11;
3486,46;3379,27;3370,19;
3487,30;3378,17;3342,13;
3488,30;3376,17;3365,13;
3489,37;3374,19;3448,18;
3490,35;3372,14;3267,21;
3491,33;3371,23;3254,10;
3492,25;3369,11;3247,14;
3493,30;3364,24;3163,6;
3494,63;3362,22;3482,41;
3495,39;3358,19;3476,20;
3496,47;3355,21;3315,26;
3497,24;3354,13;3350,11;
3498,26;3352,16;3178,10;
3499,24;3349,11;3345,13;
3500,37;3348,16;3344,21;
3501,26;3347,17;3346,9;
3502,30;3343,18;3160,12;
3503,44;3340,8;3457,36;
3504,21;3336,15;3184,6;
3505,22;3335,9;3293,13;
3506,20;3334,4;3324,16;
3507,26;3331,16;3233,10;
3508,14;3329,4;3252,10;
3509,24;3326,14;3188,10;
3510,18;3302,9;3235,9;
3511,20;3298,7;3471,13;
3512,29;3297,10;3463,19;
3513,17;3284,11;3282,6;
3514,8;3283,4;3281,4;
3515,40;3276,11;3478,29;
3516,21;3272,5;3224,16;
3517,41;3263,10;3449,31;
3518,43;3246,4;3495,39;
3519,22;3243,14;3205,8;
3520,61;3239,23;3477,38;
3521,38;3234,8;3488,30;
3522,18;3217,13;3156,5;
3523,30;3215,4;3507,26;
3524,48;3173,10;3521,38;
3525,28;3153,15;3453,13;
3526,56;3450,29;3468,27;
3527,54;3452,33;3516,21;
3528,31;3455,13;3510,18;
3529,31;3458,14;3466,17;
3530,74;3460,48;3498,26;
3531,56;3462,16;3515,40;
3532,103;3465,65;3479,38;
3533,60;3467,23;3500,37;
3534,69;3469,40;3512,29;
3535,43;3472,19;3509,24;
3536,49;3474,12;3489,37;
3537,56;3475,26;3523,30;
3538,143;3480,40;3532,103;
3539,69;3481,39;3493,30;
3540,107;3483,61;3486,46;
3541,89;3484,28;3520,61;
3542,85;3485,38;3496,47;
3543,178;3490,35;3538,143;
3544,102;3491,33;3534,69;
3545,99;3492,25;3530,74;
3546,77;3494,63;3508,14;
3547,80;3497,24;3531,56;
3548,113;3499,24;3541,89;
3549,128;3501,26;3544,102;
3550,84;3502,30;3527,54;
3551,81;3504,21;3533,60;
3552,39;3505,22;3513,17;
3553,48;3506,20;3525,28;
3554,39;3514,8;3528,31;
3555,59;3517,41;3522,18;
3556,135;3519,22;3548,113;
3557,115;3537,56;3555,59;
3558,124;3542,85;3552,39;
3559,13;3420,2;3456,11;
3560,7;3418,2;3470,5;
3561,47;3434,3;3503,44;
3562,73;3447,30;3518,43;
3563,90;3461,9;3551,81;
3564,73;3487,30;3535,43;
3565,27;3511,20;3560,7;
3566,132;3524,48;3550,84;
3567,180;3526,56;3558,124;
3568,211;3529,31;3567,180;
3569,126;3536,49;3546,77;
3570,149;3539,69;3547,80;
3571,318;3540,107;3568,211;
3572,191;3543,178;3559,13;
3573,189;3545,99;3563,90;
3574,263;3549,128;3556,135;
3575,311;3553,48;3574,263;
3576,42;3554,39;2153,3;
3577,116;3557,115;87,1;
3578,28;1264,1;3565,27;
3579,2;988,1;502,1;
3580,30;3579,2;3578,28;
3581,434;3577,116;3571,318;
3582,231;3576,42;3573,189;
3583,745;3575,311;3581,434;
3584,340;3572,191;3570,149;
3585,871;3569,126;3583,745;
3586,1003;3566,132;3585,871;
3587,1076;3564,73;3586,1003;
3588,1149;3562,73;3587,1076;
3589,1196;3561,47;3588,1149;
3590,1226;3580,30;3589,1196;
3591,571;3582,231;3584,340;
3592,1797;3590,1226;3591,571;
