2000,2;1506,1;144,1;
2001,2;1863,1;530,1;
2002,2;1484,1;6,1;
2003,2;898,1;524,1;
2004,2;472,1;234,1;
2005,2;1981,1;1681,1;
2006,2;1976,1;172,1;
2007,2;1856,1;1523,1;
2008,2;1843,1;536,1;
2009,2;1832,1;834,1;
2010,2;1828,1;897,1;
2011,2;1791,1;1215,1;
2012,2;1743,1;1744,1;
2013,2;1700,1;302,1;
2014,2;1682,1;44,1;
2015,2;1666,1;1298,1;
2016,2;1665,1;1262,1;
2017,2;1554,1;1194,1;
2018,2;1548,1;576,1;
2019,2;1537,1;1201,1;
2020,2;1508,1;280,1;
2021,2;1419,1;1107,1;
2022,2;1345,1;397,1;
2023,2;1274,1;314,1;
2024,2;1263,1;1169,1;
2025,2;1199,1;858,1;
2026,2;951,1;733,1;
2027,2;787,1;757,1;
2028,2;615,1;84,1;
2029,2;459,1;29,1;
2030,2;423,1;304,1;
2031,2;420,1;14,1;
2032,3;2012,2;940,1;
2033,3;2020,2;995,1;
2034,3;2022,2;654,1;
2035,3;2029,2;1753,1;
2036,3;2004,2;224,1;
2037,2;1997,1;608,1;
2038,2;1995,1;157,1;
2039,2;1963,1;1653,1;
2040,2;1959,1;1547,1;
2041,2;1935,1;547,1;
2042,2;1932,1;273,1;
2043,2;1915,1;868,1;
2044,2;1907,1;1294,1;
2045,2;1905,1;1646,1;
2046,2;1903,1;95,1;
2047,2;1890,1;781,1;
2048,2;1886,1;1231,1;
2049,2;1874,1;189,1;
2050,2;1868,1;1054,1;
2051,2;1864,1;30,1;
2052,2;1855,1;1303,1;
2053,2;1835,1;229,1;
2054,2;1833,1;131,1;
2055,2;1816,1;1720,1;
2056,2;1794,1;661,1;
2057,2;1792,1;794,1;
2058,2;1774,1;1566,1;
2059,2;1771,1;83,1;
2060,2;1768,1;1180,1;
2061,2;1736,1;1351,1;
2062,2;1707,1;1522,1;
2063,2;1699,1;256,1;
2064,2;1696,1;939,1;
2065,2;1688,1;581,1;
2066,2;1687,1;1173,1;
2067,2;1672,1;1609,1;
2068,2;1661,1;497,1;
2069,2;1652,1;1472,1;
2070,2;1643,1;1232,1;
2071,2;1641,1;1150,1;
2072,2;1637,1;525,1;
2073,2;1596,1;481,1;
2074,2;1595,1;211,1;
2075,2;1588,1;1446,1;
2076,2;1572,1;1190,1;
2077,2;1564,1;1486,1;
2078,2;1562,1;31,1;
2079,2;1558,1;149,1;
2080,2;1555,1;1381,1;
2081,2;1490,1;438,1;
2082,3;1476,1;2068,2;
2083,2;1471,1;375,1;
2084,2;1467,1;1320,1;
2085,2;1460,1;1117,1;
2086,2;1450,1;168,1;
2087,2;1428,1;277,1;
2088,2;1399,1;301,1;
2089,2;1396,1;778,1;
2090,2;1395,1;378,1;
2091,2;1346,1;162,1;
2092,2;1334,1;323,1;
2093,2;1305,1;1101,1;
2094,2;1295,1;808,1;
2095,2;1293,1;299,1;
2096,2;1290,1;285,1;
2097,2;1226,1;63,1;
2098,2;1186,1;337,1;
2099,2;1183,1;402,1;
2100,2;1178,1;339,1;
2101,2;1139,1;585,1;
2102,2;1092,1;72,1;
2103,2;1066,1;695,1;
2104,2;1060,1;464,1;
2105,2;1032,1;242,1;
2106,2;996,1;784,1;
2107,2;976,1;516,1;
2108,2;960,1;369,1;
2109,2;959,1;395,1;
2110,2;937,1;539,1;
2111,2;925,1;156,1;
2112,3;916,1;2075,2;
2113,2;908,1;320,1;
2114,2;865,1;798,1;
2115,2;862,1;60,1;
2116,2;857,1;596,1;
2117,3;843,1;2076,2;
2118,2;802,1;455,1;
2119,2;755,1;371,1;
2120,2;735,1;175,1;
2121,2;727,1;551,1;
2122,4;672,1;2036,3;
2123,2;613,1;47,1;
2124,2;570,1;465,1;
2125,3;550,1;2044,2;
2126,2;461,1;331,1;
2127,2;333,1;130,1;
2128,2;247,1;17,1;
2129,2;222,1;223,1;
2130,3;8,1;2083,2;
2131,3;2072,2;1930,1;
2132,3;2095,2;1826,1;
2133,4;2132,3;1847,1;
2134,4;2033,3;265,1;
2135,3;2038,2;51,1;
2136,4;2045,2;2094,2;
2137,3;2050,2;1899,1;
2138,3;2054,2;1170,1;
2139,3;2056,2;599,1;
2140,3;2058,2;74,1;
2141,3;2061,2;176,1;
2142,3;2064,2;593,1;
2143,3;2066,2;1617,1;
2144,3;2074,2;1512,1;
2145,3;2085,2;1246,1;
2146,3;2086,2;1362,1;
2147,3;2092,2;1039,1;
2148,3;2099,2;306,1;
2149,3;2100,2;1656,1;
2150,3;2104,2;933,1;
2151,3;2105,2;752,1;
2152,3;2106,2;329,1;
2153,3;2107,2;269,1;
2154,3;2108,2;1839,1;
2155,3;2113,2;1209,1;
2156,3;2120,2;244,1;
2157,4;2125,3;284,1;
2158,4;2130,3;1065,1;
2159,3;2005,2;777,1;
2160,3;2010,2;840,1;
2161,3;2011,2;1206,1;
2162,3;2014,2;1876,1;
2163,3;2019,2;1948,1;
2164,3;2021,2;435,1;
2165,3;2025,2;1606,1;
2166,3;2030,2;436,1;
2167,3;2001,2;813,1;
2168,2;1994,1;1631,1;
2169,2;1993,1;1480,1;
2170,2;1992,1;1951,1;
2171,2;1991,1;926,1;
2172,2;1984,1;1636,1;
2173,2;1982,1;1044,1;
2174,2;1979,1;470,1;
2175,2;1977,1;1370,1;
2176,2;1973,1;230,1;
2177,2;1968,1;107,1;
2178,2;1965,1;991,1;
2179,2;1962,1;714,1;
2180,2;1960,1;706,1;
2181,2;1955,1;1689,1;
2182,2;1949,1;513,1;
2183,2;1939,1;1485,1;
2184,2;1936,1;1360,1;
2185,2;1933,1;1610,1;
2186,2;1928,1;1324,1;
2187,2;1927,1;1373,1;
2188,3;1925,1;2186,2;
2189,2;1924,1;1601,1;
2190,2;1919,1;57,1;
2191,2;1917,1;1251,1;
2192,2;1914,1;699,1;
2193,2;1904,1;1191,1;
2194,2;1901,1;812,1;
2195,2;1894,1;338,1;
2196,2;1893,1;188,1;
2197,4;1888,1;2188,3;
2198,2;1884,1;445,1;
2199,2;1882,1;159,1;
2200,2;1873,1;501,1;
2201,2;1872,1;922,1;
2202,2;1867,1;1565,1;
2203,2;1865,1;443,1;
2204,4;1861,1;2164,3;
2205,2;1859,1;1008,1;
2206,2;1852,1;1581,1;
2207,2;1850,1;122,1;
2208,2;1849,1;558,1;
2209,2;1827,1;1105,1;
2210,2;1822,1;1670,1;
2211,2;1820,1;1012,1;
2212,2;1817,1;313,1;
2213,3;1814,1;2192,2;
2214,2;1810,1;28,1;
2215,3;1803,1;2207,2;
2216,2;1802,1;657,1;
2217,2;1801,1;1261,1;
2218,2;1798,1;1604,1;
2219,2;1775,1;1455,1;
2220,2;1772,1;1727,1;
2221,2;1766,1;534,1;
2222,2;1759,1;1458,1;
2223,2;1745,1;453,1;
2224,2;1742,1;454,1;
2225,2;1740,1;736,1;
2226,2;1730,1;795,1;
2227,2;1718,1;5,1;
2228,2;1714,1;1255,1;
2229,2;1713,1;357,1;
2230,2;1710,1;197,1;
2231,2;1708,1;263,1;
2232,2;1703,1;298,1;
2233,2;1702,1;1308,1;
2234,2;1697,1;1225,1;
2235,3;1695,1;2230,2;
2236,2;1693,1;745,1;
2237,2;1685,1;1498,1;
2238,2;1676,1;1539,1;
2239,2;1673,1;1535,1;
2240,2;1667,1;842,1;
2241,2;1654,1;34,1;
2242,3;1645,1;2179,2;
2243,2;1644,1;428,1;
2244,2;1639,1;410,1;
2245,2;1627,1;1403,1;
2246,2;1624,1;46,1;
2247,2;1616,1;1078,1;
2248,2;1615,1;648,1;
2249,2;1614,1;850,1;
2250,2;1605,1;1270,1;
2251,2;1600,1;1516,1;
2252,2;1587,1;893,1;
2253,2;1582,1;499,1;
2254,2;1576,1;709,1;
2255,2;1569,1;1356,1;
2256,2;1561,1;1238,1;
2257,2;1559,1;1025,1;
2258,2;1551,1;1148,1;
2259,2;1545,1;431,1;
2260,2;1541,1;370,1;
2261,2;1538,1;785,1;
2262,2;1525,1;191,1;
2263,2;1500,1;630,1;
2264,2;1497,1;582,1;
2265,3;1492,1;2260,2;
2266,2;1482,1;855,1;
2267,2;1481,1;577,1;
2268,2;1470,1;1408,1;
2269,2;1469,1;433,1;
2270,2;1462,1;1266,1;
2271,2;1454,1;881,1;
2272,2;1453,1;987,1;
2273,2;1449,1;32,1;
2274,2;1447,1;1385,1;
2275,4;1443,1;2235,3;
2276,2;1435,1;81,1;
2277,2;1434,1;1413,1;
2278,2;1431,1;790,1;
2279,2;1429,1;515,1;
2280,2;1424,1;1036,1;
2281,3;1422,1;2267,2;
2282,2;1420,1;764,1;
2283,2;1418,1;384,1;
2284,2;1415,1;803,1;
2285,4;1411,1;2281,3;
2286,2;1410,1;1363,1;
2287,2;1406,1;1123,1;
2288,2;1404,1;967,1;
2289,2;1401,1;0,1;
2290,2;1384,1;631,1;
2291,2;1375,1;921,1;
2292,3;1367,1;2244,2;
2293,2;1366,1;1314,1;
2294,3;1359,1;2228,2;
2295,2;1355,1;151,1;
2296,2;1353,1;204,1;
2297,2;1349,1;1118,1;
2298,2;1348,1;1125,1;
2299,5;1347,1;2285,4;
2300,3;1341,1;2288,2;
2301,2;1338,1;1168,1;
2302,2;1337,1;616,1;
2303,2;1333,1;1010,1;
2304,2;1330,1;800,1;
2305,2;1327,1;824,1;
2306,2;1321,1;945,1;
2307,2;1319,1;563,1;
2308,3;1315,1;2210,2;
2309,2;1309,1;1034,1;
2310,2;1302,1;572,1;
2311,2;1297,1;1015,1;
2312,2;1284,1;1110,1;
2313,2;1278,1;127,1;
2314,2;1260,1;520,1;
2315,2;1258,1;489,1;
2316,2;1252,1;87,1;
2317,2;1248,1;267,1;
2318,2;1234,1;361,1;
2319,2;1221,1;61,1;
2320,2;1203,1;2,1;
2321,2;1202,1;625,1;
2322,2;1200,1;762,1;
2323,2;1193,1;1045,1;
2324,2;1181,1;180,1;
2325,2;1171,1;1082,1;
2326,2;1160,1;877,1;
2327,3;1156,1;2254,2;
2328,2;1155,1;1059,1;
2329,2;1151,1;997,1;
2330,2;1147,1;510,1;
2331,2;1146,1;439,1;
2332,2;1143,1;655,1;
2333,2;1135,1;401,1;
2334,2;1131,1;982,1;
2335,2;1121,1;1047,1;
2336,2;1115,1;201,1;
2337,2;1108,1;1041,1;
2338,3;1106,1;2318,2;
2339,2;1102,1;822,1;
2340,4;1100,1;2165,3;
2341,2;1097,1;689,1;
2342,2;1095,1;829,1;
2343,2;1093,1;467,1;
2344,2;1069,1;393,1;
2345,2;1061,1;271,1;
2346,2;1048,1;935,1;
2347,3;1042,1;2274,2;
2348,2;1040,1;25,1;
2349,2;1037,1;658,1;
2350,2;1024,1;104,1;
2351,2;1023,1;330,1;
2352,2;1022,1;165,1;
2353,2;1017,1;307,1;
2354,2;1014,1;782,1;
2355,4;1007,1;2135,3;
2356,2;993,1;286,1;
2357,2;924,1;866,1;
2358,2;919,1;514,1;
2359,2;907,1;54,1;
2360,2;904,1;451,1;
2361,2;903,1;452,1;
2362,2;899,1;875,1;
2363,2;894,1;396,1;
2364,4;892,1;2154,3;
2365,2;888,1;806,1;
2366,2;876,1;659,1;
2367,2;874,1;429,1;
2368,2;860,1;480,1;
2369,5;848,1;2364,4;
2370,2;826,1;522,1;
2371,3;821,1;2317,2;
2372,2;816,1;327,1;
2373,6;811,1;2369,5;
2374,2;776,1;7,1;
2375,2;773,1;519,1;
2376,3;768,1;2247,2;
2377,3;763,1;2330,2;
2378,2;750,1;444,1;
2379,3;746,1;2348,2;
2380,2;744,1;138,1;
2381,2;739,1;382,1;
2382,2;730,1;482,1;
2383,3;705,1;2343,2;
2384,3;701,1;2178,2;
2385,4;693,1;2139,3;
2386,2;678,1;169,1;
2387,2;677,1;549,1;
2388,2;662,1;348,1;
2389,2;646,1;637,1;
2390,2;641,1;240,1;
2391,2;620,1;141,1;
2392,2;602,1;48,1;
2393,3;601,1;2277,2;
2394,2;600,1;10,1;
2395,2;598,1;421,1;
2396,3;592,1;2250,2;
2397,2;569,1;181,1;
2398,4;568,1;2215,3;
2399,2;535,1;126,1;
2400,2;460,1;121,1;
2401,3;456,1;2211,2;
2402,3;383,1;2256,2;
2403,2;360,1;264,1;
2404,3;356,1;2168,2;
2405,2;353,1;166,1;
2406,2;340,1;128,1;
2407,3;325,1;2290,2;
2408,3;283,1;2269,2;
2409,4;237,1;2162,3;
2410,3;209,1;2326,2;
2411,4;183,1;2410,3;
2412,3;173,1;2195,2;
2413,2;170,1;15,1;
2414,4;161,1;2137,3;
2415,4;132,1;2032,3;
2416,3;118,1;2387,2;
2417,3;113,1;2328,2;
2418,3;108,1;2331,2;
2419,4;106,1;2379,3;
2420,2;35,1;20,1;
2421,5;2406,2;2404,3;
2422,3;2400,2;1344,1;
2423,5;2398,4;1552,1;
2424,4;2397,2;2176,2;
2425,3;2395,2;1288,1;
2426,3;2386,2;1650,1;
2427,6;2385,4;2388,2;
2428,4;2384,3;669,1;
2429,4;2383,3;1088,1;
2430,3;2381,2;1035,1;
2431,3;2380,2;1869,1;
2432,3;2374,2;1678,1;
2433,7;2373,6;1075,1;
2434,4;2366,2;2051,2;
2435,3;2356,2;1328,1;
2436,3;2346,2;1120,1;
2437,4;2338,3;761,1;
2438,5;2329,2;2155,3;
2439,4;2322,2;2006,2;
2440,5;2138,3;2301,2;
2441,4;2148,3;638,1;
2442,4;2153,3;938,1;
2443,4;2163,3;1377,1;
2444,4;2166,3;948,1;
2445,4;2172,2;2002,2;
2446,5;2213,3;2123,2;
2447,4;2241,2;2273,2;
2448,3;2276,2;1975,1;
2449,3;2297,2;1957,1;
2450,4;2298,2;2069,2;
2451,6;2423,5;1257,1;
2452,5;2429,4;1711,1;
2453,5;2442,4;687,1;
2454,5;2443,4;97,1;
2455,6;2444,4;2088,2;
2456,5;2450,4;92,1;
2457,6;2452,5;440,1;
2458,7;2134,4;2160,3;
2459,5;2136,4;392,1;
2460,7;2141,3;2415,4;
2461,4;2142,3;319,1;
2462,5;2144,3;2091,2;
2463,4;2145,3;250,1;
2464,8;2146,3;2462,5;
2465,4;2147,3;1098,1;
2466,5;2150,3;2119,2;
2467,4;2152,3;1283,1;
2468,5;2157,4;854,1;
2469,3;2169,2;645,1;
2470,3;2170,2;328,1;
2471,3;2171,2;1570,1;
2472,3;2173,2;1834,1;
2473,3;2175,2;1175,1;
2474,3;2177,2;1579,1;
2475,5;2180,2;2117,3;
2476,3;2181,2;1208,1;
2477,3;2182,2;281,1;
2478,3;2183,2;1613,1;
2479,3;2187,2;1473,1;
2480,3;2191,2;1053,1;
2481,5;2197,4;1729,1;
2482,5;2198,2;2294,3;
2483,3;2199,2;972,1;
2484,4;2201,2;2111,2;
2485,3;2202,2;1087,1;
2486,5;2204,4;775,1;
2487,3;2205,2;23,1;
2488,3;2206,2;101,1;
2489,4;2208,2;2203,2;
2490,3;2212,2;235,1;
2491,3;2214,2;147,1;
2492,3;2216,2;77,1;
2493,3;2217,2;139,1;
2494,3;2218,2;660,1;
2495,4;2219,2;2009,2;
2496,3;2221,2;1778,1;
2497,4;2223,2;2303,2;
2498,3;2224,2;1339,1;
2499,6;2225,2;2465,4;
2500,3;2227,2;1451,1;
2501,5;2229,2;2476,3;
2502,4;2231,2;2226,2;
2503,4;2233,2;2109,2;
2504,4;2236,2;2238,2;
2505,3;2237,2;1819,1;
2506,3;2239,2;255,1;
2507,5;2240,2;2477,3;
2508,4;2242,3;789,1;
2509,4;2243,2;2345,2;
2510,3;2246,2;870,1;
2511,3;2248,2;1592,1;
2512,3;2251,2;1326,1;
2513,3;2252,2;135,1;
2514,3;2257,2;809,1;
2515,4;2259,2;2049,2;
2516,4;2262,2;2261,2;
2517,4;2263,2;2325,2;
2518,3;2264,2;1762,1;
2519,3;2266,2;1343,1;
2520,5;2270,2;2519,3;
2521,3;2271,2;1141,1;
2522,5;2275,4;1322,1;
2523,3;2279,2;1926,1;
2524,3;2283,2;1174,1;
2525,4;2286,2;2284,2;
2526,3;2289,2;1575,1;
2527,3;2291,2;1776,1;
2528,3;2293,2;251,1;
2529,3;2295,2;830,1;
2530,3;2296,2;257,1;
2531,6;2299,5;1938,1;
2532,5;2302,2;2494,3;
2533,3;2304,2;633,1;
2534,3;2305,2;293,1;
2535,3;2309,2;1754,1;
2536,3;2311,2;1510,1;
2537,3;2312,2;1019,1;
2538,3;2313,2;621,1;
2539,4;2314,2;2403,2;
2540,3;2315,2;1944,1;
2541,3;2316,2;1358,1;
2542,4;2321,2;2344,2;
2543,3;2324,2;1104,1;
2544,4;2327,3;884,1;
2545,3;2332,2;1501,1;
2546,3;2333,2;1152,1;
2547,3;2335,2;565,1;
2548,4;2336,2;2007,2;
2549,3;2337,2;1084,1;
2550,3;2349,2;1130,1;
2551,3;2350,2;1179,1;
2552,3;2351,2;684,1;
2553,3;2352,2;849,1;
2554,3;2354,2;1647,1;
2555,5;2355,4;1777,1;
2556,3;2359,2;591,1;
2557,3;2365,2;1998,1;
2558,4;2367,2;2405,2;
2559,3;2370,2;418,1;
2560,5;2371,3;2024,2;
2561,3;2372,2;1282,1;
2562,4;2376,3;117,1;
2563,4;2377,3;1574,1;
2564,3;2392,2;792,1;
2565,4;2393,3;977,1;
2566,3;2394,2;1947,1;
2567,3;2399,2;486,1;
2568,4;2401,3;998,1;
2569,5;2402,3;2413,2;
2570,4;2408,3;1323,1;
2571,5;2409,4;1918,1;
2572,5;2411,4;799,1;
2573,4;2412,3;1783,1;
2574,4;2417,3;788,1;
2575,4;2418,3;62,1;
2576,6;2419,4;2220,2;
2577,3;2420,2;345,1;
2578,6;2421,5;804,1;
2579,5;2424,4;1161,1;
2580,4;2425,3;1268,1;
2581,7;2427,6;380,1;
2582,9;2428,4;2482,5;
2583,5;2430,3;2128,2;
2584,4;2432,3;952,1;
2585,8;2433,7;262,1;
2586,5;2434,4;618,1;
2587,4;2436,3;1793,1;
2588,5;2437,4;1365,1;
2589,8;2439,4;2548,4;
2590,6;2440,5;839,1;
2591,5;2441,4;1958,1;
2592,5;2445,4;1964,1;
2593,5;2447,4;350,1;
2594,4;2449,3;1796,1;
2595,6;2453,5;639,1;
2596,6;2454,5;417,1;
2597,5;2034,3;2391,2;
2598,3;2040,2;185,1;
2599,3;2041,2;1192,1;
2600,4;2042,2;2048,2;
2601,3;2043,2;1580,1;
2602,3;2046,2;1972,1;
2603,3;2052,2;447,1;
2604,4;2053,2;2047,2;
2605,3;2055,2;1072,1;
2606,3;2059,2;142,1;
2607,3;2062,2;1945,1;
2608,3;2070,2;814,1;
2609,3;2071,2;774,1;
2610,3;2073,2;1804,1;
2611,3;2079,2;479,1;
2612,3;2080,2;1825,1;
2613,3;2081,2;912,1;
2614,4;2082,3;1188,1;
2615,3;2084,2;1931,1;
2616,3;2087,2;399,1;
2617,3;2090,2;1427,1;
2618,3;2093,2;335,1;
2619,5;2096,2;2618,3;
2620,3;2097,2;882,1;
2621,6;2102,2;2503,4;
2622,3;2103,2;1726,1;
2623,3;2114,2;287,1;
2624,3;2115,2;929,1;
2625,3;2118,2;1787,1;
2626,3;2008,2;1519,1;
2627,3;2013,2;462,1;
2628,3;2016,2;823,1;
2629,3;2017,2;321,1;
2630,3;2018,2;1329,1;
2631,3;2023,2;561,1;
2632,3;2026,2;1507,1;
2633,3;2027,2;1530,1;
2634,3;2028,2;1591,1;
2635,5;2031,2;2545,3;
2636,3;2003,2;1908,1;
2637,2;1999,1;387,1;
2638,2;1990,1;1583,1;
2639,2;1987,1;1988,1;
2640,2;1986,1;1157,1;
2641,2;1985,1;1013,1;
2642,3;1978,1;2637,2;
2643,2;1961,1;1779,1;
2644,2;1956,1;1016,1;
2645,2;1954,1;723,1;
2646,2;1953,1;1026,1;
2647,2;1952,1;508,1;
2648,2;1942,1;574,1;
2649,2;1941,1;478,1;
2650,2;1934,1;973,1;
2651,2;1929,1;368,1;
2652,2;1922,1;212,1;
2653,4;1921,1;2567,3;
2654,2;1916,1;1880,1;
2655,2;1912,1;1721,1;
2656,2;1909,1;1256,1;
2657,2;1906,1;53,1;
2658,2;1902,1;1184,1;
2659,2;1898,1;215,1;
2660,2;1896,1;1312,1;
2661,3;1895,1;2646,2;
2662,2;1892,1;1701,1;
2663,2;1889,1;941,1;
2664,2;1879,1;1785,1;
2665,2;1878,1;259,1;
2666,5;1877,1;2463,4;
2667,4;1870,1;2537,3;
2668,4;1866,1;2538,3;
2669,2;1862,1;692,1;
2670,3;1858,1;2651,2;
2671,2;1857,1;1542,1;
2672,4;1851,1;2670,3;
2673,4;1845,1;2541,3;
2674,2;1840,1;720,1;
2675,2;1838,1;1760,1;
2676,2;1837,1;896,1;
2677,2;1836,1;1350,1;
2678,2;1831,1;1780,1;
2679,2;1829,1;336,1;
2680,2;1818,1;1630,1;
2681,2;1815,1;492,1;
2682,3;1813,1;2677,2;
2683,2;1809,1;749,1;
2684,2;1808,1;541,1;
2685,2;1805,1;963,1;
2686,4;1799,1;2631,3;
2687,2;1797,1;1432,1;
2688,2;1789,1;1599,1;
2689,2;1786,1;1598,1;
2690,7;1784,1;2499,6;
2691,2;1773,1;1224,1;
2692,2;1767,1;1028,1;
2693,2;1763,1;717,1;
2694,2;1756,1;1611,1;
2695,2;1755,1;1571,1;
2696,2;1752,1;404,1;
2697,2;1750,1;1080,1;
2698,2;1747,1;1748,1;
2699,2;1746,1;1723,1;
2700,2;1739,1;962,1;
2701,2;1738,1;217,1;
2702,2;1737,1;1126,1;
2703,2;1733,1;1608,1;
2704,2;1732,1;252,1;
2705,2;1728,1;349,1;
2706,2;1725,1;640,1;
2707,8;1719,1;2690,7;
2708,2;1715,1;767,1;
2709,3;1709,1;2662,2;
2710,5;1704,1;2504,4;
2711,2;1691,1;1668,1;
2712,2;1690,1;194,1;
2713,6;1684,1;2475,5;
2714,3;1683,1;2663,2;
2715,2;1680,1;1031,1;
2716,2;1675,1;1236,1;
2717,3;1674,1;2647,2;
2718,2;1671,1;533,1;
2719,2;1664,1;702,1;
2720,2;1662,1;105,1;
2721,2;1660,1;1253,1;
2722,2;1657,1;1164,1;
2723,2;1649,1;905,1;
2724,2;1642,1;507,1;
2725,2;1640,1;1549,1;
2726,2;1635,1;1532,1;
2727,2;1632,1;198,1;
2728,2;1628,1;1300,1;
2729,2;1625,1;915,1;
2730,2;1623,1;697,1;
2731,2;1620,1;49,1;
2732,2;1618,1;1291,1;
2733,2;1612,1;1220,1;
2734,2;1607,1;540,1;
2735,2;1597,1;1563,1;
2736,2;1590,1;200,1;
2737,5;1589,1;2558,4;
2738,3;1586,1;2703,2;
2739,2;1584,1;1457,1;
2740,6;1568,1;2591,5;
2741,2;1560,1;1489,1;
2742,4;1557,1;2642,3;
2743,2;1553,1;442,1;
2744,5;1543,1;2570,4;
2745,4;1531,1;2490,3;
2746,2;1529,1;409,1;
2747,3;1528,1;2716,2;
2748,2;1524,1;13,1;
2749,2;1518,1;55,1;
2750,2;1515,1;1207,1;
2751,2;1514,1;311,1;
2752,3;1513,1;2723,2;
2753,2;1505,1;1090,1;
2754,3;1504,1;2702,2;
2755,3;1499,1;2654,2;
2756,2;1496,1;415,1;
2757,2;1495,1;1030,1;
2758,3;1494,1;2695,2;
2759,3;1493,1;2648,2;
2760,2;1491,1;553,1;
2761,2;1488,1;1073,1;
2762,2;1487,1;1134,1;
2763,6;1479,1;2635,5;
2764,2;1478,1;1254,1;
2765,2;1474,1;64,1;
2766,2;1466,1;305,1;
2767,4;1465,1;2564,3;
2768,2;1461,1;432,1;
2769,2;1448,1;45,1;
2770,2;1445,1;588,1;
2771,2;1441,1;710,1;
2772,2;1440,1;352,1;
2773,3;1439,1;2691,2;
2774,4;1437,1;2561,3;
2775,2;1425,1;1426,1;
2776,3;1423,1;2775,2;
2777,2;1421,1;562,1;
2778,3;1416,1;2777,2;
2779,5;1414,1;2614,4;
2780,3;1407,1;2680,2;
2781,2;1402,1;1287,1;
2782,3;1400,1;2733,2;
2783,2;1398,1;227,1;
2784,2;1394,1;1332,1;
2785,2;1392,1;1393,1;
2786,2;1390,1;544,1;
2787,2;1389,1;322,1;
2788,2;1387,1;477,1;
2789,2;1382,1;253,1;
2790,2;1380,1;206,1;
2791,2;1376,1;351,1;
2792,2;1372,1;688,1;
2793,2;1364,1;901,1;
2794,2;1357,1;403,1;
2795,3;1354,1;2794,2;
2796,2;1336,1;686,1;
2797,6;1335,1;2459,5;
2798,2;1331,1;261,1;
2799,4;1325,1;2407,3;
2800,2;1318,1;1313,1;
2801,2;1317,1;636,1;
2802,2;1306,1;819,1;
2803,2;1304,1;405,1;
2804,5;1301,1;2799,4;
2805,3;1296,1;2701,2;
2806,2;1289,1;990,1;
2807,2;1286,1;225,1;
2808,2;1281,1;202,1;
2809,2;1277,1;1079,1;
2810,2;1276,1;871,1;
2811,2;1275,1;167,1;
2812,2;1272,1;675,1;
2813,2;1269,1;711,1;
2814,2;1267,1;358,1;
2815,4;1264,1;2758,3;
2816,2;1250,1;12,1;
2817,2;1242,1;90,1;
2818,2;1241,1;238,1;
2819,10;1240,1;2582,9;
2820,2;1237,1;213,1;
2821,3;1230,1;2793,2;
2822,2;1229,1;43,1;
2823,2;1223,1;1154,1;
2824,4;1218,1;2474,3;
2825,3;1217,1;2807,2;
2826,2;1214,1;16,1;
2827,4;1212,1;2530,3;
2828,2;1210,1;318,1;
2829,2;1204,1;543,1;
2830,4;1198,1;2632,3;
2831,2;1195,1;575,1;
2832,5;1189,1;2575,4;
2833,2;1187,1;448,1;
2834,7;1185,1;2713,6;
2835,2;1177,1;110,1;
2836,6;1176,1;2779,5;
2837,2;1167,1;85,1;
2838,4;1162,1;2510,3;
2839,4;1149,1;2608,3;
2840,5;1145,1;2565,4;
2841,3;1138,1;2678,2;
2842,2;1133,1;476,1;
2843,2;1129,1;557,1;
2844,6;1128,1;2560,5;
2845,2;1122,1;607,1;
2846,4;1111,1;2616,3;
2847,2;1099,1;664,1;
2848,3;1096,1;2829,2;
2849,3;1091,1;2652,2;
2850,2;1086,1;245,1;
2851,4;1085,1;2606,3;
2852,6;1077,1;2840,5;
2853,2;1070,1;123,1;
2854,3;1058,1;2746,2;
2855,2;1055,1;537,1;
2856,2;1052,1;681,1;
2857,2;1051,1;388,1;
2858,2;1046,1;731,1;
2859,3;1033,1;2739,2;
2860,3;1027,1;2756,2;
2861,2;1020,1;698,1;
2862,4;1009,1;2526,3;
2863,2;1003,1;663,1;
2864,4;1000,1;2629,3;
2865,4;999,1;2491,3;
2866,3;988,1;2704,2;
2867,4;985,1;2620,3;
2868,2;983,1;742,1;
2869,2;979,1;292,1;
2870,2;969,1;708,1;
2871,2;966,1;560,1;
2872,2;964,1;154,1;
2873,2;961,1;254,1;
2874,11;958,1;2819,10;
2875,2;957,1;579,1;
2876,5;954,1;2594,4;
2877,4;953,1;2149,3;
2878,3;944,1;2800,2;
2879,4;928,1;2617,3;
2880,2;923,1;208,1;
2881,2;911,1;150,1;
2882,3;910,1;2715,2;
2883,5;906,1;2563,4;
2884,2;887,1;796,1;
2885,3;886,1;2842,2;
2886,2;880,1;1,1;
2887,7;879,1;2797,6;
2888,2;872,1;390,1;
2889,3;864,1;2660,2;
2890,6;852,1;2555,5;
2891,2;851,1;532,1;
2892,3;847,1;2881,2;
2893,2;845,1;39,1;
2894,3;841,1;2810,2;
2895,2;838,1;199,1;
2896,2;836,1;76,1;
2897,4;835,1;2540,3;
2898,2;827,1;355,1;
2899,5;815,1;2897,4;
2900,5;807,1;2767,4;
2901,2;797,1;364,1;
2902,2;769,1;500,1;
2903,4;756,1;2566,3;
2904,2;754,1;722,1;
2905,2;751,1;590,1;
2906,3;748,1;2905,2;
2907,2;741,1;246,1;
2908,2;740,1;694,1;
2909,4;726,1;2498,3;
2910,2;716,1;718,1;
2911,5;715,1;2461,4;
2912,5;703,1;2774,4;
2913,3;696,1;2743,2;
2914,3;690,1;2888,2;
2915,6;683,1;2593,5;
2916,3;680,1;2639,2;
2917,4;679,1;2554,3;
2918,2;670,1;145,1;
2919,3;653,1;2818,2;
2920,2;651,1;450,1;
2921,2;649,1;494,1;
2922,3;643,1;2910,2;
2923,2;642,1;586,1;
2924,2;632,1;324,1;
2925,4;619,1;2549,3;
2926,6;612,1;2583,5;
2927,3;611,1;2904,2;
2928,3;603,1;2657,2;
2929,3;583,1;2000,2;
2930,2;580,1;295,1;
2931,4;578,1;2778,3;
2932,6;567,1;2592,5;
2933,2;555,1;231,1;
2934,2;554,1;71,1;
2935,2;542,1;288,1;
2936,7;529,1;2890,6;
2937,4;506,1;2487,3;
2938,2;502,1;548,1;
2939,4;498,1;2929,3;
2940,2;496,1;278,1;
2941,6;495,1;2571,5;
2942,2;485,1;239,1;
2943,2;474,1;347,1;
2944,2;473,1;266,1;
2945,2;471,1;152,1;
2946,2;458,1;11,1;
2947,2;427,1;386,1;
2948,4;426,1;2738,3;
2949,2;422,1;365,1;
2950,3;419,1;2908,2;
2951,2;413,1;326,1;
2952,2;412,1;193,1;
2953,4;374,1;2928,3;
2954,3;373,1;2645,2;
2955,3;367,1;2814,2;
2956,2;359,1;258,1;
2957,3;334,1;2789,2;
2958,2;297,1;300,1;
2959,3;290,1;2766,2;
2960,3;289,1;2638,2;
2961,2;275,1;276,1;
2962,2;272,1;38,1;
2963,2;270,1;146,1;
2964,3;260,1;2946,2;
2965,4;241,1;2752,3;
2966,2;232,1;233,1;
2967,2;226,1;228,1;
2968,3;207,1;2869,2;
2969,6;205,1;2466,5;
2970,6;163,1;2911,5;
2971,3;160,1;2649,2;
2972,12;155,1;2874,11;
2973,3;119,1;2796,2;
2974,4;116,1;2599,3;
2975,4;112,1;2523,3;
2976,3;111,1;2753,2;
2977,3;99,1;2870,2;
2978,5;98,1;2830,4;
2979,6;86,1;2883,5;
2980,4;50,1;2976,3;
2981,3;42,1;2712,2;
2982,3;33,1;2711,2;
2983,3;26,1;2792,2;
2984,7;18,1;2451,6;
2985,4;9,1;2534,3;
2986,4;4,1;2860,3;
2987,4;3,1;2613,3;
2988,5;2986,4;376,1;
2989,7;2974,4;2035,3;
2990,4;2971,3;317,1;
2991,8;2969,6;2249,2;
2992,6;2966,2;2862,4;
2993,3;2961,2;1001,1;
2994,8;2953,4;2574,4;
2995,3;2952,2;970,1;
2996,8;2951,2;2852,6;
2997,4;2950,3;931,1;
2998,3;2945,2;1142,1;
2999,5;2943,2;2547,3;
3000,5;2935,2;2448,3;
3001,6;2933,2;2985,4;
3002,3;2930,2;801,1;
3003,11;2926,6;2588,5;
3004,4;2922,3;783,1;
3005,4;2907,2;2185,2;
3006,8;2903,4;2604,4;
3007,4;2902,2;2640,2;
3008,10;2900,5;2737,5;
3009,9;2895,2;2887,7;
3010,5;2886,2;2892,3;
3011,3;2884,2;1140,1;
3012,5;2877,4;517,1;
3013,5;2875,2;2957,3;
3014,3;2868,2;1577,1;
3015,5;2865,4;1900,1;
3016,5;2864,4;1083,1;
3017,3;2863,2;1550,1;
3018,4;2859,3;1712,1;
3019,5;2853,2;2556,3;
3020,5;2851,4;917,1;
3021,4;2848,3;1823,1;
3022,5;2846,4;249,1;
3023,3;2843,2;1166,1;
3024,6;2839,4;2708,2;
3025,7;2838,4;2151,3;
3026,4;2828,2;2190,2;
3027,4;2825,3;890,1;
3028,5;2824,4;379,1;
3029,8;2813,2;2576,6;
3030,6;2806,2;2673,4;
3031,5;2802,2;2513,3;
3032,9;2464,8;1081,1;
3033,5;2467,4;1769,1;
3034,6;2468,5;89,1;
3035,5;2470,3;2757,2;
3036,5;2484,4;1249,1;
3037,5;2489,4;377,1;
3038,5;2495,4;1259,1;
3039,5;2496,3;2699,2;
3040,6;2497,4;2362,2;
3041,9;2500,3;3040,6;
3042,8;2502,4;2667,4;
3043,4;2506,3;457,1;
3044,4;2511,3;73,1;
3045,8;2515,4;2539,4;
3046,5;2544,4;1913,1;
3047,4;2546,3;932,1;
3048,4;2552,3;1265,1;
3049,4;2557,3;1770,1;
3050,6;2568,4;2089,2;
3051,8;2581,7;1841,1;
3052,9;2585,8;1412,1;
3053,12;2590,6;3050,6;
3054,8;2596,6;2764,2;
3055,4;2602,3;1043,1;
3056,5;2603,3;2798,2;
3057,6;2605,3;2161,3;
3058,15;2607,3;3053,12;
3059,5;2609,3;2801,2;
3060,4;2612,3;1340,1;
3061,6;2619,5;1063,1;
3062,4;2626,3;629,1;
3063,5;2643,2;2882,3;
3064,5;2644,2;2611,3;
3065,6;2655,2;3005,4;
3066,5;2664,2;2528,3;
3067,9;2668,4;3037,5;
3068,5;2682,3;2339,2;
3069,5;2688,2;2610,3;
3070,6;2710,5;685,1;
3071,4;2714,3;1578,1;
3072,4;2718,2;2280,2;
3073,3;2720,2;1669,1;
3074,4;2727,2;2772,2;
3075,5;2730,2;2435,3;
3076,6;2744,5;140,1;
3077,5;2749,2;2559,3;
3078,3;2760,2;1969,1;
3079,4;2782,3;644,1;
3080,3;2784,2;1741,1;
3081,4;2785,2;2287,2;
3082,9;2988,5;3074,4;
3083,4;2993,3;1279,1;
3084,5;2995,3;2258,2;
3085,5;2997,4;828,1;
3086,4;2998,3;770,1;
3087,10;3009,9;1887,1;
3088,4;3014,3;68,1;
3089,5;3018,4;407,1;
3090,7;3022,5;2101,2;
3091,8;3025,7;622,1;
3092,12;3029,8;2158,4;
3093,7;3030,6;308,1;
3094,7;3035,5;2771,2;
3095,7;3039,5;2845,2;
3096,6;3056,5;1153,1;
3097,7;3066,5;2791,2;
3098,8;3070,6;2719,2;
3099,7;3077,5;2762,2;
3100,5;3083,4;219,1;
3101,8;3090,7;309,1;
3102,12;3093,7;3012,5;
3103,7;3096,6;248,1;
3104,7;3100,5;2696,2;
3105,11;3103,7;3079,4;
3106,9;2458,7;2098,2;
3107,4;2469,3;195,1;
3108,5;2471,3;2847,2;
3109,4;2472,3;885,1;
3110,4;2473,3;946,1;
3111,6;2478,3;2866,3;
3112,4;2479,3;1698,1;
3113,6;2481,5;192,1;
3114,4;2483,3;398,1;
3115,7;2485,3;3114,4;
3116,7;2486,5;2872,2;
3117,4;2492,3;475,1;
3118,4;2505,3;743,1;
3119,6;2507,5;1029,1;
3120,7;2508,4;2973,3;
3121,7;2509,4;2624,3;
3122,5;2512,3;2923,2;
3123,4;2514,3;36,1;
3124,5;2516,4;100,1;
3125,7;2520,5;2934,2;
3126,18;2521,3;3058,15;
3127,10;2524,3;2834,7;
3128,6;2525,4;2675,2;
3129,12;2529,3;3106,9;
3130,7;2531,6;1112,1;
3131,6;2532,5;1235,1;
3132,4;2533,3;721,1;
3133,21;2535,3;3126,18;
3134,4;2536,3;665,1;
3135,7;2542,4;2527,3;
3136,4;2551,3;1205,1;
3137,6;2569,5;505,1;
3138,8;2578,6;2674,2;
3139,8;2579,5;2634,3;
3140,5;2580,4;909,1;
3141,10;2589,8;2728,2;
3142,7;2595,6;772,1;
3143,8;2597,5;2265,3;
3144,6;2598,3;3011,3;
3145,6;2600,4;2116,2;
3146,5;2601,3;2790,2;
3147,8;2621,6;2820,2;
3148,4;2623,3;587,1;
3149,5;2625,3;2037,2;
3150,4;2628,3;605,1;
3151,4;2633,3;682,1;
3152,5;2653,4;1452,1;
3153,3;2656,2;691,1;
3154,4;2658,2;2722,2;
3155,6;2661,3;2841,3;
3156,11;2666,5;3155,6;
3157,5;2672,4;1622,1;
3158,4;2676,2;2375,2;
3159,5;2679,2;2894,3;
3160,3;2683,2;1352,1;
3161,5;2686,4;178,1;
3162,4;2687,2;2947,2;
3163,3;2689,2;316,1;
3164,4;2692,2;2060,2;
3165,3;2700,2;994,1;
3166,8;2705,2;3111,6;
3167,6;2709,3;2776,3;
3168,5;2717,3;2734,2;
3169,11;2726,2;3041,9;
3170,3;2729,2;268,1;
3171,4;2732,2;2360,2;
3172,8;2735,2;2455,6;
3173,3;2736,2;1540,1;
3174,7;2741,2;3010,5;
3175,5;2747,3;2751,2;
3176,3;2750,2;521,1;
3177,5;2754,3;2659,2;
3178,3;2761,2;1299,1;
3179,12;2763,6;3034,6;
3180,5;2765,2;2773,3;
3181,5;2769,2;2759,3;
3182,6;2770,2;2990,4;
3183,4;2780,3;332,1;
3184,6;2781,2;3183,4;
3185,3;2786,2;1196,1;
3186,3;2803,2;1534,1;
3187,3;2809,2;732,1;
3188,7;2811,2;3124,5;
3189,3;2812,2;594,1;
3190,4;2817,2;2942,2;
3191,3;2823,2;573,1;
3192,7;2826,2;2804,5;
3193,8;2827,4;3118,4;
3194,8;2833,2;3182,6;
3195,7;2836,6;552,1;
3196,3;2837,2;1271,1;
3197,12;2844,6;3061,6;
3198,4;2849,3;94,1;
3199,3;2855,2;1074,1;
3200,9;2856,2;3142,7;
3201,3;2858,2;91,1;
3202,5;2867,4;493,1;
3203,8;2871,2;3065,6;
3204,10;2876,5;3146,5;
3205,6;2885,3;2143,3;
3206,5;2889,3;2698,2;
3207,4;2891,2;2234,2;
3208,3;2893,2;512,1;
3209,3;2896,2;1124,1;
3210,3;2898,2;914,1;
3211,6;2899,5;24,1;
3212,4;2901,2;2363,2;
3213,5;2909,4;971,1;
3214,10;2912,5;3161,5;
3215,4;2914,3;274,1;
3216,7;2915,6;738,1;
3217,5;2917,4;400,1;
3218,3;2918,2;1812,1;
3219,4;2920,2;2319,2;
3220,4;2921,2;2880,2;
3221,7;2925,4;2955,3;
3222,8;2932,6;2124,2;
3223,9;2936,7;2078,2;
3224,6;2937,4;2245,2;
3225,3;2938,2;69,1;
3226,7;2939,4;3225,3;
3227,5;2940,2;3163,3;
3228,3;2958,2;817,1;
3229,3;2962,2;950,1;
3230,5;2965,4;1430,1;
3231,11;2977,3;3006,8;
3232,6;2978,5;385,1;
3233,8;2979,6;2949,2;
3234,4;2981,3;103,1;
3235,5;2982,3;2967,2;
3236,12;2987,4;3101,8;
3237,8;2989,7;1005,1;
3238,14;2994,8;2992,6;
3239,9;2996,8;75,1;
3240,13;2999,5;2991,8;
3241,8;3000,5;3153,3;
3242,7;3002,3;3062,4;
3243,12;3003,11;724,1;
3244,5;3004,4;1593,1;
3245,14;3008,10;3055,4;
3246,7;3013,5;2378,2;
3247,6;3015,5;656,1;
3248,5;3021,4;1018,1;
3249,4;3023,3;1094,1;
3250,5;3027,4;883,1;
3251,10;3033,5;3175,5;
3252,7;3038,5;2924,2;
3253,9;3042,8;391,1;
3254,7;3043,4;2131,3;
3255,17;3045,8;3032,9;
3256,5;3048,4;1245,1;
3257,9;3051,8;610,1;
3258,10;3052,9;652,1;
3259,9;3054,8;511,1;
3260,7;3057,6;312,1;
3261,10;3059,5;2456,5;
3262,13;3067,9;2340,4;
3263,5;3072,4;609,1;
3264,4;3073,3;416,1;
3265,6;3084,5;667,1;
3266,8;3085,5;2292,3;
3267,5;3086,4;1132,1;
3268,5;3088,4;1114,1;
3269,18;3091,8;3087,10;
3270,14;3092,12;2963,2;
3271,8;3094,7;1621,1;
3272,15;3095,7;3237,8;
3273,13;3105,11;2310,2;
3274,4;2167,3;1280,1;
3275,3;2193,2;759,1;
3276,8;2194,2;3211,6;
3277,4;2196,2;2110,2;
3278,3;2200,2;1679,1;
3279,5;2222,2;2480,3;
3280,3;2232,2;992,1;
3281,4;2255,2;2253,2;
3282,8;2268,2;3247,6;
3283,4;2272,2;2209,2;
3284,3;2278,2;902,1;
3285,5;2300,3;2835,2;
3286,3;2307,2;528,1;
3287,9;2308,3;3144,6;
3288,4;2341,2;2121,2;
3289,8;2342,2;3205,6;
3290,6;2353,2;2517,4;
3291,3;2357,2;1368,1;
3292,3;2358,2;913,1;
3293,3;2368,2;805,1;
3294,7;2382,2;3263,5;
3295,8;2389,2;3290,6;
3296,4;2396,3;1758,1;
3297,4;2416,3;564,1;
3298,5;2422,3;2787,2;
3299,21;2431,3;3269,18;
3300,6;2438,5;1089,1;
3301,7;2039,2;3069,5;
3302,8;2057,2;3119,6;
3303,3;2063,2;1655,1;
3304,5;2065,2;3178,3;
3305,5;2067,2;2755,3;
3306,3;2077,2;1946,1;
3307,4;2112,3;408,1;
3308,4;2129,2;2127,2;
3309,9;2133,4;3305,5;
3310,9;2015,2;3135,7;
3311,5;1996,1;3110,4;
3312,5;1989,1;3249,4;
3313,2;1983,1;1379,1;
3314,2;1974,1;1724,1;
3315,2;1971,1;1144,1;
3316,2;1970,1;182,1;
3317,8;1967,1;3174,7;
3318,7;1966,1;3167,6;
3319,3;1950,1;3316,2;
3320,2;1943,1;1436,1;
3321,4;1940,1;2983,3;
3322,4;1937,1;3291,3;
3323,5;1920,1;2879,4;
3324,2;1911,1;626,1;
3325,2;1910,1;1038,1;
3326,2;1891,1;1765,1;
3327,2;1883,1;424,1;
3328,2;1881,1;1483,1;
3329,2;1875,1;174,1;
3330,2;1871,1;1764,1;
3331,7;1854,1;3024,6;
3332,7;1848,1;3131,6;
3333,2;1846,1;758,1;
3334,22;1842,1;3133,21;
3335,2;1830,1;125,1;
3336,2;1824,1;1526,1;
3337,2;1821,1;1456,1;
3338,4;1806,1;3280,3;
3339,2;1800,1;1807,1;
3340,4;1790,1;3228,3;
3341,2;1782,1;859,1;
3342,2;1761,1;1520,1;
3343,6;1757,1;3122,5;
3344,5;1751,1;3338,4;
3345,5;1735,1;3322,4;
3346,5;1734,1;3215,4;
3347,2;1731,1;1716,1;
3348,8;1722,1;3252,7;
3349,2;1717,1;243,1;
3350,6;1706,1;3168,5;
3351,4;1705,1;3078,3;
3352,7;1692,1;3265,6;
3353,2;1686,1;437,1;
3354,4;1659,1;3286,3;
3355,5;1658,1;3136,4;
3356,8;1638,1;3331,7;
3357,2;1626,1;78,1;
3358,2;1594,1;1417,1;
3359,5;1585,1;3219,4;
3360,4;1573,1;3306,3;
3361,4;1567,1;2854,3;
3362,2;1556,1;1342,1;
3363,3;1544,1;3342,2;
3364,2;1536,1;734,1;
3365,2;1517,1;303,1;
3366,2;1503,1;1103,1;
3367,8;1477,1;3130,7;
3368,3;1475,1;3366,2;
3369,14;1468,1;3273,13;
3370,9;1459,1;3098,8;
3371,2;1444,1;556,1;
3372,3;1442,1;3371,2;
3373,2;1438,1;134,1;
3374,2;1409,1;362,1;
3375,4;1391,1;3372,3;
3376,3;1388,1;3336,2;
3377,4;1383,1;3201,3;
3378,2;1378,1;1109,1;
3379,5;1371,1;3351,4;
3380,9;1361,1;3203,8;
3381,7;1311,1;3076,6;
3382,8;1310,1;3246,7;
3383,2;1285,1;624,1;
3384,2;1273,1;566,1;
3385,2;1247,1;129,1;
3386,2;1243,1;949,1;
3387,2;1228,1;469,1;
3388,7;1222,1;2970,6;
3389,3;1213,1;3387,2;
3390,7;1211,1;3343,6;
3391,8;1197,1;3390,7;
3392,2;1182,1;196,1;
3393,3;1172,1;3392,2;
3394,2;1165,1;927,1;
3395,6;1163,1;2572,5;
3396,2;1159,1;833,1;
3397,3;1158,1;3394,2;
3398,2;1137,1;647,1;
3399,3;1136,1;3398,2;
3400,10;1127,1;3309,9;
3401,4;1119,1;2488,3;
3402,2;1116,1;589,1;
3403,3;1113,1;3313,2;
3404,5;1076,1;3377,4;
3405,4;1064,1;3303,3;
3406,2;1062,1;943,1;
3407,4;1056,1;2627,3;
3408,6;1050,1;3355,5;
3409,2;1006,1;1011,1;
3410,2;1004,1;491,1;
3411,3;1002,1;3410,2;
3412,6;989,1;3028,5;
3413,4;984,1;3411,3;
3414,5;981,1;3413,4;
3415,2;978,1;504,1;
3416,7;975,1;3412,6;
3417,12;974,1;3231,11;
3418,2;968,1;719,1;
3419,6;965,1;3108,5;
3420,3;956,1;3418,2;
3421,2;955,1;634,1;
3422,2;942,1;190,1;
3423,5;934,1;3354,4;
3424,4;920,1;2550,3;
3425,2;918,1;930,1;
3426,2;900,1;936,1;
3427,4;895,1;2968,3;
3428,2;878,1;381,1;
3429,3;869,1;3347,2;
3430,2;867,1;1633,1;
3431,6;856,1;3379,5;
3432,6;825,1;3213,5;
3433,9;818,1;3282,8;
3434,2;791,1;164,1;
3435,2;765,1;483,1;
3436,6;760,1;3019,5;
3437,2;753,1;179,1;
3438,6;737,1;3248,5;
3439,10;729,1;3433,9;
3440,2;725,1;487,1;
3441,5;713,1;3308,4;
3442,3;712,1;3440,2;
3443,2;704,1;79,1;
3444,2;673,1;120,1;
3445,5;666,1;3283,4;
3446,2;628,1;66,1;
3447,4;627,1;3376,3;
3448,6;623,1;2586,5;
3449,7;617,1;3350,6;
3450,11;614,1;3439,10;
3451,14;604,1;3240,13;
3452,2;595,1;597,1;
3453,3;546,1;3339,2;
3454,4;545,1;3393,3;
3455,9;538,1;3138,8;
3456,4;526,1;2518,3;
3457,8;488,1;3121,7;
3458,8;468,1;3125,7;
3459,5;441,1;3360,4;
3460,3;425,1;3330,2;
3461,2;414,1;430,1;
3462,5;411,1;3456,4;
3463,4;406,1;2159,3;
3464,6;394,1;3064,5;
3465,6;363,1;3140,5;
3466,9;354,1;3194,8;
3467,3;346,1;3325,2;
3468,13;343,1;3243,12;
3469,4;315,1;3420,3;
3470,2;296,1;186,1;
3471,11;294,1;3400,10;
3472,9;291,1;3222,8;
3473,23;220,1;3334,22;
3474,3;210,1;3384,2;
3475,5;187,1;3401,4;
3476,6;177,1;3036,5;
3477,3;148,1;3428,2;
3478,15;137,1;3270,14;
3479,4;136,1;3477,3;
3480,7;115,1;3408,6;
3481,4;114,1;3389,3;
3482,7;109,1;3431,6;
3483,7;102,1;2457,6;
3484,6;88,1;3181,5;
3485,2;70,1;80,1;
3486,8;37,1;3192,7;
3487,7;27,1;3438,6;
3488,4;19,1;3363,3;
3489,3;3485,2;853,1;
3490,7;3481,4;3210,3;
3491,9;3480,7;2650,2;
3492,16;3478,15;1663,1;
3493,7;3475,5;3406,2;
3494,4;3474,3;1533,1;
3495,10;3472,9;216,1;
3496,8;3465,6;3470,2;
3497,9;3464,6;2615,3;
3498,5;3463,4;780,1;
3499,6;3459,5;1651,1;
3500,8;3453,3;2501,5;
3501,24;3451,14;3495,10;
3502,6;3445,5;1521,1;
3503,15;3444,2;3468,13;
3504,6;3441,5;1509,1;
3505,8;3435,2;3224,6;
3506,3;3430,2;1227,1;
3507,4;3429,3;1634,1;
3508,10;3425,2;3276,8;
3509,5;3424,4;133,1;
3510,6;3422,2;2562,4;
3511,7;3421,2;3312,5;
3512,9;3419,6;2577,3;
3513,6;3414,5;1629,1;
3514,4;3403,3;446,1;
3515,4;3399,3;221,1;
3516,9;3396,2;3099,7;
3517,5;3385,2;3218,3;
3518,6;3383,2;2948,4;
3519,11;3382,8;2622,3;
3520,9;3381,7;2857,2;
3521,6;3378,2;3427,4;
3522,7;3373,2;3227,5;
3523,9;3367,8;466,1;
3524,4;3365,2;2685,2;
3525,6;3349,2;2980,4;
3526,8;3346,5;3199,3;
3527,7;3344,5;2306,2;
3528,4;3335,2;2748,2;
3529,6;3333,2;3281,4;
3530,18;3332,7;3156,11;
3531,6;3329,2;3154,4;
3532,6;3323,5;863,1;
3533,12;3319,3;3523,9;
3534,9;3304,5;3151,4;
3535,7;3300,6;82,1;
3536,22;3299,21;518,1;
3537,6;3298,5;771,1;
3538,10;3297,4;3525,6;
3539,10;3295,8;2361,2;
3540,8;3294,7;96,1;
3541,11;3293,3;3526,8;
3542,13;3274,4;3287,9;
3543,7;3264,4;3209,3;
3544,12;3258,10;2694,2;
3545,13;3257,9;3107,4;
3546,15;3245,14;236,1;
3547,11;3242,7;2742,4;
3548,8;3232,6;2671,2;
3549,13;3230,5;3548,8;
3550,5;3220,4;1292,1;
3551,11;3217,5;3113,6;
3552,6;3212,4;3314,2;
3553,7;3202,5;3386,2;
3554,10;3198,4;3552,6;
3555,11;3196,3;3193,8;
3556,5;3190,4;793,1;
3557,4;3189,3;1694,1;
3558,11;3188,7;3557,4;
3559,7;3187,3;3162,4;
3560,4;3185,3;389,1;
3561,7;3184,6;810,1;
3562,5;3165,3;3446,2;
3563,6;3157,5;527,1;
3564,6;3132,4;2808,2;
3565,15;3129,12;2426,3;
3566,6;3123,4;2390,2;
3567,22;3115,7;3503,15;
3568,14;3112,4;3538,10;
3569,4;3489,3;366,1;
3570,15;3494,4;3450,11;
3571,4;3506,3;1781,1;
3572,11;3518,6;3068,5;
3573,5;3528,4;674,1;
3574,8;3532,6;2822,2;
3575,17;3533,12;3063,5;
3576,19;3540,8;3519,11;
3577,13;3541,11;2641,2;
3578,17;3542,13;2584,4;
3579,14;3545,13;820,1;
3580,23;3546,15;3317,8;
3581,22;3549,13;3253,9;
3582,8;3553,7;372,1;
3583,7;3563,6;56,1;
3584,5;3571,4;1068,1;
3585,15;3583,7;3147,8;
3586,24;3581,22;3437,2;
3587,13;3551,11;2861,2;
3588,7;3550,5;3315,2;
3589,10;3423,5;3206,5;
3590,8;3395,6;2669,2;
3591,11;3388,7;3321,4;
3592,17;3380,9;3172,8;
3593,5;3362,2;2964,3;
3594,24;3352,7;3592,17;
3595,3;3324,2;1464,1;
3596,9;3318,7;3357,2;
3597,9;3311,5;3047,4;
3598,9;3289,8;509,1;
3599,5;3288,4;434,1;
3600,8;3268,5;3275,3;
3601,12;3261,10;3320,2;
3602,6;3250,5;980,1;
3603,10;3109,4;3602,6;
3604,8;3116,7;1603,1;
3605,11;3117,4;3543,7;
3606,15;3120,7;3604,8;
3607,25;3127,10;3585,15;
3608,8;3137,6;2323,2;
3609,10;3139,8;3402,2;
3610,17;3141,10;3216,7;
3611,6;3148,4;3326,2;
3612,11;3149,5;3537,6;
3613,8;3150,4;2931,4;
3614,11;3158,4;3221,7;
3615,10;3159,5;3089,5;
3616,7;3160,3;3071,4;
3617,13;3164,4;3512,9;
3618,20;3166,8;2972,12;
3619,14;3170,3;3169,11;
3620,10;3171,4;3529,6;
3621,7;3173,3;3479,4;
3622,9;3176,3;3432,6;
3623,6;3177,5;571,1;
3624,16;3179,12;2745,4;
3625,13;3180,5;3496,8;
3626,4;3186,3;676,1;
3627,4;3191,3;218,1;
3628,8;3195,7;606,1;
3629,18;3200,9;3455,9;
3630,18;3204,10;3271,8;
3631,8;3207,4;3627,4;
3632,19;3214,10;3520,9;
3633,11;3229,3;3631,8;
3634,10;3233,8;2768,2;
3635,12;3241,8;3405,4;
3636,6;3244,5;523,1;
3637,20;3251,10;3539,10;
3638,10;3254,7;2805,3;
3639,14;3259,9;2832,5;
3640,5;3277,4;282,1;
3641,4;3278,3;52,1;
3642,7;3284,3;2573,4;
3643,9;3301,7;3327,2;
3644,13;3307,4;3643,9;
3645,4;3341,2;3337,2;
3646,9;3356,8;1374,1;
3647,20;3359,5;3272,15;
3648,16;3361,4;3417,12;
3649,4;3368,3;747,1;
3650,16;3369,14;3364,2;
3651,10;3370,9;93,1;
3652,4;3374,2;3358,2;
3653,8;3375,4;3652,4;
3654,7;3404,5;3353,2;
3655,7;3407,4;2916,3;
3656,4;3409,2;2184,2;
3657,4;3415,2;3328,2;
3658,8;3416,7;22,1;
3659,6;3426,2;3649,4;
3660,7;3436,6;153,1;
3661,5;3447,4;1602,1;
3662,4;3452,2;2873,2;
3663,9;3454,4;3573,5;
3664,5;3460,3;3443,2;
3665,16;3462,5;3605,11;
3666,5;3467,3;3461,2;
3667,9;3469,4;2522,5;
3668,12;3471,11;1923,1;
3669,24;3473,23;310,1;
3670,9;3482,7;3434,2;
3671,32;3492,16;3624,16;
3672,8;3493,7;1057,1;
3673,22;3497,9;3644,13;
3674,19;3500,8;3555,11;
3675,25;3501,24;1527,1;
3676,12;3502,6;3531,6;
3677,10;3504,6;3626,4;
3678,6;3509,5;1071,1;
3679,10;3511,7;2954,3;
3680,16;3513,6;3679,10;
3681,19;3515,4;3570,15;
3682,12;3516,9;2156,3;
3683,7;3521,6;1648,1;
3684,8;3522,7;344,1;
3685,5;3524,4;1897,1;
3686,8;3527,7;41,1;
3687,26;3536,22;3007,4;
3688,13;3544,12;1067,1;
3689,12;3547,11;947,1;
3690,5;3560,4;1502,1;
3691,22;3568,14;3628,8;
3692,9;3574,8;21,1;
3693,18;3575,17;40,1;
3694,18;3578,17;58,1;
3695,32;3579,14;3694,18;
3696,6;3584,5;143,1;
3697,14;2460,7;3655,7;
3698,6;2543,3;2493,3;
3699,4;2553,3;584,1;
3700,15;2630,3;3635,12;
3701,4;2636,3;59,1;
3702,12;2665,2;3651,10;
3703,11;2684,2;3310,9;
3704,8;2693,2;3696,6;
3705,20;2706,2;3530,18;
3706,11;2707,8;2927,3;
3707,5;2724,2;2906,3;
3708,4;2731,2;2725,2;
3709,20;2740,6;3639,14;
3710,11;2783,2;3667,9;
3711,7;2788,2;2446,5;
3712,4;2795,3;158,1;
3713,11;2815,4;3104,7;
3714,12;2816,2;3677,10;
3715,13;2831,2;3710,11;
3716,3;2850,2;1397,1;
3717,12;2913,3;3598,9;
3718,14;2944,2;3717,12;
3719,4;2959,3;1795,1;
3720,14;2960,3;3572,11;
3721,13;3016,5;3613,8;
3722,8;3017,3;3664,5;
3723,7;3031,5;2956,2;
3724,24;3044,4;3647,20;
3725,37;3046,5;3695,32;
3726,6;3049,4;2721,2;
3727,6;3081,4;2189,2;
3728,11;3082,9;2126,2;
3729,13;3097,7;3727,6;
3730,13;2140,3;3609,10;
3731,3;2174,2;635,1;
3732,3;2282,2;1980,1;
3733,4;2320,2;2697,2;
3734,9;2334,2;3711,7;
3735,21;2122,4;3610,17;
3736,8;1885,1;3654,7;
3737,4;1860,1;3397,3;
3738,2;1844,1;1853,1;
3739,38;1677,1;3725,37;
3740,2;1619,1;1749,1;
3741,15;1511,1;3718,14;
3742,10;1463,1;3596,9;
3743,5;1433,1;3737,4;
3744,9;1405,1;3686,8;
3745,8;1386,1;3683,7;
3746,4;1369,1;3731,3;
3747,11;1316,1;3589,10;
3748,5;1244,1;3645,4;
3749,8;1239,1;3561,7;
3750,3;1233,1;3740,2;
3751,2;1219,1;1307,1;
3752,39;1216,1;3739,38;
3753,7;1049,1;3611,6;
3754,9;986,1;3582,8;
3755,2;891,1;1021,1;
3756,3;889,1;3755,2;
3757,2;844,1;846,1;
3758,11;837,1;3742,10;
3759,40;831,1;3752,39;
3760,2;786,1;832,1;
3761,13;779,1;3702,12;
3762,4;766,1;3756,3;
3763,3;728,1;3760,2;
3764,5;707,1;3656,4;
3765,2;700,1;214,1;
3766,7;668,1;3510,6;
3767,16;650,1;3741,15;
3768,2;559,1;671,1;
3769,2;503,1;463,1;
3770,3;490,1;3769,2;
3771,2;484,1;531,1;
3772,6;449,1;3690,5;
3773,41;342,1;3759,40;
3774,12;341,1;3614,11;
3775,11;279,1;3638,10;
3776,5;184,1;3701,4;
3777,12;171,1;3775,11;
3778,25;67,1;3669,24;
3779,2;65,1;124,1;
3780,14;3777,12;3765,2;
3781,4;3757,2;3768,2;
3782,23;3753,7;3767,16;
3783,46;3748,5;3773,41;
3784,13;3745,8;3640,5;
3785,22;3744,9;3784,13;
3786,10;3736,8;3738,2;
3787,25;3735,21;3026,4;
3788,10;3733,4;3448,6;
3789,14;3732,3;3747,11;
3790,14;3719,4;3788,10;
3791,28;3716,3;3607,25;
3792,21;3714,12;3670,9;
3793,17;3712,4;3729,13;
3794,16;3706,11;3075,5;
3795,28;3705,20;3302,8;
3796,21;3700,15;3698,6;
3797,16;3689,12;3762,4;
3798,17;3684,8;3734,9;
3799,41;3674,19;3785,22;
3800,21;3650,16;3593,5;
3801,11;3642,7;3234,4;
3802,9;3621,7;3751,2;
3803,18;3616,7;3703,11;
3804,19;3608,8;3728,11;
3805,28;3787,25;2878,3;
3806,16;3790,14;3771,2;
3807,18;3797,16;3779,2;
3808,29;3800,21;3600,8;
3809,19;3802,9;3554,10;
3810,23;3809,19;2587,4;
3811,52;3586,24;3805,28;
3812,8;3588,7;203,1;
3813,16;3590,8;3812,8;
3814,12;3591,11;861,1;
3815,32;3594,24;3672,8;
3816,7;3595,3;3699,4;
3817,10;3597,9;873,1;
3818,18;3599,5;3262,13;
3819,31;3601,12;3632,19;
3820,11;3603,10;1546,1;
3821,46;3606,15;3819,31;
3822,20;3612,11;3534,9;
3823,14;3617,13;1788,1;
3824,21;3618,20;1811,1;
3825,16;3619,14;2681,2;
3826,17;3620,10;3816,7;
3827,18;3625,13;3498,5;
3828,43;3629,18;3675,25;
3829,30;3633,11;3804,19;
3830,16;3634,10;3623,6;
3831,10;3636,6;3662,4;
3832,50;3641,4;3821,46;
3833,59;3646,9;3832,50;
3834,37;3648,16;3824,21;
3835,15;3653,8;3766,7;
3836,8;3657,4;3781,4;
3837,13;3660,7;3726,6;
3838,11;3661,5;3659,6;
3839,31;3673,22;3466,9;
3840,20;3682,12;3658,8;
3841,11;3685,5;3678,6;
3842,22;3688,13;3223,9;
3843,39;3691,22;3255,17;
3844,24;3697,14;3817,10;
3845,13;3704,8;3666,5;
3846,23;3707,5;3818,18;
3847,31;3713,11;3709,20;
3848,44;3721,13;3847,31;
3849,22;3722,8;3238,14;
3850,10;3723,7;2821,3;
3851,37;3730,13;3724,24;
3852,48;3746,4;3848,44;
3853,12;3749,8;3296,4;
3854,16;3754,9;3487,7;
3855,47;3772,6;3799,41;
3856,20;3774,12;3505,8;
3857,8;3776,5;3770,3;
3858,18;3786,10;3857,8;
3859,32;3789,14;3858,18;
3860,35;3793,17;3803,18;
3861,39;3798,17;3849,22;
3862,36;3806,16;3822,20;
3863,34;3808,29;3764,5;
3864,7;3488,4;3763,3;
3865,12;3345,5;3864,7;
3866,28;3279,5;3810,23;
3867,39;3267,5;3863,34;
3868,18;3128,6;3236,12;
3869,10;3134,4;3484,6;
3870,19;3143,8;3801,11;
3871,25;3145,6;3870,19;
3872,17;3197,12;3020,5;
3873,42;3208,3;3867,39;
3874,24;3226,7;3872,17;
3875,33;3239,9;3874,24;
3876,10;3256,5;3517,5;
3877,15;3266,8;3535,7;
3878,7;3340,4;3292,3;
3879,41;3348,8;3875,33;
3880,18;3442,3;3877,15;
3881,25;3449,7;3880,18;
3882,14;3476,6;3458,8;
3883,43;3507,4;3861,39;
3884,35;3508,10;3881,25;
3885,14;3514,4;3876,10;
3886,16;3558,11;3556,5;
3887,40;3565,15;3871,25;
3888,19;3566,6;3715,13;
3889,44;3567,22;3842,22;
3890,31;3576,19;3865,12;
3891,66;3580,23;3828,43;
3892,69;2919,3;3891,66;
3893,20;2941,6;3882,14;
3894,63;2975,4;3833,59;
3895,13;3001,6;2984,7;
3896,25;3102,12;3895,13;
3897,31;2347,3;3791,28;
3898,48;2414,4;3889,44;
3899,67;3890,31;3862,36;
3900,39;3888,19;3893,20;
3901,17;3885,14;3080,3;
3902,45;3879,41;3060,4;
3903,11;3878,7;3569,4;
3904,16;3869,10;3564,6;
3905,31;3868,18;3587,13;
3906,38;3856,20;3630,18;
3907,52;3855,47;3562,5;
3908,30;3850,10;3637,20;
3909,33;3846,23;3831,10;
3910,38;3839,31;3260,7;
3911,18;3838,11;3559,7;
3912,76;3834,37;3843,39;
3913,29;3830,16;3837,13;
3914,25;3827,18;3490,7;
3915,22;3826,17;3152,5;
3916,43;3815,32;3820,11;
3917,19;3814,12;3483,7;
3918,24;3813,16;3486,8;
3919,64;3811,52;3676,12;
3920,36;3901,17;3681,19;
3921,24;3904,16;3457,8;
3922,76;3905,31;3902,45;
3923,39;3908,30;3491,9;
3924,81;3909,33;3898,48;
3925,62;3910,38;3921,24;
3926,27;3917,19;3391,8;
3927,29;3918,24;3285,5;
3928,32;3926,27;3235,5;
3929,32;3927,29;3750,3;
3930,46;3823,14;3928,32;
3931,55;3825,16;3923,39;
3932,52;3829,30;3915,22;
3933,67;3835,15;3932,52;
3934,84;3836,8;3922,76;
3935,25;3840,20;3743,5;
3936,15;3841,11;3708,4;
3937,97;3845,13;3934,84;
3938,62;3851,37;3914,25;
3939,110;3852,48;3938,62;
3940,18;3853,12;3499,6;
3941,53;3860,35;3940,18;
3942,71;3873,42;3913,29;
3943,145;3884,35;3939,110;
3944,40;3886,16;3844,24;
3945,72;3887,40;3671,32;
3946,141;3892,69;3945,72;
3947,204;3894,63;3946,141;
3948,56;3897,31;3896,25;
3949,82;3899,67;3936,15;
3950,93;3903,11;3949,82;
3951,63;3906,38;3935,25;
3952,64;3916,43;3796,21;
3953,54;3920,36;3911,18;
3954,75;3925,62;3577,13;
3955,113;3929,32;3924,81;
3956,85;3615,10;3954,75;
3957,72;3622,9;3951,63;
3958,55;3663,9;3930,46;
3959,71;3665,16;3958,55;
3960,83;3668,12;3959,71;
3961,25;3692,9;3680,16;
3962,111;3720,14;3937,97;
3963,122;3758,11;3962,111;
3964,143;3792,21;3963,122;
3965,69;3794,16;3941,53;
3966,152;3965,69;3960,83;
3967,171;3964,143;3795,28;
3968,167;3955,113;3953,54;
3969,118;3950,93;3961,25;
3970,120;3948,56;3952,64;
3971,244;3944,40;3947,204;
3972,73;3931,55;3807,18;
3973,140;3933,67;3972,73;
3974,94;3942,71;3782,23;
3975,159;3943,145;3780,14;
3976,110;3956,85;3778,25;
3977,85;3957,72;3761,13;
3978,170;3966,152;3693,18;
3979,197;3967,171;3687,26;
3980,260;3971,244;3854,16;
3981,148;3866,28;3970,120;
3982,191;3883,43;3981,148;
3983,230;3900,39;3982,191;
3984,306;3912,76;3983,230;
3985,306;3980,260;3783,46;
3986,174;3976,110;3919,64;
3987,244;3975,159;3977,85;
3988,296;3987,244;3907,52;
3989,436;3973,140;3988,296;
3990,126;3974,94;3859,32;
3991,296;3978,170;3990,126;
3992,371;3979,197;3986,174;
3993,742;3984,306;3989,436;
3994,677;3985,306;3992,371;
3995,285;3968,167;3969,118;
3996,1038;3991,296;3993,742;
3997,1323;3995,285;3996,1038;
3998,2000;3997,1323;3994,677;
